INFO:root:*************
INFO:root:             
INFO:root:model chosen: CR
INFO:root:multivector activation function?: 0
INFO:root:training trajectories: 15600
INFO:root:training epochs: 200
INFO:root:training batchsize: 16
INFO:root:learning rate: 0.0001
INFO:root:seed: 28996
INFO:root:patience: 15
INFO:root:training dataset path: datasets/trainingdataviscous/
INFO:root:test dataset path: datasets/testdataviscous/
INFO:root:             
INFO:root:*************
INFO:root:Using device: cuda
INFO:root:[[[1.6940998  1.5566934  1.3046039  1.0440726 ]
  [1.6066581  1.3995012  1.342347   1.233624  ]
  [1.4666691  1.3354036  1.3883016  1.2737162 ]
  [1.4122795  1.3854291  1.4587754  1.339578  ]]

 [[1.6459564  1.3450366  1.0299298  0.77708894]
  [1.6489182  1.5250436  1.3721011  1.2203181 ]
  [1.4844782  1.3996952  1.3643513  1.3251002 ]
  [1.3969231  1.3963239  1.4048748  1.4067723 ]]]
INFO:root:****
INFO:root:[[[1.6940998  1.5566934  1.3046039  1.0440726 ]
  [1.6066581  1.3995012  1.342347   1.233624  ]
  [1.4666691  1.3354036  1.3883016  1.2737162 ]
  [1.4122795  1.3854291  1.4587754  1.339578  ]]

 [[1.6459564  1.3450366  1.0299298  0.77708894]
  [1.6489182  1.5250436  1.3721011  1.2203181 ]
  [1.4844782  1.3996952  1.3643513  1.3251002 ]
  [1.3969231  1.3963239  1.4048748  1.4067723 ]]]
INFO:root:Train input shape: torch.Size([15600, 2, 128, 128, 3])
INFO:root:Train labels shape: torch.Size([15600, 1, 128, 128, 3])
INFO:root:                   
INFO:root:Val input shape: torch.Size([4680, 2, 128, 128, 3])
INFO:root:Val labels shape: torch.Size([4680, 1, 128, 128, 3])
INFO:root:*************
INFO:root:             
INFO:root:Starting to train....
INFO:root:  batch 100 loss: 0.23129402205348015
INFO:root:LOSS train' 0.23129402205348015, 100
INFO:root:  batch 200 loss: 0.16766209036111832
INFO:root:LOSS train' 0.16766209036111832, 200
INFO:root:  batch 300 loss: 0.1354985884577036
INFO:root:LOSS train' 0.1354985884577036, 300
INFO:root:  batch 400 loss: 0.12375872068107129
INFO:root:LOSS train' 0.12375872068107129, 400
INFO:root:  batch 500 loss: 0.1169047586619854
INFO:root:LOSS train' 0.1169047586619854, 500
INFO:root:  batch 600 loss: 0.11099810153245926
INFO:root:LOSS train' 0.11099810153245926, 600
INFO:root:  batch 700 loss: 0.0968730565160513
INFO:root:LOSS train' 0.0968730565160513, 700
INFO:root:  batch 800 loss: 0.08822625562548637
INFO:root:LOSS train' 0.08822625562548637, 800
INFO:root:  batch 900 loss: 0.08548195876181125
INFO:root:LOSS train' 0.08548195876181125, 900
INFO:root:Epoch: 0 - LOSS train: 0.08548195876181125 LOSS val: 0.0758531466126442 - Elapsed time: 352.9921758174896 s
INFO:root:  batch 100 loss: 0.07649285696446896
INFO:root:LOSS train' 0.07649285696446896, 1075
INFO:root:  batch 200 loss: 0.07318926177918911
INFO:root:LOSS train' 0.07318926177918911, 1175
INFO:root:  batch 300 loss: 0.0688014530017972
INFO:root:LOSS train' 0.0688014530017972, 1275
INFO:root:  batch 400 loss: 0.06630734167993069
INFO:root:LOSS train' 0.06630734167993069, 1375
INFO:root:  batch 500 loss: 0.06364141806960105
INFO:root:LOSS train' 0.06364141806960105, 1475
INFO:root:  batch 600 loss: 0.0640930886566639
INFO:root:LOSS train' 0.0640930886566639, 1575
INFO:root:  batch 700 loss: 0.05924499921500683
INFO:root:LOSS train' 0.05924499921500683, 1675
INFO:root:  batch 800 loss: 0.056405001878738405
INFO:root:LOSS train' 0.056405001878738405, 1775
INFO:root:  batch 900 loss: 0.05474552273750305
INFO:root:LOSS train' 0.05474552273750305, 1875
INFO:root:Epoch: 1 - LOSS train: 0.05474552273750305 LOSS val: 0.05395558848977089 - Elapsed time: 352.30651450157166 s
INFO:root:  batch 100 loss: 0.053156715482473374
INFO:root:LOSS train' 0.053156715482473374, 2050
INFO:root:  batch 200 loss: 0.049635988809168335
INFO:root:LOSS train' 0.049635988809168335, 2150
INFO:root:  batch 300 loss: 0.05036777690052986
INFO:root:LOSS train' 0.05036777690052986, 2250
INFO:root:  batch 400 loss: 0.04977774292230606
INFO:root:LOSS train' 0.04977774292230606, 2350
INFO:root:  batch 500 loss: 0.04823792241513729
INFO:root:LOSS train' 0.04823792241513729, 2450
INFO:root:  batch 600 loss: 0.04987824212759733
INFO:root:LOSS train' 0.04987824212759733, 2550
INFO:root:  batch 700 loss: 0.04555434443056584
INFO:root:LOSS train' 0.04555434443056584, 2650
INFO:root:  batch 800 loss: 0.046486464776098725
INFO:root:LOSS train' 0.046486464776098725, 2750
INFO:root:  batch 900 loss: 0.042021199949085715
INFO:root:LOSS train' 0.042021199949085715, 2850
INFO:root:Epoch: 2 - LOSS train: 0.042021199949085715 LOSS val: 0.04397116228938103 - Elapsed time: 352.0340232849121 s
INFO:root:  batch 100 loss: 0.04143223490566015
INFO:root:LOSS train' 0.04143223490566015, 3025
INFO:root:  batch 200 loss: 0.04304866097867489
INFO:root:LOSS train' 0.04304866097867489, 3125
INFO:root:  batch 300 loss: 0.039671171493828296
INFO:root:LOSS train' 0.039671171493828296, 3225
INFO:root:  batch 400 loss: 0.04021286506205797
INFO:root:LOSS train' 0.04021286506205797, 3325
INFO:root:  batch 500 loss: 0.03867652520537376
INFO:root:LOSS train' 0.03867652520537376, 3425
INFO:root:  batch 600 loss: 0.04011532884091139
INFO:root:LOSS train' 0.04011532884091139, 3525
INFO:root:  batch 700 loss: 0.03734903249889612
INFO:root:LOSS train' 0.03734903249889612, 3625
INFO:root:  batch 800 loss: 0.03791117548942566
INFO:root:LOSS train' 0.03791117548942566, 3725
INFO:root:  batch 900 loss: 0.03607737794518471
INFO:root:LOSS train' 0.03607737794518471, 3825
INFO:root:Epoch: 3 - LOSS train: 0.03607737794518471 LOSS val: 0.03840022161602974 - Elapsed time: 352.9081618785858 s
INFO:root:  batch 100 loss: 0.03545206692069769
INFO:root:LOSS train' 0.03545206692069769, 4000
INFO:root:  batch 200 loss: 0.034990339912474154
INFO:root:LOSS train' 0.034990339912474154, 4100
INFO:root:  batch 300 loss: 0.03412276281043887
INFO:root:LOSS train' 0.03412276281043887, 4200
INFO:root:  batch 400 loss: 0.04291830752044916
INFO:root:LOSS train' 0.04291830752044916, 4300
INFO:root:  batch 500 loss: 0.035482631400227546
INFO:root:LOSS train' 0.035482631400227546, 4400
INFO:root:  batch 600 loss: 0.033369584176689386
INFO:root:LOSS train' 0.033369584176689386, 4500
INFO:root:  batch 700 loss: 0.03223998567089439
INFO:root:LOSS train' 0.03223998567089439, 4600
INFO:root:  batch 800 loss: 0.056605246160179375
INFO:root:LOSS train' 0.056605246160179375, 4700
INFO:root:  batch 900 loss: 0.03572329243645072
INFO:root:LOSS train' 0.03572329243645072, 4800
INFO:root:Epoch: 4 - LOSS train: 0.03572329243645072 LOSS val: 0.031070729717612267 - Elapsed time: 352.18957805633545 s
INFO:root:  batch 100 loss: 0.03206575132906437
INFO:root:LOSS train' 0.03206575132906437, 4975
INFO:root:  batch 200 loss: 0.03379442417994141
INFO:root:LOSS train' 0.03379442417994141, 5075
INFO:root:  batch 300 loss: 0.03294507732614875
INFO:root:LOSS train' 0.03294507732614875, 5175
INFO:root:  batch 400 loss: 0.03182898338884115
INFO:root:LOSS train' 0.03182898338884115, 5275
INFO:root:  batch 500 loss: 0.030823208075016737
INFO:root:LOSS train' 0.030823208075016737, 5375
INFO:root:  batch 600 loss: 0.030193244870752096
INFO:root:LOSS train' 0.030193244870752096, 5475
INFO:root:  batch 700 loss: 0.02883985999971628
INFO:root:LOSS train' 0.02883985999971628, 5575
INFO:root:  batch 800 loss: 0.028819084018468857
INFO:root:LOSS train' 0.028819084018468857, 5675
INFO:root:  batch 900 loss: 0.030182906836271287
INFO:root:LOSS train' 0.030182906836271287, 5775
INFO:root:Epoch: 5 - LOSS train: 0.030182906836271287 LOSS val: 0.0273844376206398 - Elapsed time: 352.1908576488495 s
INFO:root:  batch 100 loss: 0.02847361855208874
INFO:root:LOSS train' 0.02847361855208874, 5950
INFO:root:  batch 200 loss: 0.02824255086481571
INFO:root:LOSS train' 0.02824255086481571, 6050
INFO:root:  batch 300 loss: 0.028574259579181673
INFO:root:LOSS train' 0.028574259579181673, 6150
INFO:root:  batch 400 loss: 0.030290101934224368
INFO:root:LOSS train' 0.030290101934224368, 6250
INFO:root:  batch 500 loss: 0.028778925500810147
INFO:root:LOSS train' 0.028778925500810147, 6350
INFO:root:  batch 600 loss: 0.02789463283494115
INFO:root:LOSS train' 0.02789463283494115, 6450
INFO:root:  batch 700 loss: 0.026285247169435023
INFO:root:LOSS train' 0.026285247169435023, 6550
INFO:root:  batch 800 loss: 0.03011920427903533
INFO:root:LOSS train' 0.03011920427903533, 6650
INFO:root:  batch 900 loss: 0.02717659967020154
INFO:root:LOSS train' 0.02717659967020154, 6750
INFO:root:Epoch: 6 - LOSS train: 0.02717659967020154 LOSS val: 0.02510124072432518 - Elapsed time: 352.51953530311584 s
INFO:root:  batch 100 loss: 0.025584722794592382
INFO:root:LOSS train' 0.025584722794592382, 6925
INFO:root:  batch 200 loss: 0.02593909278512001
INFO:root:LOSS train' 0.02593909278512001, 7025
INFO:root:  batch 300 loss: 0.02556569589301944
INFO:root:LOSS train' 0.02556569589301944, 7125
INFO:root:  batch 400 loss: 0.02506891744211316
INFO:root:LOSS train' 0.02506891744211316, 7225
INFO:root:  batch 500 loss: 0.02553397720679641
INFO:root:LOSS train' 0.02553397720679641, 7325
INFO:root:  batch 600 loss: 0.024831885024905204
INFO:root:LOSS train' 0.024831885024905204, 7425
INFO:root:  batch 700 loss: 0.03469283934682608
INFO:root:LOSS train' 0.03469283934682608, 7525
INFO:root:  batch 800 loss: 0.025311677996069194
INFO:root:LOSS train' 0.025311677996069194, 7625
INFO:root:  batch 900 loss: 0.024435858502984048
INFO:root:LOSS train' 0.024435858502984048, 7725
INFO:root:Epoch: 7 - LOSS train: 0.024435858502984048 LOSS val: 0.034662965685129166 - Elapsed time: 352.15571904182434 s
INFO:root:  batch 100 loss: 0.04638296576216817
INFO:root:LOSS train' 0.04638296576216817, 7900
INFO:root:  batch 200 loss: 0.029616756327450276
INFO:root:LOSS train' 0.029616756327450276, 8000
INFO:root:  batch 300 loss: 0.026286210771650075
INFO:root:LOSS train' 0.026286210771650075, 8100
INFO:root:  batch 400 loss: 0.025024193320423365
INFO:root:LOSS train' 0.025024193320423365, 8200
INFO:root:  batch 500 loss: 0.024716721270233392
INFO:root:LOSS train' 0.024716721270233392, 8300
INFO:root:  batch 600 loss: 0.024070906676352023
INFO:root:LOSS train' 0.024070906676352023, 8400
INFO:root:  batch 700 loss: 0.023257061075419187
INFO:root:LOSS train' 0.023257061075419187, 8500
INFO:root:  batch 800 loss: 0.02343246752396226
INFO:root:LOSS train' 0.02343246752396226, 8600
INFO:root:  batch 900 loss: 0.022940249405801295
INFO:root:LOSS train' 0.022940249405801295, 8700
INFO:root:Epoch: 8 - LOSS train: 0.022940249405801295 LOSS val: 0.0263521671295166 - Elapsed time: 351.6067707538605 s
INFO:root:  batch 100 loss: 0.02422606434673071
INFO:root:LOSS train' 0.02422606434673071, 8875
INFO:root:  batch 200 loss: 0.03147629963234067
INFO:root:LOSS train' 0.03147629963234067, 8975
INFO:root:  batch 300 loss: 0.02574360329657793
INFO:root:LOSS train' 0.02574360329657793, 9075
INFO:root:  batch 400 loss: 0.023222145698964594
INFO:root:LOSS train' 0.023222145698964594, 9175
INFO:root:  batch 500 loss: 0.022838405929505826
INFO:root:LOSS train' 0.022838405929505826, 9275
INFO:root:  batch 600 loss: 0.023683950789272785
INFO:root:LOSS train' 0.023683950789272785, 9375
INFO:root:  batch 700 loss: 0.022285690270364283
INFO:root:LOSS train' 0.022285690270364283, 9475
INFO:root:  batch 800 loss: 0.023358605857938527
INFO:root:LOSS train' 0.023358605857938527, 9575
INFO:root:  batch 900 loss: 0.02214384911581874
INFO:root:LOSS train' 0.02214384911581874, 9675
INFO:root:Epoch: 9 - LOSS train: 0.02214384911581874 LOSS val: 0.02199927158653736 - Elapsed time: 351.9892873764038 s
INFO:root:  batch 100 loss: 0.021768339052796362
INFO:root:LOSS train' 0.021768339052796362, 9850
INFO:root:  batch 200 loss: 0.02149232303723693
INFO:root:LOSS train' 0.02149232303723693, 9950
INFO:root:  batch 300 loss: 0.021564151402562858
INFO:root:LOSS train' 0.021564151402562858, 10050
INFO:root:  batch 400 loss: 0.02068536465987563
INFO:root:LOSS train' 0.02068536465987563, 10150
INFO:root:  batch 500 loss: 0.020981687400490046
INFO:root:LOSS train' 0.020981687400490046, 10250
INFO:root:  batch 600 loss: 0.021754735615104437
INFO:root:LOSS train' 0.021754735615104437, 10350
INFO:root:  batch 700 loss: 0.022949746083468198
INFO:root:LOSS train' 0.022949746083468198, 10450
INFO:root:  batch 800 loss: 0.020492554884403946
INFO:root:LOSS train' 0.020492554884403946, 10550
INFO:root:  batch 900 loss: 0.022737245950847865
INFO:root:LOSS train' 0.022737245950847865, 10650
INFO:root:Epoch: 10 - LOSS train: 0.022737245950847865 LOSS val: 0.020141704007983208 - Elapsed time: 352.91338753700256 s
INFO:root:  batch 100 loss: 0.019791182484477757
INFO:root:LOSS train' 0.019791182484477757, 10825
INFO:root:  batch 200 loss: 0.019921892788261175
INFO:root:LOSS train' 0.019921892788261175, 10925
INFO:root:  batch 300 loss: 0.020348598547279835
INFO:root:LOSS train' 0.020348598547279835, 11025
INFO:root:  batch 400 loss: 0.020814432334154843
INFO:root:LOSS train' 0.020814432334154843, 11125
INFO:root:  batch 500 loss: 0.02521077113226056
INFO:root:LOSS train' 0.02521077113226056, 11225
INFO:root:  batch 600 loss: 0.02488217391073704
INFO:root:LOSS train' 0.02488217391073704, 11325
INFO:root:  batch 700 loss: 0.022920632138848304
INFO:root:LOSS train' 0.022920632138848304, 11425
INFO:root:  batch 800 loss: 0.021699688378721476
INFO:root:LOSS train' 0.021699688378721476, 11525
INFO:root:  batch 900 loss: 0.019745855983346702
INFO:root:LOSS train' 0.019745855983346702, 11625
INFO:root:Epoch: 11 - LOSS train: 0.019745855983346702 LOSS val: 0.019491400569677353 - Elapsed time: 352.48770451545715 s
INFO:root:  batch 100 loss: 0.020142661575227976
INFO:root:LOSS train' 0.020142661575227976, 11800
INFO:root:  batch 200 loss: 0.018797677736729385
INFO:root:LOSS train' 0.018797677736729385, 11900
INFO:root:  batch 300 loss: 0.022293936014175415
INFO:root:LOSS train' 0.022293936014175415, 12000
INFO:root:  batch 400 loss: 0.019323337338864804
INFO:root:LOSS train' 0.019323337338864804, 12100
INFO:root:  batch 500 loss: 0.0193437222763896
INFO:root:LOSS train' 0.0193437222763896, 12200
INFO:root:  batch 600 loss: 0.01890572505071759
INFO:root:LOSS train' 0.01890572505071759, 12300
INFO:root:  batch 700 loss: 0.018379750829190016
INFO:root:LOSS train' 0.018379750829190016, 12400
INFO:root:  batch 800 loss: 0.018637365642935038
INFO:root:LOSS train' 0.018637365642935038, 12500
INFO:root:  batch 900 loss: 0.019286600751802326
INFO:root:LOSS train' 0.019286600751802326, 12600
INFO:root:Epoch: 12 - LOSS train: 0.019286600751802326 LOSS val: 0.019501416012644768 - Elapsed time: 352.455096244812 s
INFO:root:  batch 100 loss: 0.018453973140567542
INFO:root:LOSS train' 0.018453973140567542, 12775
INFO:root:  batch 200 loss: 0.01886402990669012
INFO:root:LOSS train' 0.01886402990669012, 12875
INFO:root:  batch 300 loss: 0.01851811290718615
INFO:root:LOSS train' 0.01851811290718615, 12975
INFO:root:  batch 400 loss: 0.01908044984564185
INFO:root:LOSS train' 0.01908044984564185, 13075
INFO:root:  batch 500 loss: 0.01803716303780675
INFO:root:LOSS train' 0.01803716303780675, 13175
INFO:root:  batch 600 loss: 0.02123881467618048
INFO:root:LOSS train' 0.02123881467618048, 13275
INFO:root:  batch 700 loss: 0.017828927552327515
INFO:root:LOSS train' 0.017828927552327515, 13375
INFO:root:  batch 800 loss: 0.017861293852329253
INFO:root:LOSS train' 0.017861293852329253, 13475
INFO:root:  batch 900 loss: 0.018308829506859182
INFO:root:LOSS train' 0.018308829506859182, 13575
INFO:root:Epoch: 13 - LOSS train: 0.018308829506859182 LOSS val: 0.017986048012971878 - Elapsed time: 352.39776277542114 s
INFO:root:  batch 100 loss: 0.0176944309938699
INFO:root:LOSS train' 0.0176944309938699, 13750
INFO:root:  batch 200 loss: 0.01774270026013255
INFO:root:LOSS train' 0.01774270026013255, 13850
INFO:root:  batch 300 loss: 0.0406687240768224
INFO:root:LOSS train' 0.0406687240768224, 13950
INFO:root:  batch 400 loss: 0.02583982527256012
INFO:root:LOSS train' 0.02583982527256012, 14050
INFO:root:  batch 500 loss: 0.02180482689291239
INFO:root:LOSS train' 0.02180482689291239, 14150
INFO:root:  batch 600 loss: 0.018680692724883555
INFO:root:LOSS train' 0.018680692724883555, 14250
INFO:root:  batch 700 loss: 0.0189119391515851
INFO:root:LOSS train' 0.0189119391515851, 14350
INFO:root:  batch 800 loss: 0.017836212310940028
INFO:root:LOSS train' 0.017836212310940028, 14450
INFO:root:  batch 900 loss: 0.01722435246221721
INFO:root:LOSS train' 0.01722435246221721, 14550
INFO:root:Epoch: 14 - LOSS train: 0.01722435246221721 LOSS val: 0.016933435574173927 - Elapsed time: 352.3318040370941 s
INFO:root:  batch 100 loss: 0.017350528668612242
INFO:root:LOSS train' 0.017350528668612242, 14725
INFO:root:  batch 200 loss: 0.01734138835221529
INFO:root:LOSS train' 0.01734138835221529, 14825
INFO:root:  batch 300 loss: 0.017198392050340773
INFO:root:LOSS train' 0.017198392050340773, 14925
INFO:root:  batch 400 loss: 0.01811025562696159
INFO:root:LOSS train' 0.01811025562696159, 15025
INFO:root:  batch 500 loss: 0.017491010930389166
INFO:root:LOSS train' 0.017491010930389166, 15125
INFO:root:  batch 600 loss: 0.016668059080839157
INFO:root:LOSS train' 0.016668059080839157, 15225
INFO:root:  batch 700 loss: 0.016485647913068533
INFO:root:LOSS train' 0.016485647913068533, 15325
INFO:root:  batch 800 loss: 0.020594315696507694
INFO:root:LOSS train' 0.020594315696507694, 15425
INFO:root:  batch 900 loss: 0.017593358363956212
INFO:root:LOSS train' 0.017593358363956212, 15525
INFO:root:Epoch: 15 - LOSS train: 0.017593358363956212 LOSS val: 0.0169044341892004 - Elapsed time: 352.4945125579834 s
INFO:root:  batch 100 loss: 0.017808376820757987
INFO:root:LOSS train' 0.017808376820757987, 15700
INFO:root:  batch 200 loss: 0.016554601099342106
INFO:root:LOSS train' 0.016554601099342106, 15800
INFO:root:  batch 300 loss: 0.016154476990923285
INFO:root:LOSS train' 0.016154476990923285, 15900
INFO:root:  batch 400 loss: 0.016037892224267124
INFO:root:LOSS train' 0.016037892224267124, 16000
INFO:root:  batch 500 loss: 0.016158978417515756
INFO:root:LOSS train' 0.016158978417515756, 16100
INFO:root:  batch 600 loss: 0.015933099128305914
INFO:root:LOSS train' 0.015933099128305914, 16200
INFO:root:  batch 700 loss: 0.016318944189697503
INFO:root:LOSS train' 0.016318944189697503, 16300
INFO:root:  batch 800 loss: 0.015963324280455708
INFO:root:LOSS train' 0.015963324280455708, 16400
INFO:root:  batch 900 loss: 0.016003372585400938
INFO:root:LOSS train' 0.016003372585400938, 16500
INFO:root:Epoch: 16 - LOSS train: 0.016003372585400938 LOSS val: 0.015663903206586838 - Elapsed time: 351.80550384521484 s
INFO:root:  batch 100 loss: 0.016883126078173518
INFO:root:LOSS train' 0.016883126078173518, 16675
INFO:root:  batch 200 loss: 0.015925067039206625
INFO:root:LOSS train' 0.015925067039206625, 16775
INFO:root:  batch 300 loss: 0.01570910172536969
INFO:root:LOSS train' 0.01570910172536969, 16875
INFO:root:  batch 400 loss: 0.015461508836597204
INFO:root:LOSS train' 0.015461508836597204, 16975
INFO:root:  batch 500 loss: 0.01560620330274105
INFO:root:LOSS train' 0.01560620330274105, 17075
INFO:root:  batch 600 loss: 0.015670701656490565
INFO:root:LOSS train' 0.015670701656490565, 17175
INFO:root:  batch 700 loss: 0.01592782591469586
INFO:root:LOSS train' 0.01592782591469586, 17275
INFO:root:  batch 800 loss: 0.016112030101940036
INFO:root:LOSS train' 0.016112030101940036, 17375
INFO:root:  batch 900 loss: 0.015804327763617038
INFO:root:LOSS train' 0.015804327763617038, 17475
INFO:root:Epoch: 17 - LOSS train: 0.015804327763617038 LOSS val: 0.014933224767446518 - Elapsed time: 352.0430021286011 s
INFO:root:  batch 100 loss: 0.015220247637480498
INFO:root:LOSS train' 0.015220247637480498, 17650
INFO:root:  batch 200 loss: 0.015250901114195586
INFO:root:LOSS train' 0.015250901114195586, 17750
INFO:root:  batch 300 loss: 0.016064437804743648
INFO:root:LOSS train' 0.016064437804743648, 17850
INFO:root:  batch 400 loss: 0.0152901865914464
INFO:root:LOSS train' 0.0152901865914464, 17950
INFO:root:  batch 500 loss: 0.015404968354851008
INFO:root:LOSS train' 0.015404968354851008, 18050
INFO:root:  batch 600 loss: 0.0149424958974123
INFO:root:LOSS train' 0.0149424958974123, 18150
INFO:root:  batch 700 loss: 0.015520386137068272
INFO:root:LOSS train' 0.015520386137068272, 18250
INFO:root:  batch 800 loss: 0.01602446454577148
INFO:root:LOSS train' 0.01602446454577148, 18350
INFO:root:  batch 900 loss: 0.015103531302884221
INFO:root:LOSS train' 0.015103531302884221, 18450
INFO:root:Epoch: 18 - LOSS train: 0.015103531302884221 LOSS val: 0.018625609576702118 - Elapsed time: 351.87902879714966 s
INFO:root:  batch 100 loss: 0.015411765649914741
INFO:root:LOSS train' 0.015411765649914741, 18625
INFO:root:  batch 200 loss: 0.0178010583948344
INFO:root:LOSS train' 0.0178010583948344, 18725
INFO:root:  batch 300 loss: 0.021234099054709077
INFO:root:LOSS train' 0.021234099054709077, 18825
INFO:root:  batch 400 loss: 0.015440955944359302
INFO:root:LOSS train' 0.015440955944359302, 18925
INFO:root:  batch 500 loss: 0.015065240245312451
INFO:root:LOSS train' 0.015065240245312451, 19025
INFO:root:  batch 600 loss: 0.014828196074813605
INFO:root:LOSS train' 0.014828196074813605, 19125
INFO:root:  batch 700 loss: 0.015040399888530374
INFO:root:LOSS train' 0.015040399888530374, 19225
INFO:root:  batch 800 loss: 0.014652817919850349
INFO:root:LOSS train' 0.014652817919850349, 19325
INFO:root:  batch 900 loss: 0.014435331905260682
INFO:root:LOSS train' 0.014435331905260682, 19425
INFO:root:Epoch: 19 - LOSS train: 0.014435331905260682 LOSS val: 0.014772164635360241 - Elapsed time: 351.9721779823303 s
INFO:root:  batch 100 loss: 0.014845489868894219
INFO:root:LOSS train' 0.014845489868894219, 19600
INFO:root:  batch 200 loss: 0.01470694137737155
INFO:root:LOSS train' 0.01470694137737155, 19700
INFO:root:  batch 300 loss: 0.014191852593794465
INFO:root:LOSS train' 0.014191852593794465, 19800
INFO:root:  batch 400 loss: 0.014376871613785624
INFO:root:LOSS train' 0.014376871613785624, 19900
INFO:root:  batch 500 loss: 0.01454181426204741
INFO:root:LOSS train' 0.01454181426204741, 20000
INFO:root:  batch 600 loss: 0.01419593669474125
INFO:root:LOSS train' 0.01419593669474125, 20100
INFO:root:  batch 700 loss: 0.022206884287297727
INFO:root:LOSS train' 0.022206884287297727, 20200
INFO:root:  batch 800 loss: 0.018336267862468957
INFO:root:LOSS train' 0.018336267862468957, 20300
INFO:root:  batch 900 loss: 0.015467153191566467
INFO:root:LOSS train' 0.015467153191566467, 20400
INFO:root:Epoch: 20 - LOSS train: 0.015467153191566467 LOSS val: 0.016216976568102837 - Elapsed time: 351.8808550834656 s
INFO:root:  batch 100 loss: 0.014570134831592441
INFO:root:LOSS train' 0.014570134831592441, 20575
INFO:root:  batch 200 loss: 0.014583278223872185
INFO:root:LOSS train' 0.014583278223872185, 20675
INFO:root:  batch 300 loss: 0.014483894733712078
INFO:root:LOSS train' 0.014483894733712078, 20775
INFO:root:  batch 400 loss: 0.01437462559901178
INFO:root:LOSS train' 0.01437462559901178, 20875
INFO:root:  batch 500 loss: 0.013822665465995669
INFO:root:LOSS train' 0.013822665465995669, 20975
INFO:root:  batch 600 loss: 0.01401605530641973
INFO:root:LOSS train' 0.01401605530641973, 21075
INFO:root:  batch 700 loss: 0.014129531336948276
INFO:root:LOSS train' 0.014129531336948276, 21175
INFO:root:  batch 800 loss: 0.016097787516191602
INFO:root:LOSS train' 0.016097787516191602, 21275
INFO:root:  batch 900 loss: 0.013924842206761242
INFO:root:LOSS train' 0.013924842206761242, 21375
INFO:root:Epoch: 21 - LOSS train: 0.013924842206761242 LOSS val: 0.01345543097704649 - Elapsed time: 351.82007122039795 s
INFO:root:  batch 100 loss: 0.01354820728302002
INFO:root:LOSS train' 0.01354820728302002, 21550
INFO:root:  batch 200 loss: 0.013884120639413595
INFO:root:LOSS train' 0.013884120639413595, 21650
INFO:root:  batch 300 loss: 0.013691137377172709
INFO:root:LOSS train' 0.013691137377172709, 21750
INFO:root:  batch 400 loss: 0.0139519730117172
INFO:root:LOSS train' 0.0139519730117172, 21850
INFO:root:  batch 500 loss: 0.013746993411332368
INFO:root:LOSS train' 0.013746993411332368, 21950
INFO:root:  batch 600 loss: 0.02035217635333538
INFO:root:LOSS train' 0.02035217635333538, 22050
INFO:root:  batch 700 loss: 0.014490127060562373
INFO:root:LOSS train' 0.014490127060562373, 22150
INFO:root:  batch 800 loss: 0.014302489701658488
INFO:root:LOSS train' 0.014302489701658488, 22250
INFO:root:  batch 900 loss: 0.013383678756654263
INFO:root:LOSS train' 0.013383678756654263, 22350
INFO:root:Epoch: 22 - LOSS train: 0.013383678756654263 LOSS val: 0.013625223189592361 - Elapsed time: 352.0465168952942 s
INFO:root:  batch 100 loss: 0.013771553514525295
INFO:root:LOSS train' 0.013771553514525295, 22525
INFO:root:  batch 200 loss: 0.013530087666586041
INFO:root:LOSS train' 0.013530087666586041, 22625
INFO:root:  batch 300 loss: 0.013534064600244165
INFO:root:LOSS train' 0.013534064600244165, 22725
INFO:root:  batch 400 loss: 0.01369949573650956
INFO:root:LOSS train' 0.01369949573650956, 22825
INFO:root:  batch 500 loss: 0.018660612944513558
INFO:root:LOSS train' 0.018660612944513558, 22925
INFO:root:  batch 600 loss: 0.013990532867610454
INFO:root:LOSS train' 0.013990532867610454, 23025
INFO:root:  batch 700 loss: 0.013790810946375132
INFO:root:LOSS train' 0.013790810946375132, 23125
INFO:root:  batch 800 loss: 0.013784321704879404
INFO:root:LOSS train' 0.013784321704879404, 23225
INFO:root:  batch 900 loss: 0.013294604290276766
INFO:root:LOSS train' 0.013294604290276766, 23325
INFO:root:Epoch: 23 - LOSS train: 0.013294604290276766 LOSS val: 0.01364208571612835 - Elapsed time: 351.9736042022705 s
INFO:root:  batch 100 loss: 0.012928983578458429
INFO:root:LOSS train' 0.012928983578458429, 23500
INFO:root:  batch 200 loss: 0.013370782863348722
INFO:root:LOSS train' 0.013370782863348722, 23600
INFO:root:  batch 300 loss: 0.013527254732325673
INFO:root:LOSS train' 0.013527254732325673, 23700
INFO:root:  batch 400 loss: 0.013158043110743166
INFO:root:LOSS train' 0.013158043110743166, 23800
INFO:root:  batch 500 loss: 0.013058627815917134
INFO:root:LOSS train' 0.013058627815917134, 23900
INFO:root:  batch 600 loss: 0.013045461820438505
INFO:root:LOSS train' 0.013045461820438505, 24000
INFO:root:  batch 700 loss: 0.012877811286598444
INFO:root:LOSS train' 0.012877811286598444, 24100
INFO:root:  batch 800 loss: 0.01328636853955686
INFO:root:LOSS train' 0.01328636853955686, 24200
INFO:root:  batch 900 loss: 0.013036520788446068
INFO:root:LOSS train' 0.013036520788446068, 24300
INFO:root:Epoch: 24 - LOSS train: 0.013036520788446068 LOSS val: 0.013173778541386127 - Elapsed time: 352.588698387146 s
INFO:root:  batch 100 loss: 0.013025283608585595
INFO:root:LOSS train' 0.013025283608585595, 24475
INFO:root:  batch 200 loss: 0.012811429128050804
INFO:root:LOSS train' 0.012811429128050804, 24575
INFO:root:  batch 300 loss: 0.012734646070748567
INFO:root:LOSS train' 0.012734646070748567, 24675
INFO:root:  batch 400 loss: 0.012681656097993255
INFO:root:LOSS train' 0.012681656097993255, 24775
INFO:root:  batch 500 loss: 0.012563171554356814
INFO:root:LOSS train' 0.012563171554356814, 24875
INFO:root:  batch 600 loss: 0.012819965677335858
INFO:root:LOSS train' 0.012819965677335858, 24975
INFO:root:  batch 700 loss: 0.012744641248136759
INFO:root:LOSS train' 0.012744641248136759, 25075
INFO:root:  batch 800 loss: 0.012767546391114593
INFO:root:LOSS train' 0.012767546391114593, 25175
INFO:root:  batch 900 loss: 0.01313409830443561
INFO:root:LOSS train' 0.01313409830443561, 25275
INFO:root:Epoch: 25 - LOSS train: 0.01313409830443561 LOSS val: 0.03094399720430374 - Elapsed time: 351.4148943424225 s
INFO:root:  batch 100 loss: 0.019015668909996748
INFO:root:LOSS train' 0.019015668909996748, 25450
INFO:root:  batch 200 loss: 0.015054305549710989
INFO:root:LOSS train' 0.015054305549710989, 25550
INFO:root:  batch 300 loss: 0.014259397722780705
INFO:root:LOSS train' 0.014259397722780705, 25650
INFO:root:  batch 400 loss: 0.013798893783241511
INFO:root:LOSS train' 0.013798893783241511, 25750
INFO:root:  batch 500 loss: 0.01319140805862844
INFO:root:LOSS train' 0.01319140805862844, 25850
INFO:root:  batch 600 loss: 0.013144717672839762
INFO:root:LOSS train' 0.013144717672839762, 25950
INFO:root:  batch 700 loss: 0.012985535245388747
INFO:root:LOSS train' 0.012985535245388747, 26050
INFO:root:  batch 800 loss: 0.012746985275298358
INFO:root:LOSS train' 0.012746985275298358, 26150
INFO:root:  batch 900 loss: 0.013007005788385867
INFO:root:LOSS train' 0.013007005788385867, 26250
INFO:root:Epoch: 26 - LOSS train: 0.013007005788385867 LOSS val: 0.012974705547094345 - Elapsed time: 351.76339173316956 s
INFO:root:  batch 100 loss: 0.03269432901404798
INFO:root:LOSS train' 0.03269432901404798, 26425
INFO:root:  batch 200 loss: 0.019998500924557447
INFO:root:LOSS train' 0.019998500924557447, 26525
INFO:root:  batch 300 loss: 0.016138407792896034
INFO:root:LOSS train' 0.016138407792896034, 26625
INFO:root:  batch 400 loss: 0.014737698892131447
INFO:root:LOSS train' 0.014737698892131447, 26725
INFO:root:  batch 500 loss: 0.01411771978251636
INFO:root:LOSS train' 0.01411771978251636, 26825
INFO:root:  batch 600 loss: 0.013744366010650993
INFO:root:LOSS train' 0.013744366010650993, 26925
INFO:root:  batch 700 loss: 0.013475420465692878
INFO:root:LOSS train' 0.013475420465692878, 27025
INFO:root:  batch 800 loss: 0.013242411417886615
INFO:root:LOSS train' 0.013242411417886615, 27125
INFO:root:  batch 900 loss: 0.013252073805779219
INFO:root:LOSS train' 0.013252073805779219, 27225
INFO:root:Epoch: 27 - LOSS train: 0.013252073805779219 LOSS val: 0.012772025540471077 - Elapsed time: 351.48604917526245 s
INFO:root:  batch 100 loss: 0.012984409900382162
INFO:root:LOSS train' 0.012984409900382162, 27400
INFO:root:  batch 200 loss: 0.012667015139013528
INFO:root:LOSS train' 0.012667015139013528, 27500
INFO:root:  batch 300 loss: 0.012680213786661626
INFO:root:LOSS train' 0.012680213786661626, 27600
INFO:root:  batch 400 loss: 0.012557401219382883
INFO:root:LOSS train' 0.012557401219382883, 27700
INFO:root:  batch 500 loss: 0.012713366216048598
INFO:root:LOSS train' 0.012713366216048598, 27800
INFO:root:  batch 600 loss: 0.0124547712597996
INFO:root:LOSS train' 0.0124547712597996, 27900
INFO:root:  batch 700 loss: 0.012580605605617166
INFO:root:LOSS train' 0.012580605605617166, 28000
INFO:root:  batch 800 loss: 0.012436665222048759
INFO:root:LOSS train' 0.012436665222048759, 28100
INFO:root:  batch 900 loss: 0.012498681033030153
INFO:root:LOSS train' 0.012498681033030153, 28200
INFO:root:Epoch: 28 - LOSS train: 0.012498681033030153 LOSS val: 0.012384849600493908 - Elapsed time: 351.4456593990326 s
INFO:root:  batch 100 loss: 0.012246114462614059
INFO:root:LOSS train' 0.012246114462614059, 28375
INFO:root:  batch 200 loss: 0.012494068406522275
INFO:root:LOSS train' 0.012494068406522275, 28475
INFO:root:  batch 300 loss: 0.012021928234025836
INFO:root:LOSS train' 0.012021928234025836, 28575
INFO:root:  batch 400 loss: 0.012276554256677627
INFO:root:LOSS train' 0.012276554256677627, 28675
INFO:root:  batch 500 loss: 0.012902229931205511
INFO:root:LOSS train' 0.012902229931205511, 28775
INFO:root:  batch 600 loss: 0.011953631434589624
INFO:root:LOSS train' 0.011953631434589624, 28875
INFO:root:  batch 700 loss: 0.012023794669657946
INFO:root:LOSS train' 0.012023794669657946, 28975
INFO:root:  batch 800 loss: 0.012178694438189268
INFO:root:LOSS train' 0.012178694438189268, 29075
INFO:root:  batch 900 loss: 0.01216166821308434
INFO:root:LOSS train' 0.01216166821308434, 29175
INFO:root:Epoch: 29 - LOSS train: 0.01216166821308434 LOSS val: 0.0121958889067173 - Elapsed time: 351.5227348804474 s
INFO:root:  batch 100 loss: 0.012115070009604096
INFO:root:LOSS train' 0.012115070009604096, 29350
INFO:root:  batch 200 loss: 0.011819136943668127
INFO:root:LOSS train' 0.011819136943668127, 29450
INFO:root:  batch 300 loss: 0.012176400795578957
INFO:root:LOSS train' 0.012176400795578957, 29550
INFO:root:  batch 400 loss: 0.012249117298051716
INFO:root:LOSS train' 0.012249117298051716, 29650
INFO:root:  batch 500 loss: 0.011700377948582173
INFO:root:LOSS train' 0.011700377948582173, 29750
INFO:root:  batch 600 loss: 0.02196295190602541
INFO:root:LOSS train' 0.02196295190602541, 29850
INFO:root:  batch 700 loss: 0.016481391414999963
INFO:root:LOSS train' 0.016481391414999963, 29950
INFO:root:  batch 800 loss: 0.01848789406940341
INFO:root:LOSS train' 0.01848789406940341, 30050
INFO:root:  batch 900 loss: 0.013897360377013683
INFO:root:LOSS train' 0.013897360377013683, 30150
INFO:root:Epoch: 30 - LOSS train: 0.013897360377013683 LOSS val: 0.013237173669040203 - Elapsed time: 352.7625856399536 s
INFO:root:  batch 100 loss: 0.012824452007189393
INFO:root:LOSS train' 0.012824452007189393, 30325
INFO:root:  batch 200 loss: 0.01224668019451201
INFO:root:LOSS train' 0.01224668019451201, 30425
INFO:root:  batch 300 loss: 0.012413975466042757
INFO:root:LOSS train' 0.012413975466042757, 30525
INFO:root:  batch 400 loss: 0.012374791111797094
INFO:root:LOSS train' 0.012374791111797094, 30625
INFO:root:  batch 500 loss: 0.012046321174129843
INFO:root:LOSS train' 0.012046321174129843, 30725
INFO:root:  batch 600 loss: 0.012244484601542354
INFO:root:LOSS train' 0.012244484601542354, 30825
INFO:root:  batch 700 loss: 0.012394477147608995
INFO:root:LOSS train' 0.012394477147608995, 30925
INFO:root:  batch 800 loss: 0.011877823611721397
INFO:root:LOSS train' 0.011877823611721397, 31025
INFO:root:  batch 900 loss: 0.012060344377532601
INFO:root:LOSS train' 0.012060344377532601, 31125
INFO:root:Epoch: 31 - LOSS train: 0.012060344377532601 LOSS val: 0.01189464796334505 - Elapsed time: 351.7888836860657 s
INFO:root:  batch 100 loss: 0.012030022144317627
INFO:root:LOSS train' 0.012030022144317627, 31300
INFO:root:  batch 200 loss: 0.011809004480019212
INFO:root:LOSS train' 0.011809004480019212, 31400
INFO:root:  batch 300 loss: 0.012006212081760169
INFO:root:LOSS train' 0.012006212081760169, 31500
INFO:root:  batch 400 loss: 0.011939083728939294
INFO:root:LOSS train' 0.011939083728939294, 31600
INFO:root:  batch 500 loss: 0.011604297254234553
INFO:root:LOSS train' 0.011604297254234553, 31700
INFO:root:  batch 600 loss: 0.01175616574473679
INFO:root:LOSS train' 0.01175616574473679, 31800
INFO:root:  batch 700 loss: 0.011634801020845771
INFO:root:LOSS train' 0.011634801020845771, 31900
INFO:root:  batch 800 loss: 0.011777986558154225
INFO:root:LOSS train' 0.011777986558154225, 32000
INFO:root:  batch 900 loss: 0.012322744242846967
INFO:root:LOSS train' 0.012322744242846967, 32100
INFO:root:Epoch: 32 - LOSS train: 0.012322744242846967 LOSS val: 0.011275282129645348 - Elapsed time: 351.7813370227814 s
INFO:root:  batch 100 loss: 0.011653812173753976
INFO:root:LOSS train' 0.011653812173753976, 32275
INFO:root:  batch 200 loss: 0.01124974237754941
INFO:root:LOSS train' 0.01124974237754941, 32375
INFO:root:  batch 300 loss: 0.030481057558208704
INFO:root:LOSS train' 0.030481057558208704, 32475
INFO:root:  batch 400 loss: 0.0155841164290905
INFO:root:LOSS train' 0.0155841164290905, 32575
INFO:root:  batch 500 loss: 0.013622897416353226
INFO:root:LOSS train' 0.013622897416353226, 32675
INFO:root:  batch 600 loss: 0.013091748245060444
INFO:root:LOSS train' 0.013091748245060444, 32775
INFO:root:  batch 700 loss: 0.012521291291341186
INFO:root:LOSS train' 0.012521291291341186, 32875
INFO:root:  batch 800 loss: 0.012162884064018727
INFO:root:LOSS train' 0.012162884064018727, 32975
INFO:root:  batch 900 loss: 0.01216801229864359
INFO:root:LOSS train' 0.01216801229864359, 33075
INFO:root:Epoch: 33 - LOSS train: 0.01216801229864359 LOSS val: 0.011642090044915676 - Elapsed time: 351.8165349960327 s
INFO:root:  batch 100 loss: 0.011860071709379553
INFO:root:LOSS train' 0.011860071709379553, 33250
INFO:root:  batch 200 loss: 0.011680440241470934
INFO:root:LOSS train' 0.011680440241470934, 33350
INFO:root:  batch 300 loss: 0.011609900230541825
INFO:root:LOSS train' 0.011609900230541825, 33450
INFO:root:  batch 400 loss: 0.011709483396261931
INFO:root:LOSS train' 0.011709483396261931, 33550
INFO:root:  batch 500 loss: 0.011579118762165308
INFO:root:LOSS train' 0.011579118762165308, 33650
INFO:root:  batch 600 loss: 0.011573387449607253
INFO:root:LOSS train' 0.011573387449607253, 33750
INFO:root:  batch 700 loss: 0.01159532149322331
INFO:root:LOSS train' 0.01159532149322331, 33850
INFO:root:  batch 800 loss: 0.011600108677521348
INFO:root:LOSS train' 0.011600108677521348, 33950
INFO:root:  batch 900 loss: 0.011087047513574361
INFO:root:LOSS train' 0.011087047513574361, 34050
INFO:root:Epoch: 34 - LOSS train: 0.011087047513574361 LOSS val: 0.011683719232678413 - Elapsed time: 351.70167994499207 s
INFO:root:  batch 100 loss: 0.011580955646932125
INFO:root:LOSS train' 0.011580955646932125, 34225
INFO:root:  batch 200 loss: 0.011292889080941677
INFO:root:LOSS train' 0.011292889080941677, 34325
INFO:root:  batch 300 loss: 0.011139481347054243
INFO:root:LOSS train' 0.011139481347054243, 34425
INFO:root:  batch 400 loss: 0.019856228111311793
INFO:root:LOSS train' 0.019856228111311793, 34525
INFO:root:  batch 500 loss: 0.014290797933936119
INFO:root:LOSS train' 0.014290797933936119, 34625
INFO:root:  batch 600 loss: 0.012373371711000801
INFO:root:LOSS train' 0.012373371711000801, 34725
INFO:root:  batch 700 loss: 0.011765952855348587
INFO:root:LOSS train' 0.011765952855348587, 34825
INFO:root:  batch 800 loss: 0.011519145453348756
INFO:root:LOSS train' 0.011519145453348756, 34925
INFO:root:  batch 900 loss: 0.011462134514003993
INFO:root:LOSS train' 0.011462134514003993, 35025
INFO:root:Epoch: 35 - LOSS train: 0.011462134514003993 LOSS val: 0.011314423754811287 - Elapsed time: 351.7904534339905 s
INFO:root:  batch 100 loss: 0.011167289586737753
INFO:root:LOSS train' 0.011167289586737753, 35200
INFO:root:  batch 200 loss: 0.011405216082930564
INFO:root:LOSS train' 0.011405216082930564, 35300
INFO:root:  batch 300 loss: 0.011158187873661518
INFO:root:LOSS train' 0.011158187873661518, 35400
INFO:root:  batch 400 loss: 0.011225930489599705
INFO:root:LOSS train' 0.011225930489599705, 35500
INFO:root:  batch 500 loss: 0.01100250344723463
INFO:root:LOSS train' 0.01100250344723463, 35600
INFO:root:  batch 600 loss: 0.01105007167905569
INFO:root:LOSS train' 0.01105007167905569, 35700
INFO:root:  batch 700 loss: 0.011169129759073257
INFO:root:LOSS train' 0.011169129759073257, 35800
INFO:root:  batch 800 loss: 0.010996461370959878
INFO:root:LOSS train' 0.010996461370959878, 35900
INFO:root:  batch 900 loss: 0.01108349864371121
INFO:root:LOSS train' 0.01108349864371121, 36000
INFO:root:Epoch: 36 - LOSS train: 0.01108349864371121 LOSS val: 0.011051522567868233 - Elapsed time: 351.8780300617218 s
INFO:root:  batch 100 loss: 0.011197346290573477
INFO:root:LOSS train' 0.011197346290573477, 36175
INFO:root:  batch 200 loss: 0.011039229771122337
INFO:root:LOSS train' 0.011039229771122337, 36275
INFO:root:  batch 300 loss: 0.010940557662397623
INFO:root:LOSS train' 0.010940557662397623, 36375
INFO:root:  batch 400 loss: 0.011027414835989475
INFO:root:LOSS train' 0.011027414835989475, 36475
INFO:root:  batch 500 loss: 0.010950274551287293
INFO:root:LOSS train' 0.010950274551287293, 36575
INFO:root:  batch 600 loss: 0.01094332599081099
INFO:root:LOSS train' 0.01094332599081099, 36675
INFO:root:  batch 700 loss: 0.010829853350296617
INFO:root:LOSS train' 0.010829853350296617, 36775
INFO:root:  batch 800 loss: 0.010962146641686559
INFO:root:LOSS train' 0.010962146641686559, 36875
INFO:root:  batch 900 loss: 0.010776002006605268
INFO:root:LOSS train' 0.010776002006605268, 36975
INFO:root:Epoch: 37 - LOSS train: 0.010776002006605268 LOSS val: 0.01069866307079792 - Elapsed time: 352.1819303035736 s
INFO:root:  batch 100 loss: 0.011030225735157728
INFO:root:LOSS train' 0.011030225735157728, 37150
INFO:root:  batch 200 loss: 0.010897532114759087
INFO:root:LOSS train' 0.010897532114759087, 37250
INFO:root:  batch 300 loss: 0.010667759850621223
INFO:root:LOSS train' 0.010667759850621223, 37350
INFO:root:  batch 400 loss: 0.010684573836624623
INFO:root:LOSS train' 0.010684573836624623, 37450
INFO:root:  batch 500 loss: 0.01061821230687201
INFO:root:LOSS train' 0.01061821230687201, 37550
INFO:root:  batch 600 loss: 0.010768554750829934
INFO:root:LOSS train' 0.010768554750829934, 37650
INFO:root:  batch 700 loss: 0.010851151347160339
INFO:root:LOSS train' 0.010851151347160339, 37750
INFO:root:  batch 800 loss: 0.011078819455578924
INFO:root:LOSS train' 0.011078819455578924, 37850
INFO:root:  batch 900 loss: 0.0109685911051929
INFO:root:LOSS train' 0.0109685911051929, 37950
INFO:root:Epoch: 38 - LOSS train: 0.0109685911051929 LOSS val: 0.010661652311682701 - Elapsed time: 351.9450716972351 s
INFO:root:  batch 100 loss: 0.01061734507791698
INFO:root:LOSS train' 0.01061734507791698, 38125
INFO:root:  batch 200 loss: 0.010558172473683953
INFO:root:LOSS train' 0.010558172473683953, 38225
INFO:root:  batch 300 loss: 0.010766348689794541
INFO:root:LOSS train' 0.010766348689794541, 38325
INFO:root:  batch 400 loss: 0.010680709630250931
INFO:root:LOSS train' 0.010680709630250931, 38425
INFO:root:  batch 500 loss: 0.01088815737515688
INFO:root:LOSS train' 0.01088815737515688, 38525
INFO:root:  batch 600 loss: 0.010402910951524973
INFO:root:LOSS train' 0.010402910951524973, 38625
INFO:root:  batch 700 loss: 0.010626136139035226
INFO:root:LOSS train' 0.010626136139035226, 38725
INFO:root:  batch 800 loss: 0.010758985877037048
INFO:root:LOSS train' 0.010758985877037048, 38825
INFO:root:  batch 900 loss: 0.011596362348645925
INFO:root:LOSS train' 0.011596362348645925, 38925
INFO:root:Epoch: 39 - LOSS train: 0.011596362348645925 LOSS val: 0.01118519064038992 - Elapsed time: 351.77520871162415 s
INFO:root:  batch 100 loss: 0.01071999667212367
INFO:root:LOSS train' 0.01071999667212367, 39100
INFO:root:  batch 200 loss: 0.010569510674104094
INFO:root:LOSS train' 0.010569510674104094, 39200
INFO:root:  batch 300 loss: 0.010410889126360416
INFO:root:LOSS train' 0.010410889126360416, 39300
INFO:root:  batch 400 loss: 0.010350834568962455
INFO:root:LOSS train' 0.010350834568962455, 39400
INFO:root:  batch 500 loss: 0.010430310862138867
INFO:root:LOSS train' 0.010430310862138867, 39500
INFO:root:  batch 600 loss: 0.010483165690675377
INFO:root:LOSS train' 0.010483165690675377, 39600
INFO:root:  batch 700 loss: 0.010523742074146867
INFO:root:LOSS train' 0.010523742074146867, 39700
INFO:root:  batch 800 loss: 0.010625833086669445
INFO:root:LOSS train' 0.010625833086669445, 39800
INFO:root:  batch 900 loss: 0.017735118828713894
INFO:root:LOSS train' 0.017735118828713894, 39900
INFO:root:Epoch: 40 - LOSS train: 0.017735118828713894 LOSS val: 0.011431469582021236 - Elapsed time: 351.90462708473206 s
INFO:root:  batch 100 loss: 0.011151455631479621
INFO:root:LOSS train' 0.011151455631479621, 40075
INFO:root:  batch 200 loss: 0.010883840480819345
INFO:root:LOSS train' 0.010883840480819345, 40175
INFO:root:  batch 300 loss: 0.010217129485681653
INFO:root:LOSS train' 0.010217129485681653, 40275
INFO:root:  batch 400 loss: 0.010232412973418831
INFO:root:LOSS train' 0.010232412973418831, 40375
INFO:root:  batch 500 loss: 0.010497928876429797
INFO:root:LOSS train' 0.010497928876429797, 40475
INFO:root:  batch 600 loss: 0.010217749141156673
INFO:root:LOSS train' 0.010217749141156673, 40575
INFO:root:  batch 700 loss: 0.010281105311587452
INFO:root:LOSS train' 0.010281105311587452, 40675
INFO:root:  batch 800 loss: 0.01036548325791955
INFO:root:LOSS train' 0.01036548325791955, 40775
INFO:root:  batch 900 loss: 0.010282429829239846
INFO:root:LOSS train' 0.010282429829239846, 40875
INFO:root:Epoch: 41 - LOSS train: 0.010282429829239846 LOSS val: 0.010247260332107544 - Elapsed time: 351.8514811992645 s
INFO:root:  batch 100 loss: 0.010261541781947017
INFO:root:LOSS train' 0.010261541781947017, 41050
INFO:root:  batch 200 loss: 0.01028850388713181
INFO:root:LOSS train' 0.01028850388713181, 41150
INFO:root:  batch 300 loss: 0.01039155880920589
INFO:root:LOSS train' 0.01039155880920589, 41250
INFO:root:  batch 400 loss: 0.010330599024891854
INFO:root:LOSS train' 0.010330599024891854, 41350
INFO:root:  batch 500 loss: 0.010213323626667261
INFO:root:LOSS train' 0.010213323626667261, 41450
INFO:root:  batch 600 loss: 0.010108862351626158
INFO:root:LOSS train' 0.010108862351626158, 41550
INFO:root:  batch 700 loss: 0.010378743689507246
INFO:root:LOSS train' 0.010378743689507246, 41650
INFO:root:  batch 800 loss: 0.0100693450961262
INFO:root:LOSS train' 0.0100693450961262, 41750
INFO:root:  batch 900 loss: 0.010492247538641095
INFO:root:LOSS train' 0.010492247538641095, 41850
INFO:root:Epoch: 42 - LOSS train: 0.010492247538641095 LOSS val: 0.01044958271086216 - Elapsed time: 351.4271583557129 s
INFO:root:*************
INFO:root:             
INFO:root:Starting to test....
INFO:root:             
INFO:root:OneStep loss: 0.01034779753535986
INFO:root:Scalar loss: 0.014166776090860367
INFO:root:Vector loss: 0.008438304997980595
INFO:root:             
INFO:root:Done.
