INFO:root:*************
INFO:root:             
INFO:root:model chosen: CR
INFO:root:multivector activation function?: 0
INFO:root:training trajectories: 15600
INFO:root:training epochs: 200
INFO:root:training batchsize: 16
INFO:root:learning rate: 0.0001
INFO:root:seed: 333
INFO:root:patience: 15
INFO:root:training dataset path: datasets/trainingdataviscous/
INFO:root:test dataset path: datasets/testdataviscous/
INFO:root:             
INFO:root:*************
INFO:root:Using device: cuda
INFO:root:[[[1.6940998  1.5566934  1.3046039  1.0440726 ]
  [1.6066581  1.3995012  1.342347   1.233624  ]
  [1.4666691  1.3354036  1.3883016  1.2737162 ]
  [1.4122795  1.3854291  1.4587754  1.339578  ]]

 [[1.6459564  1.3450366  1.0299298  0.77708894]
  [1.6489182  1.5250436  1.3721011  1.2203181 ]
  [1.4844782  1.3996952  1.3643513  1.3251002 ]
  [1.3969231  1.3963239  1.4048748  1.4067723 ]]]
INFO:root:****
INFO:root:[[[1.6940998  1.5566934  1.3046039  1.0440726 ]
  [1.6066581  1.3995012  1.342347   1.233624  ]
  [1.4666691  1.3354036  1.3883016  1.2737162 ]
  [1.4122795  1.3854291  1.4587754  1.339578  ]]

 [[1.6459564  1.3450366  1.0299298  0.77708894]
  [1.6489182  1.5250436  1.3721011  1.2203181 ]
  [1.4844782  1.3996952  1.3643513  1.3251002 ]
  [1.3969231  1.3963239  1.4048748  1.4067723 ]]]
INFO:root:Train input shape: torch.Size([15600, 2, 128, 128, 3])
INFO:root:Train labels shape: torch.Size([15600, 1, 128, 128, 3])
INFO:root:                   
INFO:root:Val input shape: torch.Size([4680, 2, 128, 128, 3])
INFO:root:Val labels shape: torch.Size([4680, 1, 128, 128, 3])
INFO:root:*************
INFO:root:             
INFO:root:Starting to train....
INFO:root:  batch 100 loss: 0.23249600529670716
INFO:root:LOSS train' 0.23249600529670716, 100
INFO:root:  batch 200 loss: 0.14963410645723343
INFO:root:LOSS train' 0.14963410645723343, 200
INFO:root:  batch 300 loss: 0.13256413869559766
INFO:root:LOSS train' 0.13256413869559766, 300
INFO:root:  batch 400 loss: 0.11744980908930301
INFO:root:LOSS train' 0.11744980908930301, 400
INFO:root:  batch 500 loss: 0.10730755053460599
INFO:root:LOSS train' 0.10730755053460599, 500
INFO:root:  batch 600 loss: 0.09977054841816425
INFO:root:LOSS train' 0.09977054841816425, 600
INFO:root:  batch 700 loss: 0.09182452157139778
INFO:root:LOSS train' 0.09182452157139778, 700
INFO:root:  batch 800 loss: 0.08471987091004848
INFO:root:LOSS train' 0.08471987091004848, 800
INFO:root:  batch 900 loss: 0.08278672710061073
INFO:root:LOSS train' 0.08278672710061073, 900
INFO:root:Epoch: 0 - LOSS train: 0.08278672710061073 LOSS val: 0.07123768329620361 - Elapsed time: 353.3232123851776 s
INFO:root:  batch 100 loss: 0.07192822977900505
INFO:root:LOSS train' 0.07192822977900505, 1075
INFO:root:  batch 200 loss: 0.0708703875541687
INFO:root:LOSS train' 0.0708703875541687, 1175
INFO:root:  batch 300 loss: 0.06739811066538096
INFO:root:LOSS train' 0.06739811066538096, 1275
INFO:root:  batch 400 loss: 0.0645826417580247
INFO:root:LOSS train' 0.0645826417580247, 1375
INFO:root:  batch 500 loss: 0.0625509962067008
INFO:root:LOSS train' 0.0625509962067008, 1475
INFO:root:  batch 600 loss: 0.059454614222049715
INFO:root:LOSS train' 0.059454614222049715, 1575
INFO:root:  batch 700 loss: 0.0573695232719183
INFO:root:LOSS train' 0.0573695232719183, 1675
INFO:root:  batch 800 loss: 0.05526724737137556
INFO:root:LOSS train' 0.05526724737137556, 1775
INFO:root:  batch 900 loss: 0.058439907021820545
INFO:root:LOSS train' 0.058439907021820545, 1875
INFO:root:Epoch: 1 - LOSS train: 0.058439907021820545 LOSS val: 0.04918181523680687 - Elapsed time: 352.266273021698 s
INFO:root:  batch 100 loss: 0.05079147208482027
INFO:root:LOSS train' 0.05079147208482027, 2050
INFO:root:  batch 200 loss: 0.050204206593334674
INFO:root:LOSS train' 0.050204206593334674, 2150
INFO:root:  batch 300 loss: 0.05734021812677383
INFO:root:LOSS train' 0.05734021812677383, 2250
INFO:root:  batch 400 loss: 0.04780990842729807
INFO:root:LOSS train' 0.04780990842729807, 2350
INFO:root:  batch 500 loss: 0.04584844432771206
INFO:root:LOSS train' 0.04584844432771206, 2450
INFO:root:  batch 600 loss: 0.04558597084134817
INFO:root:LOSS train' 0.04558597084134817, 2550
INFO:root:  batch 700 loss: 0.04391974903643131
INFO:root:LOSS train' 0.04391974903643131, 2650
INFO:root:  batch 800 loss: 0.0430308898165822
INFO:root:LOSS train' 0.0430308898165822, 2750
INFO:root:  batch 900 loss: 0.04142401546239853
INFO:root:LOSS train' 0.04142401546239853, 2850
INFO:root:Epoch: 2 - LOSS train: 0.04142401546239853 LOSS val: 0.0445544496178627 - Elapsed time: 352.50872778892517 s
INFO:root:  batch 100 loss: 0.041679028421640396
INFO:root:LOSS train' 0.041679028421640396, 3025
INFO:root:  batch 200 loss: 0.057773080095648764
INFO:root:LOSS train' 0.057773080095648764, 3125
INFO:root:  batch 300 loss: 0.0439491356536746
INFO:root:LOSS train' 0.0439491356536746, 3225
INFO:root:  batch 400 loss: 0.0402595504745841
INFO:root:LOSS train' 0.0402595504745841, 3325
INFO:root:  batch 500 loss: 0.03877201192080974
INFO:root:LOSS train' 0.03877201192080974, 3425
INFO:root:  batch 600 loss: 0.03825671996921301
INFO:root:LOSS train' 0.03825671996921301, 3525
INFO:root:  batch 700 loss: 0.03649878863245249
INFO:root:LOSS train' 0.03649878863245249, 3625
INFO:root:  batch 800 loss: 0.03745896369218826
INFO:root:LOSS train' 0.03745896369218826, 3725
INFO:root:  batch 900 loss: 0.03613274494186044
INFO:root:LOSS train' 0.03613274494186044, 3825
INFO:root:Epoch: 3 - LOSS train: 0.03613274494186044 LOSS val: 0.03749551251530647 - Elapsed time: 352.7806077003479 s
INFO:root:  batch 100 loss: 0.03561193540692329
INFO:root:LOSS train' 0.03561193540692329, 4000
INFO:root:  batch 200 loss: 0.03534073917195201
INFO:root:LOSS train' 0.03534073917195201, 4100
INFO:root:  batch 300 loss: 0.03390361379832029
INFO:root:LOSS train' 0.03390361379832029, 4200
INFO:root:  batch 400 loss: 0.03291380366310477
INFO:root:LOSS train' 0.03291380366310477, 4300
INFO:root:  batch 500 loss: 0.03533572643995285
INFO:root:LOSS train' 0.03533572643995285, 4400
INFO:root:  batch 600 loss: 0.033104993142187594
INFO:root:LOSS train' 0.033104993142187594, 4500
INFO:root:  batch 700 loss: 0.033314319942146536
INFO:root:LOSS train' 0.033314319942146536, 4600
INFO:root:  batch 800 loss: 0.03319700170308351
INFO:root:LOSS train' 0.03319700170308351, 4700
INFO:root:  batch 900 loss: 0.03141834367066622
INFO:root:LOSS train' 0.03141834367066622, 4800
INFO:root:Epoch: 4 - LOSS train: 0.03141834367066622 LOSS val: 0.03096960298717022 - Elapsed time: 353.05424666404724 s
INFO:root:  batch 100 loss: 0.030854054279625415
INFO:root:LOSS train' 0.030854054279625415, 4975
INFO:root:  batch 200 loss: 0.030619365517050027
INFO:root:LOSS train' 0.030619365517050027, 5075
INFO:root:  batch 300 loss: 0.030103531796485186
INFO:root:LOSS train' 0.030103531796485186, 5175
INFO:root:  batch 400 loss: 0.031748632658272984
INFO:root:LOSS train' 0.031748632658272984, 5275
INFO:root:  batch 500 loss: 0.03369919897988439
INFO:root:LOSS train' 0.03369919897988439, 5375
INFO:root:  batch 600 loss: 0.0294440190307796
INFO:root:LOSS train' 0.0294440190307796, 5475
INFO:root:  batch 700 loss: 0.03753776989877224
INFO:root:LOSS train' 0.03753776989877224, 5575
INFO:root:  batch 800 loss: 0.02933452969416976
INFO:root:LOSS train' 0.02933452969416976, 5675
INFO:root:  batch 900 loss: 0.028305667731910945
INFO:root:LOSS train' 0.028305667731910945, 5775
INFO:root:Epoch: 5 - LOSS train: 0.028305667731910945 LOSS val: 0.02876138873398304 - Elapsed time: 353.07295632362366 s
INFO:root:  batch 100 loss: 0.02776828730478883
INFO:root:LOSS train' 0.02776828730478883, 5950
INFO:root:  batch 200 loss: 0.05345245962962508
INFO:root:LOSS train' 0.05345245962962508, 6050
INFO:root:  batch 300 loss: 0.039436639174818995
INFO:root:LOSS train' 0.039436639174818995, 6150
INFO:root:  batch 400 loss: 0.037754049077630046
INFO:root:LOSS train' 0.037754049077630046, 6250
INFO:root:  batch 500 loss: 0.03108924224972725
INFO:root:LOSS train' 0.03108924224972725, 6350
INFO:root:  batch 600 loss: 0.02855661230161786
INFO:root:LOSS train' 0.02855661230161786, 6450
INFO:root:  batch 700 loss: 0.027453366294503213
INFO:root:LOSS train' 0.027453366294503213, 6550
INFO:root:  batch 800 loss: 0.027201473917812108
INFO:root:LOSS train' 0.027201473917812108, 6650
INFO:root:  batch 900 loss: 0.028879064805805682
INFO:root:LOSS train' 0.028879064805805682, 6750
INFO:root:Epoch: 6 - LOSS train: 0.028879064805805682 LOSS val: 0.026582052931189537 - Elapsed time: 352.44886898994446 s
INFO:root:  batch 100 loss: 0.02651079811155796
INFO:root:LOSS train' 0.02651079811155796, 6925
INFO:root:  batch 200 loss: 0.027445686645805836
INFO:root:LOSS train' 0.027445686645805836, 7025
INFO:root:  batch 300 loss: 0.0251705127581954
INFO:root:LOSS train' 0.0251705127581954, 7125
INFO:root:  batch 400 loss: 0.026480364482849836
INFO:root:LOSS train' 0.026480364482849836, 7225
INFO:root:  batch 500 loss: 0.029906508531421423
INFO:root:LOSS train' 0.029906508531421423, 7325
INFO:root:  batch 600 loss: 0.026369481049478054
INFO:root:LOSS train' 0.026369481049478054, 7425
INFO:root:  batch 700 loss: 0.02561593633145094
INFO:root:LOSS train' 0.02561593633145094, 7525
INFO:root:  batch 800 loss: 0.0246793900243938
INFO:root:LOSS train' 0.0246793900243938, 7625
INFO:root:  batch 900 loss: 0.025765638817101717
INFO:root:LOSS train' 0.025765638817101717, 7725
INFO:root:Epoch: 7 - LOSS train: 0.025765638817101717 LOSS val: 0.029994407668709755 - Elapsed time: 352.0389540195465 s
INFO:root:  batch 100 loss: 0.02594949183985591
INFO:root:LOSS train' 0.02594949183985591, 7900
INFO:root:  batch 200 loss: 0.030687018111348153
INFO:root:LOSS train' 0.030687018111348153, 8000
INFO:root:  batch 300 loss: 0.02634165480732918
INFO:root:LOSS train' 0.02634165480732918, 8100
INFO:root:  batch 400 loss: 0.024487612657248973
INFO:root:LOSS train' 0.024487612657248973, 8200
INFO:root:  batch 500 loss: 0.024324333816766738
INFO:root:LOSS train' 0.024324333816766738, 8300
INFO:root:  batch 600 loss: 0.023987961672246455
INFO:root:LOSS train' 0.023987961672246455, 8400
INFO:root:  batch 700 loss: 0.023482199292629957
INFO:root:LOSS train' 0.023482199292629957, 8500
INFO:root:  batch 800 loss: 0.023383877370506526
INFO:root:LOSS train' 0.023383877370506526, 8600
INFO:root:  batch 900 loss: 0.02321166070178151
INFO:root:LOSS train' 0.02321166070178151, 8700
INFO:root:Epoch: 8 - LOSS train: 0.02321166070178151 LOSS val: 0.022729039192199707 - Elapsed time: 352.4187202453613 s
INFO:root:  batch 100 loss: 0.027394031211733817
INFO:root:LOSS train' 0.027394031211733817, 8875
INFO:root:  batch 200 loss: 0.023280653245747088
INFO:root:LOSS train' 0.023280653245747088, 8975
INFO:root:  batch 300 loss: 0.02241750406101346
INFO:root:LOSS train' 0.02241750406101346, 9075
INFO:root:  batch 400 loss: 0.0221690115891397
INFO:root:LOSS train' 0.0221690115891397, 9175
INFO:root:  batch 500 loss: 0.026267812829464676
INFO:root:LOSS train' 0.026267812829464676, 9275
INFO:root:  batch 600 loss: 0.024143638536334038
INFO:root:LOSS train' 0.024143638536334038, 9375
INFO:root:  batch 700 loss: 0.02187051212415099
INFO:root:LOSS train' 0.02187051212415099, 9475
INFO:root:  batch 800 loss: 0.022060469519346954
INFO:root:LOSS train' 0.022060469519346954, 9575
INFO:root:  batch 900 loss: 0.02162211187183857
INFO:root:LOSS train' 0.02162211187183857, 9675
INFO:root:Epoch: 9 - LOSS train: 0.02162211187183857 LOSS val: 0.023265838623046875 - Elapsed time: 352.0669403076172 s
INFO:root:  batch 100 loss: 0.021163496915251018
INFO:root:LOSS train' 0.021163496915251018, 9850
INFO:root:  batch 200 loss: 0.027790286969393493
INFO:root:LOSS train' 0.027790286969393493, 9950
INFO:root:  batch 300 loss: 0.022304809633642435
INFO:root:LOSS train' 0.022304809633642435, 10050
INFO:root:  batch 400 loss: 0.02494330417364836
INFO:root:LOSS train' 0.02494330417364836, 10150
INFO:root:  batch 500 loss: 0.02147721253335476
INFO:root:LOSS train' 0.02147721253335476, 10250
INFO:root:  batch 600 loss: 0.021119545940309764
INFO:root:LOSS train' 0.021119545940309764, 10350
INFO:root:  batch 700 loss: 0.03832343617454171
INFO:root:LOSS train' 0.03832343617454171, 10450
INFO:root:  batch 800 loss: 0.02697296693921089
INFO:root:LOSS train' 0.02697296693921089, 10550
INFO:root:  batch 900 loss: 0.021679333429783582
INFO:root:LOSS train' 0.021679333429783582, 10650
INFO:root:Epoch: 10 - LOSS train: 0.021679333429783582 LOSS val: 0.020117538049817085 - Elapsed time: 351.78556537628174 s
INFO:root:  batch 100 loss: 0.03553321266546845
INFO:root:LOSS train' 0.03553321266546845, 10825
INFO:root:  batch 200 loss: 0.02249682314693928
INFO:root:LOSS train' 0.02249682314693928, 10925
INFO:root:  batch 300 loss: 0.022602975834161043
INFO:root:LOSS train' 0.022602975834161043, 11025
INFO:root:  batch 400 loss: 0.021387014891952275
INFO:root:LOSS train' 0.021387014891952275, 11125
INFO:root:  batch 500 loss: 0.02026464495807886
INFO:root:LOSS train' 0.02026464495807886, 11225
INFO:root:  batch 600 loss: 0.02043584009632468
INFO:root:LOSS train' 0.02043584009632468, 11325
INFO:root:  batch 700 loss: 0.01994782531633973
INFO:root:LOSS train' 0.01994782531633973, 11425
INFO:root:  batch 800 loss: 0.020132385455071927
INFO:root:LOSS train' 0.020132385455071927, 11525
INFO:root:  batch 900 loss: 0.01980359498411417
INFO:root:LOSS train' 0.01980359498411417, 11625
INFO:root:Epoch: 11 - LOSS train: 0.01980359498411417 LOSS val: 0.019447458907961845 - Elapsed time: 352.2612512111664 s
INFO:root:  batch 100 loss: 0.019316974673420192
INFO:root:LOSS train' 0.019316974673420192, 11800
INFO:root:  batch 200 loss: 0.021034103520214557
INFO:root:LOSS train' 0.021034103520214557, 11900
INFO:root:  batch 300 loss: 0.019453315008431674
INFO:root:LOSS train' 0.019453315008431674, 12000
INFO:root:  batch 400 loss: 0.01883067037910223
INFO:root:LOSS train' 0.01883067037910223, 12100
INFO:root:  batch 500 loss: 0.019318723920732736
INFO:root:LOSS train' 0.019318723920732736, 12200
INFO:root:  batch 600 loss: 0.019139603078365326
INFO:root:LOSS train' 0.019139603078365326, 12300
INFO:root:  batch 700 loss: 0.018989493120461703
INFO:root:LOSS train' 0.018989493120461703, 12400
INFO:root:  batch 800 loss: 0.04742120271548629
INFO:root:LOSS train' 0.04742120271548629, 12500
INFO:root:  batch 900 loss: 0.02572447922080755
INFO:root:LOSS train' 0.02572447922080755, 12600
INFO:root:Epoch: 12 - LOSS train: 0.02572447922080755 LOSS val: 0.022017886862158775 - Elapsed time: 352.2450087070465 s
INFO:root:  batch 100 loss: 0.0205992460437119
INFO:root:LOSS train' 0.0205992460437119, 12775
INFO:root:  batch 200 loss: 0.019894980508834124
INFO:root:LOSS train' 0.019894980508834124, 12875
INFO:root:  batch 300 loss: 0.019740868899971245
INFO:root:LOSS train' 0.019740868899971245, 12975
INFO:root:  batch 400 loss: 0.019094674568623304
INFO:root:LOSS train' 0.019094674568623304, 13075
INFO:root:  batch 500 loss: 0.018764396011829377
INFO:root:LOSS train' 0.018764396011829377, 13175
INFO:root:  batch 600 loss: 0.019021660648286344
INFO:root:LOSS train' 0.019021660648286344, 13275
INFO:root:  batch 700 loss: 0.01847917750477791
INFO:root:LOSS train' 0.01847917750477791, 13375
INFO:root:  batch 800 loss: 0.01821334144100547
INFO:root:LOSS train' 0.01821334144100547, 13475
INFO:root:  batch 900 loss: 0.018446727003902198
INFO:root:LOSS train' 0.018446727003902198, 13575
INFO:root:Epoch: 13 - LOSS train: 0.018446727003902198 LOSS val: 0.01894119568169117 - Elapsed time: 351.6645586490631 s
INFO:root:  batch 100 loss: 0.020084082810208202
INFO:root:LOSS train' 0.020084082810208202, 13750
INFO:root:  batch 200 loss: 0.021189266350120306
INFO:root:LOSS train' 0.021189266350120306, 13850
INFO:root:  batch 300 loss: 0.019000204652547835
INFO:root:LOSS train' 0.019000204652547835, 13950
INFO:root:  batch 400 loss: 0.01755444848909974
INFO:root:LOSS train' 0.01755444848909974, 14050
INFO:root:  batch 500 loss: 0.017583783427253367
INFO:root:LOSS train' 0.017583783427253367, 14150
INFO:root:  batch 600 loss: 0.02136845514178276
INFO:root:LOSS train' 0.02136845514178276, 14250
INFO:root:  batch 700 loss: 0.0184473112039268
INFO:root:LOSS train' 0.0184473112039268, 14350
INFO:root:  batch 800 loss: 0.01789034780114889
INFO:root:LOSS train' 0.01789034780114889, 14450
INFO:root:  batch 900 loss: 0.0174002680554986
INFO:root:LOSS train' 0.0174002680554986, 14550
INFO:root:Epoch: 14 - LOSS train: 0.0174002680554986 LOSS val: 0.016836723312735558 - Elapsed time: 351.70646929740906 s
INFO:root:  batch 100 loss: 0.017367580346763133
INFO:root:LOSS train' 0.017367580346763133, 14725
INFO:root:  batch 200 loss: 0.016840008180588485
INFO:root:LOSS train' 0.016840008180588485, 14825
INFO:root:  batch 300 loss: 0.017159011820331214
INFO:root:LOSS train' 0.017159011820331214, 14925
INFO:root:  batch 400 loss: 0.01697298920713365
INFO:root:LOSS train' 0.01697298920713365, 15025
INFO:root:  batch 500 loss: 0.017074179425835608
INFO:root:LOSS train' 0.017074179425835608, 15125
INFO:root:  batch 600 loss: 0.01715848163701594
INFO:root:LOSS train' 0.01715848163701594, 15225
INFO:root:  batch 700 loss: 0.016607523653656243
INFO:root:LOSS train' 0.016607523653656243, 15325
INFO:root:  batch 800 loss: 0.017915808213874698
INFO:root:LOSS train' 0.017915808213874698, 15425
INFO:root:  batch 900 loss: 0.016420273194089532
INFO:root:LOSS train' 0.016420273194089532, 15525
INFO:root:Epoch: 15 - LOSS train: 0.016420273194089532 LOSS val: 0.016753453761339188 - Elapsed time: 351.78666496276855 s
INFO:root:  batch 100 loss: 0.016246315436437727
INFO:root:LOSS train' 0.016246315436437727, 15700
INFO:root:  batch 200 loss: 0.016699747014790774
INFO:root:LOSS train' 0.016699747014790774, 15800
INFO:root:  batch 300 loss: 0.017315754545852543
INFO:root:LOSS train' 0.017315754545852543, 15900
INFO:root:  batch 400 loss: 0.01619718729518354
INFO:root:LOSS train' 0.01619718729518354, 16000
INFO:root:  batch 500 loss: 0.01615324485115707
INFO:root:LOSS train' 0.01615324485115707, 16100
INFO:root:  batch 600 loss: 0.0162947163823992
INFO:root:LOSS train' 0.0162947163823992, 16200
INFO:root:  batch 700 loss: 0.016141174687072636
INFO:root:LOSS train' 0.016141174687072636, 16300
INFO:root:  batch 800 loss: 0.030853225877508522
INFO:root:LOSS train' 0.030853225877508522, 16400
INFO:root:  batch 900 loss: 0.021220108792185784
INFO:root:LOSS train' 0.021220108792185784, 16500
INFO:root:Epoch: 16 - LOSS train: 0.021220108792185784 LOSS val: 0.017192941159009933 - Elapsed time: 351.88130497932434 s
INFO:root:  batch 100 loss: 0.01659629845060408
INFO:root:LOSS train' 0.01659629845060408, 16675
INFO:root:  batch 200 loss: 0.016202350724488498
INFO:root:LOSS train' 0.016202350724488498, 16775
INFO:root:  batch 300 loss: 0.016094201700761913
INFO:root:LOSS train' 0.016094201700761913, 16875
INFO:root:  batch 400 loss: 0.01600732426159084
INFO:root:LOSS train' 0.01600732426159084, 16975
INFO:root:  batch 500 loss: 0.016155060278251768
INFO:root:LOSS train' 0.016155060278251768, 17075
INFO:root:  batch 600 loss: 0.017607901180163026
INFO:root:LOSS train' 0.017607901180163026, 17175
INFO:root:  batch 700 loss: 0.0250310224853456
INFO:root:LOSS train' 0.0250310224853456, 17275
INFO:root:  batch 800 loss: 0.016626183772459627
INFO:root:LOSS train' 0.016626183772459627, 17375
INFO:root:  batch 900 loss: 0.016080425586551428
INFO:root:LOSS train' 0.016080425586551428, 17475
INFO:root:Epoch: 17 - LOSS train: 0.016080425586551428 LOSS val: 0.015499113127589226 - Elapsed time: 352.13670229911804 s
INFO:root:  batch 100 loss: 0.017354488763958217
INFO:root:LOSS train' 0.017354488763958217, 17650
INFO:root:  batch 200 loss: 0.016633448414504527
INFO:root:LOSS train' 0.016633448414504527, 17750
INFO:root:  batch 300 loss: 0.015603503631427883
INFO:root:LOSS train' 0.015603503631427883, 17850
INFO:root:  batch 400 loss: 0.015086438674479723
INFO:root:LOSS train' 0.015086438674479723, 17950
INFO:root:  batch 500 loss: 0.015545841827988625
INFO:root:LOSS train' 0.015545841827988625, 18050
INFO:root:  batch 600 loss: 0.015480336416512728
INFO:root:LOSS train' 0.015480336416512728, 18150
INFO:root:  batch 700 loss: 0.01520997755229473
INFO:root:LOSS train' 0.01520997755229473, 18250
INFO:root:  batch 800 loss: 0.014821984963491559
INFO:root:LOSS train' 0.014821984963491559, 18350
INFO:root:  batch 900 loss: 0.015188557980582117
INFO:root:LOSS train' 0.015188557980582117, 18450
INFO:root:Epoch: 18 - LOSS train: 0.015188557980582117 LOSS val: 0.015364911407232285 - Elapsed time: 352.1926546096802 s
INFO:root:  batch 100 loss: 0.014784235535189509
INFO:root:LOSS train' 0.014784235535189509, 18625
INFO:root:  batch 200 loss: 0.014833014979958535
INFO:root:LOSS train' 0.014833014979958535, 18725
INFO:root:  batch 300 loss: 0.01669922785833478
INFO:root:LOSS train' 0.01669922785833478, 18825
INFO:root:  batch 400 loss: 0.02327307989820838
INFO:root:LOSS train' 0.02327307989820838, 18925
INFO:root:  batch 500 loss: 0.015592850781977176
INFO:root:LOSS train' 0.015592850781977176, 19025
INFO:root:  batch 600 loss: 0.01533097236417234
INFO:root:LOSS train' 0.01533097236417234, 19125
INFO:root:  batch 700 loss: 0.01473340674303472
INFO:root:LOSS train' 0.01473340674303472, 19225
INFO:root:  batch 800 loss: 0.014775080839172006
INFO:root:LOSS train' 0.014775080839172006, 19325
INFO:root:  batch 900 loss: 0.014910215586423874
INFO:root:LOSS train' 0.014910215586423874, 19425
INFO:root:Epoch: 19 - LOSS train: 0.014910215586423874 LOSS val: 0.014462451450526714 - Elapsed time: 351.21253538131714 s
INFO:root:  batch 100 loss: 0.01466141540557146
INFO:root:LOSS train' 0.01466141540557146, 19600
INFO:root:  batch 200 loss: 0.014720010664314031
INFO:root:LOSS train' 0.014720010664314031, 19700
INFO:root:  batch 300 loss: 0.014353275699540972
INFO:root:LOSS train' 0.014353275699540972, 19800
INFO:root:  batch 400 loss: 0.014589560814201832
INFO:root:LOSS train' 0.014589560814201832, 19900
INFO:root:  batch 500 loss: 0.014681337177753448
INFO:root:LOSS train' 0.014681337177753448, 20000
INFO:root:  batch 600 loss: 0.014608701216056943
INFO:root:LOSS train' 0.014608701216056943, 20100
INFO:root:  batch 700 loss: 0.014491061829030514
INFO:root:LOSS train' 0.014491061829030514, 20200
INFO:root:  batch 800 loss: 0.021838735761120914
INFO:root:LOSS train' 0.021838735761120914, 20300
INFO:root:  batch 900 loss: 0.02117552440613508
INFO:root:LOSS train' 0.02117552440613508, 20400
INFO:root:Epoch: 20 - LOSS train: 0.02117552440613508 LOSS val: 0.01638595201075077 - Elapsed time: 351.78209590911865 s
INFO:root:  batch 100 loss: 0.014982686834409833
INFO:root:LOSS train' 0.014982686834409833, 20575
INFO:root:  batch 200 loss: 0.014575304025784134
INFO:root:LOSS train' 0.014575304025784134, 20675
INFO:root:  batch 300 loss: 0.01441122013144195
INFO:root:LOSS train' 0.01441122013144195, 20775
INFO:root:  batch 400 loss: 0.01460738042369485
INFO:root:LOSS train' 0.01460738042369485, 20875
INFO:root:  batch 500 loss: 0.014044159464538098
INFO:root:LOSS train' 0.014044159464538098, 20975
INFO:root:  batch 600 loss: 0.014598717857152223
INFO:root:LOSS train' 0.014598717857152223, 21075
INFO:root:  batch 700 loss: 0.014147395882755518
INFO:root:LOSS train' 0.014147395882755518, 21175
INFO:root:  batch 800 loss: 0.014688488515093922
INFO:root:LOSS train' 0.014688488515093922, 21275
INFO:root:  batch 900 loss: 0.014175369348376989
INFO:root:LOSS train' 0.014175369348376989, 21375
INFO:root:Epoch: 21 - LOSS train: 0.014175369348376989 LOSS val: 0.013879050500690937 - Elapsed time: 352.04094314575195 s
INFO:root:  batch 100 loss: 0.01385806861333549
INFO:root:LOSS train' 0.01385806861333549, 21550
INFO:root:  batch 200 loss: 0.013812057608738541
INFO:root:LOSS train' 0.013812057608738541, 21650
INFO:root:  batch 300 loss: 0.014230231968685985
INFO:root:LOSS train' 0.014230231968685985, 21750
INFO:root:  batch 400 loss: 0.013765361569821834
INFO:root:LOSS train' 0.013765361569821834, 21850
INFO:root:  batch 500 loss: 0.013999741664156318
INFO:root:LOSS train' 0.013999741664156318, 21950
INFO:root:  batch 600 loss: 0.014830455807968974
INFO:root:LOSS train' 0.014830455807968974, 22050
INFO:root:  batch 700 loss: 0.01376720161177218
INFO:root:LOSS train' 0.01376720161177218, 22150
INFO:root:  batch 800 loss: 0.01402213452383876
INFO:root:LOSS train' 0.01402213452383876, 22250
INFO:root:  batch 900 loss: 0.013777111368253827
INFO:root:LOSS train' 0.013777111368253827, 22350
INFO:root:Epoch: 22 - LOSS train: 0.013777111368253827 LOSS val: 0.014583331532776356 - Elapsed time: 351.64155435562134 s
INFO:root:  batch 100 loss: 0.013738140305504203
INFO:root:LOSS train' 0.013738140305504203, 22525
INFO:root:  batch 200 loss: 0.013107603257521987
INFO:root:LOSS train' 0.013107603257521987, 22625
INFO:root:  batch 300 loss: 0.014167771711945533
INFO:root:LOSS train' 0.014167771711945533, 22725
INFO:root:  batch 400 loss: 0.013569017257541418
INFO:root:LOSS train' 0.013569017257541418, 22825
INFO:root:  batch 500 loss: 0.01334554866887629
INFO:root:LOSS train' 0.01334554866887629, 22925
INFO:root:  batch 600 loss: 0.01369304365478456
INFO:root:LOSS train' 0.01369304365478456, 23025
INFO:root:  batch 700 loss: 0.013430323554202914
INFO:root:LOSS train' 0.013430323554202914, 23125
INFO:root:  batch 800 loss: 0.013420788394287229
INFO:root:LOSS train' 0.013420788394287229, 23225
INFO:root:  batch 900 loss: 0.013158964654430748
INFO:root:LOSS train' 0.013158964654430748, 23325
INFO:root:Epoch: 23 - LOSS train: 0.013158964654430748 LOSS val: 0.01309992652386427 - Elapsed time: 351.59268403053284 s
INFO:root:  batch 100 loss: 0.01438112411648035
INFO:root:LOSS train' 0.01438112411648035, 23500
INFO:root:  batch 200 loss: 0.013304782463237644
INFO:root:LOSS train' 0.013304782463237644, 23600
INFO:root:  batch 300 loss: 0.013224847186356782
INFO:root:LOSS train' 0.013224847186356782, 23700
INFO:root:  batch 400 loss: 0.01350879305973649
INFO:root:LOSS train' 0.01350879305973649, 23800
INFO:root:  batch 500 loss: 0.013161362428218127
INFO:root:LOSS train' 0.013161362428218127, 23900
INFO:root:  batch 600 loss: 0.01305120239034295
INFO:root:LOSS train' 0.01305120239034295, 24000
INFO:root:  batch 700 loss: 0.013177395369857549
INFO:root:LOSS train' 0.013177395369857549, 24100
INFO:root:  batch 800 loss: 0.013974635927006603
INFO:root:LOSS train' 0.013974635927006603, 24200
INFO:root:  batch 900 loss: 0.013166743349283933
INFO:root:LOSS train' 0.013166743349283933, 24300
INFO:root:Epoch: 24 - LOSS train: 0.013166743349283933 LOSS val: 0.0135042704641819 - Elapsed time: 352.184602022171 s
INFO:root:  batch 100 loss: 0.013367584822699428
INFO:root:LOSS train' 0.013367584822699428, 24475
INFO:root:  batch 200 loss: 0.014771054219454526
INFO:root:LOSS train' 0.014771054219454526, 24575
INFO:root:  batch 300 loss: 0.013679839307442307
INFO:root:LOSS train' 0.013679839307442307, 24675
INFO:root:  batch 400 loss: 0.013042113715782762
INFO:root:LOSS train' 0.013042113715782762, 24775
INFO:root:  batch 500 loss: 0.012826383598148822
INFO:root:LOSS train' 0.012826383598148822, 24875
INFO:root:  batch 600 loss: 0.02779528078623116
INFO:root:LOSS train' 0.02779528078623116, 24975
INFO:root:  batch 700 loss: 0.021912143183872104
INFO:root:LOSS train' 0.021912143183872104, 25075
INFO:root:  batch 800 loss: 0.015457047335803508
INFO:root:LOSS train' 0.015457047335803508, 25175
INFO:root:  batch 900 loss: 0.014160432908684016
INFO:root:LOSS train' 0.014160432908684016, 25275
INFO:root:Epoch: 25 - LOSS train: 0.014160432908684016 LOSS val: 0.013534744270145893 - Elapsed time: 351.6123242378235 s
INFO:root:  batch 100 loss: 0.013482554955407977
INFO:root:LOSS train' 0.013482554955407977, 25450
INFO:root:  batch 200 loss: 0.014804087327793241
INFO:root:LOSS train' 0.014804087327793241, 25550
INFO:root:  batch 300 loss: 0.017736877026036383
INFO:root:LOSS train' 0.017736877026036383, 25650
INFO:root:  batch 400 loss: 0.01425716263242066
INFO:root:LOSS train' 0.01425716263242066, 25750
INFO:root:  batch 500 loss: 0.013233769573271275
INFO:root:LOSS train' 0.013233769573271275, 25850
INFO:root:  batch 600 loss: 0.013263808414340019
INFO:root:LOSS train' 0.013263808414340019, 25950
INFO:root:  batch 700 loss: 0.013290538471192121
INFO:root:LOSS train' 0.013290538471192121, 26050
INFO:root:  batch 800 loss: 0.013077343022450805
INFO:root:LOSS train' 0.013077343022450805, 26150
INFO:root:  batch 900 loss: 0.012798091433942317
INFO:root:LOSS train' 0.012798091433942317, 26250
INFO:root:Epoch: 26 - LOSS train: 0.012798091433942317 LOSS val: 0.012502471916377544 - Elapsed time: 351.40916562080383 s
INFO:root:  batch 100 loss: 0.012627026978880167
INFO:root:LOSS train' 0.012627026978880167, 26425
INFO:root:  batch 200 loss: 0.012548122368752957
INFO:root:LOSS train' 0.012548122368752957, 26525
INFO:root:  batch 300 loss: 0.012909299433231354
INFO:root:LOSS train' 0.012909299433231354, 26625
INFO:root:  batch 400 loss: 0.012191178714856506
INFO:root:LOSS train' 0.012191178714856506, 26725
INFO:root:  batch 500 loss: 0.012617296874523162
INFO:root:LOSS train' 0.012617296874523162, 26825
INFO:root:  batch 600 loss: 0.01261736985296011
INFO:root:LOSS train' 0.01261736985296011, 26925
INFO:root:  batch 700 loss: 0.012241085469722747
INFO:root:LOSS train' 0.012241085469722747, 27025
INFO:root:  batch 800 loss: 0.012524668667465448
INFO:root:LOSS train' 0.012524668667465448, 27125
INFO:root:  batch 900 loss: 0.012726882537826896
INFO:root:LOSS train' 0.012726882537826896, 27225
INFO:root:Epoch: 27 - LOSS train: 0.012726882537826896 LOSS val: 0.012422596104443073 - Elapsed time: 352.0700194835663 s
INFO:root:  batch 100 loss: 0.012325745970010758
INFO:root:LOSS train' 0.012325745970010758, 27400
INFO:root:  batch 200 loss: 0.012441806104034185
INFO:root:LOSS train' 0.012441806104034185, 27500
INFO:root:  batch 300 loss: 0.012332209842279554
INFO:root:LOSS train' 0.012332209842279554, 27600
INFO:root:  batch 400 loss: 0.0123613175842911
INFO:root:LOSS train' 0.0123613175842911, 27700
INFO:root:  batch 500 loss: 0.012196147507056594
INFO:root:LOSS train' 0.012196147507056594, 27800
INFO:root:  batch 600 loss: 0.012158338148146867
INFO:root:LOSS train' 0.012158338148146867, 27900
INFO:root:  batch 700 loss: 0.012634855750948191
INFO:root:LOSS train' 0.012634855750948191, 28000
INFO:root:  batch 800 loss: 0.012039462476968766
INFO:root:LOSS train' 0.012039462476968766, 28100
INFO:root:  batch 900 loss: 0.012050906103104353
INFO:root:LOSS train' 0.012050906103104353, 28200
INFO:root:Epoch: 28 - LOSS train: 0.012050906103104353 LOSS val: 0.012516956776380539 - Elapsed time: 352.17112588882446 s
INFO:root:  batch 100 loss: 0.011881769206374883
INFO:root:LOSS train' 0.011881769206374883, 28375
INFO:root:  batch 200 loss: 0.012345252316445112
INFO:root:LOSS train' 0.012345252316445112, 28475
INFO:root:  batch 300 loss: 0.011973321503028274
INFO:root:LOSS train' 0.011973321503028274, 28575
INFO:root:  batch 400 loss: 0.012246054792776705
INFO:root:LOSS train' 0.012246054792776705, 28675
INFO:root:  batch 500 loss: 0.012184936190024018
INFO:root:LOSS train' 0.012184936190024018, 28775
INFO:root:  batch 600 loss: 0.012024517273530363
INFO:root:LOSS train' 0.012024517273530363, 28875
INFO:root:  batch 700 loss: 0.025230002794414758
INFO:root:LOSS train' 0.025230002794414758, 28975
INFO:root:  batch 800 loss: 0.014934175992384552
INFO:root:LOSS train' 0.014934175992384552, 29075
INFO:root:  batch 900 loss: 0.013504769997671246
INFO:root:LOSS train' 0.013504769997671246, 29175
INFO:root:Epoch: 29 - LOSS train: 0.013504769997671246 LOSS val: 0.012763205915689468 - Elapsed time: 351.47104382514954 s
INFO:root:  batch 100 loss: 0.012527229757979512
INFO:root:LOSS train' 0.012527229757979512, 29350
INFO:root:  batch 200 loss: 0.012390461154282092
INFO:root:LOSS train' 0.012390461154282092, 29450
INFO:root:  batch 300 loss: 0.01215335238724947
INFO:root:LOSS train' 0.01215335238724947, 29550
INFO:root:  batch 400 loss: 0.012144848350435495
INFO:root:LOSS train' 0.012144848350435495, 29650
INFO:root:  batch 500 loss: 0.011915707308799029
INFO:root:LOSS train' 0.011915707308799029, 29750
INFO:root:  batch 600 loss: 0.012284720707684755
INFO:root:LOSS train' 0.012284720707684755, 29850
INFO:root:  batch 700 loss: 0.011837850362062453
INFO:root:LOSS train' 0.011837850362062453, 29950
INFO:root:  batch 800 loss: 0.011763539826497436
INFO:root:LOSS train' 0.011763539826497436, 30050
INFO:root:  batch 900 loss: 0.01205905731767416
INFO:root:LOSS train' 0.01205905731767416, 30150
INFO:root:Epoch: 30 - LOSS train: 0.01205905731767416 LOSS val: 0.011515902355313301 - Elapsed time: 351.69770526885986 s
INFO:root:  batch 100 loss: 0.011725708283483982
INFO:root:LOSS train' 0.011725708283483982, 30325
INFO:root:  batch 200 loss: 0.011849756790325046
INFO:root:LOSS train' 0.011849756790325046, 30425
INFO:root:  batch 300 loss: 0.011689851498231292
INFO:root:LOSS train' 0.011689851498231292, 30525
INFO:root:  batch 400 loss: 0.011526169832795858
INFO:root:LOSS train' 0.011526169832795858, 30625
INFO:root:  batch 500 loss: 0.011679767249152064
INFO:root:LOSS train' 0.011679767249152064, 30725
INFO:root:  batch 600 loss: 0.021449373094365
INFO:root:LOSS train' 0.021449373094365, 30825
INFO:root:  batch 700 loss: 0.016137389959767462
INFO:root:LOSS train' 0.016137389959767462, 30925
INFO:root:  batch 800 loss: 0.013904916858300566
INFO:root:LOSS train' 0.013904916858300566, 31025
INFO:root:  batch 900 loss: 0.013135454542934894
INFO:root:LOSS train' 0.013135454542934894, 31125
INFO:root:Epoch: 31 - LOSS train: 0.013135454542934894 LOSS val: 0.012664774432778358 - Elapsed time: 351.95510172843933 s
INFO:root:  batch 100 loss: 0.012769428305327893
INFO:root:LOSS train' 0.012769428305327893, 31300
INFO:root:  batch 200 loss: 0.012309169378131628
INFO:root:LOSS train' 0.012309169378131628, 31400
INFO:root:  batch 300 loss: 0.012063901424407959
INFO:root:LOSS train' 0.012063901424407959, 31500
INFO:root:  batch 400 loss: 0.011935964254662394
INFO:root:LOSS train' 0.011935964254662394, 31600
INFO:root:  batch 500 loss: 0.012000563414767384
INFO:root:LOSS train' 0.012000563414767384, 31700
INFO:root:  batch 600 loss: 0.012020459668710827
INFO:root:LOSS train' 0.012020459668710827, 31800
INFO:root:  batch 700 loss: 0.011993392677977681
INFO:root:LOSS train' 0.011993392677977681, 31900
INFO:root:  batch 800 loss: 0.011981965750455856
INFO:root:LOSS train' 0.011981965750455856, 32000
INFO:root:  batch 900 loss: 0.011644478375092148
INFO:root:LOSS train' 0.011644478375092148, 32100
INFO:root:Epoch: 32 - LOSS train: 0.011644478375092148 LOSS val: 0.011505910195410252 - Elapsed time: 351.5740385055542 s
INFO:root:  batch 100 loss: 0.011558805657550693
INFO:root:LOSS train' 0.011558805657550693, 32275
INFO:root:  batch 200 loss: 0.011997017599642277
INFO:root:LOSS train' 0.011997017599642277, 32375
INFO:root:  batch 300 loss: 0.01156380271539092
INFO:root:LOSS train' 0.01156380271539092, 32475
INFO:root:  batch 400 loss: 0.011415954548865556
INFO:root:LOSS train' 0.011415954548865556, 32575
INFO:root:  batch 500 loss: 0.011704911161214113
INFO:root:LOSS train' 0.011704911161214113, 32675
INFO:root:  batch 600 loss: 0.011249659657478333
INFO:root:LOSS train' 0.011249659657478333, 32775
INFO:root:  batch 700 loss: 0.011481361761689186
INFO:root:LOSS train' 0.011481361761689186, 32875
INFO:root:  batch 800 loss: 0.011334806438535452
INFO:root:LOSS train' 0.011334806438535452, 32975
INFO:root:  batch 900 loss: 0.01109884242527187
INFO:root:LOSS train' 0.01109884242527187, 33075
INFO:root:Epoch: 33 - LOSS train: 0.01109884242527187 LOSS val: 0.01159122958779335 - Elapsed time: 352.0466284751892 s
INFO:root:  batch 100 loss: 0.02475116206333041
INFO:root:LOSS train' 0.02475116206333041, 33250
INFO:root:  batch 200 loss: 0.01574608967639506
INFO:root:LOSS train' 0.01574608967639506, 33350
INFO:root:  batch 300 loss: 0.013184059849008918
INFO:root:LOSS train' 0.013184059849008918, 33450
INFO:root:  batch 400 loss: 0.012716333363205195
INFO:root:LOSS train' 0.012716333363205195, 33550
INFO:root:  batch 500 loss: 0.012101533142849803
INFO:root:LOSS train' 0.012101533142849803, 33650
INFO:root:  batch 600 loss: 0.011988226454705
INFO:root:LOSS train' 0.011988226454705, 33750
INFO:root:  batch 700 loss: 0.011922784941270947
INFO:root:LOSS train' 0.011922784941270947, 33850
INFO:root:  batch 800 loss: 0.01160576674155891
INFO:root:LOSS train' 0.01160576674155891, 33950
INFO:root:  batch 900 loss: 0.011838009878993035
INFO:root:LOSS train' 0.011838009878993035, 34050
INFO:root:Epoch: 34 - LOSS train: 0.011838009878993035 LOSS val: 0.011482876725494862 - Elapsed time: 352.04851603507996 s
INFO:root:  batch 100 loss: 0.011559048555791379
INFO:root:LOSS train' 0.011559048555791379, 34225
INFO:root:  batch 200 loss: 0.011482300329953432
INFO:root:LOSS train' 0.011482300329953432, 34325
INFO:root:  batch 300 loss: 0.01126965525560081
INFO:root:LOSS train' 0.01126965525560081, 34425
INFO:root:  batch 400 loss: 0.011218467867001891
INFO:root:LOSS train' 0.011218467867001891, 34525
INFO:root:  batch 500 loss: 0.011123633608222008
INFO:root:LOSS train' 0.011123633608222008, 34625
INFO:root:  batch 600 loss: 0.01125299242325127
INFO:root:LOSS train' 0.01125299242325127, 34725
INFO:root:  batch 700 loss: 0.011187980910763144
INFO:root:LOSS train' 0.011187980910763144, 34825
INFO:root:  batch 800 loss: 0.011173459086567163
INFO:root:LOSS train' 0.011173459086567163, 34925
INFO:root:  batch 900 loss: 0.011161645036190748
INFO:root:LOSS train' 0.011161645036190748, 35025
INFO:root:Epoch: 35 - LOSS train: 0.011161645036190748 LOSS val: 0.011070816777646542 - Elapsed time: 352.09022784233093 s
INFO:root:  batch 100 loss: 0.010995863350108265
INFO:root:LOSS train' 0.010995863350108265, 35200
INFO:root:  batch 200 loss: 0.01108789618127048
INFO:root:LOSS train' 0.01108789618127048, 35300
INFO:root:  batch 300 loss: 0.010951073048636318
INFO:root:LOSS train' 0.010951073048636318, 35400
INFO:root:  batch 400 loss: 0.011082304250448942
INFO:root:LOSS train' 0.011082304250448942, 35500
INFO:root:  batch 500 loss: 0.011007427629083395
INFO:root:LOSS train' 0.011007427629083395, 35600
INFO:root:  batch 600 loss: 0.010799183566123248
INFO:root:LOSS train' 0.010799183566123248, 35700
INFO:root:  batch 700 loss: 0.011104506449773907
INFO:root:LOSS train' 0.011104506449773907, 35800
INFO:root:  batch 800 loss: 0.011190976435318589
INFO:root:LOSS train' 0.011190976435318589, 35900
INFO:root:  batch 900 loss: 0.010980124659836292
INFO:root:LOSS train' 0.010980124659836292, 36000
INFO:root:Epoch: 36 - LOSS train: 0.010980124659836292 LOSS val: 0.011000970378518105 - Elapsed time: 351.42640137672424 s
INFO:root:  batch 100 loss: 0.010779140135273337
INFO:root:LOSS train' 0.010779140135273337, 36175
INFO:root:  batch 200 loss: 0.011290441993623971
INFO:root:LOSS train' 0.011290441993623971, 36275
INFO:root:  batch 300 loss: 0.010999654103070498
INFO:root:LOSS train' 0.010999654103070498, 36375
INFO:root:  batch 400 loss: 0.010798756470903755
INFO:root:LOSS train' 0.010798756470903755, 36475
INFO:root:  batch 500 loss: 0.010830075833946467
INFO:root:LOSS train' 0.010830075833946467, 36575
INFO:root:  batch 600 loss: 0.010661156568676233
INFO:root:LOSS train' 0.010661156568676233, 36675
INFO:root:  batch 700 loss: 0.010814197324216367
INFO:root:LOSS train' 0.010814197324216367, 36775
INFO:root:  batch 800 loss: 0.010966235268861056
INFO:root:LOSS train' 0.010966235268861056, 36875
INFO:root:  batch 900 loss: 0.010855816546827554
INFO:root:LOSS train' 0.010855816546827554, 36975
INFO:root:Epoch: 37 - LOSS train: 0.010855816546827554 LOSS val: 0.03353571891784668 - Elapsed time: 351.92806696891785 s
INFO:root:  batch 100 loss: 0.018758191280066967
INFO:root:LOSS train' 0.018758191280066967, 37150
INFO:root:  batch 200 loss: 0.013383534532040357
INFO:root:LOSS train' 0.013383534532040357, 37250
INFO:root:  batch 300 loss: 0.012331025376915931
INFO:root:LOSS train' 0.012331025376915931, 37350
INFO:root:  batch 400 loss: 0.012149116611108185
INFO:root:LOSS train' 0.012149116611108185, 37450
INFO:root:  batch 500 loss: 0.01133817495778203
INFO:root:LOSS train' 0.01133817495778203, 37550
INFO:root:  batch 600 loss: 0.01129968449473381
INFO:root:LOSS train' 0.01129968449473381, 37650
INFO:root:  batch 700 loss: 0.011213899739086628
INFO:root:LOSS train' 0.011213899739086628, 37750
INFO:root:  batch 800 loss: 0.019308059085160492
INFO:root:LOSS train' 0.019308059085160492, 37850
INFO:root:  batch 900 loss: 0.013746255608275533
INFO:root:LOSS train' 0.013746255608275533, 37950
INFO:root:Epoch: 38 - LOSS train: 0.013746255608275533 LOSS val: 0.012088910676538944 - Elapsed time: 351.81415367126465 s
INFO:root:  batch 100 loss: 0.012002451214939355
INFO:root:LOSS train' 0.012002451214939355, 38125
INFO:root:  batch 200 loss: 0.011613246137276292
INFO:root:LOSS train' 0.011613246137276292, 38225
INFO:root:  batch 300 loss: 0.011480755181983113
INFO:root:LOSS train' 0.011480755181983113, 38325
INFO:root:  batch 400 loss: 0.011119285812601448
INFO:root:LOSS train' 0.011119285812601448, 38425
INFO:root:  batch 500 loss: 0.011091669043526053
INFO:root:LOSS train' 0.011091669043526053, 38525
INFO:root:  batch 600 loss: 0.010820545544847847
INFO:root:LOSS train' 0.010820545544847847, 38625
INFO:root:  batch 700 loss: 0.010794273307546974
INFO:root:LOSS train' 0.010794273307546974, 38725
INFO:root:  batch 800 loss: 0.01092060936614871
INFO:root:LOSS train' 0.01092060936614871, 38825
INFO:root:  batch 900 loss: 0.011032219966873527
INFO:root:LOSS train' 0.011032219966873527, 38925
INFO:root:Epoch: 39 - LOSS train: 0.011032219966873527 LOSS val: 0.011374465189874172 - Elapsed time: 352.3907358646393 s
INFO:root:*************
INFO:root:             
INFO:root:Starting to test....
INFO:root:             
INFO:root:OneStep loss: 0.011110248975455761
INFO:root:Scalar loss: 0.015064582228660583
INFO:root:Vector loss: 0.009133083745837212
INFO:root:             
INFO:root:Done.
