INFO:root:*************
INFO:root:             
INFO:root:model chosen: CR
INFO:root:multivector activation function?: 3
INFO:root:training trajectories: 10400
INFO:root:training epochs: 200
INFO:root:training batchsize: 16
INFO:root:learning rate: 0.0001
INFO:root:seed: 28996
INFO:root:patience: 15
INFO:root:training dataset path: datasets/trainingdataviscous/
INFO:root:test dataset path: datasets/testdataviscous/
INFO:root:             
INFO:root:*************
INFO:root:Using device: cuda
INFO:root:[[[1.6940998  1.5566934  1.3046039  1.0440726 ]
  [1.6066581  1.3995012  1.342347   1.233624  ]
  [1.4666691  1.3354036  1.3883016  1.2737162 ]
  [1.4122795  1.3854291  1.4587754  1.339578  ]]

 [[1.6459564  1.3450366  1.0299298  0.77708894]
  [1.6489182  1.5250436  1.3721011  1.2203181 ]
  [1.4844782  1.3996952  1.3643513  1.3251002 ]
  [1.3969231  1.3963239  1.4048748  1.4067723 ]]]
INFO:root:****
INFO:root:[[[1.6940998  1.5566934  1.3046039  1.0440726 ]
  [1.6066581  1.3995012  1.342347   1.233624  ]
  [1.4666691  1.3354036  1.3883016  1.2737162 ]
  [1.4122795  1.3854291  1.4587754  1.339578  ]]

 [[1.6459564  1.3450366  1.0299298  0.77708894]
  [1.6489182  1.5250436  1.3721011  1.2203181 ]
  [1.4844782  1.3996952  1.3643513  1.3251002 ]
  [1.3969231  1.3963239  1.4048748  1.4067723 ]]]
INFO:root:Train input shape: torch.Size([10400, 2, 128, 128, 3])
INFO:root:Train labels shape: torch.Size([10400, 1, 128, 128, 3])
INFO:root:                   
INFO:root:Val input shape: torch.Size([4680, 2, 128, 128, 3])
INFO:root:Val labels shape: torch.Size([4680, 1, 128, 128, 3])
INFO:root:*************
INFO:root:             
INFO:root:Starting to train....
INFO:root:  batch 100 loss: 0.2210787910223007
INFO:root:LOSS train' 0.2210787910223007, 100
INFO:root:  batch 200 loss: 0.14987629279494286
INFO:root:LOSS train' 0.14987629279494286, 200
INFO:root:  batch 300 loss: 0.13064234338700773
INFO:root:LOSS train' 0.13064234338700773, 300
INFO:root:  batch 400 loss: 0.11551241785287857
INFO:root:LOSS train' 0.11551241785287857, 400
INFO:root:  batch 500 loss: 0.10638343088328839
INFO:root:LOSS train' 0.10638343088328839, 500
INFO:root:  batch 600 loss: 0.09618245773017406
INFO:root:LOSS train' 0.09618245773017406, 600
INFO:root:Epoch: 0 - LOSS train: 0.09618245773017406 LOSS val: 0.09722539782524109 - Elapsed time: 254.58496522903442 s
INFO:root:  batch 100 loss: 0.09178213030099869
INFO:root:LOSS train' 0.09178213030099869, 750
INFO:root:  batch 200 loss: 0.08310731664299965
INFO:root:LOSS train' 0.08310731664299965, 850
INFO:root:  batch 300 loss: 0.07677734978497028
INFO:root:LOSS train' 0.07677734978497028, 950
INFO:root:  batch 400 loss: 0.08707059025764466
INFO:root:LOSS train' 0.08707059025764466, 1050
INFO:root:  batch 500 loss: 0.07092225249856711
INFO:root:LOSS train' 0.07092225249856711, 1150
INFO:root:  batch 600 loss: 0.06959727805107832
INFO:root:LOSS train' 0.06959727805107832, 1250
INFO:root:Epoch: 1 - LOSS train: 0.06959727805107832 LOSS val: 0.06320776045322418 - Elapsed time: 253.50600934028625 s
INFO:root:  batch 100 loss: 0.06296805948019028
INFO:root:LOSS train' 0.06296805948019028, 1400
INFO:root:  batch 200 loss: 0.06076153095811605
INFO:root:LOSS train' 0.06076153095811605, 1500
INFO:root:  batch 300 loss: 0.05805295221507549
INFO:root:LOSS train' 0.05805295221507549, 1600
INFO:root:  batch 400 loss: 0.0597799614071846
INFO:root:LOSS train' 0.0597799614071846, 1700
INFO:root:  batch 500 loss: 0.05464409481734037
INFO:root:LOSS train' 0.05464409481734037, 1800
INFO:root:  batch 600 loss: 0.05363918762654066
INFO:root:LOSS train' 0.05363918762654066, 1900
INFO:root:Epoch: 2 - LOSS train: 0.05363918762654066 LOSS val: 0.05010625347495079 - Elapsed time: 253.5141773223877 s
INFO:root:  batch 100 loss: 0.050778063200414184
INFO:root:LOSS train' 0.050778063200414184, 2050
INFO:root:  batch 200 loss: 0.05014769125729799
INFO:root:LOSS train' 0.05014769125729799, 2150
INFO:root:  batch 300 loss: 0.04763572786003351
INFO:root:LOSS train' 0.04763572786003351, 2250
INFO:root:  batch 400 loss: 0.047318966165184974
INFO:root:LOSS train' 0.047318966165184974, 2350
INFO:root:  batch 500 loss: 0.04748556852340698
INFO:root:LOSS train' 0.04748556852340698, 2450
INFO:root:  batch 600 loss: 0.04631910901516676
INFO:root:LOSS train' 0.04631910901516676, 2550
INFO:root:Epoch: 3 - LOSS train: 0.04631910901516676 LOSS val: 0.04251520335674286 - Elapsed time: 253.896803855896 s
INFO:root:  batch 100 loss: 0.04799857318401337
INFO:root:LOSS train' 0.04799857318401337, 2700
INFO:root:  batch 200 loss: 0.046054649949073795
INFO:root:LOSS train' 0.046054649949073795, 2800
INFO:root:  batch 300 loss: 0.041789536774158476
INFO:root:LOSS train' 0.041789536774158476, 2900
INFO:root:  batch 400 loss: 0.04003340099006891
INFO:root:LOSS train' 0.04003340099006891, 3000
INFO:root:  batch 500 loss: 0.04001057744026184
INFO:root:LOSS train' 0.04001057744026184, 3100
INFO:root:  batch 600 loss: 0.04057092804461718
INFO:root:LOSS train' 0.04057092804461718, 3200
INFO:root:Epoch: 4 - LOSS train: 0.04057092804461718 LOSS val: 0.0370352640748024 - Elapsed time: 253.88587403297424 s
INFO:root:  batch 100 loss: 0.03891302432864904
INFO:root:LOSS train' 0.03891302432864904, 3350
INFO:root:  batch 200 loss: 0.038806435354053974
INFO:root:LOSS train' 0.038806435354053974, 3450
INFO:root:  batch 300 loss: 0.036463433727622035
INFO:root:LOSS train' 0.036463433727622035, 3550
INFO:root:  batch 400 loss: 0.03646088141947985
INFO:root:LOSS train' 0.03646088141947985, 3650
INFO:root:  batch 500 loss: 0.03723442908376455
INFO:root:LOSS train' 0.03723442908376455, 3750
INFO:root:  batch 600 loss: 0.03498995313420892
INFO:root:LOSS train' 0.03498995313420892, 3850
INFO:root:Epoch: 5 - LOSS train: 0.03498995313420892 LOSS val: 0.03469055891036987 - Elapsed time: 253.27188777923584 s
INFO:root:  batch 100 loss: 0.05031738003715873
INFO:root:LOSS train' 0.05031738003715873, 4000
INFO:root:  batch 200 loss: 0.04109031938016414
INFO:root:LOSS train' 0.04109031938016414, 4100
INFO:root:  batch 300 loss: 0.035251808781176806
INFO:root:LOSS train' 0.035251808781176806, 4200
INFO:root:  batch 400 loss: 0.03411439193412662
INFO:root:LOSS train' 0.03411439193412662, 4300
INFO:root:  batch 500 loss: 0.03428954463452101
INFO:root:LOSS train' 0.03428954463452101, 4400
INFO:root:  batch 600 loss: 0.03328862875699997
INFO:root:LOSS train' 0.03328862875699997, 4500
INFO:root:Epoch: 6 - LOSS train: 0.03328862875699997 LOSS val: 0.030905863270163536 - Elapsed time: 253.85626363754272 s
INFO:root:  batch 100 loss: 0.03159053152427077
INFO:root:LOSS train' 0.03159053152427077, 4650
INFO:root:  batch 200 loss: 0.0313966416195035
INFO:root:LOSS train' 0.0313966416195035, 4750
INFO:root:  batch 300 loss: 0.03206336865201592
INFO:root:LOSS train' 0.03206336865201592, 4850
INFO:root:  batch 400 loss: 0.03247567880898714
INFO:root:LOSS train' 0.03247567880898714, 4950
INFO:root:  batch 500 loss: 0.030210230462253095
INFO:root:LOSS train' 0.030210230462253095, 5050
INFO:root:  batch 600 loss: 0.030665429215878247
INFO:root:LOSS train' 0.030665429215878247, 5150
INFO:root:Epoch: 7 - LOSS train: 0.030665429215878247 LOSS val: 0.032161787152290344 - Elapsed time: 253.74592924118042 s
INFO:root:  batch 100 loss: 0.029799985494464637
INFO:root:LOSS train' 0.029799985494464637, 5300
INFO:root:  batch 200 loss: 0.02992669552564621
INFO:root:LOSS train' 0.02992669552564621, 5400
INFO:root:  batch 300 loss: 0.03050388699397445
INFO:root:LOSS train' 0.03050388699397445, 5500
INFO:root:  batch 400 loss: 0.02880178375169635
INFO:root:LOSS train' 0.02880178375169635, 5600
INFO:root:  batch 500 loss: 0.030758072696626185
INFO:root:LOSS train' 0.030758072696626185, 5700
INFO:root:  batch 600 loss: 0.028281515017151832
INFO:root:LOSS train' 0.028281515017151832, 5800
INFO:root:Epoch: 8 - LOSS train: 0.028281515017151832 LOSS val: 0.028345907106995583 - Elapsed time: 253.81447744369507 s
INFO:root:  batch 100 loss: 0.029161363169550897
INFO:root:LOSS train' 0.029161363169550897, 5950
INFO:root:  batch 200 loss: 0.028626706022769212
INFO:root:LOSS train' 0.028626706022769212, 6050
INFO:root:  batch 300 loss: 0.02790457397699356
INFO:root:LOSS train' 0.02790457397699356, 6150
INFO:root:  batch 400 loss: 0.027629467844963073
INFO:root:LOSS train' 0.027629467844963073, 6250
INFO:root:  batch 500 loss: 0.026830986440181732
INFO:root:LOSS train' 0.026830986440181732, 6350
INFO:root:  batch 600 loss: 0.02591533314436674
INFO:root:LOSS train' 0.02591533314436674, 6450
INFO:root:Epoch: 9 - LOSS train: 0.02591533314436674 LOSS val: 0.024970492348074913 - Elapsed time: 253.8595232963562 s
INFO:root:  batch 100 loss: 0.026423013601452112
INFO:root:LOSS train' 0.026423013601452112, 6600
INFO:root:  batch 200 loss: 0.02595807321369648
INFO:root:LOSS train' 0.02595807321369648, 6700
INFO:root:  batch 300 loss: 0.025890514757484197
INFO:root:LOSS train' 0.025890514757484197, 6800
INFO:root:  batch 400 loss: 0.025739580448716878
INFO:root:LOSS train' 0.025739580448716878, 6900
INFO:root:  batch 500 loss: 0.02547423206269741
INFO:root:LOSS train' 0.02547423206269741, 7000
INFO:root:  batch 600 loss: 0.0264364680275321
INFO:root:LOSS train' 0.0264364680275321, 7100
INFO:root:Epoch: 10 - LOSS train: 0.0264364680275321 LOSS val: 0.024107065051794052 - Elapsed time: 253.7393765449524 s
INFO:root:  batch 100 loss: 0.025333765987306835
INFO:root:LOSS train' 0.025333765987306835, 7250
INFO:root:  batch 200 loss: 0.024224471114575864
INFO:root:LOSS train' 0.024224471114575864, 7350
INFO:root:  batch 300 loss: 0.024712423365563153
INFO:root:LOSS train' 0.024712423365563153, 7450
INFO:root:  batch 400 loss: 0.025869690012186766
INFO:root:LOSS train' 0.025869690012186766, 7550
INFO:root:  batch 500 loss: 0.02390028489753604
INFO:root:LOSS train' 0.02390028489753604, 7650
INFO:root:  batch 600 loss: 0.024460178334265947
INFO:root:LOSS train' 0.024460178334265947, 7750
INFO:root:Epoch: 11 - LOSS train: 0.024460178334265947 LOSS val: 0.02326943725347519 - Elapsed time: 253.41590642929077 s
INFO:root:  batch 100 loss: 0.02365846674889326
INFO:root:LOSS train' 0.02365846674889326, 7900
INFO:root:  batch 200 loss: 0.023875016421079635
INFO:root:LOSS train' 0.023875016421079635, 8000
INFO:root:  batch 300 loss: 0.02375630583614111
INFO:root:LOSS train' 0.02375630583614111, 8100
INFO:root:  batch 400 loss: 0.023255952261388303
INFO:root:LOSS train' 0.023255952261388303, 8200
INFO:root:  batch 500 loss: 0.02369314616546035
INFO:root:LOSS train' 0.02369314616546035, 8300
INFO:root:  batch 600 loss: 0.03190767960622907
INFO:root:LOSS train' 0.03190767960622907, 8400
INFO:root:Epoch: 12 - LOSS train: 0.03190767960622907 LOSS val: 0.02255144715309143 - Elapsed time: 253.49131417274475 s
INFO:root:  batch 100 loss: 0.02576975295320153
INFO:root:LOSS train' 0.02576975295320153, 8550
INFO:root:  batch 200 loss: 0.022078077588230372
INFO:root:LOSS train' 0.022078077588230372, 8650
INFO:root:  batch 300 loss: 0.023640333395451307
INFO:root:LOSS train' 0.023640333395451307, 8750
INFO:root:  batch 400 loss: 0.026904158908873797
INFO:root:LOSS train' 0.026904158908873797, 8850
INFO:root:  batch 500 loss: 0.022496473249047994
INFO:root:LOSS train' 0.022496473249047994, 8950
INFO:root:  batch 600 loss: 0.02266572542488575
INFO:root:LOSS train' 0.02266572542488575, 9050
INFO:root:Epoch: 13 - LOSS train: 0.02266572542488575 LOSS val: 0.02258538268506527 - Elapsed time: 253.48725605010986 s
INFO:root:  batch 100 loss: 0.021934020295739175
INFO:root:LOSS train' 0.021934020295739175, 9200
INFO:root:  batch 200 loss: 0.02928425997495651
INFO:root:LOSS train' 0.02928425997495651, 9300
INFO:root:  batch 300 loss: 0.03465490559116006
INFO:root:LOSS train' 0.03465490559116006, 9400
INFO:root:  batch 400 loss: 0.024681357815861702
INFO:root:LOSS train' 0.024681357815861702, 9500
INFO:root:  batch 500 loss: 0.022656584810465574
INFO:root:LOSS train' 0.022656584810465574, 9600
INFO:root:  batch 600 loss: 0.02142651790753007
INFO:root:LOSS train' 0.02142651790753007, 9700
INFO:root:Epoch: 14 - LOSS train: 0.02142651790753007 LOSS val: 0.020993618294596672 - Elapsed time: 253.677307844162 s
INFO:root:  batch 100 loss: 0.021950569339096546
INFO:root:LOSS train' 0.021950569339096546, 9850
INFO:root:  batch 200 loss: 0.02161362620070577
INFO:root:LOSS train' 0.02161362620070577, 9950
INFO:root:  batch 300 loss: 0.02116979770362377
INFO:root:LOSS train' 0.02116979770362377, 10050
INFO:root:  batch 400 loss: 0.02072110624983907
INFO:root:LOSS train' 0.02072110624983907, 10150
INFO:root:  batch 500 loss: 0.020888412296772005
INFO:root:LOSS train' 0.020888412296772005, 10250
INFO:root:  batch 600 loss: 0.02466497601941228
INFO:root:LOSS train' 0.02466497601941228, 10350
INFO:root:Epoch: 15 - LOSS train: 0.02466497601941228 LOSS val: 0.02079472318291664 - Elapsed time: 253.17001366615295 s
INFO:root:  batch 100 loss: 0.020458701886236667
INFO:root:LOSS train' 0.020458701886236667, 10500
INFO:root:  batch 200 loss: 0.020462402850389482
INFO:root:LOSS train' 0.020462402850389482, 10600
INFO:root:  batch 300 loss: 0.019872056879103185
INFO:root:LOSS train' 0.019872056879103185, 10700
INFO:root:  batch 400 loss: 0.020399017445743083
INFO:root:LOSS train' 0.020399017445743083, 10800
INFO:root:  batch 500 loss: 0.02019279956817627
INFO:root:LOSS train' 0.02019279956817627, 10900
INFO:root:  batch 600 loss: 0.019713443946093322
INFO:root:LOSS train' 0.019713443946093322, 11000
INFO:root:Epoch: 16 - LOSS train: 0.019713443946093322 LOSS val: 0.021591022610664368 - Elapsed time: 253.09625935554504 s
INFO:root:  batch 100 loss: 0.019380464907735585
INFO:root:LOSS train' 0.019380464907735585, 11150
INFO:root:  batch 200 loss: 0.019788635484874247
INFO:root:LOSS train' 0.019788635484874247, 11250
INFO:root:  batch 300 loss: 0.02025438769720495
INFO:root:LOSS train' 0.02025438769720495, 11350
INFO:root:  batch 400 loss: 0.019208876043558122
INFO:root:LOSS train' 0.019208876043558122, 11450
INFO:root:  batch 500 loss: 0.02306928414851427
INFO:root:LOSS train' 0.02306928414851427, 11550
INFO:root:  batch 600 loss: 0.019414490610361098
INFO:root:LOSS train' 0.019414490610361098, 11650
INFO:root:Epoch: 17 - LOSS train: 0.019414490610361098 LOSS val: 0.018911659717559814 - Elapsed time: 253.60512256622314 s
INFO:root:  batch 100 loss: 0.018597483988851308
INFO:root:LOSS train' 0.018597483988851308, 11800
INFO:root:  batch 200 loss: 0.03617088980972767
INFO:root:LOSS train' 0.03617088980972767, 11900
INFO:root:  batch 300 loss: 0.026639497224241495
INFO:root:LOSS train' 0.026639497224241495, 12000
INFO:root:  batch 400 loss: 0.02050842111930251
INFO:root:LOSS train' 0.02050842111930251, 12100
INFO:root:  batch 500 loss: 0.01979908436536789
INFO:root:LOSS train' 0.01979908436536789, 12200
INFO:root:  batch 600 loss: 0.020509331161156295
INFO:root:LOSS train' 0.020509331161156295, 12300
INFO:root:Epoch: 18 - LOSS train: 0.020509331161156295 LOSS val: 0.020062394440174103 - Elapsed time: 253.229994058609 s
INFO:root:  batch 100 loss: 0.01890411486849189
INFO:root:LOSS train' 0.01890411486849189, 12450
INFO:root:  batch 200 loss: 0.01877912590280175
INFO:root:LOSS train' 0.01877912590280175, 12550
INFO:root:  batch 300 loss: 0.018682575151324272
INFO:root:LOSS train' 0.018682575151324272, 12650
INFO:root:  batch 400 loss: 0.018285352755337953
INFO:root:LOSS train' 0.018285352755337953, 12750
INFO:root:  batch 500 loss: 0.01787395926192403
INFO:root:LOSS train' 0.01787395926192403, 12850
INFO:root:  batch 600 loss: 0.02243125019595027
INFO:root:LOSS train' 0.02243125019595027, 12950
INFO:root:Epoch: 19 - LOSS train: 0.02243125019595027 LOSS val: 0.0207862239331007 - Elapsed time: 253.0529055595398 s
INFO:root:  batch 100 loss: 0.019021153058856724
INFO:root:LOSS train' 0.019021153058856724, 13100
INFO:root:  batch 200 loss: 0.01807146243751049
INFO:root:LOSS train' 0.01807146243751049, 13200
INFO:root:  batch 300 loss: 0.01868440743535757
INFO:root:LOSS train' 0.01868440743535757, 13300
INFO:root:  batch 400 loss: 0.019475966142490506
INFO:root:LOSS train' 0.019475966142490506, 13400
INFO:root:  batch 500 loss: 0.017418580297380686
INFO:root:LOSS train' 0.017418580297380686, 13500
INFO:root:  batch 600 loss: 0.017737830271944404
INFO:root:LOSS train' 0.017737830271944404, 13600
INFO:root:Epoch: 20 - LOSS train: 0.017737830271944404 LOSS val: 0.037070512771606445 - Elapsed time: 253.6149034500122 s
INFO:root:  batch 100 loss: 0.024011405911296607
INFO:root:LOSS train' 0.024011405911296607, 13750
INFO:root:  batch 200 loss: 0.018849442210048438
INFO:root:LOSS train' 0.018849442210048438, 13850
INFO:root:  batch 300 loss: 0.017932264413684607
INFO:root:LOSS train' 0.017932264413684607, 13950
INFO:root:  batch 400 loss: 0.017589112473651768
INFO:root:LOSS train' 0.017589112473651768, 14050
INFO:root:  batch 500 loss: 0.0177480773255229
INFO:root:LOSS train' 0.0177480773255229, 14150
INFO:root:  batch 600 loss: 0.017942683463916184
INFO:root:LOSS train' 0.017942683463916184, 14250
INFO:root:Epoch: 21 - LOSS train: 0.017942683463916184 LOSS val: 0.016835292801260948 - Elapsed time: 253.4935109615326 s
INFO:root:  batch 100 loss: 0.017345405761152507
INFO:root:LOSS train' 0.017345405761152507, 14400
INFO:root:  batch 200 loss: 0.017505623493343593
INFO:root:LOSS train' 0.017505623493343593, 14500
INFO:root:  batch 300 loss: 0.017434709621593356
INFO:root:LOSS train' 0.017434709621593356, 14600
INFO:root:  batch 400 loss: 0.01697390742599964
INFO:root:LOSS train' 0.01697390742599964, 14700
INFO:root:  batch 500 loss: 0.017102277977392076
INFO:root:LOSS train' 0.017102277977392076, 14800
INFO:root:  batch 600 loss: 0.01779522088356316
INFO:root:LOSS train' 0.01779522088356316, 14900
INFO:root:Epoch: 22 - LOSS train: 0.01779522088356316 LOSS val: 0.01676023378968239 - Elapsed time: 253.47364497184753 s
INFO:root:  batch 100 loss: 0.01655335372313857
INFO:root:LOSS train' 0.01655335372313857, 15050
INFO:root:  batch 200 loss: 0.016693059336394072
INFO:root:LOSS train' 0.016693059336394072, 15150
INFO:root:  batch 300 loss: 0.016815126463770865
INFO:root:LOSS train' 0.016815126463770865, 15250
INFO:root:  batch 400 loss: 0.016765795554965733
INFO:root:LOSS train' 0.016765795554965733, 15350
INFO:root:  batch 500 loss: 0.01673880957067013
INFO:root:LOSS train' 0.01673880957067013, 15450
INFO:root:  batch 600 loss: 0.01667902646586299
INFO:root:LOSS train' 0.01667902646586299, 15550
INFO:root:Epoch: 23 - LOSS train: 0.01667902646586299 LOSS val: 0.016708238050341606 - Elapsed time: 253.88924098014832 s
INFO:root:  batch 100 loss: 0.016591818407177925
INFO:root:LOSS train' 0.016591818407177925, 15700
INFO:root:  batch 200 loss: 0.016226813066750764
INFO:root:LOSS train' 0.016226813066750764, 15800
INFO:root:  batch 300 loss: 0.015926338117569685
INFO:root:LOSS train' 0.015926338117569685, 15900
INFO:root:  batch 400 loss: 0.016310822749510408
INFO:root:LOSS train' 0.016310822749510408, 16000
INFO:root:  batch 500 loss: 0.01610698163509369
INFO:root:LOSS train' 0.01610698163509369, 16100
INFO:root:  batch 600 loss: 0.016173766115680336
INFO:root:LOSS train' 0.016173766115680336, 16200
INFO:root:Epoch: 24 - LOSS train: 0.016173766115680336 LOSS val: 0.01609569974243641 - Elapsed time: 253.74097967147827 s
INFO:root:  batch 100 loss: 0.016293202312663197
INFO:root:LOSS train' 0.016293202312663197, 16350
INFO:root:  batch 200 loss: 0.01632471174001694
INFO:root:LOSS train' 0.01632471174001694, 16450
INFO:root:  batch 300 loss: 0.023767391750589013
INFO:root:LOSS train' 0.023767391750589013, 16550
INFO:root:  batch 400 loss: 0.0286671656742692
INFO:root:LOSS train' 0.0286671656742692, 16650
INFO:root:  batch 500 loss: 0.018115346003323794
INFO:root:LOSS train' 0.018115346003323794, 16750
INFO:root:  batch 600 loss: 0.017278292095288635
INFO:root:LOSS train' 0.017278292095288635, 16850
INFO:root:Epoch: 25 - LOSS train: 0.017278292095288635 LOSS val: 0.016077468171715736 - Elapsed time: 253.43712401390076 s
INFO:root:  batch 100 loss: 0.01643587159924209
INFO:root:LOSS train' 0.01643587159924209, 17000
INFO:root:  batch 200 loss: 0.01556212516501546
INFO:root:LOSS train' 0.01556212516501546, 17100
INFO:root:  batch 300 loss: 0.01574665236286819
INFO:root:LOSS train' 0.01574665236286819, 17200
INFO:root:  batch 400 loss: 0.015754015864804388
INFO:root:LOSS train' 0.015754015864804388, 17300
INFO:root:  batch 500 loss: 0.016373461605980993
INFO:root:LOSS train' 0.016373461605980993, 17400
INFO:root:  batch 600 loss: 0.016089721554890274
INFO:root:LOSS train' 0.016089721554890274, 17500
INFO:root:Epoch: 26 - LOSS train: 0.016089721554890274 LOSS val: 0.0155105572193861 - Elapsed time: 253.09069395065308 s
INFO:root:  batch 100 loss: 0.015496591497212648
INFO:root:LOSS train' 0.015496591497212648, 17650
INFO:root:  batch 200 loss: 0.015282578757032752
INFO:root:LOSS train' 0.015282578757032752, 17750
INFO:root:  batch 300 loss: 0.016794834174215793
INFO:root:LOSS train' 0.016794834174215793, 17850
INFO:root:  batch 400 loss: 0.015254050167277456
INFO:root:LOSS train' 0.015254050167277456, 17950
INFO:root:  batch 500 loss: 0.02215374546125531
INFO:root:LOSS train' 0.02215374546125531, 18050
INFO:root:  batch 600 loss: 0.016360426172614097
INFO:root:LOSS train' 0.016360426172614097, 18150
INFO:root:Epoch: 27 - LOSS train: 0.016360426172614097 LOSS val: 0.014953437261283398 - Elapsed time: 253.5656337738037 s
INFO:root:  batch 100 loss: 0.015052503980696201
INFO:root:LOSS train' 0.015052503980696201, 18300
INFO:root:  batch 200 loss: 0.014882002733647823
INFO:root:LOSS train' 0.014882002733647823, 18400
INFO:root:  batch 300 loss: 0.015259733675047755
INFO:root:LOSS train' 0.015259733675047755, 18500
INFO:root:  batch 400 loss: 0.014761486379429698
INFO:root:LOSS train' 0.014761486379429698, 18600
INFO:root:  batch 500 loss: 0.014897705260664225
INFO:root:LOSS train' 0.014897705260664225, 18700
INFO:root:  batch 600 loss: 0.01530101614072919
INFO:root:LOSS train' 0.01530101614072919, 18800
INFO:root:Epoch: 28 - LOSS train: 0.01530101614072919 LOSS val: 0.014666841365396976 - Elapsed time: 253.516042470932 s
INFO:root:  batch 100 loss: 0.024804689772427082
INFO:root:LOSS train' 0.024804689772427082, 18950
INFO:root:  batch 200 loss: 0.015893335016444327
INFO:root:LOSS train' 0.015893335016444327, 19050
INFO:root:  batch 300 loss: 0.01559438420459628
INFO:root:LOSS train' 0.01559438420459628, 19150
INFO:root:  batch 400 loss: 0.014962076572701336
INFO:root:LOSS train' 0.014962076572701336, 19250
INFO:root:  batch 500 loss: 0.015168261909857393
INFO:root:LOSS train' 0.015168261909857393, 19350
INFO:root:  batch 600 loss: 0.014691953547298908
INFO:root:LOSS train' 0.014691953547298908, 19450
INFO:root:Epoch: 29 - LOSS train: 0.014691953547298908 LOSS val: 0.014790426008403301 - Elapsed time: 253.63009810447693 s
INFO:root:  batch 100 loss: 0.01453878715634346
INFO:root:LOSS train' 0.01453878715634346, 19600
INFO:root:  batch 200 loss: 0.014413679093122482
INFO:root:LOSS train' 0.014413679093122482, 19700
INFO:root:  batch 300 loss: 0.015102016888558865
INFO:root:LOSS train' 0.015102016888558865, 19800
INFO:root:  batch 400 loss: 0.015098713813349604
INFO:root:LOSS train' 0.015098713813349604, 19900
INFO:root:  batch 500 loss: 0.01436953067779541
INFO:root:LOSS train' 0.01436953067779541, 20000
INFO:root:  batch 600 loss: 0.014323811009526254
INFO:root:LOSS train' 0.014323811009526254, 20100
INFO:root:Epoch: 30 - LOSS train: 0.014323811009526254 LOSS val: 0.014460011385381222 - Elapsed time: 253.34073948860168 s
INFO:root:  batch 100 loss: 0.014886883553117514
INFO:root:LOSS train' 0.014886883553117514, 20250
INFO:root:  batch 200 loss: 0.015812324723228813
INFO:root:LOSS train' 0.015812324723228813, 20350
INFO:root:  batch 300 loss: 0.014251444609835745
INFO:root:LOSS train' 0.014251444609835745, 20450
INFO:root:  batch 400 loss: 0.014905583187937737
INFO:root:LOSS train' 0.014905583187937737, 20550
INFO:root:  batch 500 loss: 0.014285085033625364
INFO:root:LOSS train' 0.014285085033625364, 20650
INFO:root:  batch 600 loss: 0.014250572407618164
INFO:root:LOSS train' 0.014250572407618164, 20750
INFO:root:Epoch: 31 - LOSS train: 0.014250572407618164 LOSS val: 0.014001556672155857 - Elapsed time: 253.4569594860077 s
INFO:root:  batch 100 loss: 0.013763123005628587
INFO:root:LOSS train' 0.013763123005628587, 20900
INFO:root:  batch 200 loss: 0.014126958353444933
INFO:root:LOSS train' 0.014126958353444933, 21000
INFO:root:  batch 300 loss: 0.01412040158174932
INFO:root:LOSS train' 0.01412040158174932, 21100
INFO:root:  batch 400 loss: 0.014254844915121793
INFO:root:LOSS train' 0.014254844915121793, 21200
INFO:root:  batch 500 loss: 0.013845356805250049
INFO:root:LOSS train' 0.013845356805250049, 21300
INFO:root:  batch 600 loss: 0.01395030609332025
INFO:root:LOSS train' 0.01395030609332025, 21400
INFO:root:Epoch: 32 - LOSS train: 0.01395030609332025 LOSS val: 0.01369539089500904 - Elapsed time: 253.39036798477173 s
INFO:root:  batch 100 loss: 0.013603934394195676
INFO:root:LOSS train' 0.013603934394195676, 21550
INFO:root:  batch 200 loss: 0.01361188055947423
INFO:root:LOSS train' 0.01361188055947423, 21650
INFO:root:  batch 300 loss: 0.014709111815318466
INFO:root:LOSS train' 0.014709111815318466, 21750
INFO:root:  batch 400 loss: 0.013679499244317413
INFO:root:LOSS train' 0.013679499244317413, 21850
INFO:root:  batch 500 loss: 0.016085297940298914
INFO:root:LOSS train' 0.016085297940298914, 21950
INFO:root:  batch 600 loss: 0.013844870440661907
INFO:root:LOSS train' 0.013844870440661907, 22050
INFO:root:Epoch: 33 - LOSS train: 0.013844870440661907 LOSS val: 0.01340386364609003 - Elapsed time: 253.30249857902527 s
INFO:root:  batch 100 loss: 0.013666434371843934
INFO:root:LOSS train' 0.013666434371843934, 22200
INFO:root:  batch 200 loss: 0.013694137278944253
INFO:root:LOSS train' 0.013694137278944253, 22300
INFO:root:  batch 300 loss: 0.014625319642946125
INFO:root:LOSS train' 0.014625319642946125, 22400
INFO:root:  batch 400 loss: 0.015958833005279303
INFO:root:LOSS train' 0.015958833005279303, 22500
INFO:root:  batch 500 loss: 0.014769793087616563
INFO:root:LOSS train' 0.014769793087616563, 22600
INFO:root:  batch 600 loss: 0.013348043989390134
INFO:root:LOSS train' 0.013348043989390134, 22700
INFO:root:Epoch: 34 - LOSS train: 0.013348043989390134 LOSS val: 0.013119466602802277 - Elapsed time: 253.16055989265442 s
INFO:root:  batch 100 loss: 0.01346586345694959
INFO:root:LOSS train' 0.01346586345694959, 22850
INFO:root:  batch 200 loss: 0.013592697530984878
INFO:root:LOSS train' 0.013592697530984878, 22950
INFO:root:  batch 300 loss: 0.013160351924598216
INFO:root:LOSS train' 0.013160351924598216, 23050
INFO:root:  batch 400 loss: 0.013291308442130684
INFO:root:LOSS train' 0.013291308442130684, 23150
INFO:root:  batch 500 loss: 0.013420593114569784
INFO:root:LOSS train' 0.013420593114569784, 23250
INFO:root:  batch 600 loss: 0.013156454274430872
INFO:root:LOSS train' 0.013156454274430872, 23350
INFO:root:Epoch: 35 - LOSS train: 0.013156454274430872 LOSS val: 0.014247411862015724 - Elapsed time: 252.85157465934753 s
INFO:root:  batch 100 loss: 0.012805983452126383
INFO:root:LOSS train' 0.012805983452126383, 23500
INFO:root:  batch 200 loss: 0.013108398895710707
INFO:root:LOSS train' 0.013108398895710707, 23600
INFO:root:  batch 300 loss: 0.013193991631269456
INFO:root:LOSS train' 0.013193991631269456, 23700
INFO:root:  batch 400 loss: 0.013222604328766464
INFO:root:LOSS train' 0.013222604328766464, 23800
INFO:root:  batch 500 loss: 0.017559630041942
INFO:root:LOSS train' 0.017559630041942, 23900
INFO:root:  batch 600 loss: 0.013433399265632034
INFO:root:LOSS train' 0.013433399265632034, 24000
INFO:root:Epoch: 36 - LOSS train: 0.013433399265632034 LOSS val: 0.01306171528995037 - Elapsed time: 253.1515507698059 s
INFO:root:  batch 100 loss: 0.01317726687528193
INFO:root:LOSS train' 0.01317726687528193, 24150
INFO:root:  batch 200 loss: 0.013148214854300021
INFO:root:LOSS train' 0.013148214854300021, 24250
INFO:root:  batch 300 loss: 0.012664268165826798
INFO:root:LOSS train' 0.012664268165826798, 24350
INFO:root:  batch 400 loss: 0.01295930715277791
INFO:root:LOSS train' 0.01295930715277791, 24450
INFO:root:  batch 500 loss: 0.012470685243606568
INFO:root:LOSS train' 0.012470685243606568, 24550
INFO:root:  batch 600 loss: 0.012770838933065534
INFO:root:LOSS train' 0.012770838933065534, 24650
INFO:root:Epoch: 37 - LOSS train: 0.012770838933065534 LOSS val: 0.06055822968482971 - Elapsed time: 253.67362904548645 s
INFO:root:  batch 100 loss: 0.026271244762465357
INFO:root:LOSS train' 0.026271244762465357, 24800
INFO:root:  batch 200 loss: 0.015529603753238917
INFO:root:LOSS train' 0.015529603753238917, 24900
INFO:root:  batch 300 loss: 0.014650804605334997
INFO:root:LOSS train' 0.014650804605334997, 25000
INFO:root:  batch 400 loss: 0.014248840250074864
INFO:root:LOSS train' 0.014248840250074864, 25100
INFO:root:  batch 500 loss: 0.013394065508618951
INFO:root:LOSS train' 0.013394065508618951, 25200
INFO:root:  batch 600 loss: 0.013278284780681134
INFO:root:LOSS train' 0.013278284780681134, 25300
INFO:root:Epoch: 38 - LOSS train: 0.013278284780681134 LOSS val: 0.012874377891421318 - Elapsed time: 253.09205436706543 s
INFO:root:  batch 100 loss: 0.013179943663999438
INFO:root:LOSS train' 0.013179943663999438, 25450
INFO:root:  batch 200 loss: 0.0129711495898664
INFO:root:LOSS train' 0.0129711495898664, 25550
INFO:root:  batch 300 loss: 0.020148630328476427
INFO:root:LOSS train' 0.020148630328476427, 25650
INFO:root:  batch 400 loss: 0.01414098066277802
INFO:root:LOSS train' 0.01414098066277802, 25750
INFO:root:  batch 500 loss: 0.013314894586801528
INFO:root:LOSS train' 0.013314894586801528, 25850
INFO:root:  batch 600 loss: 0.012700223606079817
INFO:root:LOSS train' 0.012700223606079817, 25950
INFO:root:Epoch: 39 - LOSS train: 0.012700223606079817 LOSS val: 0.0127416355535388 - Elapsed time: 253.01388239860535 s
INFO:root:  batch 100 loss: 0.012589882127940655
INFO:root:LOSS train' 0.012589882127940655, 26100
INFO:root:  batch 200 loss: 0.0126209978107363
INFO:root:LOSS train' 0.0126209978107363, 26200
INFO:root:  batch 300 loss: 0.012647139811888338
INFO:root:LOSS train' 0.012647139811888338, 26300
INFO:root:  batch 400 loss: 0.01287081983871758
INFO:root:LOSS train' 0.01287081983871758, 26400
INFO:root:  batch 500 loss: 0.012652038475498556
INFO:root:LOSS train' 0.012652038475498556, 26500
INFO:root:  batch 600 loss: 0.012696531647816301
INFO:root:LOSS train' 0.012696531647816301, 26600
INFO:root:Epoch: 40 - LOSS train: 0.012696531647816301 LOSS val: 0.012767299078404903 - Elapsed time: 252.92395877838135 s
INFO:root:  batch 100 loss: 0.012240154668688774
INFO:root:LOSS train' 0.012240154668688774, 26750
INFO:root:  batch 200 loss: 0.012461130125448108
INFO:root:LOSS train' 0.012461130125448108, 26850
INFO:root:  batch 300 loss: 0.012584027247503399
INFO:root:LOSS train' 0.012584027247503399, 26950
INFO:root:  batch 400 loss: 0.012522067865356803
INFO:root:LOSS train' 0.012522067865356803, 27050
INFO:root:  batch 500 loss: 0.012179371202364564
INFO:root:LOSS train' 0.012179371202364564, 27150
INFO:root:  batch 600 loss: 0.012170404139906167
INFO:root:LOSS train' 0.012170404139906167, 27250
INFO:root:Epoch: 41 - LOSS train: 0.012170404139906167 LOSS val: 0.012070082128047943 - Elapsed time: 252.85016250610352 s
INFO:root:  batch 100 loss: 0.01232481668703258
INFO:root:LOSS train' 0.01232481668703258, 27400
INFO:root:  batch 200 loss: 0.012175796339288354
INFO:root:LOSS train' 0.012175796339288354, 27500
INFO:root:  batch 300 loss: 0.012081394996494054
INFO:root:LOSS train' 0.012081394996494054, 27600
INFO:root:  batch 400 loss: 0.012294857408851384
INFO:root:LOSS train' 0.012294857408851384, 27700
INFO:root:  batch 500 loss: 0.011973126446828247
INFO:root:LOSS train' 0.011973126446828247, 27800
INFO:root:  batch 600 loss: 0.0122052482701838
INFO:root:LOSS train' 0.0122052482701838, 27900
INFO:root:Epoch: 42 - LOSS train: 0.0122052482701838 LOSS val: 0.012811115942895412 - Elapsed time: 253.02210307121277 s
INFO:root:  batch 100 loss: 0.01215304298326373
INFO:root:LOSS train' 0.01215304298326373, 28050
INFO:root:  batch 200 loss: 0.01869576663710177
INFO:root:LOSS train' 0.01869576663710177, 28150
INFO:root:  batch 300 loss: 0.022975829327479005
INFO:root:LOSS train' 0.022975829327479005, 28250
INFO:root:  batch 400 loss: 0.015012866621837019
INFO:root:LOSS train' 0.015012866621837019, 28350
INFO:root:  batch 500 loss: 0.013943567099049687
INFO:root:LOSS train' 0.013943567099049687, 28450
INFO:root:  batch 600 loss: 0.013393607111647726
INFO:root:LOSS train' 0.013393607111647726, 28550
INFO:root:Epoch: 43 - LOSS train: 0.013393607111647726 LOSS val: 0.013516081497073174 - Elapsed time: 252.99124884605408 s
INFO:root:  batch 100 loss: 0.013186323307454586
INFO:root:LOSS train' 0.013186323307454586, 28700
INFO:root:  batch 200 loss: 0.012939470764249563
INFO:root:LOSS train' 0.012939470764249563, 28800
INFO:root:  batch 300 loss: 0.01274985758587718
INFO:root:LOSS train' 0.01274985758587718, 28900
INFO:root:  batch 400 loss: 0.012648873897269368
INFO:root:LOSS train' 0.012648873897269368, 29000
INFO:root:  batch 500 loss: 0.012307716375216842
INFO:root:LOSS train' 0.012307716375216842, 29100
INFO:root:  batch 600 loss: 0.012759950449690223
INFO:root:LOSS train' 0.012759950449690223, 29200
INFO:root:Epoch: 44 - LOSS train: 0.012759950449690223 LOSS val: 0.012302707880735397 - Elapsed time: 252.90610480308533 s
INFO:root:  batch 100 loss: 0.012139713922515512
INFO:root:LOSS train' 0.012139713922515512, 29350
INFO:root:  batch 200 loss: 0.012048959825187921
INFO:root:LOSS train' 0.012048959825187921, 29450
INFO:root:  batch 300 loss: 0.012173065431416035
INFO:root:LOSS train' 0.012173065431416035, 29550
INFO:root:  batch 400 loss: 0.012376815266907214
INFO:root:LOSS train' 0.012376815266907214, 29650
INFO:root:  batch 500 loss: 0.012441099593415857
INFO:root:LOSS train' 0.012441099593415857, 29750
INFO:root:  batch 600 loss: 0.014958793008700013
INFO:root:LOSS train' 0.014958793008700013, 29850
INFO:root:Epoch: 45 - LOSS train: 0.014958793008700013 LOSS val: 0.016955703496932983 - Elapsed time: 253.46169352531433 s
INFO:root:  batch 100 loss: 0.014414131520316004
INFO:root:LOSS train' 0.014414131520316004, 30000
INFO:root:  batch 200 loss: 0.01271270507015288
INFO:root:LOSS train' 0.01271270507015288, 30100
INFO:root:  batch 300 loss: 0.012551371082663536
INFO:root:LOSS train' 0.012551371082663536, 30200
INFO:root:  batch 400 loss: 0.01232690056785941
INFO:root:LOSS train' 0.01232690056785941, 30300
INFO:root:  batch 500 loss: 0.012061002990230918
INFO:root:LOSS train' 0.012061002990230918, 30400
INFO:root:  batch 600 loss: 0.012393184360116721
INFO:root:LOSS train' 0.012393184360116721, 30500
INFO:root:Epoch: 46 - LOSS train: 0.012393184360116721 LOSS val: 0.011941955424845219 - Elapsed time: 253.1283802986145 s
INFO:root:  batch 100 loss: 0.012127472395077348
INFO:root:LOSS train' 0.012127472395077348, 30650
INFO:root:  batch 200 loss: 0.011912604412063956
INFO:root:LOSS train' 0.011912604412063956, 30750
INFO:root:  batch 300 loss: 0.01174239874817431
INFO:root:LOSS train' 0.01174239874817431, 30850
INFO:root:  batch 400 loss: 0.011919000651687384
INFO:root:LOSS train' 0.011919000651687384, 30950
INFO:root:  batch 500 loss: 0.011813829503953457
INFO:root:LOSS train' 0.011813829503953457, 31050
INFO:root:  batch 600 loss: 0.011815061420202255
INFO:root:LOSS train' 0.011815061420202255, 31150
INFO:root:Epoch: 47 - LOSS train: 0.011815061420202255 LOSS val: 0.011338798329234123 - Elapsed time: 253.45998811721802 s
INFO:root:  batch 100 loss: 0.011671980852261185
INFO:root:LOSS train' 0.011671980852261185, 31300
INFO:root:  batch 200 loss: 0.011648541986942292
INFO:root:LOSS train' 0.011648541986942292, 31400
INFO:root:  batch 300 loss: 0.011617708280682563
INFO:root:LOSS train' 0.011617708280682563, 31500
INFO:root:  batch 400 loss: 0.012777522215619683
INFO:root:LOSS train' 0.012777522215619683, 31600
INFO:root:  batch 500 loss: 0.012243400122970342
INFO:root:LOSS train' 0.012243400122970342, 31700
INFO:root:  batch 600 loss: 0.0114892269205302
INFO:root:LOSS train' 0.0114892269205302, 31800
INFO:root:Epoch: 48 - LOSS train: 0.0114892269205302 LOSS val: 0.012450388632714748 - Elapsed time: 253.30940866470337 s
INFO:root:*************
INFO:root:             
INFO:root:Starting to test....
INFO:root:             
INFO:root:OneStep loss: 0.011471869423985481
INFO:root:Scalar loss: 0.015642516314983368
INFO:root:Vector loss: 0.009386546909809113
INFO:root:             
INFO:root:Done.
