INFO:root:*************
INFO:root:             
INFO:root:model chosen: CR
INFO:root:multivector activation function?: 0
INFO:root:training trajectories: 15600
INFO:root:training epochs: 200
INFO:root:training batchsize: 16
INFO:root:learning rate: 0.0001
INFO:root:seed: 666
INFO:root:patience: 15
INFO:root:training dataset path: datasets/trainingdataviscous/
INFO:root:test dataset path: datasets/testdataviscous/
INFO:root:             
INFO:root:*************
INFO:root:Using device: cuda
INFO:root:[[[1.6940998  1.5566934  1.3046039  1.0440726 ]
  [1.6066581  1.3995012  1.342347   1.233624  ]
  [1.4666691  1.3354036  1.3883016  1.2737162 ]
  [1.4122795  1.3854291  1.4587754  1.339578  ]]

 [[1.6459564  1.3450366  1.0299298  0.77708894]
  [1.6489182  1.5250436  1.3721011  1.2203181 ]
  [1.4844782  1.3996952  1.3643513  1.3251002 ]
  [1.3969231  1.3963239  1.4048748  1.4067723 ]]]
INFO:root:****
INFO:root:[[[1.6940998  1.5566934  1.3046039  1.0440726 ]
  [1.6066581  1.3995012  1.342347   1.233624  ]
  [1.4666691  1.3354036  1.3883016  1.2737162 ]
  [1.4122795  1.3854291  1.4587754  1.339578  ]]

 [[1.6459564  1.3450366  1.0299298  0.77708894]
  [1.6489182  1.5250436  1.3721011  1.2203181 ]
  [1.4844782  1.3996952  1.3643513  1.3251002 ]
  [1.3969231  1.3963239  1.4048748  1.4067723 ]]]
INFO:root:Train input shape: torch.Size([15600, 2, 128, 128, 3])
INFO:root:Train labels shape: torch.Size([15600, 1, 128, 128, 3])
INFO:root:                   
INFO:root:Val input shape: torch.Size([4680, 2, 128, 128, 3])
INFO:root:Val labels shape: torch.Size([4680, 1, 128, 128, 3])
INFO:root:*************
INFO:root:             
INFO:root:Starting to train....
INFO:root:  batch 100 loss: 0.235541522949934
INFO:root:LOSS train' 0.235541522949934, 100
INFO:root:  batch 200 loss: 0.1541665628552437
INFO:root:LOSS train' 0.1541665628552437, 200
INFO:root:  batch 300 loss: 0.13394999973475932
INFO:root:LOSS train' 0.13394999973475932, 300
INFO:root:  batch 400 loss: 0.12089383408427239
INFO:root:LOSS train' 0.12089383408427239, 400
INFO:root:  batch 500 loss: 0.11910936176776886
INFO:root:LOSS train' 0.11910936176776886, 500
INFO:root:  batch 600 loss: 0.10341978929936886
INFO:root:LOSS train' 0.10341978929936886, 600
INFO:root:  batch 700 loss: 0.09571230314671993
INFO:root:LOSS train' 0.09571230314671993, 700
INFO:root:  batch 800 loss: 0.0897437110543251
INFO:root:LOSS train' 0.0897437110543251, 800
INFO:root:  batch 900 loss: 0.08307326488196849
INFO:root:LOSS train' 0.08307326488196849, 900
INFO:root:Epoch: 0 - LOSS train: 0.08307326488196849 LOSS val: 0.07510364055633545 - Elapsed time: 353.3386449813843 s
INFO:root:  batch 100 loss: 0.07362437598407269
INFO:root:LOSS train' 0.07362437598407269, 1075
INFO:root:  batch 200 loss: 0.0717755027487874
INFO:root:LOSS train' 0.0717755027487874, 1175
INFO:root:  batch 300 loss: 0.0705202803388238
INFO:root:LOSS train' 0.0705202803388238, 1275
INFO:root:  batch 400 loss: 0.06379521697759628
INFO:root:LOSS train' 0.06379521697759628, 1375
INFO:root:  batch 500 loss: 0.06418658126145602
INFO:root:LOSS train' 0.06418658126145602, 1475
INFO:root:  batch 600 loss: 0.06044798571616411
INFO:root:LOSS train' 0.06044798571616411, 1575
INFO:root:  batch 700 loss: 0.05886702712625265
INFO:root:LOSS train' 0.05886702712625265, 1675
INFO:root:  batch 800 loss: 0.05796907592564821
INFO:root:LOSS train' 0.05796907592564821, 1775
INFO:root:  batch 900 loss: 0.05450878355652094
INFO:root:LOSS train' 0.05450878355652094, 1875
INFO:root:Epoch: 1 - LOSS train: 0.05450878355652094 LOSS val: 0.053737495094537735 - Elapsed time: 353.3930628299713 s
INFO:root:  batch 100 loss: 0.053399174250662325
INFO:root:LOSS train' 0.053399174250662325, 2050
INFO:root:  batch 200 loss: 0.05206846237182617
INFO:root:LOSS train' 0.05206846237182617, 2150
INFO:root:  batch 300 loss: 0.057641064003109935
INFO:root:LOSS train' 0.057641064003109935, 2250
INFO:root:  batch 400 loss: 0.048090033307671545
INFO:root:LOSS train' 0.048090033307671545, 2350
INFO:root:  batch 500 loss: 0.04767326172441244
INFO:root:LOSS train' 0.04767326172441244, 2450
INFO:root:  batch 600 loss: 0.04518632736057043
INFO:root:LOSS train' 0.04518632736057043, 2550
INFO:root:  batch 700 loss: 0.053777265436947344
INFO:root:LOSS train' 0.053777265436947344, 2650
INFO:root:  batch 800 loss: 0.045934872888028624
INFO:root:LOSS train' 0.045934872888028624, 2750
INFO:root:  batch 900 loss: 0.0422359086945653
INFO:root:LOSS train' 0.0422359086945653, 2850
INFO:root:Epoch: 2 - LOSS train: 0.0422359086945653 LOSS val: 0.050575219094753265 - Elapsed time: 352.52236890792847 s
INFO:root:  batch 100 loss: 0.04269154842942953
INFO:root:LOSS train' 0.04269154842942953, 3025
INFO:root:  batch 200 loss: 0.04002819087356329
INFO:root:LOSS train' 0.04002819087356329, 3125
INFO:root:  batch 300 loss: 0.054067423716187474
INFO:root:LOSS train' 0.054067423716187474, 3225
INFO:root:  batch 400 loss: 0.04019245777279139
INFO:root:LOSS train' 0.04019245777279139, 3325
INFO:root:  batch 500 loss: 0.03911556702107191
INFO:root:LOSS train' 0.03911556702107191, 3425
INFO:root:  batch 600 loss: 0.038483988977968696
INFO:root:LOSS train' 0.038483988977968696, 3525
INFO:root:  batch 700 loss: 0.048082655444741246
INFO:root:LOSS train' 0.048082655444741246, 3625
INFO:root:  batch 800 loss: 0.03719632213935256
INFO:root:LOSS train' 0.03719632213935256, 3725
INFO:root:  batch 900 loss: 0.037011878602206706
INFO:root:LOSS train' 0.037011878602206706, 3825
INFO:root:Epoch: 3 - LOSS train: 0.037011878602206706 LOSS val: 0.03363358974456787 - Elapsed time: 352.633460521698 s
INFO:root:  batch 100 loss: 0.035662904605269434
INFO:root:LOSS train' 0.035662904605269434, 4000
INFO:root:  batch 200 loss: 0.03557818258181214
INFO:root:LOSS train' 0.03557818258181214, 4100
INFO:root:  batch 300 loss: 0.034524948243051766
INFO:root:LOSS train' 0.034524948243051766, 4200
INFO:root:  batch 400 loss: 0.040136439874768254
INFO:root:LOSS train' 0.040136439874768254, 4300
INFO:root:  batch 500 loss: 0.034295137003064156
INFO:root:LOSS train' 0.034295137003064156, 4400
INFO:root:  batch 600 loss: 0.03311407756060362
INFO:root:LOSS train' 0.03311407756060362, 4500
INFO:root:  batch 700 loss: 0.03223460078239441
INFO:root:LOSS train' 0.03223460078239441, 4600
INFO:root:  batch 800 loss: 0.03261752499267459
INFO:root:LOSS train' 0.03261752499267459, 4700
INFO:root:  batch 900 loss: 0.03237204177305102
INFO:root:LOSS train' 0.03237204177305102, 4800
INFO:root:Epoch: 4 - LOSS train: 0.03237204177305102 LOSS val: 0.032372891902923584 - Elapsed time: 353.05540013313293 s
INFO:root:  batch 100 loss: 0.03279573576524854
INFO:root:LOSS train' 0.03279573576524854, 4975
INFO:root:  batch 200 loss: 0.032405027355998754
INFO:root:LOSS train' 0.032405027355998754, 5075
INFO:root:  batch 300 loss: 0.031066137813031674
INFO:root:LOSS train' 0.031066137813031674, 5175
INFO:root:  batch 400 loss: 0.04146332589909434
INFO:root:LOSS train' 0.04146332589909434, 5275
INFO:root:  batch 500 loss: 0.030939643122255802
INFO:root:LOSS train' 0.030939643122255802, 5375
INFO:root:  batch 600 loss: 0.03185535890981555
INFO:root:LOSS train' 0.03185535890981555, 5475
INFO:root:  batch 700 loss: 0.03129879428073764
INFO:root:LOSS train' 0.03129879428073764, 5575
INFO:root:  batch 800 loss: 0.041840742193162445
INFO:root:LOSS train' 0.041840742193162445, 5675
INFO:root:  batch 900 loss: 0.03295135920867324
INFO:root:LOSS train' 0.03295135920867324, 5775
INFO:root:Epoch: 5 - LOSS train: 0.03295135920867324 LOSS val: 0.033822376281023026 - Elapsed time: 352.86674427986145 s
INFO:root:  batch 100 loss: 0.03021456943824887
INFO:root:LOSS train' 0.03021456943824887, 5950
INFO:root:  batch 200 loss: 0.02918361745774746
INFO:root:LOSS train' 0.02918361745774746, 6050
INFO:root:  batch 300 loss: 0.027506646569818258
INFO:root:LOSS train' 0.027506646569818258, 6150
INFO:root:  batch 400 loss: 0.028586964961141346
INFO:root:LOSS train' 0.028586964961141346, 6250
INFO:root:  batch 500 loss: 0.027141195554286242
INFO:root:LOSS train' 0.027141195554286242, 6350
INFO:root:  batch 600 loss: 0.027230878882110118
INFO:root:LOSS train' 0.027230878882110118, 6450
INFO:root:  batch 700 loss: 0.02686927393078804
INFO:root:LOSS train' 0.02686927393078804, 6550
INFO:root:  batch 800 loss: 0.027258988935500383
INFO:root:LOSS train' 0.027258988935500383, 6650
INFO:root:  batch 900 loss: 0.026624658927321434
INFO:root:LOSS train' 0.026624658927321434, 6750
INFO:root:Epoch: 6 - LOSS train: 0.026624658927321434 LOSS val: 0.026784298941493034 - Elapsed time: 352.66201519966125 s
INFO:root:  batch 100 loss: 0.026954680569469928
INFO:root:LOSS train' 0.026954680569469928, 6925
INFO:root:  batch 200 loss: 0.026311757154762746
INFO:root:LOSS train' 0.026311757154762746, 7025
INFO:root:  batch 300 loss: 0.025565245058387517
INFO:root:LOSS train' 0.025565245058387517, 7125
INFO:root:  batch 400 loss: 0.026770899426192044
INFO:root:LOSS train' 0.026770899426192044, 7225
INFO:root:  batch 500 loss: 0.025901554208248852
INFO:root:LOSS train' 0.025901554208248852, 7325
INFO:root:  batch 600 loss: 0.025108450315892695
INFO:root:LOSS train' 0.025108450315892695, 7425
INFO:root:  batch 700 loss: 0.025384183190762997
INFO:root:LOSS train' 0.025384183190762997, 7525
INFO:root:  batch 800 loss: 0.0244867161475122
INFO:root:LOSS train' 0.0244867161475122, 7625
INFO:root:  batch 900 loss: 0.025313048530369996
INFO:root:LOSS train' 0.025313048530369996, 7725
INFO:root:Epoch: 7 - LOSS train: 0.025313048530369996 LOSS val: 0.02461930364370346 - Elapsed time: 352.2483322620392 s
INFO:root:  batch 100 loss: 0.024693352561444046
INFO:root:LOSS train' 0.024693352561444046, 7900
INFO:root:  batch 200 loss: 0.039175617396831515
INFO:root:LOSS train' 0.039175617396831515, 8000
INFO:root:  batch 300 loss: 0.026778631769120695
INFO:root:LOSS train' 0.026778631769120695, 8100
INFO:root:  batch 400 loss: 0.02470219137147069
INFO:root:LOSS train' 0.02470219137147069, 8200
INFO:root:  batch 500 loss: 0.024109358824789526
INFO:root:LOSS train' 0.024109358824789526, 8300
INFO:root:  batch 600 loss: 0.024200736451894043
INFO:root:LOSS train' 0.024200736451894043, 8400
INFO:root:  batch 700 loss: 0.02322053050622344
INFO:root:LOSS train' 0.02322053050622344, 8500
INFO:root:  batch 800 loss: 0.023326362539082764
INFO:root:LOSS train' 0.023326362539082764, 8600
INFO:root:  batch 900 loss: 0.022812031339854003
INFO:root:LOSS train' 0.022812031339854003, 8700
INFO:root:Epoch: 8 - LOSS train: 0.022812031339854003 LOSS val: 0.02552538923919201 - Elapsed time: 353.1575496196747 s
INFO:root:  batch 100 loss: 0.027079752162098885
INFO:root:LOSS train' 0.027079752162098885, 8875
INFO:root:  batch 200 loss: 0.024585921410471202
INFO:root:LOSS train' 0.024585921410471202, 8975
INFO:root:  batch 300 loss: 0.022891963887959717
INFO:root:LOSS train' 0.022891963887959717, 9075
INFO:root:  batch 400 loss: 0.022394217550754547
INFO:root:LOSS train' 0.022394217550754547, 9175
INFO:root:  batch 500 loss: 0.02453390112146735
INFO:root:LOSS train' 0.02453390112146735, 9275
INFO:root:  batch 600 loss: 0.022144428491592406
INFO:root:LOSS train' 0.022144428491592406, 9375
INFO:root:  batch 700 loss: 0.021821682062000036
INFO:root:LOSS train' 0.021821682062000036, 9475
INFO:root:  batch 800 loss: 0.021786688528954982
INFO:root:LOSS train' 0.021786688528954982, 9575
INFO:root:  batch 900 loss: 0.021205529030412437
INFO:root:LOSS train' 0.021205529030412437, 9675
INFO:root:Epoch: 9 - LOSS train: 0.021205529030412437 LOSS val: 0.021155212074518204 - Elapsed time: 352.87824845314026 s
INFO:root:  batch 100 loss: 0.02205987077206373
INFO:root:LOSS train' 0.02205987077206373, 9850
INFO:root:  batch 200 loss: 0.021080088429152967
INFO:root:LOSS train' 0.021080088429152967, 9950
INFO:root:  batch 300 loss: 0.021215383317321538
INFO:root:LOSS train' 0.021215383317321538, 10050
INFO:root:  batch 400 loss: 0.02136702124029398
INFO:root:LOSS train' 0.02136702124029398, 10150
INFO:root:  batch 500 loss: 0.020852555967867375
INFO:root:LOSS train' 0.020852555967867375, 10250
INFO:root:  batch 600 loss: 0.020541495084762572
INFO:root:LOSS train' 0.020541495084762572, 10350
INFO:root:  batch 700 loss: 0.02112985273823142
INFO:root:LOSS train' 0.02112985273823142, 10450
INFO:root:  batch 800 loss: 0.02128009982407093
INFO:root:LOSS train' 0.02128009982407093, 10550
INFO:root:  batch 900 loss: 0.02239500289782882
INFO:root:LOSS train' 0.02239500289782882, 10650
INFO:root:Epoch: 10 - LOSS train: 0.02239500289782882 LOSS val: 0.019393863156437874 - Elapsed time: 352.4023051261902 s
INFO:root:  batch 100 loss: 0.020953036639839412
INFO:root:LOSS train' 0.020953036639839412, 10825
INFO:root:  batch 200 loss: 0.020092927496880294
INFO:root:LOSS train' 0.020092927496880294, 10925
INFO:root:  batch 300 loss: 0.020296822488307952
INFO:root:LOSS train' 0.020296822488307952, 11025
INFO:root:  batch 400 loss: 0.020056544449180366
INFO:root:LOSS train' 0.020056544449180366, 11125
INFO:root:  batch 500 loss: 0.019657599180936812
INFO:root:LOSS train' 0.019657599180936812, 11225
INFO:root:  batch 600 loss: 0.021753157880157234
INFO:root:LOSS train' 0.021753157880157234, 11325
INFO:root:  batch 700 loss: 0.020504633393138648
INFO:root:LOSS train' 0.020504633393138648, 11425
INFO:root:  batch 800 loss: 0.019417770989239216
INFO:root:LOSS train' 0.019417770989239216, 11525
INFO:root:  batch 900 loss: 0.019688364882022143
INFO:root:LOSS train' 0.019688364882022143, 11625
INFO:root:Epoch: 11 - LOSS train: 0.019688364882022143 LOSS val: 0.018363384529948235 - Elapsed time: 351.8729386329651 s
INFO:root:  batch 100 loss: 0.01919546378776431
INFO:root:LOSS train' 0.01919546378776431, 11800
INFO:root:  batch 200 loss: 0.019215283636003732
INFO:root:LOSS train' 0.019215283636003732, 11900
INFO:root:  batch 300 loss: 0.019113540947437287
INFO:root:LOSS train' 0.019113540947437287, 12000
INFO:root:  batch 400 loss: 0.021573650259524582
INFO:root:LOSS train' 0.021573650259524582, 12100
INFO:root:  batch 500 loss: 0.01893723800778389
INFO:root:LOSS train' 0.01893723800778389, 12200
INFO:root:  batch 600 loss: 0.02009819706901908
INFO:root:LOSS train' 0.02009819706901908, 12300
INFO:root:  batch 700 loss: 0.01868869949132204
INFO:root:LOSS train' 0.01868869949132204, 12400
INFO:root:  batch 800 loss: 0.018660516291856766
INFO:root:LOSS train' 0.018660516291856766, 12500
INFO:root:  batch 900 loss: 0.019037206824868917
INFO:root:LOSS train' 0.019037206824868917, 12600
INFO:root:Epoch: 12 - LOSS train: 0.019037206824868917 LOSS val: 0.022726939991116524 - Elapsed time: 351.98646903038025 s
INFO:root:  batch 100 loss: 0.018899881299585104
INFO:root:LOSS train' 0.018899881299585104, 12775
INFO:root:  batch 200 loss: 0.018163281334564088
INFO:root:LOSS train' 0.018163281334564088, 12875
INFO:root:  batch 300 loss: 0.01910700384527445
INFO:root:LOSS train' 0.01910700384527445, 12975
INFO:root:  batch 400 loss: 0.01822564087808132
INFO:root:LOSS train' 0.01822564087808132, 13075
INFO:root:  batch 500 loss: 0.01798895152285695
INFO:root:LOSS train' 0.01798895152285695, 13175
INFO:root:  batch 600 loss: 0.018017707392573357
INFO:root:LOSS train' 0.018017707392573357, 13275
INFO:root:  batch 700 loss: 0.018636590028181674
INFO:root:LOSS train' 0.018636590028181674, 13375
INFO:root:  batch 800 loss: 0.01764511026442051
INFO:root:LOSS train' 0.01764511026442051, 13475
INFO:root:  batch 900 loss: 0.021649122508242725
INFO:root:LOSS train' 0.021649122508242725, 13575
INFO:root:Epoch: 13 - LOSS train: 0.021649122508242725 LOSS val: 0.03643583506345749 - Elapsed time: 351.99901390075684 s
INFO:root:  batch 100 loss: 0.021847695503383877
INFO:root:LOSS train' 0.021847695503383877, 13750
INFO:root:  batch 200 loss: 0.017852179920300842
INFO:root:LOSS train' 0.017852179920300842, 13850
INFO:root:  batch 300 loss: 0.017830791845917703
INFO:root:LOSS train' 0.017830791845917703, 13950
INFO:root:  batch 400 loss: 0.017052875738590954
INFO:root:LOSS train' 0.017052875738590954, 14050
INFO:root:  batch 500 loss: 0.017416536957025528
INFO:root:LOSS train' 0.017416536957025528, 14150
INFO:root:  batch 600 loss: 0.016855223225429653
INFO:root:LOSS train' 0.016855223225429653, 14250
INFO:root:  batch 700 loss: 0.019140029000118373
INFO:root:LOSS train' 0.019140029000118373, 14350
INFO:root:  batch 800 loss: 0.01763429188169539
INFO:root:LOSS train' 0.01763429188169539, 14450
INFO:root:  batch 900 loss: 0.018484223056584596
INFO:root:LOSS train' 0.018484223056584596, 14550
INFO:root:Epoch: 14 - LOSS train: 0.018484223056584596 LOSS val: 0.04435279592871666 - Elapsed time: 352.0379455089569 s
INFO:root:  batch 100 loss: 0.025311087109148502
INFO:root:LOSS train' 0.025311087109148502, 14725
INFO:root:  batch 200 loss: 0.019569243006408214
INFO:root:LOSS train' 0.019569243006408214, 14825
INFO:root:  batch 300 loss: 0.018649526992812752
INFO:root:LOSS train' 0.018649526992812752, 14925
INFO:root:  batch 400 loss: 0.017317478330805897
INFO:root:LOSS train' 0.017317478330805897, 15025
INFO:root:  batch 500 loss: 0.017514398461207746
INFO:root:LOSS train' 0.017514398461207746, 15125
INFO:root:  batch 600 loss: 0.017185147143900393
INFO:root:LOSS train' 0.017185147143900393, 15225
INFO:root:  batch 700 loss: 0.01773457182571292
INFO:root:LOSS train' 0.01773457182571292, 15325
INFO:root:  batch 800 loss: 0.01828240230679512
INFO:root:LOSS train' 0.01828240230679512, 15425
INFO:root:  batch 900 loss: 0.016744412314146757
INFO:root:LOSS train' 0.016744412314146757, 15525
INFO:root:Epoch: 15 - LOSS train: 0.016744412314146757 LOSS val: 0.016426406800746918 - Elapsed time: 352.465861082077 s
INFO:root:  batch 100 loss: 0.017004160173237325
INFO:root:LOSS train' 0.017004160173237325, 15700
INFO:root:  batch 200 loss: 0.016374015659093858
INFO:root:LOSS train' 0.016374015659093858, 15800
INFO:root:  batch 300 loss: 0.01640955524519086
INFO:root:LOSS train' 0.01640955524519086, 15900
INFO:root:  batch 400 loss: 0.016238918052986263
INFO:root:LOSS train' 0.016238918052986263, 16000
INFO:root:  batch 500 loss: 0.01665029052644968
INFO:root:LOSS train' 0.01665029052644968, 16100
INFO:root:  batch 600 loss: 0.016584770111367105
INFO:root:LOSS train' 0.016584770111367105, 16200
INFO:root:  batch 700 loss: 0.02019037482328713
INFO:root:LOSS train' 0.02019037482328713, 16300
INFO:root:  batch 800 loss: 0.042381696291267874
INFO:root:LOSS train' 0.042381696291267874, 16400
INFO:root:  batch 900 loss: 0.02205284731462598
INFO:root:LOSS train' 0.02205284731462598, 16500
INFO:root:Epoch: 16 - LOSS train: 0.02205284731462598 LOSS val: 0.018679911270737648 - Elapsed time: 351.9313304424286 s
INFO:root:  batch 100 loss: 0.018695004656910895
INFO:root:LOSS train' 0.018695004656910895, 16675
INFO:root:  batch 200 loss: 0.018089954182505606
INFO:root:LOSS train' 0.018089954182505606, 16775
INFO:root:  batch 300 loss: 0.01732752176001668
INFO:root:LOSS train' 0.01732752176001668, 16875
INFO:root:  batch 400 loss: 0.017239003563299774
INFO:root:LOSS train' 0.017239003563299774, 16975
INFO:root:  batch 500 loss: 0.017332137702032922
INFO:root:LOSS train' 0.017332137702032922, 17075
INFO:root:  batch 600 loss: 0.01671596913598478
INFO:root:LOSS train' 0.01671596913598478, 17175
INFO:root:  batch 700 loss: 0.016917902575805784
INFO:root:LOSS train' 0.016917902575805784, 17275
INFO:root:  batch 800 loss: 0.01631113775074482
INFO:root:LOSS train' 0.01631113775074482, 17375
INFO:root:  batch 900 loss: 0.016693821102380754
INFO:root:LOSS train' 0.016693821102380754, 17475
INFO:root:Epoch: 17 - LOSS train: 0.016693821102380754 LOSS val: 0.015810050070285797 - Elapsed time: 352.72607707977295 s
INFO:root:  batch 100 loss: 0.015887916600331665
INFO:root:LOSS train' 0.015887916600331665, 17650
INFO:root:  batch 200 loss: 0.015795859498903154
INFO:root:LOSS train' 0.015795859498903154, 17750
INFO:root:  batch 300 loss: 0.016058343835175036
INFO:root:LOSS train' 0.016058343835175036, 17850
INFO:root:  batch 400 loss: 0.017134372629225254
INFO:root:LOSS train' 0.017134372629225254, 17950
INFO:root:  batch 500 loss: 0.01586894106119871
INFO:root:LOSS train' 0.01586894106119871, 18050
INFO:root:  batch 600 loss: 0.015628536166623234
INFO:root:LOSS train' 0.015628536166623234, 18150
INFO:root:  batch 700 loss: 0.01619550185278058
INFO:root:LOSS train' 0.01619550185278058, 18250
INFO:root:  batch 800 loss: 0.015559242554008961
INFO:root:LOSS train' 0.015559242554008961, 18350
INFO:root:  batch 900 loss: 0.01573874513618648
INFO:root:LOSS train' 0.01573874513618648, 18450
INFO:root:Epoch: 18 - LOSS train: 0.01573874513618648 LOSS val: 0.015214012004435062 - Elapsed time: 352.36127042770386 s
INFO:root:  batch 100 loss: 0.025344767794013023
INFO:root:LOSS train' 0.025344767794013023, 18625
INFO:root:  batch 200 loss: 0.01636795399710536
INFO:root:LOSS train' 0.01636795399710536, 18725
INFO:root:  batch 300 loss: 0.015449881460517645
INFO:root:LOSS train' 0.015449881460517645, 18825
INFO:root:  batch 400 loss: 0.015374647593125701
INFO:root:LOSS train' 0.015374647593125701, 18925
INFO:root:  batch 500 loss: 0.015305683156475425
INFO:root:LOSS train' 0.015305683156475425, 19025
INFO:root:  batch 600 loss: 0.015327325155958534
INFO:root:LOSS train' 0.015327325155958534, 19125
INFO:root:  batch 700 loss: 0.015005279565230012
INFO:root:LOSS train' 0.015005279565230012, 19225
INFO:root:  batch 800 loss: 0.014671466909348965
INFO:root:LOSS train' 0.014671466909348965, 19325
INFO:root:  batch 900 loss: 0.015645866310223938
INFO:root:LOSS train' 0.015645866310223938, 19425
INFO:root:Epoch: 19 - LOSS train: 0.015645866310223938 LOSS val: 0.014432665891945362 - Elapsed time: 352.94716358184814 s
INFO:root:  batch 100 loss: 0.015615915367379784
INFO:root:LOSS train' 0.015615915367379784, 19600
INFO:root:  batch 200 loss: 0.01464331611059606
INFO:root:LOSS train' 0.01464331611059606, 19700
INFO:root:  batch 300 loss: 0.014882366275414824
INFO:root:LOSS train' 0.014882366275414824, 19800
INFO:root:  batch 400 loss: 0.014858256848528982
INFO:root:LOSS train' 0.014858256848528982, 19900
INFO:root:  batch 500 loss: 0.01533145553432405
INFO:root:LOSS train' 0.01533145553432405, 20000
INFO:root:  batch 600 loss: 0.015078380974009632
INFO:root:LOSS train' 0.015078380974009632, 20100
INFO:root:  batch 700 loss: 0.015386502938345075
INFO:root:LOSS train' 0.015386502938345075, 20200
INFO:root:  batch 800 loss: 0.014690439514815808
INFO:root:LOSS train' 0.014690439514815808, 20300
INFO:root:  batch 900 loss: 0.014338075052946805
INFO:root:LOSS train' 0.014338075052946805, 20400
INFO:root:Epoch: 20 - LOSS train: 0.014338075052946805 LOSS val: 0.01465508434921503 - Elapsed time: 351.7805428504944 s
INFO:root:  batch 100 loss: 0.014576358031481504
INFO:root:LOSS train' 0.014576358031481504, 20575
INFO:root:  batch 200 loss: 0.014502121033146978
INFO:root:LOSS train' 0.014502121033146978, 20675
INFO:root:  batch 300 loss: 0.014576901253312825
INFO:root:LOSS train' 0.014576901253312825, 20775
INFO:root:  batch 400 loss: 0.014677033051848412
INFO:root:LOSS train' 0.014677033051848412, 20875
INFO:root:  batch 500 loss: 0.014371102135628462
INFO:root:LOSS train' 0.014371102135628462, 20975
INFO:root:  batch 600 loss: 0.026783215990290047
INFO:root:LOSS train' 0.026783215990290047, 21075
INFO:root:  batch 700 loss: 0.016067102374508976
INFO:root:LOSS train' 0.016067102374508976, 21175
INFO:root:  batch 800 loss: 0.014496906260028482
INFO:root:LOSS train' 0.014496906260028482, 21275
INFO:root:  batch 900 loss: 0.0141503073181957
INFO:root:LOSS train' 0.0141503073181957, 21375
INFO:root:Epoch: 21 - LOSS train: 0.0141503073181957 LOSS val: 0.013993141241371632 - Elapsed time: 352.33089566230774 s
INFO:root:  batch 100 loss: 0.014313711980357767
INFO:root:LOSS train' 0.014313711980357767, 21550
INFO:root:  batch 200 loss: 0.014046745924279094
INFO:root:LOSS train' 0.014046745924279094, 21650
INFO:root:  batch 300 loss: 0.014097830010578037
INFO:root:LOSS train' 0.014097830010578037, 21750
INFO:root:  batch 400 loss: 0.014107716577127576
INFO:root:LOSS train' 0.014107716577127576, 21850
INFO:root:  batch 500 loss: 0.013886409271508455
INFO:root:LOSS train' 0.013886409271508455, 21950
INFO:root:  batch 600 loss: 0.014144979203119874
INFO:root:LOSS train' 0.014144979203119874, 22050
INFO:root:  batch 700 loss: 0.014132089093327522
INFO:root:LOSS train' 0.014132089093327522, 22150
INFO:root:  batch 800 loss: 0.014080963041633367
INFO:root:LOSS train' 0.014080963041633367, 22250
INFO:root:  batch 900 loss: 0.013921039644628763
INFO:root:LOSS train' 0.013921039644628763, 22350
INFO:root:Epoch: 22 - LOSS train: 0.013921039644628763 LOSS val: 0.013595829717814922 - Elapsed time: 351.8913493156433 s
INFO:root:  batch 100 loss: 0.013760897526517511
INFO:root:LOSS train' 0.013760897526517511, 22525
INFO:root:  batch 200 loss: 0.0134853489510715
INFO:root:LOSS train' 0.0134853489510715, 22625
INFO:root:  batch 300 loss: 0.018034061528742314
INFO:root:LOSS train' 0.018034061528742314, 22725
INFO:root:  batch 400 loss: 0.013816565750166774
INFO:root:LOSS train' 0.013816565750166774, 22825
INFO:root:  batch 500 loss: 0.013852927759289741
INFO:root:LOSS train' 0.013852927759289741, 22925
INFO:root:  batch 600 loss: 0.013705238038673996
INFO:root:LOSS train' 0.013705238038673996, 23025
INFO:root:  batch 700 loss: 0.013761262698099018
INFO:root:LOSS train' 0.013761262698099018, 23125
INFO:root:  batch 800 loss: 0.01545755848288536
INFO:root:LOSS train' 0.01545755848288536, 23225
INFO:root:  batch 900 loss: 0.013529762551188469
INFO:root:LOSS train' 0.013529762551188469, 23325
INFO:root:Epoch: 23 - LOSS train: 0.013529762551188469 LOSS val: 0.013192699290812016 - Elapsed time: 352.01560401916504 s
INFO:root:  batch 100 loss: 0.01347322242334485
INFO:root:LOSS train' 0.01347322242334485, 23500
INFO:root:  batch 200 loss: 0.013447368321940302
INFO:root:LOSS train' 0.013447368321940302, 23600
INFO:root:  batch 300 loss: 0.013479345245286822
INFO:root:LOSS train' 0.013479345245286822, 23700
INFO:root:  batch 400 loss: 0.013439899981021882
INFO:root:LOSS train' 0.013439899981021882, 23800
INFO:root:  batch 500 loss: 0.01338662157766521
INFO:root:LOSS train' 0.01338662157766521, 23900
INFO:root:  batch 600 loss: 0.013085707603022457
INFO:root:LOSS train' 0.013085707603022457, 24000
INFO:root:  batch 700 loss: 0.014059071596711874
INFO:root:LOSS train' 0.014059071596711874, 24100
INFO:root:  batch 800 loss: 0.012992272973060609
INFO:root:LOSS train' 0.012992272973060609, 24200
INFO:root:  batch 900 loss: 0.013560726158320904
INFO:root:LOSS train' 0.013560726158320904, 24300
INFO:root:Epoch: 24 - LOSS train: 0.013560726158320904 LOSS val: 0.013253111392259598 - Elapsed time: 352.44332814216614 s
INFO:root:  batch 100 loss: 0.013319646371528507
INFO:root:LOSS train' 0.013319646371528507, 24475
INFO:root:  batch 200 loss: 0.013441893784329296
INFO:root:LOSS train' 0.013441893784329296, 24575
INFO:root:  batch 300 loss: 0.013304109154269099
INFO:root:LOSS train' 0.013304109154269099, 24675
INFO:root:  batch 400 loss: 0.012912024036049843
INFO:root:LOSS train' 0.012912024036049843, 24775
INFO:root:  batch 500 loss: 0.013248778684064745
INFO:root:LOSS train' 0.013248778684064745, 24875
INFO:root:  batch 600 loss: 0.012852426217868924
INFO:root:LOSS train' 0.012852426217868924, 24975
INFO:root:  batch 700 loss: 0.024874202413484453
INFO:root:LOSS train' 0.024874202413484453, 25075
INFO:root:  batch 800 loss: 0.016594953602179885
INFO:root:LOSS train' 0.016594953602179885, 25175
INFO:root:  batch 900 loss: 0.013895714115351438
INFO:root:LOSS train' 0.013895714115351438, 25275
INFO:root:Epoch: 25 - LOSS train: 0.013895714115351438 LOSS val: 0.014257745817303658 - Elapsed time: 352.1900825500488 s
INFO:root:  batch 100 loss: 0.013093304568901658
INFO:root:LOSS train' 0.013093304568901658, 25450
INFO:root:  batch 200 loss: 0.013049920089542866
INFO:root:LOSS train' 0.013049920089542866, 25550
INFO:root:  batch 300 loss: 0.01905340268276632
INFO:root:LOSS train' 0.01905340268276632, 25650
INFO:root:  batch 400 loss: 0.013328910656273365
INFO:root:LOSS train' 0.013328910656273365, 25750
INFO:root:  batch 500 loss: 0.013470814656466245
INFO:root:LOSS train' 0.013470814656466245, 25850
INFO:root:  batch 600 loss: 0.013023544708266855
INFO:root:LOSS train' 0.013023544708266855, 25950
INFO:root:  batch 700 loss: 0.0137580640707165
INFO:root:LOSS train' 0.0137580640707165, 26050
INFO:root:  batch 800 loss: 0.012757677473127843
INFO:root:LOSS train' 0.012757677473127843, 26150
INFO:root:  batch 900 loss: 0.013064951542764902
INFO:root:LOSS train' 0.013064951542764902, 26250
INFO:root:Epoch: 26 - LOSS train: 0.013064951542764902 LOSS val: 0.012772713787853718 - Elapsed time: 351.5969913005829 s
INFO:root:  batch 100 loss: 0.012612412320449948
INFO:root:LOSS train' 0.012612412320449948, 26425
INFO:root:  batch 200 loss: 0.014272179920226336
INFO:root:LOSS train' 0.014272179920226336, 26525
INFO:root:  batch 300 loss: 0.020256897965446115
INFO:root:LOSS train' 0.020256897965446115, 26625
INFO:root:  batch 400 loss: 0.014454128919169307
INFO:root:LOSS train' 0.014454128919169307, 26725
INFO:root:  batch 500 loss: 0.013151766723021865
INFO:root:LOSS train' 0.013151766723021865, 26825
INFO:root:  batch 600 loss: 0.013322315160185099
INFO:root:LOSS train' 0.013322315160185099, 26925
INFO:root:  batch 700 loss: 0.012584437457844615
INFO:root:LOSS train' 0.012584437457844615, 27025
INFO:root:  batch 800 loss: 0.02303119854070246
INFO:root:LOSS train' 0.02303119854070246, 27125
INFO:root:  batch 900 loss: 0.015049390280619263
INFO:root:LOSS train' 0.015049390280619263, 27225
INFO:root:Epoch: 27 - LOSS train: 0.015049390280619263 LOSS val: 0.013182141818106174 - Elapsed time: 351.48552536964417 s
INFO:root:  batch 100 loss: 0.013291788855567574
INFO:root:LOSS train' 0.013291788855567574, 27400
INFO:root:  batch 200 loss: 0.013110754750669003
INFO:root:LOSS train' 0.013110754750669003, 27500
INFO:root:  batch 300 loss: 0.012886817576363683
INFO:root:LOSS train' 0.012886817576363683, 27600
INFO:root:  batch 400 loss: 0.023186243278905748
INFO:root:LOSS train' 0.023186243278905748, 27700
INFO:root:  batch 500 loss: 0.017817145278677345
INFO:root:LOSS train' 0.017817145278677345, 27800
INFO:root:  batch 600 loss: 0.014224967025220393
INFO:root:LOSS train' 0.014224967025220393, 27900
INFO:root:  batch 700 loss: 0.01328127454034984
INFO:root:LOSS train' 0.01328127454034984, 28000
INFO:root:  batch 800 loss: 0.013020484643056988
INFO:root:LOSS train' 0.013020484643056988, 28100
INFO:root:  batch 900 loss: 0.012793414322659373
INFO:root:LOSS train' 0.012793414322659373, 28200
INFO:root:Epoch: 28 - LOSS train: 0.012793414322659373 LOSS val: 0.012477581389248371 - Elapsed time: 352.3112909793854 s
INFO:root:  batch 100 loss: 0.01251279901713133
INFO:root:LOSS train' 0.01251279901713133, 28375
INFO:root:  batch 200 loss: 0.012473014229908586
INFO:root:LOSS train' 0.012473014229908586, 28475
INFO:root:  batch 300 loss: 0.012613644190132618
INFO:root:LOSS train' 0.012613644190132618, 28575
INFO:root:  batch 400 loss: 0.012577956495806574
INFO:root:LOSS train' 0.012577956495806574, 28675
INFO:root:  batch 500 loss: 0.012543358756229282
INFO:root:LOSS train' 0.012543358756229282, 28775
INFO:root:  batch 600 loss: 0.012468024706467986
INFO:root:LOSS train' 0.012468024706467986, 28875
INFO:root:  batch 700 loss: 0.012142941690981388
INFO:root:LOSS train' 0.012142941690981388, 28975
INFO:root:  batch 800 loss: 0.012340199444442987
INFO:root:LOSS train' 0.012340199444442987, 29075
INFO:root:  batch 900 loss: 0.012545432224869727
INFO:root:LOSS train' 0.012545432224869727, 29175
INFO:root:Epoch: 29 - LOSS train: 0.012545432224869727 LOSS val: 0.012275594286620617 - Elapsed time: 351.4344177246094 s
INFO:root:  batch 100 loss: 0.012166387010365725
INFO:root:LOSS train' 0.012166387010365725, 29350
INFO:root:  batch 200 loss: 0.012035221746191382
INFO:root:LOSS train' 0.012035221746191382, 29450
INFO:root:  batch 300 loss: 0.012290155617520213
INFO:root:LOSS train' 0.012290155617520213, 29550
INFO:root:  batch 400 loss: 0.012154394434764982
INFO:root:LOSS train' 0.012154394434764982, 29650
INFO:root:  batch 500 loss: 0.01199645595625043
INFO:root:LOSS train' 0.01199645595625043, 29750
INFO:root:  batch 600 loss: 0.012035486493259669
INFO:root:LOSS train' 0.012035486493259669, 29850
INFO:root:  batch 700 loss: 0.01192758871242404
INFO:root:LOSS train' 0.01192758871242404, 29950
INFO:root:  batch 800 loss: 0.011973427506163717
INFO:root:LOSS train' 0.011973427506163717, 30050
INFO:root:  batch 900 loss: 0.012258449168875814
INFO:root:LOSS train' 0.012258449168875814, 30150
INFO:root:Epoch: 30 - LOSS train: 0.012258449168875814 LOSS val: 0.011955850757658482 - Elapsed time: 351.44182777404785 s
INFO:root:  batch 100 loss: 0.01204529844224453
INFO:root:LOSS train' 0.01204529844224453, 30325
INFO:root:  batch 200 loss: 0.012165762074291707
INFO:root:LOSS train' 0.012165762074291707, 30425
INFO:root:  batch 300 loss: 0.018025764804333447
INFO:root:LOSS train' 0.018025764804333447, 30525
INFO:root:  batch 400 loss: 0.01830505320802331
INFO:root:LOSS train' 0.01830505320802331, 30625
INFO:root:  batch 500 loss: 0.014249686263501643
INFO:root:LOSS train' 0.014249686263501643, 30725
INFO:root:  batch 600 loss: 0.012830285020172597
INFO:root:LOSS train' 0.012830285020172597, 30825
INFO:root:  batch 700 loss: 0.012824584348127246
INFO:root:LOSS train' 0.012824584348127246, 30925
INFO:root:  batch 800 loss: 0.012558035403490066
INFO:root:LOSS train' 0.012558035403490066, 31025
INFO:root:  batch 900 loss: 0.012373575512319802
INFO:root:LOSS train' 0.012373575512319802, 31125
INFO:root:Epoch: 31 - LOSS train: 0.012373575512319802 LOSS val: 0.01253871526569128 - Elapsed time: 352.20388102531433 s
INFO:root:  batch 100 loss: 0.012239479813724757
INFO:root:LOSS train' 0.012239479813724757, 31300
INFO:root:  batch 200 loss: 0.011937637673690915
INFO:root:LOSS train' 0.011937637673690915, 31400
INFO:root:  batch 300 loss: 0.01193446367047727
INFO:root:LOSS train' 0.01193446367047727, 31500
INFO:root:  batch 400 loss: 0.012086019869893789
INFO:root:LOSS train' 0.012086019869893789, 31600
INFO:root:  batch 500 loss: 0.012172896936535836
INFO:root:LOSS train' 0.012172896936535836, 31700
INFO:root:  batch 600 loss: 0.01184321909211576
INFO:root:LOSS train' 0.01184321909211576, 31800
INFO:root:  batch 700 loss: 0.011792214876040817
INFO:root:LOSS train' 0.011792214876040817, 31900
INFO:root:  batch 800 loss: 0.012079956522211433
INFO:root:LOSS train' 0.012079956522211433, 32000
INFO:root:  batch 900 loss: 0.011868435489013791
INFO:root:LOSS train' 0.011868435489013791, 32100
INFO:root:Epoch: 32 - LOSS train: 0.011868435489013791 LOSS val: 0.012189209461212158 - Elapsed time: 351.7276577949524 s
INFO:root:  batch 100 loss: 0.011690444760024548
INFO:root:LOSS train' 0.011690444760024548, 32275
INFO:root:  batch 200 loss: 0.011863721068948507
INFO:root:LOSS train' 0.011863721068948507, 32375
INFO:root:  batch 300 loss: 0.011955308588221669
INFO:root:LOSS train' 0.011955308588221669, 32475
INFO:root:  batch 400 loss: 0.011452141832560301
INFO:root:LOSS train' 0.011452141832560301, 32575
INFO:root:  batch 500 loss: 0.011659418502822518
INFO:root:LOSS train' 0.011659418502822518, 32675
INFO:root:  batch 600 loss: 0.011630551284179091
INFO:root:LOSS train' 0.011630551284179091, 32775
INFO:root:  batch 700 loss: 0.01182933459058404
INFO:root:LOSS train' 0.01182933459058404, 32875
INFO:root:  batch 800 loss: 0.011513478886336088
INFO:root:LOSS train' 0.011513478886336088, 32975
INFO:root:  batch 900 loss: 0.011491096513345837
INFO:root:LOSS train' 0.011491096513345837, 33075
INFO:root:Epoch: 33 - LOSS train: 0.011491096513345837 LOSS val: 0.011596676893532276 - Elapsed time: 351.6749632358551 s
INFO:root:  batch 100 loss: 0.011296984814107418
INFO:root:LOSS train' 0.011296984814107418, 33250
INFO:root:  batch 200 loss: 0.01170028181746602
INFO:root:LOSS train' 0.01170028181746602, 33350
INFO:root:  batch 300 loss: 0.012172661339864135
INFO:root:LOSS train' 0.012172661339864135, 33450
INFO:root:  batch 400 loss: 0.011422096658498049
INFO:root:LOSS train' 0.011422096658498049, 33550
INFO:root:  batch 500 loss: 0.011392866680398583
INFO:root:LOSS train' 0.011392866680398583, 33650
INFO:root:  batch 600 loss: 0.011358225392177701
INFO:root:LOSS train' 0.011358225392177701, 33750
INFO:root:  batch 700 loss: 0.011580043239519
INFO:root:LOSS train' 0.011580043239519, 33850
INFO:root:  batch 800 loss: 0.011223688824102282
INFO:root:LOSS train' 0.011223688824102282, 33950
INFO:root:  batch 900 loss: 0.011185980653390288
INFO:root:LOSS train' 0.011185980653390288, 34050
INFO:root:Epoch: 34 - LOSS train: 0.011185980653390288 LOSS val: 0.01208361517637968 - Elapsed time: 352.10560131073 s
INFO:root:  batch 100 loss: 0.011465081693604589
INFO:root:LOSS train' 0.011465081693604589, 34225
INFO:root:  batch 200 loss: 0.011394583424553274
INFO:root:LOSS train' 0.011394583424553274, 34325
INFO:root:  batch 300 loss: 0.011175585482269525
INFO:root:LOSS train' 0.011175585482269525, 34425
INFO:root:  batch 400 loss: 0.014067622413858772
INFO:root:LOSS train' 0.014067622413858772, 34525
INFO:root:  batch 500 loss: 0.012133010085672141
INFO:root:LOSS train' 0.012133010085672141, 34625
INFO:root:  batch 600 loss: 0.011301167979836465
INFO:root:LOSS train' 0.011301167979836465, 34725
INFO:root:  batch 700 loss: 0.011865126388147473
INFO:root:LOSS train' 0.011865126388147473, 34825
INFO:root:  batch 800 loss: 0.011161810122430324
INFO:root:LOSS train' 0.011161810122430324, 34925
INFO:root:  batch 900 loss: 0.011220091301947833
INFO:root:LOSS train' 0.011220091301947833, 35025
INFO:root:Epoch: 35 - LOSS train: 0.011220091301947833 LOSS val: 0.01148619968444109 - Elapsed time: 351.35724663734436 s
INFO:root:  batch 100 loss: 0.011093685850501061
INFO:root:LOSS train' 0.011093685850501061, 35200
INFO:root:  batch 200 loss: 0.011089935656636954
INFO:root:LOSS train' 0.011089935656636954, 35300
INFO:root:  batch 300 loss: 0.010868714731186628
INFO:root:LOSS train' 0.010868714731186628, 35400
INFO:root:  batch 400 loss: 0.011208468424156308
INFO:root:LOSS train' 0.011208468424156308, 35500
INFO:root:  batch 500 loss: 0.011014060704037548
INFO:root:LOSS train' 0.011014060704037548, 35600
INFO:root:  batch 600 loss: 0.010996927376836538
INFO:root:LOSS train' 0.010996927376836538, 35700
INFO:root:  batch 700 loss: 0.010865281783044339
INFO:root:LOSS train' 0.010865281783044339, 35800
INFO:root:  batch 800 loss: 0.010947267431765795
INFO:root:LOSS train' 0.010947267431765795, 35900
INFO:root:  batch 900 loss: 0.011171759692952038
INFO:root:LOSS train' 0.011171759692952038, 36000
INFO:root:Epoch: 36 - LOSS train: 0.011171759692952038 LOSS val: 0.010964822955429554 - Elapsed time: 352.0857820510864 s
INFO:root:  batch 100 loss: 0.010941339656710625
INFO:root:LOSS train' 0.010941339656710625, 36175
INFO:root:  batch 200 loss: 0.010774050606414676
INFO:root:LOSS train' 0.010774050606414676, 36275
INFO:root:  batch 300 loss: 0.010762801617383957
INFO:root:LOSS train' 0.010762801617383957, 36375
INFO:root:  batch 400 loss: 0.010675822729244827
INFO:root:LOSS train' 0.010675822729244827, 36475
INFO:root:  batch 500 loss: 0.01119593121111393
INFO:root:LOSS train' 0.01119593121111393, 36575
INFO:root:  batch 600 loss: 0.010791042037308216
INFO:root:LOSS train' 0.010791042037308216, 36675
INFO:root:  batch 700 loss: 0.010986039321869612
INFO:root:LOSS train' 0.010986039321869612, 36775
INFO:root:  batch 800 loss: 0.010529828816652298
INFO:root:LOSS train' 0.010529828816652298, 36875
INFO:root:  batch 900 loss: 0.010804984932765365
INFO:root:LOSS train' 0.010804984932765365, 36975
INFO:root:Epoch: 37 - LOSS train: 0.010804984932765365 LOSS val: 0.01082898210734129 - Elapsed time: 352.3796284198761 s
INFO:root:  batch 100 loss: 0.01083222420886159
INFO:root:LOSS train' 0.01083222420886159, 37150
INFO:root:  batch 200 loss: 0.010772209810093046
INFO:root:LOSS train' 0.010772209810093046, 37250
INFO:root:  batch 300 loss: 0.017798089310526847
INFO:root:LOSS train' 0.017798089310526847, 37350
INFO:root:  batch 400 loss: 0.015357129415497184
INFO:root:LOSS train' 0.015357129415497184, 37450
INFO:root:  batch 500 loss: 0.011553685646504164
INFO:root:LOSS train' 0.011553685646504164, 37550
INFO:root:  batch 600 loss: 0.01104071338661015
INFO:root:LOSS train' 0.01104071338661015, 37650
INFO:root:  batch 700 loss: 0.010748079167678953
INFO:root:LOSS train' 0.010748079167678953, 37750
INFO:root:  batch 800 loss: 0.010949645927175879
INFO:root:LOSS train' 0.010949645927175879, 37850
INFO:root:  batch 900 loss: 0.01070476601831615
INFO:root:LOSS train' 0.01070476601831615, 37950
INFO:root:Epoch: 38 - LOSS train: 0.01070476601831615 LOSS val: 0.010713472031056881 - Elapsed time: 351.50522661209106 s
INFO:root:  batch 100 loss: 0.010615358082577585
INFO:root:LOSS train' 0.010615358082577585, 38125
INFO:root:  batch 200 loss: 0.010545543050393463
INFO:root:LOSS train' 0.010545543050393463, 38225
INFO:root:  batch 300 loss: 0.01026146711781621
INFO:root:LOSS train' 0.01026146711781621, 38325
INFO:root:  batch 400 loss: 0.010855600796639919
INFO:root:LOSS train' 0.010855600796639919, 38425
INFO:root:  batch 500 loss: 0.010505376942455768
INFO:root:LOSS train' 0.010505376942455768, 38525
INFO:root:  batch 600 loss: 0.010503682484850287
INFO:root:LOSS train' 0.010503682484850287, 38625
INFO:root:  batch 700 loss: 0.016598068540915847
INFO:root:LOSS train' 0.016598068540915847, 38725
INFO:root:  batch 800 loss: 0.01844248271547258
INFO:root:LOSS train' 0.01844248271547258, 38825
INFO:root:  batch 900 loss: 0.01312048708088696
INFO:root:LOSS train' 0.01312048708088696, 38925
INFO:root:Epoch: 39 - LOSS train: 0.01312048708088696 LOSS val: 0.011702176183462143 - Elapsed time: 351.7909572124481 s
INFO:root:  batch 100 loss: 0.011348862098529935
INFO:root:LOSS train' 0.011348862098529935, 39100
INFO:root:  batch 200 loss: 0.011220379956066609
INFO:root:LOSS train' 0.011220379956066609, 39200
INFO:root:  batch 300 loss: 0.010851103095337749
INFO:root:LOSS train' 0.010851103095337749, 39300
INFO:root:  batch 400 loss: 0.01067152950912714
INFO:root:LOSS train' 0.01067152950912714, 39400
INFO:root:  batch 500 loss: 0.01078935768455267
INFO:root:LOSS train' 0.01078935768455267, 39500
INFO:root:  batch 600 loss: 0.010546550136059523
INFO:root:LOSS train' 0.010546550136059523, 39600
INFO:root:  batch 700 loss: 0.010592106422409415
INFO:root:LOSS train' 0.010592106422409415, 39700
INFO:root:  batch 800 loss: 0.010863869795575737
INFO:root:LOSS train' 0.010863869795575737, 39800
INFO:root:  batch 900 loss: 0.01043244387023151
INFO:root:LOSS train' 0.01043244387023151, 39900
INFO:root:Epoch: 40 - LOSS train: 0.01043244387023151 LOSS val: 0.01104430016130209 - Elapsed time: 352.1273159980774 s
INFO:root:*************
INFO:root:             
INFO:root:Starting to test....
INFO:root:             
INFO:root:OneStep loss: 0.0108290771022439
INFO:root:Scalar loss: 0.014661778695881367
INFO:root:Vector loss: 0.008912726305425167
INFO:root:             
INFO:root:Done.
