INFO:root:*************
INFO:root:             
INFO:root:model chosen: CR
INFO:root:multivector activation function?: 0
INFO:root:training trajectories: 10400
INFO:root:training epochs: 200
INFO:root:training batchsize: 16
INFO:root:learning rate: 0.0001
INFO:root:seed: 666
INFO:root:patience: 15
INFO:root:training dataset path: datasets/trainingdataviscous/
INFO:root:test dataset path: datasets/testdataviscous/
INFO:root:             
INFO:root:*************
INFO:root:Using device: cuda
INFO:root:[[[1.6940998  1.5566934  1.3046039  1.0440726 ]
  [1.6066581  1.3995012  1.342347   1.233624  ]
  [1.4666691  1.3354036  1.3883016  1.2737162 ]
  [1.4122795  1.3854291  1.4587754  1.339578  ]]

 [[1.6459564  1.3450366  1.0299298  0.77708894]
  [1.6489182  1.5250436  1.3721011  1.2203181 ]
  [1.4844782  1.3996952  1.3643513  1.3251002 ]
  [1.3969231  1.3963239  1.4048748  1.4067723 ]]]
INFO:root:****
INFO:root:[[[1.6940998  1.5566934  1.3046039  1.0440726 ]
  [1.6066581  1.3995012  1.342347   1.233624  ]
  [1.4666691  1.3354036  1.3883016  1.2737162 ]
  [1.4122795  1.3854291  1.4587754  1.339578  ]]

 [[1.6459564  1.3450366  1.0299298  0.77708894]
  [1.6489182  1.5250436  1.3721011  1.2203181 ]
  [1.4844782  1.3996952  1.3643513  1.3251002 ]
  [1.3969231  1.3963239  1.4048748  1.4067723 ]]]
INFO:root:Train input shape: torch.Size([10400, 2, 128, 128, 3])
INFO:root:Train labels shape: torch.Size([10400, 1, 128, 128, 3])
INFO:root:                   
INFO:root:Val input shape: torch.Size([4680, 2, 128, 128, 3])
INFO:root:Val labels shape: torch.Size([4680, 1, 128, 128, 3])
INFO:root:*************
INFO:root:             
INFO:root:Starting to train....
INFO:root:  batch 100 loss: 0.22463514164090156
INFO:root:LOSS train' 0.22463514164090156, 100
INFO:root:  batch 200 loss: 0.1556849190592766
INFO:root:LOSS train' 0.1556849190592766, 200
INFO:root:  batch 300 loss: 0.1346134378761053
INFO:root:LOSS train' 0.1346134378761053, 300
INFO:root:  batch 400 loss: 0.12207279421389103
INFO:root:LOSS train' 0.12207279421389103, 400
INFO:root:  batch 500 loss: 0.10927087359130383
INFO:root:LOSS train' 0.10927087359130383, 500
INFO:root:  batch 600 loss: 0.09941373065114022
INFO:root:LOSS train' 0.09941373065114022, 600
INFO:root:Epoch: 0 - LOSS train: 0.09941373065114022 LOSS val: 0.11833956837654114 - Elapsed time: 254.62670993804932 s
INFO:root:  batch 100 loss: 0.08813882984220982
INFO:root:LOSS train' 0.08813882984220982, 750
INFO:root:  batch 200 loss: 0.08235104382038116
INFO:root:LOSS train' 0.08235104382038116, 850
INFO:root:  batch 300 loss: 0.08096539452672005
INFO:root:LOSS train' 0.08096539452672005, 950
INFO:root:  batch 400 loss: 0.0724499499052763
INFO:root:LOSS train' 0.0724499499052763, 1050
INFO:root:  batch 500 loss: 0.07112971726804972
INFO:root:LOSS train' 0.07112971726804972, 1150
INFO:root:  batch 600 loss: 0.0674333418905735
INFO:root:LOSS train' 0.0674333418905735, 1250
INFO:root:Epoch: 1 - LOSS train: 0.0674333418905735 LOSS val: 0.061575304716825485 - Elapsed time: 253.36357045173645 s
INFO:root:  batch 100 loss: 0.0628251563757658
INFO:root:LOSS train' 0.0628251563757658, 1400
INFO:root:  batch 200 loss: 0.06403705209493638
INFO:root:LOSS train' 0.06403705209493638, 1500
INFO:root:  batch 300 loss: 0.05754721112549305
INFO:root:LOSS train' 0.05754721112549305, 1600
INFO:root:  batch 400 loss: 0.06008125234395265
INFO:root:LOSS train' 0.06008125234395265, 1700
INFO:root:  batch 500 loss: 0.05534073889255524
INFO:root:LOSS train' 0.05534073889255524, 1800
INFO:root:  batch 600 loss: 0.05219685055315495
INFO:root:LOSS train' 0.05219685055315495, 1900
INFO:root:Epoch: 2 - LOSS train: 0.05219685055315495 LOSS val: 0.051337506622076035 - Elapsed time: 253.77966856956482 s
INFO:root:  batch 100 loss: 0.05333625096827745
INFO:root:LOSS train' 0.05333625096827745, 2050
INFO:root:  batch 200 loss: 0.04892270315438509
INFO:root:LOSS train' 0.04892270315438509, 2150
INFO:root:  batch 300 loss: 0.053198429085314275
INFO:root:LOSS train' 0.053198429085314275, 2250
INFO:root:  batch 400 loss: 0.049030264914035795
INFO:root:LOSS train' 0.049030264914035795, 2350
INFO:root:  batch 500 loss: 0.046180536486208436
INFO:root:LOSS train' 0.046180536486208436, 2450
INFO:root:  batch 600 loss: 0.05060494914650917
INFO:root:LOSS train' 0.05060494914650917, 2550
INFO:root:Epoch: 3 - LOSS train: 0.05060494914650917 LOSS val: 0.045884568244218826 - Elapsed time: 254.0458526611328 s
INFO:root:  batch 100 loss: 0.047540076896548274
INFO:root:LOSS train' 0.047540076896548274, 2700
INFO:root:  batch 200 loss: 0.047385539934039114
INFO:root:LOSS train' 0.047385539934039114, 2800
INFO:root:  batch 300 loss: 0.044792221523821354
INFO:root:LOSS train' 0.044792221523821354, 2900
INFO:root:  batch 400 loss: 0.040613770857453345
INFO:root:LOSS train' 0.040613770857453345, 3000
INFO:root:  batch 500 loss: 0.045080001652240756
INFO:root:LOSS train' 0.045080001652240756, 3100
INFO:root:  batch 600 loss: 0.040256774500012395
INFO:root:LOSS train' 0.040256774500012395, 3200
INFO:root:Epoch: 4 - LOSS train: 0.040256774500012395 LOSS val: 0.05129232257604599 - Elapsed time: 253.659095287323 s
INFO:root:  batch 100 loss: 0.041857804916799066
INFO:root:LOSS train' 0.041857804916799066, 3350
INFO:root:  batch 200 loss: 0.03811560995876789
INFO:root:LOSS train' 0.03811560995876789, 3450
INFO:root:  batch 300 loss: 0.036701106540858744
INFO:root:LOSS train' 0.036701106540858744, 3550
INFO:root:  batch 400 loss: 0.03754985280334949
INFO:root:LOSS train' 0.03754985280334949, 3650
INFO:root:  batch 500 loss: 0.05720449864864349
INFO:root:LOSS train' 0.05720449864864349, 3750
INFO:root:  batch 600 loss: 0.04093402292579412
INFO:root:LOSS train' 0.04093402292579412, 3850
INFO:root:Epoch: 5 - LOSS train: 0.04093402292579412 LOSS val: 0.04199161008000374 - Elapsed time: 253.83689141273499 s
INFO:root:  batch 100 loss: 0.03685354873538017
INFO:root:LOSS train' 0.03685354873538017, 4000
INFO:root:  batch 200 loss: 0.03571405380964279
INFO:root:LOSS train' 0.03571405380964279, 4100
INFO:root:  batch 300 loss: 0.034873914755880836
INFO:root:LOSS train' 0.034873914755880836, 4200
INFO:root:  batch 400 loss: 0.03438017051666975
INFO:root:LOSS train' 0.03438017051666975, 4300
INFO:root:  batch 500 loss: 0.03453772373497486
INFO:root:LOSS train' 0.03453772373497486, 4400
INFO:root:  batch 600 loss: 0.03287377029657364
INFO:root:LOSS train' 0.03287377029657364, 4500
INFO:root:Epoch: 6 - LOSS train: 0.03287377029657364 LOSS val: 0.032106414437294006 - Elapsed time: 254.04317808151245 s
INFO:root:  batch 100 loss: 0.03287397110834718
INFO:root:LOSS train' 0.03287397110834718, 4650
INFO:root:  batch 200 loss: 0.05047490153461695
INFO:root:LOSS train' 0.05047490153461695, 4750
INFO:root:  batch 300 loss: 0.034726529214531184
INFO:root:LOSS train' 0.034726529214531184, 4850
INFO:root:  batch 400 loss: 0.03330589363351464
INFO:root:LOSS train' 0.03330589363351464, 4950
INFO:root:  batch 500 loss: 0.03149020120501518
INFO:root:LOSS train' 0.03149020120501518, 5050
INFO:root:  batch 600 loss: 0.031247828174382448
INFO:root:LOSS train' 0.031247828174382448, 5150
INFO:root:Epoch: 7 - LOSS train: 0.031247828174382448 LOSS val: 0.02927321381866932 - Elapsed time: 253.58882355690002 s
INFO:root:  batch 100 loss: 0.030194365959614514
INFO:root:LOSS train' 0.030194365959614514, 5300
INFO:root:  batch 200 loss: 0.031043659690767528
INFO:root:LOSS train' 0.031043659690767528, 5400
INFO:root:  batch 300 loss: 0.03089194230735302
INFO:root:LOSS train' 0.03089194230735302, 5500
INFO:root:  batch 400 loss: 0.0287419387511909
INFO:root:LOSS train' 0.0287419387511909, 5600
INFO:root:  batch 500 loss: 0.028861780110746624
INFO:root:LOSS train' 0.028861780110746624, 5700
INFO:root:  batch 600 loss: 0.03173758996650577
INFO:root:LOSS train' 0.03173758996650577, 5800
INFO:root:Epoch: 8 - LOSS train: 0.03173758996650577 LOSS val: 0.027431562542915344 - Elapsed time: 253.51541304588318 s
INFO:root:  batch 100 loss: 0.027976037487387657
INFO:root:LOSS train' 0.027976037487387657, 5950
INFO:root:  batch 200 loss: 0.02823711631819606
INFO:root:LOSS train' 0.02823711631819606, 6050
INFO:root:  batch 300 loss: 0.027554568964987994
INFO:root:LOSS train' 0.027554568964987994, 6150
INFO:root:  batch 400 loss: 0.028321675676852464
INFO:root:LOSS train' 0.028321675676852464, 6250
INFO:root:  batch 500 loss: 0.02816616652533412
INFO:root:LOSS train' 0.02816616652533412, 6350
INFO:root:  batch 600 loss: 0.027127907108515502
INFO:root:LOSS train' 0.027127907108515502, 6450
INFO:root:Epoch: 9 - LOSS train: 0.027127907108515502 LOSS val: 0.025911003351211548 - Elapsed time: 253.62345337867737 s
INFO:root:  batch 100 loss: 0.026554622799158097
INFO:root:LOSS train' 0.026554622799158097, 6600
INFO:root:  batch 200 loss: 0.027394138034433125
INFO:root:LOSS train' 0.027394138034433125, 6700
INFO:root:  batch 300 loss: 0.029609950706362725
INFO:root:LOSS train' 0.029609950706362725, 6800
INFO:root:  batch 400 loss: 0.02617711719125509
INFO:root:LOSS train' 0.02617711719125509, 6900
INFO:root:  batch 500 loss: 0.025434416458010672
INFO:root:LOSS train' 0.025434416458010672, 7000
INFO:root:  batch 600 loss: 0.025677035618573426
INFO:root:LOSS train' 0.025677035618573426, 7100
INFO:root:Epoch: 10 - LOSS train: 0.025677035618573426 LOSS val: 0.025213507935404778 - Elapsed time: 253.60465574264526 s
INFO:root:  batch 100 loss: 0.027811666019260883
INFO:root:LOSS train' 0.027811666019260883, 7250
INFO:root:  batch 200 loss: 0.02532881986349821
INFO:root:LOSS train' 0.02532881986349821, 7350
INFO:root:  batch 300 loss: 0.025198614038527013
INFO:root:LOSS train' 0.025198614038527013, 7450
INFO:root:  batch 400 loss: 0.03562874658033252
INFO:root:LOSS train' 0.03562874658033252, 7550
INFO:root:  batch 500 loss: 0.024729245454072953
INFO:root:LOSS train' 0.024729245454072953, 7650
INFO:root:  batch 600 loss: 0.024376180451363326
INFO:root:LOSS train' 0.024376180451363326, 7750
INFO:root:Epoch: 11 - LOSS train: 0.024376180451363326 LOSS val: 0.024329809471964836 - Elapsed time: 253.50480198860168 s
INFO:root:  batch 100 loss: 0.024887436106801032
INFO:root:LOSS train' 0.024887436106801032, 7900
INFO:root:  batch 200 loss: 0.02441431403160095
INFO:root:LOSS train' 0.02441431403160095, 8000
INFO:root:  batch 300 loss: 0.02337089156731963
INFO:root:LOSS train' 0.02337089156731963, 8100
INFO:root:  batch 400 loss: 0.023848424926400186
INFO:root:LOSS train' 0.023848424926400186, 8200
INFO:root:  batch 500 loss: 0.022910606134682893
INFO:root:LOSS train' 0.022910606134682893, 8300
INFO:root:  batch 600 loss: 0.02282777225598693
INFO:root:LOSS train' 0.02282777225598693, 8400
INFO:root:Epoch: 12 - LOSS train: 0.02282777225598693 LOSS val: 0.02598872222006321 - Elapsed time: 253.71794939041138 s
INFO:root:  batch 100 loss: 0.023209360260516405
INFO:root:LOSS train' 0.023209360260516405, 8550
INFO:root:  batch 200 loss: 0.023009215667843818
INFO:root:LOSS train' 0.023009215667843818, 8650
INFO:root:  batch 300 loss: 0.022314947098493576
INFO:root:LOSS train' 0.022314947098493576, 8750
INFO:root:  batch 400 loss: 0.026786978542804717
INFO:root:LOSS train' 0.026786978542804717, 8850
INFO:root:  batch 500 loss: 0.02285796144977212
INFO:root:LOSS train' 0.02285796144977212, 8950
INFO:root:  batch 600 loss: 0.022551258858293295
INFO:root:LOSS train' 0.022551258858293295, 9050
INFO:root:Epoch: 13 - LOSS train: 0.022551258858293295 LOSS val: 0.022247368469834328 - Elapsed time: 253.94489574432373 s
INFO:root:  batch 100 loss: 0.021799908298999072
INFO:root:LOSS train' 0.021799908298999072, 9200
INFO:root:  batch 200 loss: 0.022997609861195086
INFO:root:LOSS train' 0.022997609861195086, 9300
INFO:root:  batch 300 loss: 0.03427240017801523
INFO:root:LOSS train' 0.03427240017801523, 9400
INFO:root:  batch 400 loss: 0.027762598600238563
INFO:root:LOSS train' 0.027762598600238563, 9500
INFO:root:  batch 500 loss: 0.02251887021586299
INFO:root:LOSS train' 0.02251887021586299, 9600
INFO:root:  batch 600 loss: 0.02176792087033391
INFO:root:LOSS train' 0.02176792087033391, 9700
INFO:root:Epoch: 14 - LOSS train: 0.02176792087033391 LOSS val: 0.02097286656498909 - Elapsed time: 253.63300609588623 s
INFO:root:  batch 100 loss: 0.022498300913721323
INFO:root:LOSS train' 0.022498300913721323, 9850
INFO:root:  batch 200 loss: 0.024283074047416447
INFO:root:LOSS train' 0.024283074047416447, 9950
INFO:root:  batch 300 loss: 0.02138879641890526
INFO:root:LOSS train' 0.02138879641890526, 10050
INFO:root:  batch 400 loss: 0.02095433073118329
INFO:root:LOSS train' 0.02095433073118329, 10150
INFO:root:  batch 500 loss: 0.020707104336470366
INFO:root:LOSS train' 0.020707104336470366, 10250
INFO:root:  batch 600 loss: 0.020618107337504625
INFO:root:LOSS train' 0.020618107337504625, 10350
INFO:root:Epoch: 15 - LOSS train: 0.020618107337504625 LOSS val: 0.020014861598610878 - Elapsed time: 253.92050099372864 s
INFO:root:  batch 100 loss: 0.022831417210400103
INFO:root:LOSS train' 0.022831417210400103, 10500
INFO:root:  batch 200 loss: 0.023281997609883545
INFO:root:LOSS train' 0.023281997609883545, 10600
INFO:root:  batch 300 loss: 0.02083823151886463
INFO:root:LOSS train' 0.02083823151886463, 10700
INFO:root:  batch 400 loss: 0.020295046269893646
INFO:root:LOSS train' 0.020295046269893646, 10800
INFO:root:  batch 500 loss: 0.02033019334077835
INFO:root:LOSS train' 0.02033019334077835, 10900
INFO:root:  batch 600 loss: 0.02087401682510972
INFO:root:LOSS train' 0.02087401682510972, 11000
INFO:root:Epoch: 16 - LOSS train: 0.02087401682510972 LOSS val: 0.020350905135273933 - Elapsed time: 253.69728875160217 s
INFO:root:  batch 100 loss: 0.019690735694020987
INFO:root:LOSS train' 0.019690735694020987, 11150
INFO:root:  batch 200 loss: 0.020668401680886746
INFO:root:LOSS train' 0.020668401680886746, 11250
INFO:root:  batch 300 loss: 0.019228333570063115
INFO:root:LOSS train' 0.019228333570063115, 11350
INFO:root:  batch 400 loss: 0.019035865925252436
INFO:root:LOSS train' 0.019035865925252436, 11450
INFO:root:  batch 500 loss: 0.01953494632616639
INFO:root:LOSS train' 0.01953494632616639, 11550
INFO:root:  batch 600 loss: 0.01960331093519926
INFO:root:LOSS train' 0.01960331093519926, 11650
INFO:root:Epoch: 17 - LOSS train: 0.01960331093519926 LOSS val: 0.01924491673707962 - Elapsed time: 253.1682436466217 s
INFO:root:  batch 100 loss: 0.01921250768005848
INFO:root:LOSS train' 0.01921250768005848, 11800
INFO:root:  batch 200 loss: 0.01887883028946817
INFO:root:LOSS train' 0.01887883028946817, 11900
INFO:root:  batch 300 loss: 0.020064472500234843
INFO:root:LOSS train' 0.020064472500234843, 12000
INFO:root:  batch 400 loss: 0.019173896685242654
INFO:root:LOSS train' 0.019173896685242654, 12100
INFO:root:  batch 500 loss: 0.018943510428071023
INFO:root:LOSS train' 0.018943510428071023, 12200
INFO:root:  batch 600 loss: 0.019189446158707144
INFO:root:LOSS train' 0.019189446158707144, 12300
INFO:root:Epoch: 18 - LOSS train: 0.019189446158707144 LOSS val: 0.018362680450081825 - Elapsed time: 253.3909568786621 s
INFO:root:  batch 100 loss: 0.022441681269556285
INFO:root:LOSS train' 0.022441681269556285, 12450
INFO:root:  batch 200 loss: 0.019099779408425093
INFO:root:LOSS train' 0.019099779408425093, 12550
INFO:root:  batch 300 loss: 0.018814923278987407
INFO:root:LOSS train' 0.018814923278987407, 12650
INFO:root:  batch 400 loss: 0.018068443853408098
INFO:root:LOSS train' 0.018068443853408098, 12750
INFO:root:  batch 500 loss: 0.018597020376473664
INFO:root:LOSS train' 0.018597020376473664, 12850
INFO:root:  batch 600 loss: 0.018032708736136556
INFO:root:LOSS train' 0.018032708736136556, 12950
INFO:root:Epoch: 19 - LOSS train: 0.018032708736136556 LOSS val: 0.017921900376677513 - Elapsed time: 253.24121141433716 s
INFO:root:  batch 100 loss: 0.01833574313670397
INFO:root:LOSS train' 0.01833574313670397, 13100
INFO:root:  batch 200 loss: 0.0180995664652437
INFO:root:LOSS train' 0.0180995664652437, 13200
INFO:root:  batch 300 loss: 0.019013218423351644
INFO:root:LOSS train' 0.019013218423351644, 13300
INFO:root:  batch 400 loss: 0.017513539651408793
INFO:root:LOSS train' 0.017513539651408793, 13400
INFO:root:  batch 500 loss: 0.02951122838072479
INFO:root:LOSS train' 0.02951122838072479, 13500
INFO:root:  batch 600 loss: 0.01869175591506064
INFO:root:LOSS train' 0.01869175591506064, 13600
INFO:root:Epoch: 20 - LOSS train: 0.01869175591506064 LOSS val: 0.018358169123530388 - Elapsed time: 253.42576599121094 s
INFO:root:  batch 100 loss: 0.017888025501742958
INFO:root:LOSS train' 0.017888025501742958, 13750
INFO:root:  batch 200 loss: 0.017628223691135644
INFO:root:LOSS train' 0.017628223691135644, 13850
INFO:root:  batch 300 loss: 0.017383200172334908
INFO:root:LOSS train' 0.017383200172334908, 13950
INFO:root:  batch 400 loss: 0.026796910297125578
INFO:root:LOSS train' 0.026796910297125578, 14050
INFO:root:  batch 500 loss: 0.020986333936452866
INFO:root:LOSS train' 0.020986333936452866, 14150
INFO:root:  batch 600 loss: 0.021474723927676676
INFO:root:LOSS train' 0.021474723927676676, 14250
INFO:root:Epoch: 21 - LOSS train: 0.021474723927676676 LOSS val: 0.019777819514274597 - Elapsed time: 253.1022698879242 s
INFO:root:  batch 100 loss: 0.01866912603378296
INFO:root:LOSS train' 0.01866912603378296, 14400
INFO:root:  batch 200 loss: 0.017290856204926968
INFO:root:LOSS train' 0.017290856204926968, 14500
INFO:root:  batch 300 loss: 0.01712588348425925
INFO:root:LOSS train' 0.01712588348425925, 14600
INFO:root:  batch 400 loss: 0.017195692285895348
INFO:root:LOSS train' 0.017195692285895348, 14700
INFO:root:  batch 500 loss: 0.01664977685548365
INFO:root:LOSS train' 0.01664977685548365, 14800
INFO:root:  batch 600 loss: 0.019607369359582662
INFO:root:LOSS train' 0.019607369359582662, 14900
INFO:root:Epoch: 22 - LOSS train: 0.019607369359582662 LOSS val: 0.01719975844025612 - Elapsed time: 253.27714109420776 s
INFO:root:  batch 100 loss: 0.016840984355658294
INFO:root:LOSS train' 0.016840984355658294, 15050
INFO:root:  batch 200 loss: 0.016241289265453814
INFO:root:LOSS train' 0.016241289265453814, 15150
INFO:root:  batch 300 loss: 0.016924413023516535
INFO:root:LOSS train' 0.016924413023516535, 15250
INFO:root:  batch 400 loss: 0.01772287397645414
INFO:root:LOSS train' 0.01772287397645414, 15350
INFO:root:  batch 500 loss: 0.016359528163447976
INFO:root:LOSS train' 0.016359528163447976, 15450
INFO:root:  batch 600 loss: 0.016520944209769368
INFO:root:LOSS train' 0.016520944209769368, 15550
INFO:root:Epoch: 23 - LOSS train: 0.016520944209769368 LOSS val: 0.01647977903485298 - Elapsed time: 253.35085225105286 s
INFO:root:  batch 100 loss: 0.01648647779598832
INFO:root:LOSS train' 0.01648647779598832, 15700
INFO:root:  batch 200 loss: 0.016415122142061592
INFO:root:LOSS train' 0.016415122142061592, 15800
INFO:root:  batch 300 loss: 0.0163603512942791
INFO:root:LOSS train' 0.0163603512942791, 15900
INFO:root:  batch 400 loss: 0.01643900909461081
INFO:root:LOSS train' 0.01643900909461081, 16000
INFO:root:  batch 500 loss: 0.016054397523403166
INFO:root:LOSS train' 0.016054397523403166, 16100
INFO:root:  batch 600 loss: 0.015915406020358205
INFO:root:LOSS train' 0.015915406020358205, 16200
INFO:root:Epoch: 24 - LOSS train: 0.015915406020358205 LOSS val: 0.016406651586294174 - Elapsed time: 253.70028567314148 s
INFO:root:  batch 100 loss: 0.01588229976594448
INFO:root:LOSS train' 0.01588229976594448, 16350
INFO:root:  batch 200 loss: 0.01602996706031263
INFO:root:LOSS train' 0.01602996706031263, 16450
INFO:root:  batch 300 loss: 0.016167715294286608
INFO:root:LOSS train' 0.016167715294286608, 16550
INFO:root:  batch 400 loss: 0.0161068918928504
INFO:root:LOSS train' 0.0161068918928504, 16650
INFO:root:  batch 500 loss: 0.016006405418738722
INFO:root:LOSS train' 0.016006405418738722, 16750
INFO:root:  batch 600 loss: 0.01579113150946796
INFO:root:LOSS train' 0.01579113150946796, 16850
INFO:root:Epoch: 25 - LOSS train: 0.01579113150946796 LOSS val: 0.016295699402689934 - Elapsed time: 253.66687726974487 s
INFO:root:  batch 100 loss: 0.016427189856767655
INFO:root:LOSS train' 0.016427189856767655, 17000
INFO:root:  batch 200 loss: 0.016270839516073464
INFO:root:LOSS train' 0.016270839516073464, 17100
INFO:root:  batch 300 loss: 0.015477685276418924
INFO:root:LOSS train' 0.015477685276418924, 17200
INFO:root:  batch 400 loss: 0.015489601157605648
INFO:root:LOSS train' 0.015489601157605648, 17300
INFO:root:  batch 500 loss: 0.0627957328222692
INFO:root:LOSS train' 0.0627957328222692, 17400
INFO:root:  batch 600 loss: 0.028425256572663784
INFO:root:LOSS train' 0.028425256572663784, 17500
INFO:root:Epoch: 26 - LOSS train: 0.028425256572663784 LOSS val: 0.021677490323781967 - Elapsed time: 253.297278881073 s
INFO:root:  batch 100 loss: 0.028312937319278718
INFO:root:LOSS train' 0.028312937319278718, 17650
INFO:root:  batch 200 loss: 0.02010772790759802
INFO:root:LOSS train' 0.02010772790759802, 17750
INFO:root:  batch 300 loss: 0.017946827970445157
INFO:root:LOSS train' 0.017946827970445157, 17850
INFO:root:  batch 400 loss: 0.017737556053325533
INFO:root:LOSS train' 0.017737556053325533, 17950
INFO:root:  batch 500 loss: 0.01713351270183921
INFO:root:LOSS train' 0.01713351270183921, 18050
INFO:root:  batch 600 loss: 0.01660504057072103
INFO:root:LOSS train' 0.01660504057072103, 18150
INFO:root:Epoch: 27 - LOSS train: 0.01660504057072103 LOSS val: 0.01689722202718258 - Elapsed time: 253.15300011634827 s
INFO:root:  batch 100 loss: 0.016103324675932527
INFO:root:LOSS train' 0.016103324675932527, 18300
INFO:root:  batch 200 loss: 0.016118799969553947
INFO:root:LOSS train' 0.016118799969553947, 18400
INFO:root:  batch 300 loss: 0.01599576957523823
INFO:root:LOSS train' 0.01599576957523823, 18500
INFO:root:  batch 400 loss: 0.015676195118576288
INFO:root:LOSS train' 0.015676195118576288, 18600
INFO:root:  batch 500 loss: 0.016022354140877725
INFO:root:LOSS train' 0.016022354140877725, 18700
INFO:root:  batch 600 loss: 0.015539053110405803
INFO:root:LOSS train' 0.015539053110405803, 18800
INFO:root:Epoch: 28 - LOSS train: 0.015539053110405803 LOSS val: 0.015576362609863281 - Elapsed time: 253.42601537704468 s
INFO:root:  batch 100 loss: 0.017894742982462047
INFO:root:LOSS train' 0.017894742982462047, 18950
INFO:root:  batch 200 loss: 0.015558917233720422
INFO:root:LOSS train' 0.015558917233720422, 19050
INFO:root:  batch 300 loss: 0.015248433537781238
INFO:root:LOSS train' 0.015248433537781238, 19150
INFO:root:  batch 400 loss: 0.015670698955655097
INFO:root:LOSS train' 0.015670698955655097, 19250
INFO:root:  batch 500 loss: 0.014918369073420763
INFO:root:LOSS train' 0.014918369073420763, 19350
INFO:root:  batch 600 loss: 0.01525429679080844
INFO:root:LOSS train' 0.01525429679080844, 19450
INFO:root:Epoch: 29 - LOSS train: 0.01525429679080844 LOSS val: 0.015695439651608467 - Elapsed time: 253.49393963813782 s
INFO:root:  batch 100 loss: 0.014775694534182548
INFO:root:LOSS train' 0.014775694534182548, 19600
INFO:root:  batch 200 loss: 0.034448704533278945
INFO:root:LOSS train' 0.034448704533278945, 19700
INFO:root:  batch 300 loss: 0.02403461975976825
INFO:root:LOSS train' 0.02403461975976825, 19800
INFO:root:  batch 400 loss: 0.017960053086280823
INFO:root:LOSS train' 0.017960053086280823, 19900
INFO:root:  batch 500 loss: 0.016475544050335883
INFO:root:LOSS train' 0.016475544050335883, 20000
INFO:root:  batch 600 loss: 0.016083894139155744
INFO:root:LOSS train' 0.016083894139155744, 20100
INFO:root:Epoch: 30 - LOSS train: 0.016083894139155744 LOSS val: 0.015443198382854462 - Elapsed time: 253.28616309165955 s
INFO:root:  batch 100 loss: 0.01533042366616428
INFO:root:LOSS train' 0.01533042366616428, 20250
INFO:root:  batch 200 loss: 0.015401387000456452
INFO:root:LOSS train' 0.015401387000456452, 20350
INFO:root:  batch 300 loss: 0.01508545252494514
INFO:root:LOSS train' 0.01508545252494514, 20450
INFO:root:  batch 400 loss: 0.014720025910064579
INFO:root:LOSS train' 0.014720025910064579, 20550
INFO:root:  batch 500 loss: 0.01510751023888588
INFO:root:LOSS train' 0.01510751023888588, 20650
INFO:root:  batch 600 loss: 0.014971761489287019
INFO:root:LOSS train' 0.014971761489287019, 20750
INFO:root:Epoch: 31 - LOSS train: 0.014971761489287019 LOSS val: 0.01498765591531992 - Elapsed time: 253.21306109428406 s
INFO:root:  batch 100 loss: 0.014369780560955406
INFO:root:LOSS train' 0.014369780560955406, 20900
INFO:root:  batch 200 loss: 0.014696755912154913
INFO:root:LOSS train' 0.014696755912154913, 21000
INFO:root:  batch 300 loss: 0.015401925044134259
INFO:root:LOSS train' 0.015401925044134259, 21100
INFO:root:  batch 400 loss: 0.014599689636379481
INFO:root:LOSS train' 0.014599689636379481, 21200
INFO:root:  batch 500 loss: 0.014650201667100191
INFO:root:LOSS train' 0.014650201667100191, 21300
INFO:root:  batch 600 loss: 0.014380234014242887
INFO:root:LOSS train' 0.014380234014242887, 21400
INFO:root:Epoch: 32 - LOSS train: 0.014380234014242887 LOSS val: 0.05593041330575943 - Elapsed time: 253.08595085144043 s
INFO:root:  batch 100 loss: 0.03254055794328451
INFO:root:LOSS train' 0.03254055794328451, 21550
INFO:root:  batch 200 loss: 0.017710729856044053
INFO:root:LOSS train' 0.017710729856044053, 21650
INFO:root:  batch 300 loss: 0.016239074552431704
INFO:root:LOSS train' 0.016239074552431704, 21750
INFO:root:  batch 400 loss: 0.01578653753735125
INFO:root:LOSS train' 0.01578653753735125, 21850
INFO:root:  batch 500 loss: 0.023091766498982907
INFO:root:LOSS train' 0.023091766498982907, 21950
INFO:root:  batch 600 loss: 0.01731163904070854
INFO:root:LOSS train' 0.01731163904070854, 22050
INFO:root:Epoch: 33 - LOSS train: 0.01731163904070854 LOSS val: 0.015450101345777512 - Elapsed time: 253.26831722259521 s
INFO:root:  batch 100 loss: 0.015330101186409593
INFO:root:LOSS train' 0.015330101186409593, 22200
INFO:root:  batch 200 loss: 0.015192319927737117
INFO:root:LOSS train' 0.015192319927737117, 22300
INFO:root:  batch 300 loss: 0.014726571096107364
INFO:root:LOSS train' 0.014726571096107364, 22400
INFO:root:  batch 400 loss: 0.014685666356235742
INFO:root:LOSS train' 0.014685666356235742, 22500
INFO:root:  batch 500 loss: 0.014492764212191105
INFO:root:LOSS train' 0.014492764212191105, 22600
INFO:root:  batch 600 loss: 0.014207250699400901
INFO:root:LOSS train' 0.014207250699400901, 22700
INFO:root:Epoch: 34 - LOSS train: 0.014207250699400901 LOSS val: 0.01394690666347742 - Elapsed time: 252.9663155078888 s
INFO:root:  batch 100 loss: 0.014208030318841339
INFO:root:LOSS train' 0.014208030318841339, 22850
INFO:root:  batch 200 loss: 0.01443707044236362
INFO:root:LOSS train' 0.01443707044236362, 22950
INFO:root:  batch 300 loss: 0.014065364673733712
INFO:root:LOSS train' 0.014065364673733712, 23050
INFO:root:  batch 400 loss: 0.013978495849296451
INFO:root:LOSS train' 0.013978495849296451, 23150
INFO:root:  batch 500 loss: 0.014262110739946366
INFO:root:LOSS train' 0.014262110739946366, 23250
INFO:root:  batch 600 loss: 0.014033288303762674
INFO:root:LOSS train' 0.014033288303762674, 23350
INFO:root:Epoch: 35 - LOSS train: 0.014033288303762674 LOSS val: 0.014480999670922756 - Elapsed time: 253.18230748176575 s
INFO:root:  batch 100 loss: 0.014005815954878926
INFO:root:LOSS train' 0.014005815954878926, 23500
INFO:root:  batch 200 loss: 0.014078063303604721
INFO:root:LOSS train' 0.014078063303604721, 23600
INFO:root:  batch 300 loss: 0.014085800433531404
INFO:root:LOSS train' 0.014085800433531404, 23700
INFO:root:  batch 400 loss: 0.01966968228109181
INFO:root:LOSS train' 0.01966968228109181, 23800
INFO:root:  batch 500 loss: 0.018523475751280785
INFO:root:LOSS train' 0.018523475751280785, 23900
INFO:root:  batch 600 loss: 0.014850412122905254
INFO:root:LOSS train' 0.014850412122905254, 24000
INFO:root:Epoch: 36 - LOSS train: 0.014850412122905254 LOSS val: 0.014227272011339664 - Elapsed time: 253.22560381889343 s
INFO:root:  batch 100 loss: 0.014282359881326557
INFO:root:LOSS train' 0.014282359881326557, 24150
INFO:root:  batch 200 loss: 0.01405406909994781
INFO:root:LOSS train' 0.01405406909994781, 24250
INFO:root:  batch 300 loss: 0.013613741155713796
INFO:root:LOSS train' 0.013613741155713796, 24350
INFO:root:  batch 400 loss: 0.013735040826722979
INFO:root:LOSS train' 0.013735040826722979, 24450
INFO:root:  batch 500 loss: 0.013690897999331354
INFO:root:LOSS train' 0.013690897999331354, 24550
INFO:root:  batch 600 loss: 0.014942446537315846
INFO:root:LOSS train' 0.014942446537315846, 24650
INFO:root:Epoch: 37 - LOSS train: 0.014942446537315846 LOSS val: 0.0209665447473526 - Elapsed time: 253.05470824241638 s
INFO:root:  batch 100 loss: 0.01743170987814665
INFO:root:LOSS train' 0.01743170987814665, 24800
INFO:root:  batch 200 loss: 0.014933003410696984
INFO:root:LOSS train' 0.014933003410696984, 24900
INFO:root:  batch 300 loss: 0.014415880348533392
INFO:root:LOSS train' 0.014415880348533392, 25000
INFO:root:  batch 400 loss: 0.013827148834243417
INFO:root:LOSS train' 0.013827148834243417, 25100
INFO:root:  batch 500 loss: 0.013595269676297903
INFO:root:LOSS train' 0.013595269676297903, 25200
INFO:root:  batch 600 loss: 0.013281723288819193
INFO:root:LOSS train' 0.013281723288819193, 25300
INFO:root:Epoch: 38 - LOSS train: 0.013281723288819193 LOSS val: 0.013148067519068718 - Elapsed time: 253.08777475357056 s
INFO:root:  batch 100 loss: 0.013508632779121399
INFO:root:LOSS train' 0.013508632779121399, 25450
INFO:root:  batch 200 loss: 0.013422744693234562
INFO:root:LOSS train' 0.013422744693234562, 25550
INFO:root:  batch 300 loss: 0.013246920946985484
INFO:root:LOSS train' 0.013246920946985484, 25650
INFO:root:  batch 400 loss: 0.01316758994013071
INFO:root:LOSS train' 0.01316758994013071, 25750
INFO:root:  batch 500 loss: 0.01327463316731155
INFO:root:LOSS train' 0.01327463316731155, 25850
INFO:root:  batch 600 loss: 0.013119126604869961
INFO:root:LOSS train' 0.013119126604869961, 25950
INFO:root:Epoch: 39 - LOSS train: 0.013119126604869961 LOSS val: 0.012666015885770321 - Elapsed time: 253.67861700057983 s
INFO:root:  batch 100 loss: 0.012860431494191289
INFO:root:LOSS train' 0.012860431494191289, 26100
INFO:root:  batch 200 loss: 0.014129843525588513
INFO:root:LOSS train' 0.014129843525588513, 26200
INFO:root:  batch 300 loss: 0.012993525294587017
INFO:root:LOSS train' 0.012993525294587017, 26300
INFO:root:  batch 400 loss: 0.012758696908131242
INFO:root:LOSS train' 0.012758696908131242, 26400
INFO:root:  batch 500 loss: 0.013052977761253715
INFO:root:LOSS train' 0.013052977761253715, 26500
INFO:root:  batch 600 loss: 0.012819475345313549
INFO:root:LOSS train' 0.012819475345313549, 26600
INFO:root:Epoch: 40 - LOSS train: 0.012819475345313549 LOSS val: 0.012919880449771881 - Elapsed time: 253.41756653785706 s
INFO:root:  batch 100 loss: 0.012712896140292286
INFO:root:LOSS train' 0.012712896140292286, 26750
INFO:root:  batch 200 loss: 0.01309009457938373
INFO:root:LOSS train' 0.01309009457938373, 26850
INFO:root:  batch 300 loss: 0.012949107633903622
INFO:root:LOSS train' 0.012949107633903622, 26950
INFO:root:  batch 400 loss: 0.012746553104370832
INFO:root:LOSS train' 0.012746553104370832, 27050
INFO:root:  batch 500 loss: 0.012630328899249435
INFO:root:LOSS train' 0.012630328899249435, 27150
INFO:root:  batch 600 loss: 0.012706700377166272
INFO:root:LOSS train' 0.012706700377166272, 27250
INFO:root:Epoch: 41 - LOSS train: 0.012706700377166272 LOSS val: 0.012722272425889969 - Elapsed time: 253.36251306533813 s
INFO:root:*************
INFO:root:             
INFO:root:Starting to test....
INFO:root:             
INFO:root:OneStep loss: 0.01281994953751564
INFO:root:Scalar loss: 0.017425289377570152
INFO:root:Vector loss: 0.010517277754843235
INFO:root:             
INFO:root:Done.
