INFO:root:*************
INFO:root:             
INFO:root:model chosen: CR
INFO:root:multivector activation function?: 0
INFO:root:training trajectories: 10400
INFO:root:training epochs: 200
INFO:root:training batchsize: 16
INFO:root:learning rate: 0.0001
INFO:root:seed: 333
INFO:root:patience: 15
INFO:root:training dataset path: datasets/trainingdataviscous/
INFO:root:test dataset path: datasets/testdataviscous/
INFO:root:             
INFO:root:*************
INFO:root:Using device: cuda
INFO:root:[[[1.6940998  1.5566934  1.3046039  1.0440726 ]
  [1.6066581  1.3995012  1.342347   1.233624  ]
  [1.4666691  1.3354036  1.3883016  1.2737162 ]
  [1.4122795  1.3854291  1.4587754  1.339578  ]]

 [[1.6459564  1.3450366  1.0299298  0.77708894]
  [1.6489182  1.5250436  1.3721011  1.2203181 ]
  [1.4844782  1.3996952  1.3643513  1.3251002 ]
  [1.3969231  1.3963239  1.4048748  1.4067723 ]]]
INFO:root:****
INFO:root:[[[1.6940998  1.5566934  1.3046039  1.0440726 ]
  [1.6066581  1.3995012  1.342347   1.233624  ]
  [1.4666691  1.3354036  1.3883016  1.2737162 ]
  [1.4122795  1.3854291  1.4587754  1.339578  ]]

 [[1.6459564  1.3450366  1.0299298  0.77708894]
  [1.6489182  1.5250436  1.3721011  1.2203181 ]
  [1.4844782  1.3996952  1.3643513  1.3251002 ]
  [1.3969231  1.3963239  1.4048748  1.4067723 ]]]
INFO:root:Train input shape: torch.Size([10400, 2, 128, 128, 3])
INFO:root:Train labels shape: torch.Size([10400, 1, 128, 128, 3])
INFO:root:                   
INFO:root:Val input shape: torch.Size([4680, 2, 128, 128, 3])
INFO:root:Val labels shape: torch.Size([4680, 1, 128, 128, 3])
INFO:root:*************
INFO:root:             
INFO:root:Starting to train....
INFO:root:  batch 100 loss: 0.22959867775440215
INFO:root:LOSS train' 0.22959867775440215, 100
INFO:root:  batch 200 loss: 0.15431262880563737
INFO:root:LOSS train' 0.15431262880563737, 200
INFO:root:  batch 300 loss: 0.13298972606658935
INFO:root:LOSS train' 0.13298972606658935, 300
INFO:root:  batch 400 loss: 0.12267714031040669
INFO:root:LOSS train' 0.12267714031040669, 400
INFO:root:  batch 500 loss: 0.11135125242173671
INFO:root:LOSS train' 0.11135125242173671, 500
INFO:root:  batch 600 loss: 0.10257379204034806
INFO:root:LOSS train' 0.10257379204034806, 600
INFO:root:Epoch: 0 - LOSS train: 0.10257379204034806 LOSS val: 0.0945657417178154 - Elapsed time: 254.515038728714 s
INFO:root:  batch 100 loss: 0.09577751167118549
INFO:root:LOSS train' 0.09577751167118549, 750
INFO:root:  batch 200 loss: 0.08591472119092941
INFO:root:LOSS train' 0.08591472119092941, 850
INFO:root:  batch 300 loss: 0.0803126010298729
INFO:root:LOSS train' 0.0803126010298729, 950
INFO:root:  batch 400 loss: 0.07834398970007897
INFO:root:LOSS train' 0.07834398970007897, 1050
INFO:root:  batch 500 loss: 0.07179168056696654
INFO:root:LOSS train' 0.07179168056696654, 1150
INFO:root:  batch 600 loss: 0.07586118623614312
INFO:root:LOSS train' 0.07586118623614312, 1250
INFO:root:Epoch: 1 - LOSS train: 0.07586118623614312 LOSS val: 0.0672566145658493 - Elapsed time: 253.91942834854126 s
INFO:root:  batch 100 loss: 0.0691319390758872
INFO:root:LOSS train' 0.0691319390758872, 1400
INFO:root:  batch 200 loss: 0.06442067295312881
INFO:root:LOSS train' 0.06442067295312881, 1500
INFO:root:  batch 300 loss: 0.062216876298189165
INFO:root:LOSS train' 0.062216876298189165, 1600
INFO:root:  batch 400 loss: 0.057367783300578595
INFO:root:LOSS train' 0.057367783300578595, 1700
INFO:root:  batch 500 loss: 0.05798869404941797
INFO:root:LOSS train' 0.05798869404941797, 1800
INFO:root:  batch 600 loss: 0.06478647168725729
INFO:root:LOSS train' 0.06478647168725729, 1900
INFO:root:Epoch: 2 - LOSS train: 0.06478647168725729 LOSS val: 0.053382791578769684 - Elapsed time: 253.97981762886047 s
INFO:root:  batch 100 loss: 0.05305420335382223
INFO:root:LOSS train' 0.05305420335382223, 2050
INFO:root:  batch 200 loss: 0.05085229482501745
INFO:root:LOSS train' 0.05085229482501745, 2150
INFO:root:  batch 300 loss: 0.05009902410209179
INFO:root:LOSS train' 0.05009902410209179, 2250
INFO:root:  batch 400 loss: 0.054414202943444255
INFO:root:LOSS train' 0.054414202943444255, 2350
INFO:root:  batch 500 loss: 0.04975681345909834
INFO:root:LOSS train' 0.04975681345909834, 2450
INFO:root:  batch 600 loss: 0.048032189682126046
INFO:root:LOSS train' 0.048032189682126046, 2550
INFO:root:Epoch: 3 - LOSS train: 0.048032189682126046 LOSS val: 0.05362165346741676 - Elapsed time: 253.49750208854675 s
INFO:root:  batch 100 loss: 0.045521189123392106
INFO:root:LOSS train' 0.045521189123392106, 2700
INFO:root:  batch 200 loss: 0.04409353777766228
INFO:root:LOSS train' 0.04409353777766228, 2800
INFO:root:  batch 300 loss: 0.04296462632715702
INFO:root:LOSS train' 0.04296462632715702, 2900
INFO:root:  batch 400 loss: 0.04490942679345608
INFO:root:LOSS train' 0.04490942679345608, 3000
INFO:root:  batch 500 loss: 0.043346104063093666
INFO:root:LOSS train' 0.043346104063093666, 3100
INFO:root:  batch 600 loss: 0.0413043462857604
INFO:root:LOSS train' 0.0413043462857604, 3200
INFO:root:Epoch: 4 - LOSS train: 0.0413043462857604 LOSS val: 0.0386858768761158 - Elapsed time: 253.60701489448547 s
INFO:root:  batch 100 loss: 0.04087747175246477
INFO:root:LOSS train' 0.04087747175246477, 3350
INFO:root:  batch 200 loss: 0.038132794834673404
INFO:root:LOSS train' 0.038132794834673404, 3450
INFO:root:  batch 300 loss: 0.04137486703693867
INFO:root:LOSS train' 0.04137486703693867, 3550
INFO:root:  batch 400 loss: 0.0387111196666956
INFO:root:LOSS train' 0.0387111196666956, 3650
INFO:root:  batch 500 loss: 0.03770308405160904
INFO:root:LOSS train' 0.03770308405160904, 3750
INFO:root:  batch 600 loss: 0.05048324756324291
INFO:root:LOSS train' 0.05048324756324291, 3850
INFO:root:Epoch: 5 - LOSS train: 0.05048324756324291 LOSS val: 0.035551827400922775 - Elapsed time: 253.64157629013062 s
INFO:root:  batch 100 loss: 0.037579039260745045
INFO:root:LOSS train' 0.037579039260745045, 4000
INFO:root:  batch 200 loss: 0.035889826659113166
INFO:root:LOSS train' 0.035889826659113166, 4100
INFO:root:  batch 300 loss: 0.05238796129822731
INFO:root:LOSS train' 0.05238796129822731, 4200
INFO:root:  batch 400 loss: 0.036537168119102716
INFO:root:LOSS train' 0.036537168119102716, 4300
INFO:root:  batch 500 loss: 0.035202673953026536
INFO:root:LOSS train' 0.035202673953026536, 4400
INFO:root:  batch 600 loss: 0.034020433649420735
INFO:root:LOSS train' 0.034020433649420735, 4500
INFO:root:Epoch: 6 - LOSS train: 0.034020433649420735 LOSS val: 0.03245710954070091 - Elapsed time: 253.92606830596924 s
INFO:root:  batch 100 loss: 0.033834344912320374
INFO:root:LOSS train' 0.033834344912320374, 4650
INFO:root:  batch 200 loss: 0.033353417944163084
INFO:root:LOSS train' 0.033353417944163084, 4750
INFO:root:  batch 300 loss: 0.043744215928018096
INFO:root:LOSS train' 0.043744215928018096, 4850
INFO:root:  batch 400 loss: 0.06073233485221863
INFO:root:LOSS train' 0.06073233485221863, 4950
INFO:root:  batch 500 loss: 0.039029591977596284
INFO:root:LOSS train' 0.039029591977596284, 5050
INFO:root:  batch 600 loss: 0.0350565667450428
INFO:root:LOSS train' 0.0350565667450428, 5150
INFO:root:Epoch: 7 - LOSS train: 0.0350565667450428 LOSS val: 0.03176344186067581 - Elapsed time: 253.94090247154236 s
INFO:root:  batch 100 loss: 0.03362275643274188
INFO:root:LOSS train' 0.03362275643274188, 5300
INFO:root:  batch 200 loss: 0.03173423904925585
INFO:root:LOSS train' 0.03173423904925585, 5400
INFO:root:  batch 300 loss: 0.031659180149436
INFO:root:LOSS train' 0.031659180149436, 5500
INFO:root:  batch 400 loss: 0.030998054537922145
INFO:root:LOSS train' 0.030998054537922145, 5600
INFO:root:  batch 500 loss: 0.033080016020685436
INFO:root:LOSS train' 0.033080016020685436, 5700
INFO:root:  batch 600 loss: 0.03132137274369597
INFO:root:LOSS train' 0.03132137274369597, 5800
INFO:root:Epoch: 8 - LOSS train: 0.03132137274369597 LOSS val: 0.028441358357667923 - Elapsed time: 253.9046757221222 s
INFO:root:  batch 100 loss: 0.029557856507599355
INFO:root:LOSS train' 0.029557856507599355, 5950
INFO:root:  batch 200 loss: 0.02966294839978218
INFO:root:LOSS train' 0.02966294839978218, 6050
INFO:root:  batch 300 loss: 0.028891650903970004
INFO:root:LOSS train' 0.028891650903970004, 6150
INFO:root:  batch 400 loss: 0.02815760752186179
INFO:root:LOSS train' 0.02815760752186179, 6250
INFO:root:  batch 500 loss: 0.02976421928033233
INFO:root:LOSS train' 0.02976421928033233, 6350
INFO:root:  batch 600 loss: 0.029004296362400053
INFO:root:LOSS train' 0.029004296362400053, 6450
INFO:root:Epoch: 9 - LOSS train: 0.029004296362400053 LOSS val: 0.035299550741910934 - Elapsed time: 254.03316354751587 s
INFO:root:  batch 100 loss: 0.029067146126180887
INFO:root:LOSS train' 0.029067146126180887, 6600
INFO:root:  batch 200 loss: 0.026802666280418636
INFO:root:LOSS train' 0.026802666280418636, 6700
INFO:root:  batch 300 loss: 0.02817991327494383
INFO:root:LOSS train' 0.02817991327494383, 6800
INFO:root:  batch 400 loss: 0.032984113823622464
INFO:root:LOSS train' 0.032984113823622464, 6900
INFO:root:  batch 500 loss: 0.027689016200602056
INFO:root:LOSS train' 0.027689016200602056, 7000
INFO:root:  batch 600 loss: 0.02622706297785044
INFO:root:LOSS train' 0.02622706297785044, 7100
INFO:root:Epoch: 10 - LOSS train: 0.02622706297785044 LOSS val: 0.025397762656211853 - Elapsed time: 253.89220428466797 s
INFO:root:  batch 100 loss: 0.025836272947490215
INFO:root:LOSS train' 0.025836272947490215, 7250
INFO:root:  batch 200 loss: 0.026250648442655802
INFO:root:LOSS train' 0.026250648442655802, 7350
INFO:root:  batch 300 loss: 0.025470073390752076
INFO:root:LOSS train' 0.025470073390752076, 7450
INFO:root:  batch 400 loss: 0.03173108758404851
INFO:root:LOSS train' 0.03173108758404851, 7550
INFO:root:  batch 500 loss: 0.025377119518816472
INFO:root:LOSS train' 0.025377119518816472, 7650
INFO:root:  batch 600 loss: 0.025602669157087803
INFO:root:LOSS train' 0.025602669157087803, 7750
INFO:root:Epoch: 11 - LOSS train: 0.025602669157087803 LOSS val: 0.02539854496717453 - Elapsed time: 253.32112860679626 s
INFO:root:  batch 100 loss: 0.02550500597804785
INFO:root:LOSS train' 0.02550500597804785, 7900
INFO:root:  batch 200 loss: 0.02411366706714034
INFO:root:LOSS train' 0.02411366706714034, 8000
INFO:root:  batch 300 loss: 0.024459368158131836
INFO:root:LOSS train' 0.024459368158131836, 8100
INFO:root:  batch 400 loss: 0.02429523818194866
INFO:root:LOSS train' 0.02429523818194866, 8200
INFO:root:  batch 500 loss: 0.026449023876339198
INFO:root:LOSS train' 0.026449023876339198, 8300
INFO:root:  batch 600 loss: 0.02365718575194478
INFO:root:LOSS train' 0.02365718575194478, 8400
INFO:root:Epoch: 12 - LOSS train: 0.02365718575194478 LOSS val: 0.023574167862534523 - Elapsed time: 253.51489973068237 s
INFO:root:  batch 100 loss: 0.024767394196242094
INFO:root:LOSS train' 0.024767394196242094, 8550
INFO:root:  batch 200 loss: 0.02336331011727452
INFO:root:LOSS train' 0.02336331011727452, 8650
INFO:root:  batch 300 loss: 0.022878855913877488
INFO:root:LOSS train' 0.022878855913877488, 8750
INFO:root:  batch 400 loss: 0.046198850814253095
INFO:root:LOSS train' 0.046198850814253095, 8850
INFO:root:  batch 500 loss: 0.032523771822452544
INFO:root:LOSS train' 0.032523771822452544, 8950
INFO:root:  batch 600 loss: 0.02656596079468727
INFO:root:LOSS train' 0.02656596079468727, 9050
INFO:root:Epoch: 13 - LOSS train: 0.02656596079468727 LOSS val: 0.02276112139225006 - Elapsed time: 253.70087122917175 s
INFO:root:  batch 100 loss: 0.025776343420147896
INFO:root:LOSS train' 0.025776343420147896, 9200
INFO:root:  batch 200 loss: 0.023335920590907337
INFO:root:LOSS train' 0.023335920590907337, 9300
INFO:root:  batch 300 loss: 0.02278288846835494
INFO:root:LOSS train' 0.02278288846835494, 9400
INFO:root:  batch 400 loss: 0.0223037127032876
INFO:root:LOSS train' 0.0223037127032876, 9500
INFO:root:  batch 500 loss: 0.022572830617427826
INFO:root:LOSS train' 0.022572830617427826, 9600
INFO:root:  batch 600 loss: 0.023680140040814878
INFO:root:LOSS train' 0.023680140040814878, 9700
INFO:root:Epoch: 14 - LOSS train: 0.023680140040814878 LOSS val: 0.022478530183434486 - Elapsed time: 253.748064994812 s
INFO:root:  batch 100 loss: 0.02163945909589529
INFO:root:LOSS train' 0.02163945909589529, 9850
INFO:root:  batch 200 loss: 0.02217506546527147
INFO:root:LOSS train' 0.02217506546527147, 9950
INFO:root:  batch 300 loss: 0.022048048675060272
INFO:root:LOSS train' 0.022048048675060272, 10050
INFO:root:  batch 400 loss: 0.022079794965684414
INFO:root:LOSS train' 0.022079794965684414, 10150
INFO:root:  batch 500 loss: 0.021651925314217807
INFO:root:LOSS train' 0.021651925314217807, 10250
INFO:root:  batch 600 loss: 0.021156491599977015
INFO:root:LOSS train' 0.021156491599977015, 10350
INFO:root:Epoch: 15 - LOSS train: 0.021156491599977015 LOSS val: 0.019707581028342247 - Elapsed time: 253.49161887168884 s
INFO:root:  batch 100 loss: 0.021143530122935773
INFO:root:LOSS train' 0.021143530122935773, 10500
INFO:root:  batch 200 loss: 0.02147494599223137
INFO:root:LOSS train' 0.02147494599223137, 10600
INFO:root:  batch 300 loss: 0.02126640807837248
INFO:root:LOSS train' 0.02126640807837248, 10700
INFO:root:  batch 400 loss: 0.02087474312633276
INFO:root:LOSS train' 0.02087474312633276, 10800
INFO:root:  batch 500 loss: 0.020416402276605367
INFO:root:LOSS train' 0.020416402276605367, 10900
INFO:root:  batch 600 loss: 0.020301325246691704
INFO:root:LOSS train' 0.020301325246691704, 11000
INFO:root:Epoch: 16 - LOSS train: 0.020301325246691704 LOSS val: 0.01989220269024372 - Elapsed time: 253.62074422836304 s
INFO:root:  batch 100 loss: 0.020788814313709734
INFO:root:LOSS train' 0.020788814313709734, 11150
INFO:root:  batch 200 loss: 0.02002501383423805
INFO:root:LOSS train' 0.02002501383423805, 11250
INFO:root:  batch 300 loss: 0.020680499263107777
INFO:root:LOSS train' 0.020680499263107777, 11350
INFO:root:  batch 400 loss: 0.020052797980606555
INFO:root:LOSS train' 0.020052797980606555, 11450
INFO:root:  batch 500 loss: 0.02104105392470956
INFO:root:LOSS train' 0.02104105392470956, 11550
INFO:root:  batch 600 loss: 0.02047064485028386
INFO:root:LOSS train' 0.02047064485028386, 11650
INFO:root:Epoch: 17 - LOSS train: 0.02047064485028386 LOSS val: 0.019496673718094826 - Elapsed time: 253.32197308540344 s
INFO:root:  batch 100 loss: 0.023485952988266945
INFO:root:LOSS train' 0.023485952988266945, 11800
INFO:root:  batch 200 loss: 0.01994713310152292
INFO:root:LOSS train' 0.01994713310152292, 11900
INFO:root:  batch 300 loss: 0.019177560787647964
INFO:root:LOSS train' 0.019177560787647964, 12000
INFO:root:  batch 400 loss: 0.019560683127492665
INFO:root:LOSS train' 0.019560683127492665, 12100
INFO:root:  batch 500 loss: 0.018841614294797183
INFO:root:LOSS train' 0.018841614294797183, 12200
INFO:root:  batch 600 loss: 0.03203791044652462
INFO:root:LOSS train' 0.03203791044652462, 12300
INFO:root:Epoch: 18 - LOSS train: 0.03203791044652462 LOSS val: 0.022507235407829285 - Elapsed time: 253.3451988697052 s
INFO:root:  batch 100 loss: 0.01993050776422024
INFO:root:LOSS train' 0.01993050776422024, 12450
INFO:root:  batch 200 loss: 0.01990657227113843
INFO:root:LOSS train' 0.01990657227113843, 12550
INFO:root:  batch 300 loss: 0.01897636791691184
INFO:root:LOSS train' 0.01897636791691184, 12650
INFO:root:  batch 400 loss: 0.018875840827822687
INFO:root:LOSS train' 0.018875840827822687, 12750
INFO:root:  batch 500 loss: 0.018891394827514885
INFO:root:LOSS train' 0.018891394827514885, 12850
INFO:root:  batch 600 loss: 0.018345083631575106
INFO:root:LOSS train' 0.018345083631575106, 12950
INFO:root:Epoch: 19 - LOSS train: 0.018345083631575106 LOSS val: 0.01806454360485077 - Elapsed time: 253.2104368209839 s
INFO:root:  batch 100 loss: 0.019035156015306712
INFO:root:LOSS train' 0.019035156015306712, 13100
INFO:root:  batch 200 loss: 0.01852494526654482
INFO:root:LOSS train' 0.01852494526654482, 13200
INFO:root:  batch 300 loss: 0.01827186306938529
INFO:root:LOSS train' 0.01827186306938529, 13300
INFO:root:  batch 400 loss: 0.01853883946314454
INFO:root:LOSS train' 0.01853883946314454, 13400
INFO:root:  batch 500 loss: 0.018522485624998808
INFO:root:LOSS train' 0.018522485624998808, 13500
INFO:root:  batch 600 loss: 0.03251494446769357
INFO:root:LOSS train' 0.03251494446769357, 13600
INFO:root:Epoch: 20 - LOSS train: 0.03251494446769357 LOSS val: 0.01904957741498947 - Elapsed time: 253.07571983337402 s
INFO:root:  batch 100 loss: 0.01900601912289858
INFO:root:LOSS train' 0.01900601912289858, 13750
INFO:root:  batch 200 loss: 0.0181367377191782
INFO:root:LOSS train' 0.0181367377191782, 13850
INFO:root:  batch 300 loss: 0.018230536980554463
INFO:root:LOSS train' 0.018230536980554463, 13950
INFO:root:  batch 400 loss: 0.018949206164106728
INFO:root:LOSS train' 0.018949206164106728, 14050
INFO:root:  batch 500 loss: 0.01810293479822576
INFO:root:LOSS train' 0.01810293479822576, 14150
INFO:root:  batch 600 loss: 0.01769507145509124
INFO:root:LOSS train' 0.01769507145509124, 14250
INFO:root:Epoch: 21 - LOSS train: 0.01769507145509124 LOSS val: 0.01753937266767025 - Elapsed time: 253.6578345298767 s
INFO:root:  batch 100 loss: 0.019689019322395324
INFO:root:LOSS train' 0.019689019322395324, 14400
INFO:root:  batch 200 loss: 0.017465613018721342
INFO:root:LOSS train' 0.017465613018721342, 14500
INFO:root:  batch 300 loss: 0.0173633611574769
INFO:root:LOSS train' 0.0173633611574769, 14600
INFO:root:  batch 400 loss: 0.01742119627073407
INFO:root:LOSS train' 0.01742119627073407, 14700
INFO:root:  batch 500 loss: 0.01815946408547461
INFO:root:LOSS train' 0.01815946408547461, 14800
INFO:root:  batch 600 loss: 0.017560708103701472
INFO:root:LOSS train' 0.017560708103701472, 14900
INFO:root:Epoch: 22 - LOSS train: 0.017560708103701472 LOSS val: 0.022309472784399986 - Elapsed time: 253.42742443084717 s
INFO:root:  batch 100 loss: 0.019491971135139466
INFO:root:LOSS train' 0.019491971135139466, 15050
INFO:root:  batch 200 loss: 0.01720978258177638
INFO:root:LOSS train' 0.01720978258177638, 15150
INFO:root:  batch 300 loss: 0.016776205347850917
INFO:root:LOSS train' 0.016776205347850917, 15250
INFO:root:  batch 400 loss: 0.016730927135795354
INFO:root:LOSS train' 0.016730927135795354, 15350
INFO:root:  batch 500 loss: 0.018303302200511098
INFO:root:LOSS train' 0.018303302200511098, 15450
INFO:root:  batch 600 loss: 0.01822568221949041
INFO:root:LOSS train' 0.01822568221949041, 15550
INFO:root:Epoch: 23 - LOSS train: 0.01822568221949041 LOSS val: 0.016510533168911934 - Elapsed time: 253.55098009109497 s
INFO:root:  batch 100 loss: 0.016469986848533152
INFO:root:LOSS train' 0.016469986848533152, 15700
INFO:root:  batch 200 loss: 0.016939825313165784
INFO:root:LOSS train' 0.016939825313165784, 15800
INFO:root:  batch 300 loss: 0.016487059472128748
INFO:root:LOSS train' 0.016487059472128748, 15900
INFO:root:  batch 400 loss: 0.016260451711714266
INFO:root:LOSS train' 0.016260451711714266, 16000
INFO:root:  batch 500 loss: 0.016864670030772685
INFO:root:LOSS train' 0.016864670030772685, 16100
INFO:root:  batch 600 loss: 0.016149154920130967
INFO:root:LOSS train' 0.016149154920130967, 16200
INFO:root:Epoch: 24 - LOSS train: 0.016149154920130967 LOSS val: 0.016579734161496162 - Elapsed time: 253.8357617855072 s
INFO:root:  batch 100 loss: 0.029648485574871302
INFO:root:LOSS train' 0.029648485574871302, 16350
INFO:root:  batch 200 loss: 0.01804212880320847
INFO:root:LOSS train' 0.01804212880320847, 16450
INFO:root:  batch 300 loss: 0.01697170096449554
INFO:root:LOSS train' 0.01697170096449554, 16550
INFO:root:  batch 400 loss: 0.016569928759709
INFO:root:LOSS train' 0.016569928759709, 16650
INFO:root:  batch 500 loss: 0.020989558417350052
INFO:root:LOSS train' 0.020989558417350052, 16750
INFO:root:  batch 600 loss: 0.01673041479662061
INFO:root:LOSS train' 0.01673041479662061, 16850
INFO:root:Epoch: 25 - LOSS train: 0.01673041479662061 LOSS val: 0.01597459800541401 - Elapsed time: 253.36340975761414 s
INFO:root:  batch 100 loss: 0.015947787929326294
INFO:root:LOSS train' 0.015947787929326294, 17000
INFO:root:  batch 200 loss: 0.01861724244430661
INFO:root:LOSS train' 0.01861724244430661, 17100
INFO:root:  batch 300 loss: 0.016256188424304128
INFO:root:LOSS train' 0.016256188424304128, 17200
INFO:root:  batch 400 loss: 0.015737209348008038
INFO:root:LOSS train' 0.015737209348008038, 17300
INFO:root:  batch 500 loss: 0.022388354912400245
INFO:root:LOSS train' 0.022388354912400245, 17400
INFO:root:  batch 600 loss: 0.020361340884119273
INFO:root:LOSS train' 0.020361340884119273, 17500
INFO:root:Epoch: 26 - LOSS train: 0.020361340884119273 LOSS val: 0.01644168607890606 - Elapsed time: 253.57003450393677 s
INFO:root:  batch 100 loss: 0.0164145924244076
INFO:root:LOSS train' 0.0164145924244076, 17650
INFO:root:  batch 200 loss: 0.015903118150308728
INFO:root:LOSS train' 0.015903118150308728, 17750
INFO:root:  batch 300 loss: 0.015658693658187985
INFO:root:LOSS train' 0.015658693658187985, 17850
INFO:root:  batch 400 loss: 0.015751571506261827
INFO:root:LOSS train' 0.015751571506261827, 17950
INFO:root:  batch 500 loss: 0.015655345292761923
INFO:root:LOSS train' 0.015655345292761923, 18050
INFO:root:  batch 600 loss: 0.017214495902881027
INFO:root:LOSS train' 0.017214495902881027, 18150
INFO:root:Epoch: 27 - LOSS train: 0.017214495902881027 LOSS val: 0.015061158686876297 - Elapsed time: 253.42649149894714 s
INFO:root:  batch 100 loss: 0.015209298543632031
INFO:root:LOSS train' 0.015209298543632031, 18300
INFO:root:  batch 200 loss: 0.01568402155302465
INFO:root:LOSS train' 0.01568402155302465, 18400
INFO:root:  batch 300 loss: 0.015262333657592535
INFO:root:LOSS train' 0.015262333657592535, 18500
INFO:root:  batch 400 loss: 0.015253069810569286
INFO:root:LOSS train' 0.015253069810569286, 18600
INFO:root:  batch 500 loss: 0.015334879970178008
INFO:root:LOSS train' 0.015334879970178008, 18700
INFO:root:  batch 600 loss: 0.015349116707220674
INFO:root:LOSS train' 0.015349116707220674, 18800
INFO:root:Epoch: 28 - LOSS train: 0.015349116707220674 LOSS val: 0.014771413058042526 - Elapsed time: 253.6470081806183 s
INFO:root:  batch 100 loss: 0.014974679704755545
INFO:root:LOSS train' 0.014974679704755545, 18950
INFO:root:  batch 200 loss: 0.015253022238612175
INFO:root:LOSS train' 0.015253022238612175, 19050
INFO:root:  batch 300 loss: 0.015274954251945019
INFO:root:LOSS train' 0.015274954251945019, 19150
INFO:root:  batch 400 loss: 0.014908368764445186
INFO:root:LOSS train' 0.014908368764445186, 19250
INFO:root:  batch 500 loss: 0.01449801517650485
INFO:root:LOSS train' 0.01449801517650485, 19350
INFO:root:  batch 600 loss: 0.01690429963171482
INFO:root:LOSS train' 0.01690429963171482, 19450
INFO:root:Epoch: 29 - LOSS train: 0.01690429963171482 LOSS val: 0.02095963805913925 - Elapsed time: 253.5116364955902 s
INFO:root:  batch 100 loss: 0.01764942778274417
INFO:root:LOSS train' 0.01764942778274417, 19600
INFO:root:  batch 200 loss: 0.015509854601696134
INFO:root:LOSS train' 0.015509854601696134, 19700
INFO:root:  batch 300 loss: 0.01549534392543137
INFO:root:LOSS train' 0.01549534392543137, 19800
INFO:root:  batch 400 loss: 0.014924086248502135
INFO:root:LOSS train' 0.014924086248502135, 19900
INFO:root:  batch 500 loss: 0.014854651503264904
INFO:root:LOSS train' 0.014854651503264904, 20000
INFO:root:  batch 600 loss: 0.014766264660283922
INFO:root:LOSS train' 0.014766264660283922, 20100
INFO:root:Epoch: 30 - LOSS train: 0.014766264660283922 LOSS val: 0.01465598214417696 - Elapsed time: 253.58229970932007 s
INFO:root:  batch 100 loss: 0.014381846114993095
INFO:root:LOSS train' 0.014381846114993095, 20250
INFO:root:  batch 200 loss: 0.02072460586205125
INFO:root:LOSS train' 0.02072460586205125, 20350
INFO:root:  batch 300 loss: 0.015233227415010334
INFO:root:LOSS train' 0.015233227415010334, 20450
INFO:root:  batch 400 loss: 0.014864549599587917
INFO:root:LOSS train' 0.014864549599587917, 20550
INFO:root:  batch 500 loss: 0.014639623695984483
INFO:root:LOSS train' 0.014639623695984483, 20650
INFO:root:  batch 600 loss: 0.014572786213830114
INFO:root:LOSS train' 0.014572786213830114, 20750
INFO:root:Epoch: 31 - LOSS train: 0.014572786213830114 LOSS val: 0.014174345880746841 - Elapsed time: 253.60274839401245 s
INFO:root:  batch 100 loss: 0.01479477553628385
INFO:root:LOSS train' 0.01479477553628385, 20900
INFO:root:  batch 200 loss: 0.014478454887866974
INFO:root:LOSS train' 0.014478454887866974, 21000
INFO:root:  batch 300 loss: 0.01675780015066266
INFO:root:LOSS train' 0.01675780015066266, 21100
INFO:root:  batch 400 loss: 0.014228002922609449
INFO:root:LOSS train' 0.014228002922609449, 21200
INFO:root:  batch 500 loss: 0.014246840123087167
INFO:root:LOSS train' 0.014246840123087167, 21300
INFO:root:  batch 600 loss: 0.015086539201438426
INFO:root:LOSS train' 0.015086539201438426, 21400
INFO:root:Epoch: 32 - LOSS train: 0.015086539201438426 LOSS val: 0.014287607744336128 - Elapsed time: 253.7459635734558 s
INFO:root:  batch 100 loss: 0.014146648002788425
INFO:root:LOSS train' 0.014146648002788425, 21550
INFO:root:  batch 200 loss: 0.014044466866180301
INFO:root:LOSS train' 0.014044466866180301, 21650
INFO:root:  batch 300 loss: 0.014165142951533198
INFO:root:LOSS train' 0.014165142951533198, 21750
INFO:root:  batch 400 loss: 0.013896171962842345
INFO:root:LOSS train' 0.013896171962842345, 21850
INFO:root:  batch 500 loss: 0.02043782399967313
INFO:root:LOSS train' 0.02043782399967313, 21950
INFO:root:  batch 600 loss: 0.014941427856683731
INFO:root:LOSS train' 0.014941427856683731, 22050
INFO:root:Epoch: 33 - LOSS train: 0.014941427856683731 LOSS val: 0.014981263317167759 - Elapsed time: 253.62353134155273 s
INFO:root:  batch 100 loss: 0.014303335184231401
INFO:root:LOSS train' 0.014303335184231401, 22200
INFO:root:  batch 200 loss: 0.014408384570851923
INFO:root:LOSS train' 0.014408384570851923, 22300
INFO:root:  batch 300 loss: 0.014051645211875439
INFO:root:LOSS train' 0.014051645211875439, 22400
INFO:root:  batch 400 loss: 0.013796540480107068
INFO:root:LOSS train' 0.013796540480107068, 22500
INFO:root:  batch 500 loss: 0.013622463084757327
INFO:root:LOSS train' 0.013622463084757327, 22600
INFO:root:  batch 600 loss: 0.013508240934461355
INFO:root:LOSS train' 0.013508240934461355, 22700
INFO:root:Epoch: 34 - LOSS train: 0.013508240934461355 LOSS val: 0.021354079246520996 - Elapsed time: 253.13834047317505 s
INFO:root:  batch 100 loss: 0.015883508417755366
INFO:root:LOSS train' 0.015883508417755366, 22850
INFO:root:  batch 200 loss: 0.013692961130291224
INFO:root:LOSS train' 0.013692961130291224, 22950
INFO:root:  batch 300 loss: 0.013406485309824348
INFO:root:LOSS train' 0.013406485309824348, 23050
INFO:root:  batch 400 loss: 0.01349926833063364
INFO:root:LOSS train' 0.01349926833063364, 23150
INFO:root:  batch 500 loss: 0.013646983671933413
INFO:root:LOSS train' 0.013646983671933413, 23250
INFO:root:  batch 600 loss: 0.013939587790518999
INFO:root:LOSS train' 0.013939587790518999, 23350
INFO:root:Epoch: 35 - LOSS train: 0.013939587790518999 LOSS val: 0.013717131689190865 - Elapsed time: 253.02506923675537 s
INFO:root:  batch 100 loss: 0.01317039160989225
INFO:root:LOSS train' 0.01317039160989225, 23500
INFO:root:  batch 200 loss: 0.013582255681976676
INFO:root:LOSS train' 0.013582255681976676, 23600
INFO:root:  batch 300 loss: 0.01322702931240201
INFO:root:LOSS train' 0.01322702931240201, 23700
INFO:root:  batch 400 loss: 0.01343211748637259
INFO:root:LOSS train' 0.01343211748637259, 23800
INFO:root:  batch 500 loss: 0.013273882986977696
INFO:root:LOSS train' 0.013273882986977696, 23900
INFO:root:  batch 600 loss: 0.013715461464598774
INFO:root:LOSS train' 0.013715461464598774, 24000
INFO:root:Epoch: 36 - LOSS train: 0.013715461464598774 LOSS val: 0.013010205700993538 - Elapsed time: 253.32396483421326 s
INFO:root:  batch 100 loss: 0.013364886045455932
INFO:root:LOSS train' 0.013364886045455932, 24150
INFO:root:  batch 200 loss: 0.013319413224235178
INFO:root:LOSS train' 0.013319413224235178, 24250
INFO:root:  batch 300 loss: 0.013114249967038631
INFO:root:LOSS train' 0.013114249967038631, 24350
INFO:root:  batch 400 loss: 0.012967952378094196
INFO:root:LOSS train' 0.012967952378094196, 24450
INFO:root:  batch 500 loss: 0.013116682106629014
INFO:root:LOSS train' 0.013116682106629014, 24550
INFO:root:  batch 600 loss: 0.013044197456911205
INFO:root:LOSS train' 0.013044197456911205, 24650
INFO:root:Epoch: 37 - LOSS train: 0.013044197456911205 LOSS val: 0.013263254426419735 - Elapsed time: 253.80648684501648 s
INFO:root:  batch 100 loss: 0.012848907513543964
INFO:root:LOSS train' 0.012848907513543964, 24800
INFO:root:  batch 200 loss: 0.013270761584863067
INFO:root:LOSS train' 0.013270761584863067, 24900
INFO:root:  batch 300 loss: 0.01306976491585374
INFO:root:LOSS train' 0.01306976491585374, 25000
INFO:root:  batch 400 loss: 0.012944467514753342
INFO:root:LOSS train' 0.012944467514753342, 25100
INFO:root:  batch 500 loss: 0.013215850405395031
INFO:root:LOSS train' 0.013215850405395031, 25200
INFO:root:  batch 600 loss: 0.017873117588460444
INFO:root:LOSS train' 0.017873117588460444, 25300
INFO:root:Epoch: 38 - LOSS train: 0.017873117588460444 LOSS val: 0.01586087793111801 - Elapsed time: 253.49901342391968 s
INFO:root:*************
INFO:root:             
INFO:root:Starting to test....
INFO:root:             
INFO:root:OneStep loss: 0.013190483674407005
INFO:root:Scalar loss: 0.017748182639479637
INFO:root:Vector loss: 0.01091163419187069
INFO:root:             
INFO:root:Done.
