INFO:root:*************
INFO:root:             
INFO:root:model chosen: CR
INFO:root:multivector activation function?: 3
INFO:root:training trajectories: 15600
INFO:root:training epochs: 200
INFO:root:training batchsize: 16
INFO:root:learning rate: 0.0001
INFO:root:seed: 28996
INFO:root:patience: 15
INFO:root:training dataset path: datasets/trainingdataviscous/
INFO:root:test dataset path: datasets/testdataviscous/
INFO:root:             
INFO:root:*************
INFO:root:Using device: cuda
INFO:root:[[[1.6940998  1.5566934  1.3046039  1.0440726 ]
  [1.6066581  1.3995012  1.342347   1.233624  ]
  [1.4666691  1.3354036  1.3883016  1.2737162 ]
  [1.4122795  1.3854291  1.4587754  1.339578  ]]

 [[1.6459564  1.3450366  1.0299298  0.77708894]
  [1.6489182  1.5250436  1.3721011  1.2203181 ]
  [1.4844782  1.3996952  1.3643513  1.3251002 ]
  [1.3969231  1.3963239  1.4048748  1.4067723 ]]]
INFO:root:****
INFO:root:[[[1.6940998  1.5566934  1.3046039  1.0440726 ]
  [1.6066581  1.3995012  1.342347   1.233624  ]
  [1.4666691  1.3354036  1.3883016  1.2737162 ]
  [1.4122795  1.3854291  1.4587754  1.339578  ]]

 [[1.6459564  1.3450366  1.0299298  0.77708894]
  [1.6489182  1.5250436  1.3721011  1.2203181 ]
  [1.4844782  1.3996952  1.3643513  1.3251002 ]
  [1.3969231  1.3963239  1.4048748  1.4067723 ]]]
INFO:root:Train input shape: torch.Size([15600, 2, 128, 128, 3])
INFO:root:Train labels shape: torch.Size([15600, 1, 128, 128, 3])
INFO:root:                   
INFO:root:Val input shape: torch.Size([4680, 2, 128, 128, 3])
INFO:root:Val labels shape: torch.Size([4680, 1, 128, 128, 3])
INFO:root:*************
INFO:root:             
INFO:root:Starting to train....
INFO:root:  batch 100 loss: 0.22854021027684213
INFO:root:LOSS train' 0.22854021027684213, 100
INFO:root:  batch 200 loss: 0.153536130040884
INFO:root:LOSS train' 0.153536130040884, 200
INFO:root:  batch 300 loss: 0.13214038707315923
INFO:root:LOSS train' 0.13214038707315923, 300
INFO:root:  batch 400 loss: 0.11816594228148461
INFO:root:LOSS train' 0.11816594228148461, 400
INFO:root:  batch 500 loss: 0.10849911719560623
INFO:root:LOSS train' 0.10849911719560623, 500
INFO:root:  batch 600 loss: 0.09808418788015842
INFO:root:LOSS train' 0.09808418788015842, 600
INFO:root:  batch 700 loss: 0.09255629137158394
INFO:root:LOSS train' 0.09255629137158394, 700
INFO:root:  batch 800 loss: 0.0844167223572731
INFO:root:LOSS train' 0.0844167223572731, 800
INFO:root:  batch 900 loss: 0.08148245602846145
INFO:root:LOSS train' 0.08148245602846145, 900
INFO:root:Epoch: 0 - LOSS train: 0.08148245602846145 LOSS val: 0.07439572364091873 - Elapsed time: 353.56309723854065 s
INFO:root:  batch 100 loss: 0.07248002871870994
INFO:root:LOSS train' 0.07248002871870994, 1075
INFO:root:  batch 200 loss: 0.07257979054003955
INFO:root:LOSS train' 0.07257979054003955, 1175
INFO:root:  batch 300 loss: 0.06654847647994756
INFO:root:LOSS train' 0.06654847647994756, 1275
INFO:root:  batch 400 loss: 0.061801189891994
INFO:root:LOSS train' 0.061801189891994, 1375
INFO:root:  batch 500 loss: 0.06426296532154083
INFO:root:LOSS train' 0.06426296532154083, 1475
INFO:root:  batch 600 loss: 0.060303446277976035
INFO:root:LOSS train' 0.060303446277976035, 1575
INFO:root:  batch 700 loss: 0.05898454558104277
INFO:root:LOSS train' 0.05898454558104277, 1675
INFO:root:  batch 800 loss: 0.05745145406574011
INFO:root:LOSS train' 0.05745145406574011, 1775
INFO:root:  batch 900 loss: 0.056326452419161795
INFO:root:LOSS train' 0.056326452419161795, 1875
INFO:root:Epoch: 1 - LOSS train: 0.056326452419161795 LOSS val: 0.05211929976940155 - Elapsed time: 352.1590692996979 s
INFO:root:  batch 100 loss: 0.052280867733061315
INFO:root:LOSS train' 0.052280867733061315, 2050
INFO:root:  batch 200 loss: 0.05056581936776638
INFO:root:LOSS train' 0.05056581936776638, 2150
INFO:root:  batch 300 loss: 0.04885001942515373
INFO:root:LOSS train' 0.04885001942515373, 2250
INFO:root:  batch 400 loss: 0.04787856373935938
INFO:root:LOSS train' 0.04787856373935938, 2350
INFO:root:  batch 500 loss: 0.04645607765763998
INFO:root:LOSS train' 0.04645607765763998, 2450
INFO:root:  batch 600 loss: 0.053335647732019424
INFO:root:LOSS train' 0.053335647732019424, 2550
INFO:root:  batch 700 loss: 0.06059124168008566
INFO:root:LOSS train' 0.06059124168008566, 2650
INFO:root:  batch 800 loss: 0.043563034832477567
INFO:root:LOSS train' 0.043563034832477567, 2750
INFO:root:  batch 900 loss: 0.04381584137678146
INFO:root:LOSS train' 0.04381584137678146, 2850
INFO:root:Epoch: 2 - LOSS train: 0.04381584137678146 LOSS val: 0.04104401543736458 - Elapsed time: 352.9758276939392 s
INFO:root:  batch 100 loss: 0.04262282110750675
INFO:root:LOSS train' 0.04262282110750675, 3025
INFO:root:  batch 200 loss: 0.03955073151737452
INFO:root:LOSS train' 0.03955073151737452, 3125
INFO:root:  batch 300 loss: 0.038989902175962925
INFO:root:LOSS train' 0.038989902175962925, 3225
INFO:root:  batch 400 loss: 0.040241777077317235
INFO:root:LOSS train' 0.040241777077317235, 3325
INFO:root:  batch 500 loss: 0.03994941350072622
INFO:root:LOSS train' 0.03994941350072622, 3425
INFO:root:  batch 600 loss: 0.03757435284554958
INFO:root:LOSS train' 0.03757435284554958, 3525
INFO:root:  batch 700 loss: 0.038943072110414506
INFO:root:LOSS train' 0.038943072110414506, 3625
INFO:root:  batch 800 loss: 0.03756355706602335
INFO:root:LOSS train' 0.03756355706602335, 3725
INFO:root:  batch 900 loss: 0.03624883634969592
INFO:root:LOSS train' 0.03624883634969592, 3825
INFO:root:Epoch: 3 - LOSS train: 0.03624883634969592 LOSS val: 0.03938523307442665 - Elapsed time: 352.4682250022888 s
INFO:root:  batch 100 loss: 0.03544238740578294
INFO:root:LOSS train' 0.03544238740578294, 4000
INFO:root:  batch 200 loss: 0.0369015471637249
INFO:root:LOSS train' 0.0369015471637249, 4100
INFO:root:  batch 300 loss: 0.04781896963715553
INFO:root:LOSS train' 0.04781896963715553, 4200
INFO:root:  batch 400 loss: 0.05600057743489742
INFO:root:LOSS train' 0.05600057743489742, 4300
INFO:root:  batch 500 loss: 0.037165175154805184
INFO:root:LOSS train' 0.037165175154805184, 4400
INFO:root:  batch 600 loss: 0.03525134172290564
INFO:root:LOSS train' 0.03525134172290564, 4500
INFO:root:  batch 700 loss: 0.03978193700313568
INFO:root:LOSS train' 0.03978193700313568, 4600
INFO:root:  batch 800 loss: 0.035900821592658755
INFO:root:LOSS train' 0.035900821592658755, 4700
INFO:root:  batch 900 loss: 0.03332460736855865
INFO:root:LOSS train' 0.03332460736855865, 4800
INFO:root:Epoch: 4 - LOSS train: 0.03332460736855865 LOSS val: 0.031888674944639206 - Elapsed time: 352.3165066242218 s
INFO:root:  batch 100 loss: 0.03168986713513732
INFO:root:LOSS train' 0.03168986713513732, 4975
INFO:root:  batch 200 loss: 0.03889006402343512
INFO:root:LOSS train' 0.03889006402343512, 5075
INFO:root:  batch 300 loss: 0.031573582012206315
INFO:root:LOSS train' 0.031573582012206315, 5175
INFO:root:  batch 400 loss: 0.031534872855991124
INFO:root:LOSS train' 0.031534872855991124, 5275
INFO:root:  batch 500 loss: 0.03054171796888113
INFO:root:LOSS train' 0.03054171796888113, 5375
INFO:root:  batch 600 loss: 0.030514894891530274
INFO:root:LOSS train' 0.030514894891530274, 5475
INFO:root:  batch 700 loss: 0.02945610461756587
INFO:root:LOSS train' 0.02945610461756587, 5575
INFO:root:  batch 800 loss: 0.02923870850354433
INFO:root:LOSS train' 0.02923870850354433, 5675
INFO:root:  batch 900 loss: 0.029015705548226835
INFO:root:LOSS train' 0.029015705548226835, 5775
INFO:root:Epoch: 5 - LOSS train: 0.029015705548226835 LOSS val: 0.03563116863369942 - Elapsed time: 352.72984981536865 s
INFO:root:  batch 100 loss: 0.029997650794684888
INFO:root:LOSS train' 0.029997650794684888, 5950
INFO:root:  batch 200 loss: 0.028100117444992065
INFO:root:LOSS train' 0.028100117444992065, 6050
INFO:root:  batch 300 loss: 0.028177652284502985
INFO:root:LOSS train' 0.028177652284502985, 6150
INFO:root:  batch 400 loss: 0.02811529189348221
INFO:root:LOSS train' 0.02811529189348221, 6250
INFO:root:  batch 500 loss: 0.03026661330834031
INFO:root:LOSS train' 0.03026661330834031, 6350
INFO:root:  batch 600 loss: 0.028129726219922303
INFO:root:LOSS train' 0.028129726219922303, 6450
INFO:root:  batch 700 loss: 0.026839362811297177
INFO:root:LOSS train' 0.026839362811297177, 6550
INFO:root:  batch 800 loss: 0.02688210714608431
INFO:root:LOSS train' 0.02688210714608431, 6650
INFO:root:  batch 900 loss: 0.02700715748593211
INFO:root:LOSS train' 0.02700715748593211, 6750
INFO:root:Epoch: 6 - LOSS train: 0.02700715748593211 LOSS val: 0.041793711483478546 - Elapsed time: 352.58279824256897 s
INFO:root:  batch 100 loss: 0.03593938075006008
INFO:root:LOSS train' 0.03593938075006008, 6925
INFO:root:  batch 200 loss: 0.02924755582585931
INFO:root:LOSS train' 0.02924755582585931, 7025
INFO:root:  batch 300 loss: 0.02993978749960661
INFO:root:LOSS train' 0.02993978749960661, 7125
INFO:root:  batch 400 loss: 0.027334028203040362
INFO:root:LOSS train' 0.027334028203040362, 7225
INFO:root:  batch 500 loss: 0.026937083955854178
INFO:root:LOSS train' 0.026937083955854178, 7325
INFO:root:  batch 600 loss: 0.026871687807142733
INFO:root:LOSS train' 0.026871687807142733, 7425
INFO:root:  batch 700 loss: 0.02582814546301961
INFO:root:LOSS train' 0.02582814546301961, 7525
INFO:root:  batch 800 loss: 0.038475877083837984
INFO:root:LOSS train' 0.038475877083837984, 7625
INFO:root:  batch 900 loss: 0.027063409443944694
INFO:root:LOSS train' 0.027063409443944694, 7725
INFO:root:Epoch: 7 - LOSS train: 0.027063409443944694 LOSS val: 0.02422957681119442 - Elapsed time: 352.6253435611725 s
INFO:root:  batch 100 loss: 0.02472460478544235
INFO:root:LOSS train' 0.02472460478544235, 7900
INFO:root:  batch 200 loss: 0.024818358272314073
INFO:root:LOSS train' 0.024818358272314073, 8000
INFO:root:  batch 300 loss: 0.025774230882525444
INFO:root:LOSS train' 0.025774230882525444, 8100
INFO:root:  batch 400 loss: 0.02414528988301754
INFO:root:LOSS train' 0.02414528988301754, 8200
INFO:root:  batch 500 loss: 0.024132588915526866
INFO:root:LOSS train' 0.024132588915526866, 8300
INFO:root:  batch 600 loss: 0.024085426796227695
INFO:root:LOSS train' 0.024085426796227695, 8400
INFO:root:  batch 700 loss: 0.024003534242510796
INFO:root:LOSS train' 0.024003534242510796, 8500
INFO:root:  batch 800 loss: 0.0235317312926054
INFO:root:LOSS train' 0.0235317312926054, 8600
INFO:root:  batch 900 loss: 0.04680281648412347
INFO:root:LOSS train' 0.04680281648412347, 8700
INFO:root:Epoch: 8 - LOSS train: 0.04680281648412347 LOSS val: 0.025246823206543922 - Elapsed time: 352.46498441696167 s
INFO:root:  batch 100 loss: 0.024323164764791728
INFO:root:LOSS train' 0.024323164764791728, 8875
INFO:root:  batch 200 loss: 0.023925387468189
INFO:root:LOSS train' 0.023925387468189, 8975
INFO:root:  batch 300 loss: 0.02339466840028763
INFO:root:LOSS train' 0.02339466840028763, 9075
INFO:root:  batch 400 loss: 0.02303309177979827
INFO:root:LOSS train' 0.02303309177979827, 9175
INFO:root:  batch 500 loss: 0.0233324215374887
INFO:root:LOSS train' 0.0233324215374887, 9275
INFO:root:  batch 600 loss: 0.02297826325520873
INFO:root:LOSS train' 0.02297826325520873, 9375
INFO:root:  batch 700 loss: 0.022553203646093607
INFO:root:LOSS train' 0.022553203646093607, 9475
INFO:root:  batch 800 loss: 0.023643432557582854
INFO:root:LOSS train' 0.023643432557582854, 9575
INFO:root:  batch 900 loss: 0.022188846487551928
INFO:root:LOSS train' 0.022188846487551928, 9675
INFO:root:Epoch: 9 - LOSS train: 0.022188846487551928 LOSS val: 0.022951407358050346 - Elapsed time: 352.2418849468231 s
INFO:root:  batch 100 loss: 0.021796466056257485
INFO:root:LOSS train' 0.021796466056257485, 9850
INFO:root:  batch 200 loss: 0.023556552659720183
INFO:root:LOSS train' 0.023556552659720183, 9950
INFO:root:  batch 300 loss: 0.022354563437402247
INFO:root:LOSS train' 0.022354563437402247, 10050
INFO:root:  batch 400 loss: 0.021250936072319745
INFO:root:LOSS train' 0.021250936072319745, 10150
INFO:root:  batch 500 loss: 0.021227199118584394
INFO:root:LOSS train' 0.021227199118584394, 10250
INFO:root:  batch 600 loss: 0.021803475003689527
INFO:root:LOSS train' 0.021803475003689527, 10350
INFO:root:  batch 700 loss: 0.024046541955322027
INFO:root:LOSS train' 0.024046541955322027, 10450
INFO:root:  batch 800 loss: 0.021004472728818654
INFO:root:LOSS train' 0.021004472728818654, 10550
INFO:root:  batch 900 loss: 0.020377644542604684
INFO:root:LOSS train' 0.020377644542604684, 10650
INFO:root:Epoch: 10 - LOSS train: 0.020377644542604684 LOSS val: 0.020245851948857307 - Elapsed time: 352.5538947582245 s
INFO:root:  batch 100 loss: 0.020112431813031434
INFO:root:LOSS train' 0.020112431813031434, 10825
INFO:root:  batch 200 loss: 0.022589691001921892
INFO:root:LOSS train' 0.022589691001921892, 10925
INFO:root:  batch 300 loss: 0.020927805826067923
INFO:root:LOSS train' 0.020927805826067923, 11025
INFO:root:  batch 400 loss: 0.020164047442376612
INFO:root:LOSS train' 0.020164047442376612, 11125
INFO:root:  batch 500 loss: 0.020635533910244704
INFO:root:LOSS train' 0.020635533910244704, 11225
INFO:root:  batch 600 loss: 0.019946876242756845
INFO:root:LOSS train' 0.019946876242756845, 11325
INFO:root:  batch 700 loss: 0.02055207910016179
INFO:root:LOSS train' 0.02055207910016179, 11425
INFO:root:  batch 800 loss: 0.02086870789527893
INFO:root:LOSS train' 0.02086870789527893, 11525
INFO:root:  batch 900 loss: 0.036639715060591695
INFO:root:LOSS train' 0.036639715060591695, 11625
INFO:root:Epoch: 11 - LOSS train: 0.036639715060591695 LOSS val: 0.023935988545417786 - Elapsed time: 351.7542173862457 s
INFO:root:  batch 100 loss: 0.022245202530175447
INFO:root:LOSS train' 0.022245202530175447, 11800
INFO:root:  batch 200 loss: 0.020290781762450933
INFO:root:LOSS train' 0.020290781762450933, 11900
INFO:root:  batch 300 loss: 0.021609484627842904
INFO:root:LOSS train' 0.021609484627842904, 12000
INFO:root:  batch 400 loss: 0.019806569665670393
INFO:root:LOSS train' 0.019806569665670393, 12100
INFO:root:  batch 500 loss: 0.01972878411412239
INFO:root:LOSS train' 0.01972878411412239, 12200
INFO:root:  batch 600 loss: 0.019476502146571876
INFO:root:LOSS train' 0.019476502146571876, 12300
INFO:root:  batch 700 loss: 0.019694828651845454
INFO:root:LOSS train' 0.019694828651845454, 12400
INFO:root:  batch 800 loss: 0.01879461031407118
INFO:root:LOSS train' 0.01879461031407118, 12500
INFO:root:  batch 900 loss: 0.021609289422631264
INFO:root:LOSS train' 0.021609289422631264, 12600
INFO:root:Epoch: 12 - LOSS train: 0.021609289422631264 LOSS val: 0.02437729574739933 - Elapsed time: 351.48713064193726 s
INFO:root:  batch 100 loss: 0.01935582995414734
INFO:root:LOSS train' 0.01935582995414734, 12775
INFO:root:  batch 200 loss: 0.018447640463709832
INFO:root:LOSS train' 0.018447640463709832, 12875
INFO:root:  batch 300 loss: 0.01909534053876996
INFO:root:LOSS train' 0.01909534053876996, 12975
INFO:root:  batch 400 loss: 0.019053928554058075
INFO:root:LOSS train' 0.019053928554058075, 13075
INFO:root:  batch 500 loss: 0.018205359494313598
INFO:root:LOSS train' 0.018205359494313598, 13175
INFO:root:  batch 600 loss: 0.020881084902212025
INFO:root:LOSS train' 0.020881084902212025, 13275
INFO:root:  batch 700 loss: 0.018234590897336603
INFO:root:LOSS train' 0.018234590897336603, 13375
INFO:root:  batch 800 loss: 0.024224640633910895
INFO:root:LOSS train' 0.024224640633910895, 13475
INFO:root:  batch 900 loss: 0.027199244797229766
INFO:root:LOSS train' 0.027199244797229766, 13575
INFO:root:Epoch: 13 - LOSS train: 0.027199244797229766 LOSS val: 0.018798701465129852 - Elapsed time: 352.0079348087311 s
INFO:root:  batch 100 loss: 0.01863188575953245
INFO:root:LOSS train' 0.01863188575953245, 13750
INFO:root:  batch 200 loss: 0.01839856619015336
INFO:root:LOSS train' 0.01839856619015336, 13850
INFO:root:  batch 300 loss: 0.018348079267889263
INFO:root:LOSS train' 0.018348079267889263, 13950
INFO:root:  batch 400 loss: 0.02675366713665426
INFO:root:LOSS train' 0.02675366713665426, 14050
INFO:root:  batch 500 loss: 0.01982075536623597
INFO:root:LOSS train' 0.01982075536623597, 14150
INFO:root:  batch 600 loss: 0.01832817753776908
INFO:root:LOSS train' 0.01832817753776908, 14250
INFO:root:  batch 700 loss: 0.01844631874933839
INFO:root:LOSS train' 0.01844631874933839, 14350
INFO:root:  batch 800 loss: 0.017671412816271187
INFO:root:LOSS train' 0.017671412816271187, 14450
INFO:root:  batch 900 loss: 0.01741801742464304
INFO:root:LOSS train' 0.01741801742464304, 14550
INFO:root:Epoch: 14 - LOSS train: 0.01741801742464304 LOSS val: 0.01734863594174385 - Elapsed time: 352.2496633529663 s
INFO:root:  batch 100 loss: 0.017394863730296493
INFO:root:LOSS train' 0.017394863730296493, 14725
INFO:root:  batch 200 loss: 0.017414406882598998
INFO:root:LOSS train' 0.017414406882598998, 14825
INFO:root:  batch 300 loss: 0.017355764005333185
INFO:root:LOSS train' 0.017355764005333185, 14925
INFO:root:  batch 400 loss: 0.01731233865953982
INFO:root:LOSS train' 0.01731233865953982, 15025
INFO:root:  batch 500 loss: 0.017848557103425266
INFO:root:LOSS train' 0.017848557103425266, 15125
INFO:root:  batch 600 loss: 0.017690468281507492
INFO:root:LOSS train' 0.017690468281507492, 15225
INFO:root:  batch 700 loss: 0.016678779581561685
INFO:root:LOSS train' 0.016678779581561685, 15325
INFO:root:  batch 800 loss: 0.01728847362101078
INFO:root:LOSS train' 0.01728847362101078, 15425
INFO:root:  batch 900 loss: 0.019916812917217613
INFO:root:LOSS train' 0.019916812917217613, 15525
INFO:root:Epoch: 15 - LOSS train: 0.019916812917217613 LOSS val: 0.019919337704777718 - Elapsed time: 352.44022703170776 s
INFO:root:  batch 100 loss: 0.020344898998737336
INFO:root:LOSS train' 0.020344898998737336, 15700
INFO:root:  batch 200 loss: 0.01745628157630563
INFO:root:LOSS train' 0.01745628157630563, 15800
INFO:root:  batch 300 loss: 0.016796943051740527
INFO:root:LOSS train' 0.016796943051740527, 15900
INFO:root:  batch 400 loss: 0.01666766935028136
INFO:root:LOSS train' 0.01666766935028136, 16000
INFO:root:  batch 500 loss: 0.01653095880523324
INFO:root:LOSS train' 0.01653095880523324, 16100
INFO:root:  batch 600 loss: 0.016207620687782764
INFO:root:LOSS train' 0.016207620687782764, 16200
INFO:root:  batch 700 loss: 0.023866869285702707
INFO:root:LOSS train' 0.023866869285702707, 16300
INFO:root:  batch 800 loss: 0.023123629186302425
INFO:root:LOSS train' 0.023123629186302425, 16400
INFO:root:  batch 900 loss: 0.018537927735596895
INFO:root:LOSS train' 0.018537927735596895, 16500
INFO:root:Epoch: 16 - LOSS train: 0.018537927735596895 LOSS val: 0.016576049849390984 - Elapsed time: 351.72203826904297 s
INFO:root:  batch 100 loss: 0.01715321415103972
INFO:root:LOSS train' 0.01715321415103972, 16675
INFO:root:  batch 200 loss: 0.016786971651017665
INFO:root:LOSS train' 0.016786971651017665, 16775
INFO:root:  batch 300 loss: 0.016246141893789173
INFO:root:LOSS train' 0.016246141893789173, 16875
INFO:root:  batch 400 loss: 0.016976466644555332
INFO:root:LOSS train' 0.016976466644555332, 16975
INFO:root:  batch 500 loss: 0.016139432862401007
INFO:root:LOSS train' 0.016139432862401007, 17075
INFO:root:  batch 600 loss: 0.016193786356598138
INFO:root:LOSS train' 0.016193786356598138, 17175
INFO:root:  batch 700 loss: 0.016118824873119594
INFO:root:LOSS train' 0.016118824873119594, 17275
INFO:root:  batch 800 loss: 0.016902159228920938
INFO:root:LOSS train' 0.016902159228920938, 17375
INFO:root:  batch 900 loss: 0.015964021664112805
INFO:root:LOSS train' 0.015964021664112805, 17475
INFO:root:Epoch: 17 - LOSS train: 0.015964021664112805 LOSS val: 0.017133941873908043 - Elapsed time: 352.78966641426086 s
INFO:root:  batch 100 loss: 0.016147620836272837
INFO:root:LOSS train' 0.016147620836272837, 17650
INFO:root:  batch 200 loss: 0.015666397269815207
INFO:root:LOSS train' 0.015666397269815207, 17750
INFO:root:  batch 300 loss: 0.015555999083444476
INFO:root:LOSS train' 0.015555999083444476, 17850
INFO:root:  batch 400 loss: 0.01552099528722465
INFO:root:LOSS train' 0.01552099528722465, 17950
INFO:root:  batch 500 loss: 0.015251313829794525
INFO:root:LOSS train' 0.015251313829794525, 18050
INFO:root:  batch 600 loss: 0.016676588738337158
INFO:root:LOSS train' 0.016676588738337158, 18150
INFO:root:  batch 700 loss: 0.01608060657046735
INFO:root:LOSS train' 0.01608060657046735, 18250
INFO:root:  batch 800 loss: 0.015515948329120875
INFO:root:LOSS train' 0.015515948329120875, 18350
INFO:root:  batch 900 loss: 0.015386928031221032
INFO:root:LOSS train' 0.015386928031221032, 18450
INFO:root:Epoch: 18 - LOSS train: 0.015386928031221032 LOSS val: 0.10548927634954453 - Elapsed time: 352.31144094467163 s
INFO:root:  batch 100 loss: 0.043971520345658065
INFO:root:LOSS train' 0.043971520345658065, 18625
INFO:root:  batch 200 loss: 0.021707698702812195
INFO:root:LOSS train' 0.021707698702812195, 18725
INFO:root:  batch 300 loss: 0.018428319301456213
INFO:root:LOSS train' 0.018428319301456213, 18825
INFO:root:  batch 400 loss: 0.017320273788645865
INFO:root:LOSS train' 0.017320273788645865, 18925
INFO:root:  batch 500 loss: 0.016827027956023814
INFO:root:LOSS train' 0.016827027956023814, 19025
INFO:root:  batch 600 loss: 0.017944598523899912
INFO:root:LOSS train' 0.017944598523899912, 19125
INFO:root:  batch 700 loss: 0.016322437673807144
INFO:root:LOSS train' 0.016322437673807144, 19225
INFO:root:  batch 800 loss: 0.01601788683794439
INFO:root:LOSS train' 0.01601788683794439, 19325
INFO:root:  batch 900 loss: 0.015542000383138656
INFO:root:LOSS train' 0.015542000383138656, 19425
INFO:root:Epoch: 19 - LOSS train: 0.015542000383138656 LOSS val: 0.015137139707803726 - Elapsed time: 351.9675199985504 s
INFO:root:  batch 100 loss: 0.015575282825157046
INFO:root:LOSS train' 0.015575282825157046, 19600
INFO:root:  batch 200 loss: 0.01574335920624435
INFO:root:LOSS train' 0.01574335920624435, 19700
INFO:root:  batch 300 loss: 0.014862322583794593
INFO:root:LOSS train' 0.014862322583794593, 19800
INFO:root:  batch 400 loss: 0.015147762605920434
INFO:root:LOSS train' 0.015147762605920434, 19900
INFO:root:  batch 500 loss: 0.015089751156046986
INFO:root:LOSS train' 0.015089751156046986, 20000
INFO:root:  batch 600 loss: 0.015098540568724275
INFO:root:LOSS train' 0.015098540568724275, 20100
INFO:root:  batch 700 loss: 0.014754241118207573
INFO:root:LOSS train' 0.014754241118207573, 20200
INFO:root:  batch 800 loss: 0.014674115683883429
INFO:root:LOSS train' 0.014674115683883429, 20300
INFO:root:  batch 900 loss: 0.014983337745070458
INFO:root:LOSS train' 0.014983337745070458, 20400
INFO:root:Epoch: 20 - LOSS train: 0.014983337745070458 LOSS val: 0.01567867398262024 - Elapsed time: 351.9104301929474 s
INFO:root:  batch 100 loss: 0.014922948107123375
INFO:root:LOSS train' 0.014922948107123375, 20575
INFO:root:  batch 200 loss: 0.01541401332244277
INFO:root:LOSS train' 0.01541401332244277, 20675
INFO:root:  batch 300 loss: 0.01489234265871346
INFO:root:LOSS train' 0.01489234265871346, 20775
INFO:root:  batch 400 loss: 0.016186510985717176
INFO:root:LOSS train' 0.016186510985717176, 20875
INFO:root:  batch 500 loss: 0.014843397606164217
INFO:root:LOSS train' 0.014843397606164217, 20975
INFO:root:  batch 600 loss: 0.014716548593714834
INFO:root:LOSS train' 0.014716548593714834, 21075
INFO:root:  batch 700 loss: 0.014366211518645287
INFO:root:LOSS train' 0.014366211518645287, 21175
INFO:root:  batch 800 loss: 0.0363922599516809
INFO:root:LOSS train' 0.0363922599516809, 21275
INFO:root:  batch 900 loss: 0.016669923523440957
INFO:root:LOSS train' 0.016669923523440957, 21375
INFO:root:Epoch: 21 - LOSS train: 0.016669923523440957 LOSS val: 0.015062588267028332 - Elapsed time: 351.3902106285095 s
INFO:root:  batch 100 loss: 0.014761701710522174
INFO:root:LOSS train' 0.014761701710522174, 21550
INFO:root:  batch 200 loss: 0.014850419256836176
INFO:root:LOSS train' 0.014850419256836176, 21650
INFO:root:  batch 300 loss: 0.01453242514282465
INFO:root:LOSS train' 0.01453242514282465, 21750
INFO:root:  batch 400 loss: 0.014522303026169539
INFO:root:LOSS train' 0.014522303026169539, 21850
INFO:root:  batch 500 loss: 0.01447923774830997
INFO:root:LOSS train' 0.01447923774830997, 21950
INFO:root:  batch 600 loss: 0.014596279514953493
INFO:root:LOSS train' 0.014596279514953493, 22050
INFO:root:  batch 700 loss: 0.014484163681045175
INFO:root:LOSS train' 0.014484163681045175, 22150
INFO:root:  batch 800 loss: 0.014462048336863518
INFO:root:LOSS train' 0.014462048336863518, 22250
INFO:root:  batch 900 loss: 0.013682577712461352
INFO:root:LOSS train' 0.013682577712461352, 22350
INFO:root:Epoch: 22 - LOSS train: 0.013682577712461352 LOSS val: 0.014414643868803978 - Elapsed time: 351.7253906726837 s
INFO:root:  batch 100 loss: 0.013964302986860275
INFO:root:LOSS train' 0.013964302986860275, 22525
INFO:root:  batch 200 loss: 0.014089863495901227
INFO:root:LOSS train' 0.014089863495901227, 22625
INFO:root:  batch 300 loss: 0.013983186362311243
INFO:root:LOSS train' 0.013983186362311243, 22725
INFO:root:  batch 400 loss: 0.014089616872370243
INFO:root:LOSS train' 0.014089616872370243, 22825
INFO:root:  batch 500 loss: 0.01442052992992103
INFO:root:LOSS train' 0.01442052992992103, 22925
INFO:root:  batch 600 loss: 0.013422881038859486
INFO:root:LOSS train' 0.013422881038859486, 23025
INFO:root:  batch 700 loss: 0.013793007601052523
INFO:root:LOSS train' 0.013793007601052523, 23125
INFO:root:  batch 800 loss: 0.013887437526136637
INFO:root:LOSS train' 0.013887437526136637, 23225
INFO:root:  batch 900 loss: 0.01368763434700668
INFO:root:LOSS train' 0.01368763434700668, 23325
INFO:root:Epoch: 23 - LOSS train: 0.01368763434700668 LOSS val: 0.015552954748272896 - Elapsed time: 351.90590834617615 s
INFO:root:  batch 100 loss: 0.013787445267662407
INFO:root:LOSS train' 0.013787445267662407, 23500
INFO:root:  batch 200 loss: 0.013620946472510696
INFO:root:LOSS train' 0.013620946472510696, 23600
INFO:root:  batch 300 loss: 0.013949174424633384
INFO:root:LOSS train' 0.013949174424633384, 23700
INFO:root:  batch 400 loss: 0.013968524010851979
INFO:root:LOSS train' 0.013968524010851979, 23800
INFO:root:  batch 500 loss: 0.013470479752868414
INFO:root:LOSS train' 0.013470479752868414, 23900
INFO:root:  batch 600 loss: 0.013374101659283042
INFO:root:LOSS train' 0.013374101659283042, 24000
INFO:root:  batch 700 loss: 0.01325297293253243
INFO:root:LOSS train' 0.01325297293253243, 24100
INFO:root:  batch 800 loss: 0.023541908422484995
INFO:root:LOSS train' 0.023541908422484995, 24200
INFO:root:  batch 900 loss: 0.016195842623710634
INFO:root:LOSS train' 0.016195842623710634, 24300
INFO:root:Epoch: 24 - LOSS train: 0.016195842623710634 LOSS val: 0.013814106583595276 - Elapsed time: 352.2330255508423 s
INFO:root:  batch 100 loss: 0.01386098876595497
INFO:root:LOSS train' 0.01386098876595497, 24475
INFO:root:  batch 200 loss: 0.013398980125784873
INFO:root:LOSS train' 0.013398980125784873, 24575
INFO:root:  batch 300 loss: 0.01352959444746375
INFO:root:LOSS train' 0.01352959444746375, 24675
INFO:root:  batch 400 loss: 0.013247713968157769
INFO:root:LOSS train' 0.013247713968157769, 24775
INFO:root:  batch 500 loss: 0.013135890373960138
INFO:root:LOSS train' 0.013135890373960138, 24875
INFO:root:  batch 600 loss: 0.01375299071893096
INFO:root:LOSS train' 0.01375299071893096, 24975
INFO:root:  batch 700 loss: 0.01315702565945685
INFO:root:LOSS train' 0.01315702565945685, 25075
INFO:root:  batch 800 loss: 0.013636244619265199
INFO:root:LOSS train' 0.013636244619265199, 25175
INFO:root:  batch 900 loss: 0.01354050294496119
INFO:root:LOSS train' 0.01354050294496119, 25275
INFO:root:Epoch: 25 - LOSS train: 0.01354050294496119 LOSS val: 0.013477536849677563 - Elapsed time: 352.2232275009155 s
INFO:root:  batch 100 loss: 0.012904791571199893
INFO:root:LOSS train' 0.012904791571199893, 25450
INFO:root:  batch 200 loss: 0.01510195973329246
INFO:root:LOSS train' 0.01510195973329246, 25550
INFO:root:  batch 300 loss: 0.013639515396207572
INFO:root:LOSS train' 0.013639515396207572, 25650
INFO:root:  batch 400 loss: 0.013246009610593319
INFO:root:LOSS train' 0.013246009610593319, 25750
INFO:root:  batch 500 loss: 0.013220447776839138
INFO:root:LOSS train' 0.013220447776839138, 25850
INFO:root:  batch 600 loss: 0.012960776844993234
INFO:root:LOSS train' 0.012960776844993234, 25950
INFO:root:  batch 700 loss: 0.01291364585980773
INFO:root:LOSS train' 0.01291364585980773, 26050
INFO:root:  batch 800 loss: 0.012774895019829273
INFO:root:LOSS train' 0.012774895019829273, 26150
INFO:root:  batch 900 loss: 0.016853012423962355
INFO:root:LOSS train' 0.016853012423962355, 26250
INFO:root:Epoch: 26 - LOSS train: 0.016853012423962355 LOSS val: 0.014987419359385967 - Elapsed time: 352.075808763504 s
INFO:root:  batch 100 loss: 0.013983230395242572
INFO:root:LOSS train' 0.013983230395242572, 26425
INFO:root:  batch 200 loss: 0.013211992187425494
INFO:root:LOSS train' 0.013211992187425494, 26525
INFO:root:  batch 300 loss: 0.013174270987510681
INFO:root:LOSS train' 0.013174270987510681, 26625
INFO:root:  batch 400 loss: 0.012985818991437555
INFO:root:LOSS train' 0.012985818991437555, 26725
INFO:root:  batch 500 loss: 0.012828700579702854
INFO:root:LOSS train' 0.012828700579702854, 26825
INFO:root:  batch 600 loss: 0.01290791698731482
INFO:root:LOSS train' 0.01290791698731482, 26925
INFO:root:  batch 700 loss: 0.01329112883657217
INFO:root:LOSS train' 0.01329112883657217, 27025
INFO:root:  batch 800 loss: 0.012765683121979237
INFO:root:LOSS train' 0.012765683121979237, 27125
INFO:root:  batch 900 loss: 0.012998304953798652
INFO:root:LOSS train' 0.012998304953798652, 27225
INFO:root:Epoch: 27 - LOSS train: 0.012998304953798652 LOSS val: 0.012359648942947388 - Elapsed time: 351.9825556278229 s
INFO:root:  batch 100 loss: 0.03190845715813339
INFO:root:LOSS train' 0.03190845715813339, 27400
INFO:root:  batch 200 loss: 0.016825050795450807
INFO:root:LOSS train' 0.016825050795450807, 27500
INFO:root:  batch 300 loss: 0.015191525388509035
INFO:root:LOSS train' 0.015191525388509035, 27600
INFO:root:  batch 400 loss: 0.014021015707403422
INFO:root:LOSS train' 0.014021015707403422, 27700
INFO:root:  batch 500 loss: 0.013759987512603402
INFO:root:LOSS train' 0.013759987512603402, 27800
INFO:root:  batch 600 loss: 0.0131929749250412
INFO:root:LOSS train' 0.0131929749250412, 27900
INFO:root:  batch 700 loss: 0.01325786809436977
INFO:root:LOSS train' 0.01325786809436977, 28000
INFO:root:  batch 800 loss: 0.015796702671796083
INFO:root:LOSS train' 0.015796702671796083, 28100
INFO:root:  batch 900 loss: 0.013230182379484177
INFO:root:LOSS train' 0.013230182379484177, 28200
INFO:root:Epoch: 28 - LOSS train: 0.013230182379484177 LOSS val: 0.013498349115252495 - Elapsed time: 351.5668592453003 s
INFO:root:  batch 100 loss: 0.012697111712768674
INFO:root:LOSS train' 0.012697111712768674, 28375
INFO:root:  batch 200 loss: 0.012787827560678124
INFO:root:LOSS train' 0.012787827560678124, 28475
INFO:root:  batch 300 loss: 0.01253189293667674
INFO:root:LOSS train' 0.01253189293667674, 28575
INFO:root:  batch 400 loss: 0.012544129863381387
INFO:root:LOSS train' 0.012544129863381387, 28675
INFO:root:  batch 500 loss: 0.012688382035121322
INFO:root:LOSS train' 0.012688382035121322, 28775
INFO:root:  batch 600 loss: 0.012227490851655603
INFO:root:LOSS train' 0.012227490851655603, 28875
INFO:root:  batch 700 loss: 0.01229718105867505
INFO:root:LOSS train' 0.01229718105867505, 28975
INFO:root:  batch 800 loss: 0.012378452764824032
INFO:root:LOSS train' 0.012378452764824032, 29075
INFO:root:  batch 900 loss: 0.014313314529135823
INFO:root:LOSS train' 0.014313314529135823, 29175
INFO:root:Epoch: 29 - LOSS train: 0.014313314529135823 LOSS val: 0.012561923824250698 - Elapsed time: 351.8141179084778 s
INFO:root:  batch 100 loss: 0.012532601365819573
INFO:root:LOSS train' 0.012532601365819573, 29350
INFO:root:  batch 200 loss: 0.020295497570186852
INFO:root:LOSS train' 0.020295497570186852, 29450
INFO:root:  batch 300 loss: 0.014062444465234875
INFO:root:LOSS train' 0.014062444465234875, 29550
INFO:root:  batch 400 loss: 0.013781410437077283
INFO:root:LOSS train' 0.013781410437077283, 29650
INFO:root:  batch 500 loss: 0.012720208140090108
INFO:root:LOSS train' 0.012720208140090108, 29750
INFO:root:  batch 600 loss: 0.012657429417595267
INFO:root:LOSS train' 0.012657429417595267, 29850
INFO:root:  batch 700 loss: 0.01273410115391016
INFO:root:LOSS train' 0.01273410115391016, 29950
INFO:root:  batch 800 loss: 0.01236479775980115
INFO:root:LOSS train' 0.01236479775980115, 30050
INFO:root:  batch 900 loss: 0.012206191346049309
INFO:root:LOSS train' 0.012206191346049309, 30150
INFO:root:Epoch: 30 - LOSS train: 0.012206191346049309 LOSS val: 0.021211234852671623 - Elapsed time: 352.05300998687744 s
INFO:root:  batch 100 loss: 0.017012559063732623
INFO:root:LOSS train' 0.017012559063732623, 30325
INFO:root:  batch 200 loss: 0.013518288154155017
INFO:root:LOSS train' 0.013518288154155017, 30425
INFO:root:  batch 300 loss: 0.013239456452429294
INFO:root:LOSS train' 0.013239456452429294, 30525
INFO:root:  batch 400 loss: 0.012962699867784977
INFO:root:LOSS train' 0.012962699867784977, 30625
INFO:root:  batch 500 loss: 0.012654843619093298
INFO:root:LOSS train' 0.012654843619093298, 30725
INFO:root:  batch 600 loss: 0.012488619862124324
INFO:root:LOSS train' 0.012488619862124324, 30825
INFO:root:  batch 700 loss: 0.012973319627344609
INFO:root:LOSS train' 0.012973319627344609, 30925
INFO:root:  batch 800 loss: 0.012211961103603244
INFO:root:LOSS train' 0.012211961103603244, 31025
INFO:root:  batch 900 loss: 0.012318560052663088
INFO:root:LOSS train' 0.012318560052663088, 31125
INFO:root:Epoch: 31 - LOSS train: 0.012318560052663088 LOSS val: 0.011934441514313221 - Elapsed time: 351.9638636112213 s
INFO:root:  batch 100 loss: 0.012154961545020342
INFO:root:LOSS train' 0.012154961545020342, 31300
INFO:root:  batch 200 loss: 0.012042422033846378
INFO:root:LOSS train' 0.012042422033846378, 31400
INFO:root:  batch 300 loss: 0.012071783188730478
INFO:root:LOSS train' 0.012071783188730478, 31500
INFO:root:  batch 400 loss: 0.012102993028238416
INFO:root:LOSS train' 0.012102993028238416, 31600
INFO:root:  batch 500 loss: 0.012116925502195954
INFO:root:LOSS train' 0.012116925502195954, 31700
INFO:root:  batch 600 loss: 0.011895451238378882
INFO:root:LOSS train' 0.011895451238378882, 31800
INFO:root:  batch 700 loss: 0.011837263656780124
INFO:root:LOSS train' 0.011837263656780124, 31900
INFO:root:  batch 800 loss: 0.011881328420713544
INFO:root:LOSS train' 0.011881328420713544, 32000
INFO:root:  batch 900 loss: 0.011865931237116456
INFO:root:LOSS train' 0.011865931237116456, 32100
INFO:root:Epoch: 32 - LOSS train: 0.011865931237116456 LOSS val: 0.011565049178898335 - Elapsed time: 352.2295467853546 s
INFO:root:  batch 100 loss: 0.012025545835494995
INFO:root:LOSS train' 0.012025545835494995, 32275
INFO:root:  batch 200 loss: 0.011703682914376259
INFO:root:LOSS train' 0.011703682914376259, 32375
INFO:root:  batch 300 loss: 0.011510675037279726
INFO:root:LOSS train' 0.011510675037279726, 32475
INFO:root:  batch 400 loss: 0.011696577277034522
INFO:root:LOSS train' 0.011696577277034522, 32575
INFO:root:  batch 500 loss: 0.011903527872636915
INFO:root:LOSS train' 0.011903527872636915, 32675
INFO:root:  batch 600 loss: 0.011506302794441581
INFO:root:LOSS train' 0.011506302794441581, 32775
INFO:root:  batch 700 loss: 0.012558262292295695
INFO:root:LOSS train' 0.012558262292295695, 32875
INFO:root:  batch 800 loss: 0.011741472315043211
INFO:root:LOSS train' 0.011741472315043211, 32975
INFO:root:  batch 900 loss: 0.011631372692063451
INFO:root:LOSS train' 0.011631372692063451, 33075
INFO:root:Epoch: 33 - LOSS train: 0.011631372692063451 LOSS val: 0.011716799810528755 - Elapsed time: 351.5558223724365 s
INFO:root:*************
INFO:root:             
INFO:root:Starting to test....
INFO:root:             
INFO:root:OneStep loss: 0.011687594465911388
INFO:root:Scalar loss: 0.015932152047753334
INFO:root:Vector loss: 0.009565319865942001
INFO:root:             
INFO:root:Done.
