INFO:root:*************
INFO:root:             
INFO:root:model chosen: CR
INFO:root:multivector activation function?: 3
INFO:root:training trajectories: 15600
INFO:root:training epochs: 200
INFO:root:training batchsize: 16
INFO:root:learning rate: 0.0001
INFO:root:seed: 666
INFO:root:patience: 15
INFO:root:training dataset path: datasets/trainingdataviscous/
INFO:root:test dataset path: datasets/testdataviscous/
INFO:root:             
INFO:root:*************
INFO:root:Using device: cuda
INFO:root:[[[1.6940998  1.5566934  1.3046039  1.0440726 ]
  [1.6066581  1.3995012  1.342347   1.233624  ]
  [1.4666691  1.3354036  1.3883016  1.2737162 ]
  [1.4122795  1.3854291  1.4587754  1.339578  ]]

 [[1.6459564  1.3450366  1.0299298  0.77708894]
  [1.6489182  1.5250436  1.3721011  1.2203181 ]
  [1.4844782  1.3996952  1.3643513  1.3251002 ]
  [1.3969231  1.3963239  1.4048748  1.4067723 ]]]
INFO:root:****
INFO:root:[[[1.6940998  1.5566934  1.3046039  1.0440726 ]
  [1.6066581  1.3995012  1.342347   1.233624  ]
  [1.4666691  1.3354036  1.3883016  1.2737162 ]
  [1.4122795  1.3854291  1.4587754  1.339578  ]]

 [[1.6459564  1.3450366  1.0299298  0.77708894]
  [1.6489182  1.5250436  1.3721011  1.2203181 ]
  [1.4844782  1.3996952  1.3643513  1.3251002 ]
  [1.3969231  1.3963239  1.4048748  1.4067723 ]]]
INFO:root:Train input shape: torch.Size([15600, 2, 128, 128, 3])
INFO:root:Train labels shape: torch.Size([15600, 1, 128, 128, 3])
INFO:root:                   
INFO:root:Val input shape: torch.Size([4680, 2, 128, 128, 3])
INFO:root:Val labels shape: torch.Size([4680, 1, 128, 128, 3])
INFO:root:*************
INFO:root:             
INFO:root:Starting to train....
INFO:root:  batch 100 loss: 0.23712212547659875
INFO:root:LOSS train' 0.23712212547659875, 100
INFO:root:  batch 200 loss: 0.15475129917263986
INFO:root:LOSS train' 0.15475129917263986, 200
INFO:root:  batch 300 loss: 0.1397913733124733
INFO:root:LOSS train' 0.1397913733124733, 300
INFO:root:  batch 400 loss: 0.1250185716897249
INFO:root:LOSS train' 0.1250185716897249, 400
INFO:root:  batch 500 loss: 0.11394022703170777
INFO:root:LOSS train' 0.11394022703170777, 500
INFO:root:  batch 600 loss: 0.10479752391576767
INFO:root:LOSS train' 0.10479752391576767, 600
INFO:root:  batch 700 loss: 0.09561806902289391
INFO:root:LOSS train' 0.09561806902289391, 700
INFO:root:  batch 800 loss: 0.09107832305133343
INFO:root:LOSS train' 0.09107832305133343, 800
INFO:root:  batch 900 loss: 0.0845408145338297
INFO:root:LOSS train' 0.0845408145338297, 900
INFO:root:Epoch: 0 - LOSS train: 0.0845408145338297 LOSS val: 0.07878009229898453 - Elapsed time: 352.9508240222931 s
INFO:root:  batch 100 loss: 0.0792284820228815
INFO:root:LOSS train' 0.0792284820228815, 1075
INFO:root:  batch 200 loss: 0.07255813449621201
INFO:root:LOSS train' 0.07255813449621201, 1175
INFO:root:  batch 300 loss: 0.07408171348273754
INFO:root:LOSS train' 0.07408171348273754, 1275
INFO:root:  batch 400 loss: 0.06783519741147756
INFO:root:LOSS train' 0.06783519741147756, 1375
INFO:root:  batch 500 loss: 0.06835470292717219
INFO:root:LOSS train' 0.06835470292717219, 1475
INFO:root:  batch 600 loss: 0.06404705308377742
INFO:root:LOSS train' 0.06404705308377742, 1575
INFO:root:  batch 700 loss: 0.06203923389315605
INFO:root:LOSS train' 0.06203923389315605, 1675
INFO:root:  batch 800 loss: 0.0598394713550806
INFO:root:LOSS train' 0.0598394713550806, 1775
INFO:root:  batch 900 loss: 0.056409480273723604
INFO:root:LOSS train' 0.056409480273723604, 1875
INFO:root:Epoch: 1 - LOSS train: 0.056409480273723604 LOSS val: 0.05413586273789406 - Elapsed time: 352.11047434806824 s
INFO:root:  batch 100 loss: 0.05572535008192062
INFO:root:LOSS train' 0.05572535008192062, 2050
INFO:root:  batch 200 loss: 0.05343179069459438
INFO:root:LOSS train' 0.05343179069459438, 2150
INFO:root:  batch 300 loss: 0.05032319214195013
INFO:root:LOSS train' 0.05032319214195013, 2250
INFO:root:  batch 400 loss: 0.09568043567240238
INFO:root:LOSS train' 0.09568043567240238, 2350
INFO:root:  batch 500 loss: 0.058974835127592086
INFO:root:LOSS train' 0.058974835127592086, 2450
INFO:root:  batch 600 loss: 0.05230855457484722
INFO:root:LOSS train' 0.05230855457484722, 2550
INFO:root:  batch 700 loss: 0.049902358017861845
INFO:root:LOSS train' 0.049902358017861845, 2650
INFO:root:  batch 800 loss: 0.04864008750766516
INFO:root:LOSS train' 0.04864008750766516, 2750
INFO:root:  batch 900 loss: 0.04486133273690939
INFO:root:LOSS train' 0.04486133273690939, 2850
INFO:root:Epoch: 2 - LOSS train: 0.04486133273690939 LOSS val: 0.04574432969093323 - Elapsed time: 352.59303069114685 s
INFO:root:  batch 100 loss: 0.04358108960092068
INFO:root:LOSS train' 0.04358108960092068, 3025
INFO:root:  batch 200 loss: 0.04260253347456455
INFO:root:LOSS train' 0.04260253347456455, 3125
INFO:root:  batch 300 loss: 0.042473212890326975
INFO:root:LOSS train' 0.042473212890326975, 3225
INFO:root:  batch 400 loss: 0.04138829346746206
INFO:root:LOSS train' 0.04138829346746206, 3325
INFO:root:  batch 500 loss: 0.040966219715774056
INFO:root:LOSS train' 0.040966219715774056, 3425
INFO:root:  batch 600 loss: 0.04052565485239029
INFO:root:LOSS train' 0.04052565485239029, 3525
INFO:root:  batch 700 loss: 0.042158383764326575
INFO:root:LOSS train' 0.042158383764326575, 3625
INFO:root:  batch 800 loss: 0.038242144733667376
INFO:root:LOSS train' 0.038242144733667376, 3725
INFO:root:  batch 900 loss: 0.03734524123370647
INFO:root:LOSS train' 0.03734524123370647, 3825
INFO:root:Epoch: 3 - LOSS train: 0.03734524123370647 LOSS val: 0.03596584126353264 - Elapsed time: 351.8635609149933 s
INFO:root:  batch 100 loss: 0.03757836908102036
INFO:root:LOSS train' 0.03757836908102036, 4000
INFO:root:  batch 200 loss: 0.03562096893787384
INFO:root:LOSS train' 0.03562096893787384, 4100
INFO:root:  batch 300 loss: 0.038856784384697675
INFO:root:LOSS train' 0.038856784384697675, 4200
INFO:root:  batch 400 loss: 0.03697209391742945
INFO:root:LOSS train' 0.03697209391742945, 4300
INFO:root:  batch 500 loss: 0.03447345105931163
INFO:root:LOSS train' 0.03447345105931163, 4400
INFO:root:  batch 600 loss: 0.03448399437591434
INFO:root:LOSS train' 0.03448399437591434, 4500
INFO:root:  batch 700 loss: 0.033865410163998605
INFO:root:LOSS train' 0.033865410163998605, 4600
INFO:root:  batch 800 loss: 0.033549925088882444
INFO:root:LOSS train' 0.033549925088882444, 4700
INFO:root:  batch 900 loss: 0.03466148635372519
INFO:root:LOSS train' 0.03466148635372519, 4800
INFO:root:Epoch: 4 - LOSS train: 0.03466148635372519 LOSS val: 0.03155157342553139 - Elapsed time: 352.02272486686707 s
INFO:root:  batch 100 loss: 0.033834601286798716
INFO:root:LOSS train' 0.033834601286798716, 4975
INFO:root:  batch 200 loss: 0.03265684882178903
INFO:root:LOSS train' 0.03265684882178903, 5075
INFO:root:  batch 300 loss: 0.031874223444610834
INFO:root:LOSS train' 0.031874223444610834, 5175
INFO:root:  batch 400 loss: 0.030802981555461885
INFO:root:LOSS train' 0.030802981555461885, 5275
INFO:root:  batch 500 loss: 0.05026927934959531
INFO:root:LOSS train' 0.05026927934959531, 5375
INFO:root:  batch 600 loss: 0.04074004219844937
INFO:root:LOSS train' 0.04074004219844937, 5475
INFO:root:  batch 700 loss: 0.03231774594634771
INFO:root:LOSS train' 0.03231774594634771, 5575
INFO:root:  batch 800 loss: 0.03312824357300997
INFO:root:LOSS train' 0.03312824357300997, 5675
INFO:root:  batch 900 loss: 0.029926136042922734
INFO:root:LOSS train' 0.029926136042922734, 5775
INFO:root:Epoch: 5 - LOSS train: 0.029926136042922734 LOSS val: 0.028041807934641838 - Elapsed time: 352.26123666763306 s
INFO:root:  batch 100 loss: 0.03489289263263345
INFO:root:LOSS train' 0.03489289263263345, 5950
INFO:root:  batch 200 loss: 0.02923123287037015
INFO:root:LOSS train' 0.02923123287037015, 6050
INFO:root:  batch 300 loss: 0.03095650650560856
INFO:root:LOSS train' 0.03095650650560856, 6150
INFO:root:  batch 400 loss: 0.028724206145852804
INFO:root:LOSS train' 0.028724206145852804, 6250
INFO:root:  batch 500 loss: 0.027456449158489705
INFO:root:LOSS train' 0.027456449158489705, 6350
INFO:root:  batch 600 loss: 0.027113887518644332
INFO:root:LOSS train' 0.027113887518644332, 6450
INFO:root:  batch 700 loss: 0.027679807618260385
INFO:root:LOSS train' 0.027679807618260385, 6550
INFO:root:  batch 800 loss: 0.028192417826503516
INFO:root:LOSS train' 0.028192417826503516, 6650
INFO:root:  batch 900 loss: 0.02697427574545145
INFO:root:LOSS train' 0.02697427574545145, 6750
INFO:root:Epoch: 6 - LOSS train: 0.02697427574545145 LOSS val: 0.027763931080698967 - Elapsed time: 351.8766007423401 s
INFO:root:  batch 100 loss: 0.02684002708643675
INFO:root:LOSS train' 0.02684002708643675, 6925
INFO:root:  batch 200 loss: 0.027002954557538032
INFO:root:LOSS train' 0.027002954557538032, 7025
INFO:root:  batch 300 loss: 0.027156840823590756
INFO:root:LOSS train' 0.027156840823590756, 7125
INFO:root:  batch 400 loss: 0.02609390152618289
INFO:root:LOSS train' 0.02609390152618289, 7225
INFO:root:  batch 500 loss: 0.02640844838693738
INFO:root:LOSS train' 0.02640844838693738, 7325
INFO:root:  batch 600 loss: 0.02519710175693035
INFO:root:LOSS train' 0.02519710175693035, 7425
INFO:root:  batch 700 loss: 0.026162630766630172
INFO:root:LOSS train' 0.026162630766630172, 7525
INFO:root:  batch 800 loss: 0.02486709125339985
INFO:root:LOSS train' 0.02486709125339985, 7625
INFO:root:  batch 900 loss: 0.02470079645514488
INFO:root:LOSS train' 0.02470079645514488, 7725
INFO:root:Epoch: 7 - LOSS train: 0.02470079645514488 LOSS val: 0.02626759558916092 - Elapsed time: 351.41410756111145 s
INFO:root:  batch 100 loss: 0.025621274076402186
INFO:root:LOSS train' 0.025621274076402186, 7900
INFO:root:  batch 200 loss: 0.0322558543458581
INFO:root:LOSS train' 0.0322558543458581, 8000
INFO:root:  batch 300 loss: 0.024472860079258682
INFO:root:LOSS train' 0.024472860079258682, 8100
INFO:root:  batch 400 loss: 0.024630181808024645
INFO:root:LOSS train' 0.024630181808024645, 8200
INFO:root:  batch 500 loss: 0.023947022818028928
INFO:root:LOSS train' 0.023947022818028928, 8300
INFO:root:  batch 600 loss: 0.02459161527454853
INFO:root:LOSS train' 0.02459161527454853, 8400
INFO:root:  batch 700 loss: 0.02345616841688752
INFO:root:LOSS train' 0.02345616841688752, 8500
INFO:root:  batch 800 loss: 0.024296655096113683
INFO:root:LOSS train' 0.024296655096113683, 8600
INFO:root:  batch 900 loss: 0.027148972917348146
INFO:root:LOSS train' 0.027148972917348146, 8700
INFO:root:Epoch: 8 - LOSS train: 0.027148972917348146 LOSS val: 0.025180356577038765 - Elapsed time: 351.9140372276306 s
INFO:root:  batch 100 loss: 0.022530307788401843
INFO:root:LOSS train' 0.022530307788401843, 8875
INFO:root:  batch 200 loss: 0.04637934863567352
INFO:root:LOSS train' 0.04637934863567352, 8975
INFO:root:  batch 300 loss: 0.029382978547364474
INFO:root:LOSS train' 0.029382978547364474, 9075
INFO:root:  batch 400 loss: 0.02699568759649992
INFO:root:LOSS train' 0.02699568759649992, 9175
INFO:root:  batch 500 loss: 0.023904842585325242
INFO:root:LOSS train' 0.023904842585325242, 9275
INFO:root:  batch 600 loss: 0.023076094798743726
INFO:root:LOSS train' 0.023076094798743726, 9375
INFO:root:  batch 700 loss: 0.022903395127505066
INFO:root:LOSS train' 0.022903395127505066, 9475
INFO:root:  batch 800 loss: 0.022501078769564628
INFO:root:LOSS train' 0.022501078769564628, 9575
INFO:root:  batch 900 loss: 0.02176589224487543
INFO:root:LOSS train' 0.02176589224487543, 9675
INFO:root:Epoch: 9 - LOSS train: 0.02176589224487543 LOSS val: 0.02167251892387867 - Elapsed time: 351.67780232429504 s
INFO:root:  batch 100 loss: 0.022310076486319302
INFO:root:LOSS train' 0.022310076486319302, 9850
INFO:root:  batch 200 loss: 0.026170685496181248
INFO:root:LOSS train' 0.026170685496181248, 9950
INFO:root:  batch 300 loss: 0.021466126665472984
INFO:root:LOSS train' 0.021466126665472984, 10050
INFO:root:  batch 400 loss: 0.02139030285179615
INFO:root:LOSS train' 0.02139030285179615, 10150
INFO:root:  batch 500 loss: 0.021035203412175178
INFO:root:LOSS train' 0.021035203412175178, 10250
INFO:root:  batch 600 loss: 0.026622565072029827
INFO:root:LOSS train' 0.026622565072029827, 10350
INFO:root:  batch 700 loss: 0.026442463379353284
INFO:root:LOSS train' 0.026442463379353284, 10450
INFO:root:  batch 800 loss: 0.0219465003721416
INFO:root:LOSS train' 0.0219465003721416, 10550
INFO:root:  batch 900 loss: 0.02146301155909896
INFO:root:LOSS train' 0.02146301155909896, 10650
INFO:root:Epoch: 10 - LOSS train: 0.02146301155909896 LOSS val: 0.021604487672448158 - Elapsed time: 352.0401701927185 s
INFO:root:  batch 100 loss: 0.020779084265232086
INFO:root:LOSS train' 0.020779084265232086, 10825
INFO:root:  batch 200 loss: 0.020776066686958073
INFO:root:LOSS train' 0.020776066686958073, 10925
INFO:root:  batch 300 loss: 0.020052318070083855
INFO:root:LOSS train' 0.020052318070083855, 11025
INFO:root:  batch 400 loss: 0.020165889542549848
INFO:root:LOSS train' 0.020165889542549848, 11125
INFO:root:  batch 500 loss: 0.023005698565393685
INFO:root:LOSS train' 0.023005698565393685, 11225
INFO:root:  batch 600 loss: 0.022421616706997157
INFO:root:LOSS train' 0.022421616706997157, 11325
INFO:root:  batch 700 loss: 0.02006301287561655
INFO:root:LOSS train' 0.02006301287561655, 11425
INFO:root:  batch 800 loss: 0.019441433306783436
INFO:root:LOSS train' 0.019441433306783436, 11525
INFO:root:  batch 900 loss: 0.019340917095541955
INFO:root:LOSS train' 0.019340917095541955, 11625
INFO:root:Epoch: 11 - LOSS train: 0.019340917095541955 LOSS val: 0.019367640838027 - Elapsed time: 351.5527174472809 s
INFO:root:  batch 100 loss: 0.019558699782937766
INFO:root:LOSS train' 0.019558699782937766, 11800
INFO:root:  batch 200 loss: 0.019340583011507987
INFO:root:LOSS train' 0.019340583011507987, 11900
INFO:root:  batch 300 loss: 0.019386693481355907
INFO:root:LOSS train' 0.019386693481355907, 12000
INFO:root:  batch 400 loss: 0.02486824259161949
INFO:root:LOSS train' 0.02486824259161949, 12100
INFO:root:  batch 500 loss: 0.019241368006914852
INFO:root:LOSS train' 0.019241368006914852, 12200
INFO:root:  batch 600 loss: 0.01908036693930626
INFO:root:LOSS train' 0.01908036693930626, 12300
INFO:root:  batch 700 loss: 0.01906866077333689
INFO:root:LOSS train' 0.01906866077333689, 12400
INFO:root:  batch 800 loss: 0.019068597089499234
INFO:root:LOSS train' 0.019068597089499234, 12500
INFO:root:  batch 900 loss: 0.01937111299484968
INFO:root:LOSS train' 0.01937111299484968, 12600
INFO:root:Epoch: 12 - LOSS train: 0.01937111299484968 LOSS val: 0.018776731565594673 - Elapsed time: 352.0189006328583 s
INFO:root:  batch 100 loss: 0.01849081980064511
INFO:root:LOSS train' 0.01849081980064511, 12775
INFO:root:  batch 200 loss: 0.018703963402658702
INFO:root:LOSS train' 0.018703963402658702, 12875
INFO:root:  batch 300 loss: 0.018636993039399384
INFO:root:LOSS train' 0.018636993039399384, 12975
INFO:root:  batch 400 loss: 0.02457011869177222
INFO:root:LOSS train' 0.02457011869177222, 13075
INFO:root:  batch 500 loss: 0.018915540520101786
INFO:root:LOSS train' 0.018915540520101786, 13175
INFO:root:  batch 600 loss: 0.018654896933585404
INFO:root:LOSS train' 0.018654896933585404, 13275
INFO:root:  batch 700 loss: 0.01834651693701744
INFO:root:LOSS train' 0.01834651693701744, 13375
INFO:root:  batch 800 loss: 0.017952815089374782
INFO:root:LOSS train' 0.017952815089374782, 13475
INFO:root:  batch 900 loss: 0.017685428168624638
INFO:root:LOSS train' 0.017685428168624638, 13575
INFO:root:Epoch: 13 - LOSS train: 0.017685428168624638 LOSS val: 0.01852763444185257 - Elapsed time: 351.25699853897095 s
INFO:root:  batch 100 loss: 0.01751551264896989
INFO:root:LOSS train' 0.01751551264896989, 13750
INFO:root:  batch 200 loss: 0.017780460137873887
INFO:root:LOSS train' 0.017780460137873887, 13850
INFO:root:  batch 300 loss: 0.03817599896341562
INFO:root:LOSS train' 0.03817599896341562, 13950
INFO:root:  batch 400 loss: 0.01948418330401182
INFO:root:LOSS train' 0.01948418330401182, 14050
INFO:root:  batch 500 loss: 0.018739213291555642
INFO:root:LOSS train' 0.018739213291555642, 14150
INFO:root:  batch 600 loss: 0.01856562528759241
INFO:root:LOSS train' 0.01856562528759241, 14250
INFO:root:  batch 700 loss: 0.01778408949263394
INFO:root:LOSS train' 0.01778408949263394, 14350
INFO:root:  batch 800 loss: 0.017880756240338087
INFO:root:LOSS train' 0.017880756240338087, 14450
INFO:root:  batch 900 loss: 0.017523787105455994
INFO:root:LOSS train' 0.017523787105455994, 14550
INFO:root:Epoch: 14 - LOSS train: 0.017523787105455994 LOSS val: 0.017628660425543785 - Elapsed time: 351.4743597507477 s
INFO:root:  batch 100 loss: 0.017523389225825668
INFO:root:LOSS train' 0.017523389225825668, 14725
INFO:root:  batch 200 loss: 0.01730454046279192
INFO:root:LOSS train' 0.01730454046279192, 14825
INFO:root:  batch 300 loss: 0.01758555137552321
INFO:root:LOSS train' 0.01758555137552321, 14925
INFO:root:  batch 400 loss: 0.01664595413953066
INFO:root:LOSS train' 0.01664595413953066, 15025
INFO:root:  batch 500 loss: 0.0169503416121006
INFO:root:LOSS train' 0.0169503416121006, 15125
INFO:root:  batch 600 loss: 0.016665345383808018
INFO:root:LOSS train' 0.016665345383808018, 15225
INFO:root:  batch 700 loss: 0.017233814178034663
INFO:root:LOSS train' 0.017233814178034663, 15325
INFO:root:  batch 800 loss: 0.017036517364904285
INFO:root:LOSS train' 0.017036517364904285, 15425
INFO:root:  batch 900 loss: 0.01672222842462361
INFO:root:LOSS train' 0.01672222842462361, 15525
INFO:root:Epoch: 15 - LOSS train: 0.01672222842462361 LOSS val: 0.016532987356185913 - Elapsed time: 352.57693004608154 s
INFO:root:  batch 100 loss: 0.016572687700390817
INFO:root:LOSS train' 0.016572687700390817, 15700
INFO:root:  batch 200 loss: 0.016507230708375575
INFO:root:LOSS train' 0.016507230708375575, 15800
INFO:root:  batch 300 loss: 0.01740659264847636
INFO:root:LOSS train' 0.01740659264847636, 15900
INFO:root:  batch 400 loss: 0.016198293408378958
INFO:root:LOSS train' 0.016198293408378958, 16000
INFO:root:  batch 500 loss: 0.01691068527288735
INFO:root:LOSS train' 0.01691068527288735, 16100
INFO:root:  batch 600 loss: 0.016591914147138596
INFO:root:LOSS train' 0.016591914147138596, 16200
INFO:root:  batch 700 loss: 0.02048170023597777
INFO:root:LOSS train' 0.02048170023597777, 16300
INFO:root:  batch 800 loss: 0.016561830537393688
INFO:root:LOSS train' 0.016561830537393688, 16400
INFO:root:  batch 900 loss: 0.01607749445363879
INFO:root:LOSS train' 0.01607749445363879, 16500
INFO:root:Epoch: 16 - LOSS train: 0.01607749445363879 LOSS val: 0.015585578046739101 - Elapsed time: 352.1579339504242 s
INFO:root:  batch 100 loss: 0.016037330124527217
INFO:root:LOSS train' 0.016037330124527217, 16675
INFO:root:  batch 200 loss: 0.01594538288190961
INFO:root:LOSS train' 0.01594538288190961, 16775
INFO:root:  batch 300 loss: 0.015783187430351973
INFO:root:LOSS train' 0.015783187430351973, 16875
INFO:root:  batch 400 loss: 0.016209406200796365
INFO:root:LOSS train' 0.016209406200796365, 16975
INFO:root:  batch 500 loss: 0.016256103431805967
INFO:root:LOSS train' 0.016256103431805967, 17075
INFO:root:  batch 600 loss: 0.0422085334174335
INFO:root:LOSS train' 0.0422085334174335, 17175
INFO:root:  batch 700 loss: 0.021972200740128754
INFO:root:LOSS train' 0.021972200740128754, 17275
INFO:root:  batch 800 loss: 0.018310958137735724
INFO:root:LOSS train' 0.018310958137735724, 17375
INFO:root:  batch 900 loss: 0.017452136874198915
INFO:root:LOSS train' 0.017452136874198915, 17475
INFO:root:Epoch: 17 - LOSS train: 0.017452136874198915 LOSS val: 0.016019945964217186 - Elapsed time: 351.4218990802765 s
INFO:root:  batch 100 loss: 0.01636429733596742
INFO:root:LOSS train' 0.01636429733596742, 17650
INFO:root:  batch 200 loss: 0.015767802111804487
INFO:root:LOSS train' 0.015767802111804487, 17750
INFO:root:  batch 300 loss: 0.01602955540642142
INFO:root:LOSS train' 0.01602955540642142, 17850
INFO:root:  batch 400 loss: 0.016105739725753666
INFO:root:LOSS train' 0.016105739725753666, 17950
INFO:root:  batch 500 loss: 0.019872446646913886
INFO:root:LOSS train' 0.019872446646913886, 18050
INFO:root:  batch 600 loss: 0.01585379656404257
INFO:root:LOSS train' 0.01585379656404257, 18150
INFO:root:  batch 700 loss: 0.01565974539145827
INFO:root:LOSS train' 0.01565974539145827, 18250
INFO:root:  batch 800 loss: 0.01553002375178039
INFO:root:LOSS train' 0.01553002375178039, 18350
INFO:root:  batch 900 loss: 0.01543815191835165
INFO:root:LOSS train' 0.01543815191835165, 18450
INFO:root:Epoch: 18 - LOSS train: 0.01543815191835165 LOSS val: 0.014995170757174492 - Elapsed time: 351.5206253528595 s
INFO:root:  batch 100 loss: 0.015107497731223702
INFO:root:LOSS train' 0.015107497731223702, 18625
INFO:root:  batch 200 loss: 0.015580997848883272
INFO:root:LOSS train' 0.015580997848883272, 18725
INFO:root:  batch 300 loss: 0.015032086130231619
INFO:root:LOSS train' 0.015032086130231619, 18825
INFO:root:  batch 400 loss: 0.015442893765866756
INFO:root:LOSS train' 0.015442893765866756, 18925
INFO:root:  batch 500 loss: 0.014901900319382549
INFO:root:LOSS train' 0.014901900319382549, 19025
INFO:root:  batch 600 loss: 0.01510385406203568
INFO:root:LOSS train' 0.01510385406203568, 19125
INFO:root:  batch 700 loss: 0.014789435025304555
INFO:root:LOSS train' 0.014789435025304555, 19225
INFO:root:  batch 800 loss: 0.014566517183557153
INFO:root:LOSS train' 0.014566517183557153, 19325
INFO:root:  batch 900 loss: 0.015236913803964853
INFO:root:LOSS train' 0.015236913803964853, 19425
INFO:root:Epoch: 19 - LOSS train: 0.015236913803964853 LOSS val: 0.014472726732492447 - Elapsed time: 352.4781277179718 s
INFO:root:  batch 100 loss: 0.01535603885538876
INFO:root:LOSS train' 0.01535603885538876, 19600
INFO:root:  batch 200 loss: 0.014261841205880046
INFO:root:LOSS train' 0.014261841205880046, 19700
INFO:root:  batch 300 loss: 0.014749738536775112
INFO:root:LOSS train' 0.014749738536775112, 19800
INFO:root:  batch 400 loss: 0.014617476556450128
INFO:root:LOSS train' 0.014617476556450128, 19900
INFO:root:  batch 500 loss: 0.014760682666674256
INFO:root:LOSS train' 0.014760682666674256, 20000
INFO:root:  batch 600 loss: 0.024685476385056974
INFO:root:LOSS train' 0.024685476385056974, 20100
INFO:root:  batch 700 loss: 0.017033716859295965
INFO:root:LOSS train' 0.017033716859295965, 20200
INFO:root:  batch 800 loss: 0.01546272006817162
INFO:root:LOSS train' 0.01546272006817162, 20300
INFO:root:  batch 900 loss: 0.014594136280938983
INFO:root:LOSS train' 0.014594136280938983, 20400
INFO:root:Epoch: 20 - LOSS train: 0.014594136280938983 LOSS val: 0.015043775551021099 - Elapsed time: 351.0952639579773 s
INFO:root:  batch 100 loss: 0.014815549571067095
INFO:root:LOSS train' 0.014815549571067095, 20575
INFO:root:  batch 200 loss: 0.014997220616787672
INFO:root:LOSS train' 0.014997220616787672, 20675
INFO:root:  batch 300 loss: 0.01453310888260603
INFO:root:LOSS train' 0.01453310888260603, 20775
INFO:root:  batch 400 loss: 0.014606583695858717
INFO:root:LOSS train' 0.014606583695858717, 20875
INFO:root:  batch 500 loss: 0.014500235505402088
INFO:root:LOSS train' 0.014500235505402088, 20975
INFO:root:  batch 600 loss: 0.014413740513846278
INFO:root:LOSS train' 0.014413740513846278, 21075
INFO:root:  batch 700 loss: 0.014345663981512189
INFO:root:LOSS train' 0.014345663981512189, 21175
INFO:root:  batch 800 loss: 0.013964834716171026
INFO:root:LOSS train' 0.013964834716171026, 21275
INFO:root:  batch 900 loss: 0.014139700988307595
INFO:root:LOSS train' 0.014139700988307595, 21375
INFO:root:Epoch: 21 - LOSS train: 0.014139700988307595 LOSS val: 0.014456496573984623 - Elapsed time: 351.30329871177673 s
INFO:root:  batch 100 loss: 0.015261024925857783
INFO:root:LOSS train' 0.015261024925857783, 21550
INFO:root:  batch 200 loss: 0.014172803666442633
INFO:root:LOSS train' 0.014172803666442633, 21650
INFO:root:  batch 300 loss: 0.014299372406676412
INFO:root:LOSS train' 0.014299372406676412, 21750
INFO:root:  batch 400 loss: 0.014654837595298887
INFO:root:LOSS train' 0.014654837595298887, 21850
INFO:root:  batch 500 loss: 0.013986919410526752
INFO:root:LOSS train' 0.013986919410526752, 21950
INFO:root:  batch 600 loss: 0.014155222000554205
INFO:root:LOSS train' 0.014155222000554205, 22050
INFO:root:  batch 700 loss: 0.013870827071368694
INFO:root:LOSS train' 0.013870827071368694, 22150
INFO:root:  batch 800 loss: 0.013640644047409296
INFO:root:LOSS train' 0.013640644047409296, 22250
INFO:root:  batch 900 loss: 0.013773806542158127
INFO:root:LOSS train' 0.013773806542158127, 22350
INFO:root:Epoch: 22 - LOSS train: 0.013773806542158127 LOSS val: 0.013371570035815239 - Elapsed time: 350.95969319343567 s
INFO:root:  batch 100 loss: 0.013781694769859314
INFO:root:LOSS train' 0.013781694769859314, 22525
INFO:root:  batch 200 loss: 0.013410081397742033
INFO:root:LOSS train' 0.013410081397742033, 22625
INFO:root:  batch 300 loss: 0.013880162741988897
INFO:root:LOSS train' 0.013880162741988897, 22725
INFO:root:  batch 400 loss: 0.013644709959626198
INFO:root:LOSS train' 0.013644709959626198, 22825
INFO:root:  batch 500 loss: 0.017956131007522344
INFO:root:LOSS train' 0.017956131007522344, 22925
INFO:root:  batch 600 loss: 0.015775221958756448
INFO:root:LOSS train' 0.015775221958756448, 23025
INFO:root:  batch 700 loss: 0.014209757447242738
INFO:root:LOSS train' 0.014209757447242738, 23125
INFO:root:  batch 800 loss: 0.01389594454318285
INFO:root:LOSS train' 0.01389594454318285, 23225
INFO:root:  batch 900 loss: 0.013316343668848277
INFO:root:LOSS train' 0.013316343668848277, 23325
INFO:root:Epoch: 23 - LOSS train: 0.013316343668848277 LOSS val: 0.013286268338561058 - Elapsed time: 351.2747485637665 s
INFO:root:  batch 100 loss: 0.013476019976660609
INFO:root:LOSS train' 0.013476019976660609, 23500
INFO:root:  batch 200 loss: 0.013448556242510677
INFO:root:LOSS train' 0.013448556242510677, 23600
INFO:root:  batch 300 loss: 0.016858756616711615
INFO:root:LOSS train' 0.016858756616711615, 23700
INFO:root:  batch 400 loss: 0.013647251995280385
INFO:root:LOSS train' 0.013647251995280385, 23800
INFO:root:  batch 500 loss: 0.01334036523476243
INFO:root:LOSS train' 0.01334036523476243, 23900
INFO:root:  batch 600 loss: 0.01329104281961918
INFO:root:LOSS train' 0.01329104281961918, 24000
INFO:root:  batch 700 loss: 0.013438201835379004
INFO:root:LOSS train' 0.013438201835379004, 24100
INFO:root:  batch 800 loss: 0.012898654509335757
INFO:root:LOSS train' 0.012898654509335757, 24200
INFO:root:  batch 900 loss: 0.013112583803012967
INFO:root:LOSS train' 0.013112583803012967, 24300
INFO:root:Epoch: 24 - LOSS train: 0.013112583803012967 LOSS val: 0.01334700919687748 - Elapsed time: 352.15696907043457 s
INFO:root:  batch 100 loss: 0.012842374974861742
INFO:root:LOSS train' 0.012842374974861742, 24475
INFO:root:  batch 200 loss: 0.01408190669491887
INFO:root:LOSS train' 0.01408190669491887, 24575
INFO:root:  batch 300 loss: 0.013213170180097222
INFO:root:LOSS train' 0.013213170180097222, 24675
INFO:root:  batch 400 loss: 0.012853098688647152
INFO:root:LOSS train' 0.012853098688647152, 24775
INFO:root:  batch 500 loss: 0.013410257818177342
INFO:root:LOSS train' 0.013410257818177342, 24875
INFO:root:  batch 600 loss: 0.012963706729933619
INFO:root:LOSS train' 0.012963706729933619, 24975
INFO:root:  batch 700 loss: 0.012703979155048728
INFO:root:LOSS train' 0.012703979155048728, 25075
INFO:root:  batch 800 loss: 0.012753390101715922
INFO:root:LOSS train' 0.012753390101715922, 25175
INFO:root:  batch 900 loss: 0.02108469296246767
INFO:root:LOSS train' 0.02108469296246767, 25275
INFO:root:Epoch: 25 - LOSS train: 0.02108469296246767 LOSS val: 0.014410237781703472 - Elapsed time: 352.0277988910675 s
INFO:root:  batch 100 loss: 0.013061235938221217
INFO:root:LOSS train' 0.013061235938221217, 25450
INFO:root:  batch 200 loss: 0.012918939972296357
INFO:root:LOSS train' 0.012918939972296357, 25550
INFO:root:  batch 300 loss: 0.012646856410428882
INFO:root:LOSS train' 0.012646856410428882, 25650
INFO:root:  batch 400 loss: 0.012422286402434111
INFO:root:LOSS train' 0.012422286402434111, 25750
INFO:root:  batch 500 loss: 0.01286552774719894
INFO:root:LOSS train' 0.01286552774719894, 25850
INFO:root:  batch 600 loss: 0.012837362391874194
INFO:root:LOSS train' 0.012837362391874194, 25950
INFO:root:  batch 700 loss: 0.012674852404743434
INFO:root:LOSS train' 0.012674852404743434, 26050
INFO:root:  batch 800 loss: 0.013228975320234895
INFO:root:LOSS train' 0.013228975320234895, 26150
INFO:root:  batch 900 loss: 0.012948328582569956
INFO:root:LOSS train' 0.012948328582569956, 26250
INFO:root:Epoch: 26 - LOSS train: 0.012948328582569956 LOSS val: 0.012728095054626465 - Elapsed time: 351.59383606910706 s
INFO:root:  batch 100 loss: 0.013143067229539156
INFO:root:LOSS train' 0.013143067229539156, 26425
INFO:root:  batch 200 loss: 0.012465246748179197
INFO:root:LOSS train' 0.012465246748179197, 26525
INFO:root:  batch 300 loss: 0.01577655328437686
INFO:root:LOSS train' 0.01577655328437686, 26625
INFO:root:  batch 400 loss: 0.013525909846648573
INFO:root:LOSS train' 0.013525909846648573, 26725
INFO:root:  batch 500 loss: 0.012370107835158706
INFO:root:LOSS train' 0.012370107835158706, 26825
INFO:root:  batch 600 loss: 0.01274771586060524
INFO:root:LOSS train' 0.01274771586060524, 26925
INFO:root:  batch 700 loss: 0.012108220616355539
INFO:root:LOSS train' 0.012108220616355539, 27025
INFO:root:  batch 800 loss: 0.012010283982381225
INFO:root:LOSS train' 0.012010283982381225, 27125
INFO:root:  batch 900 loss: 0.012588896565139293
INFO:root:LOSS train' 0.012588896565139293, 27225
INFO:root:Epoch: 27 - LOSS train: 0.012588896565139293 LOSS val: 0.011775807477533817 - Elapsed time: 351.63583397865295 s
INFO:root:  batch 100 loss: 0.01216109816916287
INFO:root:LOSS train' 0.01216109816916287, 27400
INFO:root:  batch 200 loss: 0.01251480346545577
INFO:root:LOSS train' 0.01251480346545577, 27500
INFO:root:  batch 300 loss: 0.012175556560978294
INFO:root:LOSS train' 0.012175556560978294, 27600
INFO:root:  batch 400 loss: 0.012077217027544974
INFO:root:LOSS train' 0.012077217027544974, 27700
INFO:root:  batch 500 loss: 0.012318729227408766
INFO:root:LOSS train' 0.012318729227408766, 27800
INFO:root:  batch 600 loss: 0.012277448223903776
INFO:root:LOSS train' 0.012277448223903776, 27900
INFO:root:  batch 700 loss: 0.013823364349082112
INFO:root:LOSS train' 0.013823364349082112, 28000
INFO:root:  batch 800 loss: 0.012079210029914975
INFO:root:LOSS train' 0.012079210029914975, 28100
INFO:root:  batch 900 loss: 0.012025452041998506
INFO:root:LOSS train' 0.012025452041998506, 28200
INFO:root:Epoch: 28 - LOSS train: 0.012025452041998506 LOSS val: 0.012281330302357674 - Elapsed time: 351.556193113327 s
INFO:root:  batch 100 loss: 0.012211546096950769
INFO:root:LOSS train' 0.012211546096950769, 28375
INFO:root:  batch 200 loss: 0.01207395976409316
INFO:root:LOSS train' 0.01207395976409316, 28475
INFO:root:  batch 300 loss: 0.012188445702195167
INFO:root:LOSS train' 0.012188445702195167, 28575
INFO:root:  batch 400 loss: 0.014035559548065067
INFO:root:LOSS train' 0.014035559548065067, 28675
INFO:root:  batch 500 loss: 0.01246542289853096
INFO:root:LOSS train' 0.01246542289853096, 28775
INFO:root:  batch 600 loss: 0.012151737688109279
INFO:root:LOSS train' 0.012151737688109279, 28875
INFO:root:  batch 700 loss: 0.011763280192390084
INFO:root:LOSS train' 0.011763280192390084, 28975
INFO:root:  batch 800 loss: 0.012271563336253167
INFO:root:LOSS train' 0.012271563336253167, 29075
INFO:root:  batch 900 loss: 0.012589130932465196
INFO:root:LOSS train' 0.012589130932465196, 29175
INFO:root:Epoch: 29 - LOSS train: 0.012589130932465196 LOSS val: 0.0119424844160676 - Elapsed time: 351.5017740726471 s
INFO:root:  batch 100 loss: 0.011878154939040542
INFO:root:LOSS train' 0.011878154939040542, 29350
INFO:root:  batch 200 loss: 0.011693238830193877
INFO:root:LOSS train' 0.011693238830193877, 29450
INFO:root:  batch 300 loss: 0.011954284431412816
INFO:root:LOSS train' 0.011954284431412816, 29550
INFO:root:  batch 400 loss: 0.011780284261330962
INFO:root:LOSS train' 0.011780284261330962, 29650
INFO:root:  batch 500 loss: 0.011621312480419874
INFO:root:LOSS train' 0.011621312480419874, 29750
INFO:root:  batch 600 loss: 0.011704168971627951
INFO:root:LOSS train' 0.011704168971627951, 29850
INFO:root:  batch 700 loss: 0.011685535833239556
INFO:root:LOSS train' 0.011685535833239556, 29950
INFO:root:  batch 800 loss: 0.011665832120925188
INFO:root:LOSS train' 0.011665832120925188, 30050
INFO:root:  batch 900 loss: 0.012669025314971804
INFO:root:LOSS train' 0.012669025314971804, 30150
INFO:root:Epoch: 30 - LOSS train: 0.012669025314971804 LOSS val: 0.011580654419958591 - Elapsed time: 351.9036617279053 s
INFO:root:  batch 100 loss: 0.011602852186188102
INFO:root:LOSS train' 0.011602852186188102, 30325
INFO:root:  batch 200 loss: 0.01167985776439309
INFO:root:LOSS train' 0.01167985776439309, 30425
INFO:root:  batch 300 loss: 0.012420199858024717
INFO:root:LOSS train' 0.012420199858024717, 30525
INFO:root:  batch 400 loss: 0.013022649809718132
INFO:root:LOSS train' 0.013022649809718132, 30625
INFO:root:  batch 500 loss: 0.011942064752802253
INFO:root:LOSS train' 0.011942064752802253, 30725
INFO:root:  batch 600 loss: 0.011372701097279787
INFO:root:LOSS train' 0.011372701097279787, 30825
INFO:root:  batch 700 loss: 0.01162550731562078
INFO:root:LOSS train' 0.01162550731562078, 30925
INFO:root:  batch 800 loss: 0.0117043477576226
INFO:root:LOSS train' 0.0117043477576226, 31025
INFO:root:  batch 900 loss: 0.011681971102952958
INFO:root:LOSS train' 0.011681971102952958, 31125
INFO:root:Epoch: 31 - LOSS train: 0.011681971102952958 LOSS val: 0.011618654243648052 - Elapsed time: 351.291241645813 s
INFO:root:  batch 100 loss: 0.011492368960753084
INFO:root:LOSS train' 0.011492368960753084, 31300
INFO:root:  batch 200 loss: 0.011325263427570462
INFO:root:LOSS train' 0.011325263427570462, 31400
INFO:root:  batch 300 loss: 0.011335924994200467
INFO:root:LOSS train' 0.011335924994200467, 31500
INFO:root:  batch 400 loss: 0.011626113532111048
INFO:root:LOSS train' 0.011626113532111048, 31600
INFO:root:  batch 500 loss: 0.036943343840539454
INFO:root:LOSS train' 0.036943343840539454, 31700
INFO:root:  batch 600 loss: 0.01715350044891238
INFO:root:LOSS train' 0.01715350044891238, 31800
INFO:root:  batch 700 loss: 0.01513475889340043
INFO:root:LOSS train' 0.01513475889340043, 31900
INFO:root:  batch 800 loss: 0.014405378615483641
INFO:root:LOSS train' 0.014405378615483641, 32000
INFO:root:  batch 900 loss: 0.013632794357836247
INFO:root:LOSS train' 0.013632794357836247, 32100
INFO:root:Epoch: 32 - LOSS train: 0.013632794357836247 LOSS val: 0.013356097042560577 - Elapsed time: 351.3311040401459 s
INFO:root:  batch 100 loss: 0.012790744295343756
INFO:root:LOSS train' 0.012790744295343756, 32275
INFO:root:  batch 200 loss: 0.012965953927487135
INFO:root:LOSS train' 0.012965953927487135, 32375
INFO:root:  batch 300 loss: 0.01256626408547163
INFO:root:LOSS train' 0.01256626408547163, 32475
INFO:root:  batch 400 loss: 0.012512174071744084
INFO:root:LOSS train' 0.012512174071744084, 32575
INFO:root:  batch 500 loss: 0.012828938849270343
INFO:root:LOSS train' 0.012828938849270343, 32675
INFO:root:  batch 600 loss: 0.01205837668851018
INFO:root:LOSS train' 0.01205837668851018, 32775
INFO:root:  batch 700 loss: 0.012181515404954553
INFO:root:LOSS train' 0.012181515404954553, 32875
INFO:root:  batch 800 loss: 0.011935785235837102
INFO:root:LOSS train' 0.011935785235837102, 32975
INFO:root:  batch 900 loss: 0.011846578381955623
INFO:root:LOSS train' 0.011846578381955623, 33075
INFO:root:Epoch: 33 - LOSS train: 0.011846578381955623 LOSS val: 0.012341524474322796 - Elapsed time: 351.0608022212982 s
INFO:root:  batch 100 loss: 0.011650818856433034
INFO:root:LOSS train' 0.011650818856433034, 33250
INFO:root:  batch 200 loss: 0.01230968582443893
INFO:root:LOSS train' 0.01230968582443893, 33350
INFO:root:  batch 300 loss: 0.011792875593528152
INFO:root:LOSS train' 0.011792875593528152, 33450
INFO:root:  batch 400 loss: 0.011506109172478319
INFO:root:LOSS train' 0.011506109172478319, 33550
INFO:root:  batch 500 loss: 0.011686859671026468
INFO:root:LOSS train' 0.011686859671026468, 33650
INFO:root:  batch 600 loss: 0.011580563355237246
INFO:root:LOSS train' 0.011580563355237246, 33750
INFO:root:  batch 700 loss: 0.011675425209105014
INFO:root:LOSS train' 0.011675425209105014, 33850
INFO:root:  batch 800 loss: 0.011424062503501774
INFO:root:LOSS train' 0.011424062503501774, 33950
INFO:root:  batch 900 loss: 0.011446021338924766
INFO:root:LOSS train' 0.011446021338924766, 34050
INFO:root:Epoch: 34 - LOSS train: 0.011446021338924766 LOSS val: 0.021720271557569504 - Elapsed time: 351.0716383457184 s
INFO:root:  batch 100 loss: 0.012973338207229972
INFO:root:LOSS train' 0.012973338207229972, 34225
INFO:root:  batch 200 loss: 0.02596272185444832
INFO:root:LOSS train' 0.02596272185444832, 34325
INFO:root:  batch 300 loss: 0.01350483669899404
INFO:root:LOSS train' 0.01350483669899404, 34425
INFO:root:  batch 400 loss: 0.012311892285943031
INFO:root:LOSS train' 0.012311892285943031, 34525
INFO:root:  batch 500 loss: 0.011922461576759816
INFO:root:LOSS train' 0.011922461576759816, 34625
INFO:root:  batch 600 loss: 0.012282865820452571
INFO:root:LOSS train' 0.012282865820452571, 34725
INFO:root:  batch 700 loss: 0.011677123429253698
INFO:root:LOSS train' 0.011677123429253698, 34825
INFO:root:  batch 800 loss: 0.011319412607699633
INFO:root:LOSS train' 0.011319412607699633, 34925
INFO:root:  batch 900 loss: 0.01147851524874568
INFO:root:LOSS train' 0.01147851524874568, 35025
INFO:root:Epoch: 35 - LOSS train: 0.01147851524874568 LOSS val: 0.011370926164090633 - Elapsed time: 351.4143831729889 s
INFO:root:  batch 100 loss: 0.011265516765415668
INFO:root:LOSS train' 0.011265516765415668, 35200
INFO:root:  batch 200 loss: 0.011386580597609282
INFO:root:LOSS train' 0.011386580597609282, 35300
INFO:root:  batch 300 loss: 0.010932997204363346
INFO:root:LOSS train' 0.010932997204363346, 35400
INFO:root:  batch 400 loss: 0.011275432175025343
INFO:root:LOSS train' 0.011275432175025343, 35500
INFO:root:  batch 500 loss: 0.011182054933160544
INFO:root:LOSS train' 0.011182054933160544, 35600
INFO:root:  batch 600 loss: 0.011108321826905012
INFO:root:LOSS train' 0.011108321826905012, 35700
INFO:root:  batch 700 loss: 0.010897253882139921
INFO:root:LOSS train' 0.010897253882139921, 35800
INFO:root:  batch 800 loss: 0.01103017189539969
INFO:root:LOSS train' 0.01103017189539969, 35900
INFO:root:  batch 900 loss: 0.011085126604884863
INFO:root:LOSS train' 0.011085126604884863, 36000
INFO:root:Epoch: 36 - LOSS train: 0.011085126604884863 LOSS val: 0.011023356579244137 - Elapsed time: 351.92626953125 s
INFO:root:  batch 100 loss: 0.011137731401249766
INFO:root:LOSS train' 0.011137731401249766, 36175
INFO:root:  batch 200 loss: 0.010955545650795102
INFO:root:LOSS train' 0.010955545650795102, 36275
INFO:root:  batch 300 loss: 0.010930449822917581
INFO:root:LOSS train' 0.010930449822917581, 36375
INFO:root:  batch 400 loss: 0.010523537565022707
INFO:root:LOSS train' 0.010523537565022707, 36475
INFO:root:  batch 500 loss: 0.011115313684567809
INFO:root:LOSS train' 0.011115313684567809, 36575
INFO:root:  batch 600 loss: 0.010913818776607513
INFO:root:LOSS train' 0.010913818776607513, 36675
INFO:root:  batch 700 loss: 0.011003633253276348
INFO:root:LOSS train' 0.011003633253276348, 36775
INFO:root:  batch 800 loss: 0.010710689350962638
INFO:root:LOSS train' 0.010710689350962638, 36875
INFO:root:  batch 900 loss: 0.011395733980461955
INFO:root:LOSS train' 0.011395733980461955, 36975
INFO:root:Epoch: 37 - LOSS train: 0.011395733980461955 LOSS val: 0.01086114626377821 - Elapsed time: 351.4382998943329 s
INFO:root:  batch 100 loss: 0.01083988592028618
INFO:root:LOSS train' 0.01083988592028618, 37150
INFO:root:  batch 200 loss: 0.010877555478364229
INFO:root:LOSS train' 0.010877555478364229, 37250
INFO:root:  batch 300 loss: 0.010904451198875904
INFO:root:LOSS train' 0.010904451198875904, 37350
INFO:root:  batch 400 loss: 0.010738708805292844
INFO:root:LOSS train' 0.010738708805292844, 37450
INFO:root:  batch 500 loss: 0.010597127256914973
INFO:root:LOSS train' 0.010597127256914973, 37550
INFO:root:  batch 600 loss: 0.010680023925378918
INFO:root:LOSS train' 0.010680023925378918, 37650
INFO:root:  batch 700 loss: 0.01059765106998384
INFO:root:LOSS train' 0.01059765106998384, 37750
INFO:root:  batch 800 loss: 0.01088780650869012
INFO:root:LOSS train' 0.01088780650869012, 37850
INFO:root:  batch 900 loss: 0.010631684763357043
INFO:root:LOSS train' 0.010631684763357043, 37950
INFO:root:Epoch: 38 - LOSS train: 0.010631684763357043 LOSS val: 0.010802645236253738 - Elapsed time: 351.2003493309021 s
INFO:root:  batch 100 loss: 0.010720685701817273
INFO:root:LOSS train' 0.010720685701817273, 38125
INFO:root:  batch 200 loss: 0.01063668305054307
INFO:root:LOSS train' 0.01063668305054307, 38225
INFO:root:  batch 300 loss: 0.01038903646171093
INFO:root:LOSS train' 0.01038903646171093, 38325
INFO:root:  batch 400 loss: 0.010863574268296362
INFO:root:LOSS train' 0.010863574268296362, 38425
INFO:root:  batch 500 loss: 0.01059430044144392
INFO:root:LOSS train' 0.01059430044144392, 38525
INFO:root:  batch 600 loss: 0.010916552348062396
INFO:root:LOSS train' 0.010916552348062396, 38625
INFO:root:  batch 700 loss: 0.010679458836093544
INFO:root:LOSS train' 0.010679458836093544, 38725
INFO:root:  batch 800 loss: 0.010610605366528034
INFO:root:LOSS train' 0.010610605366528034, 38825
INFO:root:  batch 900 loss: 0.010855624321848154
INFO:root:LOSS train' 0.010855624321848154, 38925
INFO:root:Epoch: 39 - LOSS train: 0.010855624321848154 LOSS val: 0.011074293404817581 - Elapsed time: 351.2862389087677 s
INFO:root:  batch 100 loss: 0.010405592629685998
INFO:root:LOSS train' 0.010405592629685998, 39100
INFO:root:  batch 200 loss: 0.010664214324206113
INFO:root:LOSS train' 0.010664214324206113, 39200
INFO:root:  batch 300 loss: 0.01048810750246048
INFO:root:LOSS train' 0.01048810750246048, 39300
INFO:root:  batch 400 loss: 0.010298077343031764
INFO:root:LOSS train' 0.010298077343031764, 39400
INFO:root:  batch 500 loss: 0.010487140715122223
INFO:root:LOSS train' 0.010487140715122223, 39500
INFO:root:  batch 600 loss: 0.025305065903812648
INFO:root:LOSS train' 0.025305065903812648, 39600
INFO:root:  batch 700 loss: 0.013486703159287572
INFO:root:LOSS train' 0.013486703159287572, 39700
INFO:root:  batch 800 loss: 0.012070055678486824
INFO:root:LOSS train' 0.012070055678486824, 39800
INFO:root:  batch 900 loss: 0.01118822013027966
INFO:root:LOSS train' 0.01118822013027966, 39900
INFO:root:Epoch: 40 - LOSS train: 0.01118822013027966 LOSS val: 0.011394624598324299 - Elapsed time: 351.3589942455292 s
INFO:root:  batch 100 loss: 0.01077574242837727
INFO:root:LOSS train' 0.01077574242837727, 40075
INFO:root:  batch 200 loss: 0.010834913859143853
INFO:root:LOSS train' 0.010834913859143853, 40175
INFO:root:  batch 300 loss: 0.010454867351800203
INFO:root:LOSS train' 0.010454867351800203, 40275
INFO:root:  batch 400 loss: 0.010495070163160562
INFO:root:LOSS train' 0.010495070163160562, 40375
INFO:root:  batch 500 loss: 0.010273143174126744
INFO:root:LOSS train' 0.010273143174126744, 40475
INFO:root:  batch 600 loss: 0.01030676054302603
INFO:root:LOSS train' 0.01030676054302603, 40575
INFO:root:  batch 700 loss: 0.010275489576160908
INFO:root:LOSS train' 0.010275489576160908, 40675
INFO:root:  batch 800 loss: 0.010320412972941995
INFO:root:LOSS train' 0.010320412972941995, 40775
INFO:root:  batch 900 loss: 0.010499939126893877
INFO:root:LOSS train' 0.010499939126893877, 40875
INFO:root:Epoch: 41 - LOSS train: 0.010499939126893877 LOSS val: 0.010076899081468582 - Elapsed time: 351.4253194332123 s
INFO:root:  batch 100 loss: 0.010305745005607604
INFO:root:LOSS train' 0.010305745005607604, 41050
INFO:root:  batch 200 loss: 0.010512321582064032
INFO:root:LOSS train' 0.010512321582064032, 41150
INFO:root:  batch 300 loss: 0.010414753518998622
INFO:root:LOSS train' 0.010414753518998622, 41250
INFO:root:  batch 400 loss: 0.010078686363995075
INFO:root:LOSS train' 0.010078686363995075, 41350
INFO:root:  batch 500 loss: 0.010430756751447915
INFO:root:LOSS train' 0.010430756751447915, 41450
INFO:root:  batch 600 loss: 0.010210446659475564
INFO:root:LOSS train' 0.010210446659475564, 41550
INFO:root:  batch 700 loss: 0.009982802905142307
INFO:root:LOSS train' 0.009982802905142307, 41650
INFO:root:  batch 800 loss: 0.010175246773287653
INFO:root:LOSS train' 0.010175246773287653, 41750
INFO:root:  batch 900 loss: 0.010456216363236308
INFO:root:LOSS train' 0.010456216363236308, 41850
INFO:root:Epoch: 42 - LOSS train: 0.010456216363236308 LOSS val: 0.010038950480520725 - Elapsed time: 351.90918159484863 s
INFO:root:  batch 100 loss: 0.009897366128861905
INFO:root:LOSS train' 0.009897366128861905, 42025
INFO:root:  batch 200 loss: 0.010160803515464067
INFO:root:LOSS train' 0.010160803515464067, 42125
INFO:root:  batch 300 loss: 0.010219985395669937
INFO:root:LOSS train' 0.010219985395669937, 42225
INFO:root:  batch 400 loss: 0.010514383185654879
INFO:root:LOSS train' 0.010514383185654879, 42325
INFO:root:  batch 500 loss: 0.0228564839810133
INFO:root:LOSS train' 0.0228564839810133, 42425
INFO:root:  batch 600 loss: 0.015364601826295256
INFO:root:LOSS train' 0.015364601826295256, 42525
INFO:root:  batch 700 loss: 0.012820041794329882
INFO:root:LOSS train' 0.012820041794329882, 42625
INFO:root:  batch 800 loss: 0.012144842417910695
INFO:root:LOSS train' 0.012144842417910695, 42725
INFO:root:  batch 900 loss: 0.01177051736973226
INFO:root:LOSS train' 0.01177051736973226, 42825
INFO:root:Epoch: 43 - LOSS train: 0.01177051736973226 LOSS val: 0.011120868846774101 - Elapsed time: 352.2301609516144 s
INFO:root:  batch 100 loss: 0.01106927391141653
INFO:root:LOSS train' 0.01106927391141653, 43000
INFO:root:  batch 200 loss: 0.011162577467039227
INFO:root:LOSS train' 0.011162577467039227, 43100
INFO:root:  batch 300 loss: 0.011120241731405259
INFO:root:LOSS train' 0.011120241731405259, 43200
INFO:root:  batch 400 loss: 0.010770587129518389
INFO:root:LOSS train' 0.010770587129518389, 43300
INFO:root:  batch 500 loss: 0.01077393863350153
INFO:root:LOSS train' 0.01077393863350153, 43400
INFO:root:  batch 600 loss: 0.010760433990508318
INFO:root:LOSS train' 0.010760433990508318, 43500
INFO:root:  batch 700 loss: 0.010473864255473017
INFO:root:LOSS train' 0.010473864255473017, 43600
INFO:root:  batch 800 loss: 0.010683644227683545
INFO:root:LOSS train' 0.010683644227683545, 43700
INFO:root:  batch 900 loss: 0.0104648520052433
INFO:root:LOSS train' 0.0104648520052433, 43800
INFO:root:Epoch: 44 - LOSS train: 0.0104648520052433 LOSS val: 0.011034614406526089 - Elapsed time: 351.03788208961487 s
INFO:root:  batch 100 loss: 0.01058798611164093
INFO:root:LOSS train' 0.01058798611164093, 43975
INFO:root:  batch 200 loss: 0.010406801858916879
INFO:root:LOSS train' 0.010406801858916879, 44075
INFO:root:  batch 300 loss: 0.010166383842006325
INFO:root:LOSS train' 0.010166383842006325, 44175
INFO:root:  batch 400 loss: 0.010194023344665766
INFO:root:LOSS train' 0.010194023344665766, 44275
INFO:root:  batch 500 loss: 0.010475672632455826
INFO:root:LOSS train' 0.010475672632455826, 44375
INFO:root:  batch 600 loss: 0.010145793417468667
INFO:root:LOSS train' 0.010145793417468667, 44475
INFO:root:  batch 700 loss: 0.010273301359266043
INFO:root:LOSS train' 0.010273301359266043, 44575
INFO:root:  batch 800 loss: 0.0104763272870332
INFO:root:LOSS train' 0.0104763272870332, 44675
INFO:root:  batch 900 loss: 0.010442646611481905
INFO:root:LOSS train' 0.010442646611481905, 44775
INFO:root:Epoch: 45 - LOSS train: 0.010442646611481905 LOSS val: 0.01018422469496727 - Elapsed time: 351.38872957229614 s
INFO:root:*************
INFO:root:             
INFO:root:Starting to test....
INFO:root:             
INFO:root:OneStep loss: 0.010163852944970131
INFO:root:Scalar loss: 0.013796115294098854
INFO:root:Vector loss: 0.008347726427018642
INFO:root:             
INFO:root:Done.
