INFO:root:*************
INFO:root:             
INFO:root:model chosen: CR
INFO:root:multivector activation function?: 3
INFO:root:training trajectories: 15600
INFO:root:training epochs: 200
INFO:root:training batchsize: 16
INFO:root:learning rate: 0.0001
INFO:root:seed: 333
INFO:root:patience: 15
INFO:root:training dataset path: datasets/trainingdataviscous/
INFO:root:test dataset path: datasets/testdataviscous/
INFO:root:             
INFO:root:*************
INFO:root:Using device: cuda
INFO:root:[[[1.6940998  1.5566934  1.3046039  1.0440726 ]
  [1.6066581  1.3995012  1.342347   1.233624  ]
  [1.4666691  1.3354036  1.3883016  1.2737162 ]
  [1.4122795  1.3854291  1.4587754  1.339578  ]]

 [[1.6459564  1.3450366  1.0299298  0.77708894]
  [1.6489182  1.5250436  1.3721011  1.2203181 ]
  [1.4844782  1.3996952  1.3643513  1.3251002 ]
  [1.3969231  1.3963239  1.4048748  1.4067723 ]]]
INFO:root:****
INFO:root:[[[1.6940998  1.5566934  1.3046039  1.0440726 ]
  [1.6066581  1.3995012  1.342347   1.233624  ]
  [1.4666691  1.3354036  1.3883016  1.2737162 ]
  [1.4122795  1.3854291  1.4587754  1.339578  ]]

 [[1.6459564  1.3450366  1.0299298  0.77708894]
  [1.6489182  1.5250436  1.3721011  1.2203181 ]
  [1.4844782  1.3996952  1.3643513  1.3251002 ]
  [1.3969231  1.3963239  1.4048748  1.4067723 ]]]
INFO:root:Train input shape: torch.Size([15600, 2, 128, 128, 3])
INFO:root:Train labels shape: torch.Size([15600, 1, 128, 128, 3])
INFO:root:                   
INFO:root:Val input shape: torch.Size([4680, 2, 128, 128, 3])
INFO:root:Val labels shape: torch.Size([4680, 1, 128, 128, 3])
INFO:root:*************
INFO:root:             
INFO:root:Starting to train....
INFO:root:  batch 100 loss: 0.2222900292277336
INFO:root:LOSS train' 0.2222900292277336, 100
INFO:root:  batch 200 loss: 0.15043181240558623
INFO:root:LOSS train' 0.15043181240558623, 200
INFO:root:  batch 300 loss: 0.131974131539464
INFO:root:LOSS train' 0.131974131539464, 300
INFO:root:  batch 400 loss: 0.1256900219619274
INFO:root:LOSS train' 0.1256900219619274, 400
INFO:root:  batch 500 loss: 0.11156307861208915
INFO:root:LOSS train' 0.11156307861208915, 500
INFO:root:  batch 600 loss: 0.10237849965691566
INFO:root:LOSS train' 0.10237849965691566, 600
INFO:root:  batch 700 loss: 0.09637604236602783
INFO:root:LOSS train' 0.09637604236602783, 700
INFO:root:  batch 800 loss: 0.08803803481161594
INFO:root:LOSS train' 0.08803803481161594, 800
INFO:root:  batch 900 loss: 0.08714096903800965
INFO:root:LOSS train' 0.08714096903800965, 900
INFO:root:Epoch: 0 - LOSS train: 0.08714096903800965 LOSS val: 0.0770329013466835 - Elapsed time: 353.68636107444763 s
INFO:root:  batch 100 loss: 0.07479782097041607
INFO:root:LOSS train' 0.07479782097041607, 1075
INFO:root:  batch 200 loss: 0.07383882761001587
INFO:root:LOSS train' 0.07383882761001587, 1175
INFO:root:  batch 300 loss: 0.06923306342214346
INFO:root:LOSS train' 0.06923306342214346, 1275
INFO:root:  batch 400 loss: 0.06734300695359707
INFO:root:LOSS train' 0.06734300695359707, 1375
INFO:root:  batch 500 loss: 0.0657798483595252
INFO:root:LOSS train' 0.0657798483595252, 1475
INFO:root:  batch 600 loss: 0.06204171743243933
INFO:root:LOSS train' 0.06204171743243933, 1575
INFO:root:  batch 700 loss: 0.0670539841428399
INFO:root:LOSS train' 0.0670539841428399, 1675
INFO:root:  batch 800 loss: 0.06026427533477545
INFO:root:LOSS train' 0.06026427533477545, 1775
INFO:root:  batch 900 loss: 0.05524116009473801
INFO:root:LOSS train' 0.05524116009473801, 1875
INFO:root:Epoch: 1 - LOSS train: 0.05524116009473801 LOSS val: 0.051504310220479965 - Elapsed time: 352.0719120502472 s
INFO:root:  batch 100 loss: 0.05364971864968538
INFO:root:LOSS train' 0.05364971864968538, 2050
INFO:root:  batch 200 loss: 0.05246140111237765
INFO:root:LOSS train' 0.05246140111237765, 2150
INFO:root:  batch 300 loss: 0.06403851751238107
INFO:root:LOSS train' 0.06403851751238107, 2250
INFO:root:  batch 400 loss: 0.05148683626204729
INFO:root:LOSS train' 0.05148683626204729, 2350
INFO:root:  batch 500 loss: 0.0488715585693717
INFO:root:LOSS train' 0.0488715585693717, 2450
INFO:root:  batch 600 loss: 0.04744788236916065
INFO:root:LOSS train' 0.04744788236916065, 2550
INFO:root:  batch 700 loss: 0.045924524404108526
INFO:root:LOSS train' 0.045924524404108526, 2650
INFO:root:  batch 800 loss: 0.04522899866104126
INFO:root:LOSS train' 0.04522899866104126, 2750
INFO:root:  batch 900 loss: 0.04484269015491009
INFO:root:LOSS train' 0.04484269015491009, 2850
INFO:root:Epoch: 2 - LOSS train: 0.04484269015491009 LOSS val: 0.06620016694068909 - Elapsed time: 352.05064582824707 s
INFO:root:  batch 100 loss: 0.047254857495427134
INFO:root:LOSS train' 0.047254857495427134, 3025
INFO:root:  batch 200 loss: 0.04181492578238249
INFO:root:LOSS train' 0.04181492578238249, 3125
INFO:root:  batch 300 loss: 0.04084811747074127
INFO:root:LOSS train' 0.04084811747074127, 3225
INFO:root:  batch 400 loss: 0.04196343690156937
INFO:root:LOSS train' 0.04196343690156937, 3325
INFO:root:  batch 500 loss: 0.04078777458518743
INFO:root:LOSS train' 0.04078777458518743, 3425
INFO:root:  batch 600 loss: 0.03948916010558605
INFO:root:LOSS train' 0.03948916010558605, 3525
INFO:root:  batch 700 loss: 0.03785313691943884
INFO:root:LOSS train' 0.03785313691943884, 3625
INFO:root:  batch 800 loss: 0.04021919198334217
INFO:root:LOSS train' 0.04021919198334217, 3725
INFO:root:  batch 900 loss: 0.03657438037917018
INFO:root:LOSS train' 0.03657438037917018, 3825
INFO:root:Epoch: 3 - LOSS train: 0.03657438037917018 LOSS val: 0.04240662232041359 - Elapsed time: 351.7959027290344 s
INFO:root:  batch 100 loss: 0.036563658397644756
INFO:root:LOSS train' 0.036563658397644756, 4000
INFO:root:  batch 200 loss: 0.03472256306558848
INFO:root:LOSS train' 0.03472256306558848, 4100
INFO:root:  batch 300 loss: 0.0360021286457777
INFO:root:LOSS train' 0.0360021286457777, 4200
INFO:root:  batch 400 loss: 0.03464996226131916
INFO:root:LOSS train' 0.03464996226131916, 4300
INFO:root:  batch 500 loss: 0.05079377304762602
INFO:root:LOSS train' 0.05079377304762602, 4400
INFO:root:  batch 600 loss: 0.036486978828907016
INFO:root:LOSS train' 0.036486978828907016, 4500
INFO:root:  batch 700 loss: 0.03482978265732527
INFO:root:LOSS train' 0.03482978265732527, 4600
INFO:root:  batch 800 loss: 0.034542344119399784
INFO:root:LOSS train' 0.034542344119399784, 4700
INFO:root:  batch 900 loss: 0.031900696083903314
INFO:root:LOSS train' 0.031900696083903314, 4800
INFO:root:Epoch: 4 - LOSS train: 0.031900696083903314 LOSS val: 0.032540928572416306 - Elapsed time: 352.5075581073761 s
INFO:root:  batch 100 loss: 0.0316920967400074
INFO:root:LOSS train' 0.0316920967400074, 4975
INFO:root:  batch 200 loss: 0.03244962077587843
INFO:root:LOSS train' 0.03244962077587843, 5075
INFO:root:  batch 300 loss: 0.03696273947134614
INFO:root:LOSS train' 0.03696273947134614, 5175
INFO:root:  batch 400 loss: 0.030769156068563463
INFO:root:LOSS train' 0.030769156068563463, 5275
INFO:root:  batch 500 loss: 0.03094751061871648
INFO:root:LOSS train' 0.03094751061871648, 5375
INFO:root:  batch 600 loss: 0.030462529305368663
INFO:root:LOSS train' 0.030462529305368663, 5475
INFO:root:  batch 700 loss: 0.03898844322189689
INFO:root:LOSS train' 0.03898844322189689, 5575
INFO:root:  batch 800 loss: 0.03015474623069167
INFO:root:LOSS train' 0.03015474623069167, 5675
INFO:root:  batch 900 loss: 0.02886351415887475
INFO:root:LOSS train' 0.02886351415887475, 5775
INFO:root:Epoch: 5 - LOSS train: 0.02886351415887475 LOSS val: 0.0700477659702301 - Elapsed time: 353.07577753067017 s
INFO:root:  batch 100 loss: 0.04096192212775349
INFO:root:LOSS train' 0.04096192212775349, 5950
INFO:root:  batch 200 loss: 0.030076323784887792
INFO:root:LOSS train' 0.030076323784887792, 6050
INFO:root:  batch 300 loss: 0.028990386463701726
INFO:root:LOSS train' 0.028990386463701726, 6150
INFO:root:  batch 400 loss: 0.028553429655730725
INFO:root:LOSS train' 0.028553429655730725, 6250
INFO:root:  batch 500 loss: 0.03620858162641525
INFO:root:LOSS train' 0.03620858162641525, 6350
INFO:root:  batch 600 loss: 0.028415206391364335
INFO:root:LOSS train' 0.028415206391364335, 6450
INFO:root:  batch 700 loss: 0.026952540446072818
INFO:root:LOSS train' 0.026952540446072818, 6550
INFO:root:  batch 800 loss: 0.028676448091864586
INFO:root:LOSS train' 0.028676448091864586, 6650
INFO:root:  batch 900 loss: 0.028093520775437354
INFO:root:LOSS train' 0.028093520775437354, 6750
INFO:root:Epoch: 6 - LOSS train: 0.028093520775437354 LOSS val: 0.025627421215176582 - Elapsed time: 352.58864307403564 s
INFO:root:  batch 100 loss: 0.026145996917039158
INFO:root:LOSS train' 0.026145996917039158, 6925
INFO:root:  batch 200 loss: 0.02555918239057064
INFO:root:LOSS train' 0.02555918239057064, 7025
INFO:root:  batch 300 loss: 0.026228684335947036
INFO:root:LOSS train' 0.026228684335947036, 7125
INFO:root:  batch 400 loss: 0.025885173119604588
INFO:root:LOSS train' 0.025885173119604588, 7225
INFO:root:  batch 500 loss: 0.025263896994292736
INFO:root:LOSS train' 0.025263896994292736, 7325
INFO:root:  batch 600 loss: 0.025782191790640355
INFO:root:LOSS train' 0.025782191790640355, 7425
INFO:root:  batch 700 loss: 0.027561172246932983
INFO:root:LOSS train' 0.027561172246932983, 7525
INFO:root:  batch 800 loss: 0.02702442517504096
INFO:root:LOSS train' 0.02702442517504096, 7625
INFO:root:  batch 900 loss: 0.024887453224509956
INFO:root:LOSS train' 0.024887453224509956, 7725
INFO:root:Epoch: 7 - LOSS train: 0.024887453224509956 LOSS val: 0.02466181293129921 - Elapsed time: 352.2535328865051 s
INFO:root:  batch 100 loss: 0.024011564124375582
INFO:root:LOSS train' 0.024011564124375582, 7900
INFO:root:  batch 200 loss: 0.028048527725040913
INFO:root:LOSS train' 0.028048527725040913, 8000
INFO:root:  batch 300 loss: 0.028191346880048512
INFO:root:LOSS train' 0.028191346880048512, 8100
INFO:root:  batch 400 loss: 0.024190222024917604
INFO:root:LOSS train' 0.024190222024917604, 8200
INFO:root:  batch 500 loss: 0.024286346770823003
INFO:root:LOSS train' 0.024286346770823003, 8300
INFO:root:  batch 600 loss: 0.02416692890226841
INFO:root:LOSS train' 0.02416692890226841, 8400
INFO:root:  batch 700 loss: 0.02341752402484417
INFO:root:LOSS train' 0.02341752402484417, 8500
INFO:root:  batch 800 loss: 0.024700473677366972
INFO:root:LOSS train' 0.024700473677366972, 8600
INFO:root:  batch 900 loss: 0.023337351363152264
INFO:root:LOSS train' 0.023337351363152264, 8700
INFO:root:Epoch: 8 - LOSS train: 0.023337351363152264 LOSS val: 0.056976038962602615 - Elapsed time: 352.5091972351074 s
INFO:root:  batch 100 loss: 0.037414291743189096
INFO:root:LOSS train' 0.037414291743189096, 8875
INFO:root:  batch 200 loss: 0.02548262681812048
INFO:root:LOSS train' 0.02548262681812048, 8975
INFO:root:  batch 300 loss: 0.02509846817702055
INFO:root:LOSS train' 0.02509846817702055, 9075
INFO:root:  batch 400 loss: 0.022932988442480564
INFO:root:LOSS train' 0.022932988442480564, 9175
INFO:root:  batch 500 loss: 0.026536624245345593
INFO:root:LOSS train' 0.026536624245345593, 9275
INFO:root:  batch 600 loss: 0.023432987183332442
INFO:root:LOSS train' 0.023432987183332442, 9375
INFO:root:  batch 700 loss: 0.022406149320304394
INFO:root:LOSS train' 0.022406149320304394, 9475
INFO:root:  batch 800 loss: 0.022722665518522263
INFO:root:LOSS train' 0.022722665518522263, 9575
INFO:root:  batch 900 loss: 0.02269957561045885
INFO:root:LOSS train' 0.02269957561045885, 9675
INFO:root:Epoch: 9 - LOSS train: 0.02269957561045885 LOSS val: 0.02951005846261978 - Elapsed time: 352.52533650398254 s
INFO:root:  batch 100 loss: 0.02300205461680889
INFO:root:LOSS train' 0.02300205461680889, 9850
INFO:root:  batch 200 loss: 0.02130488269031048
INFO:root:LOSS train' 0.02130488269031048, 9950
INFO:root:  batch 300 loss: 0.021064324881881476
INFO:root:LOSS train' 0.021064324881881476, 10050
INFO:root:  batch 400 loss: 0.020961237475275993
INFO:root:LOSS train' 0.020961237475275993, 10150
INFO:root:  batch 500 loss: 0.023079736996442078
INFO:root:LOSS train' 0.023079736996442078, 10250
INFO:root:  batch 600 loss: 0.021248934660106897
INFO:root:LOSS train' 0.021248934660106897, 10350
INFO:root:  batch 700 loss: 0.021280741225928067
INFO:root:LOSS train' 0.021280741225928067, 10450
INFO:root:  batch 800 loss: 0.020725011900067328
INFO:root:LOSS train' 0.020725011900067328, 10550
INFO:root:  batch 900 loss: 0.020965723749250174
INFO:root:LOSS train' 0.020965723749250174, 10650
INFO:root:Epoch: 10 - LOSS train: 0.020965723749250174 LOSS val: 0.02076374739408493 - Elapsed time: 351.7451822757721 s
INFO:root:  batch 100 loss: 0.0563091247715056
INFO:root:LOSS train' 0.0563091247715056, 10825
INFO:root:  batch 200 loss: 0.029820678159594535
INFO:root:LOSS train' 0.029820678159594535, 10925
INFO:root:  batch 300 loss: 0.029157259687781333
INFO:root:LOSS train' 0.029157259687781333, 11025
INFO:root:  batch 400 loss: 0.02393140634521842
INFO:root:LOSS train' 0.02393140634521842, 11125
INFO:root:  batch 500 loss: 0.022219127640128136
INFO:root:LOSS train' 0.022219127640128136, 11225
INFO:root:  batch 600 loss: 0.02126781556755304
INFO:root:LOSS train' 0.02126781556755304, 11325
INFO:root:  batch 700 loss: 0.021032882574945688
INFO:root:LOSS train' 0.021032882574945688, 11425
INFO:root:  batch 800 loss: 0.02046128761023283
INFO:root:LOSS train' 0.02046128761023283, 11525
INFO:root:  batch 900 loss: 0.022927049305289982
INFO:root:LOSS train' 0.022927049305289982, 11625
INFO:root:Epoch: 11 - LOSS train: 0.022927049305289982 LOSS val: 0.019730838015675545 - Elapsed time: 351.8638586997986 s
INFO:root:  batch 100 loss: 0.0198894052952528
INFO:root:LOSS train' 0.0198894052952528, 11800
INFO:root:  batch 200 loss: 0.020280044376850128
INFO:root:LOSS train' 0.020280044376850128, 11900
INFO:root:  batch 300 loss: 0.019643789939582348
INFO:root:LOSS train' 0.019643789939582348, 12000
INFO:root:  batch 400 loss: 0.01957887452095747
INFO:root:LOSS train' 0.01957887452095747, 12100
INFO:root:  batch 500 loss: 0.0196104440651834
INFO:root:LOSS train' 0.0196104440651834, 12200
INFO:root:  batch 600 loss: 0.01920777024701238
INFO:root:LOSS train' 0.01920777024701238, 12300
INFO:root:  batch 700 loss: 0.019524766486138104
INFO:root:LOSS train' 0.019524766486138104, 12400
INFO:root:  batch 800 loss: 0.019240269083529712
INFO:root:LOSS train' 0.019240269083529712, 12500
INFO:root:  batch 900 loss: 0.01919307256117463
INFO:root:LOSS train' 0.01919307256117463, 12600
INFO:root:Epoch: 12 - LOSS train: 0.01919307256117463 LOSS val: 0.02031596191227436 - Elapsed time: 351.6753568649292 s
INFO:root:  batch 100 loss: 0.01868229568004608
INFO:root:LOSS train' 0.01868229568004608, 12775
INFO:root:  batch 200 loss: 0.018814149238169195
INFO:root:LOSS train' 0.018814149238169195, 12875
INFO:root:  batch 300 loss: 0.057928944397717716
INFO:root:LOSS train' 0.057928944397717716, 12975
INFO:root:  batch 400 loss: 0.04323928972706199
INFO:root:LOSS train' 0.04323928972706199, 13075
INFO:root:  batch 500 loss: 0.02848046215251088
INFO:root:LOSS train' 0.02848046215251088, 13175
INFO:root:  batch 600 loss: 0.024049067031592132
INFO:root:LOSS train' 0.024049067031592132, 13275
INFO:root:  batch 700 loss: 0.02268353572115302
INFO:root:LOSS train' 0.02268353572115302, 13375
INFO:root:  batch 800 loss: 0.021268752031028272
INFO:root:LOSS train' 0.021268752031028272, 13475
INFO:root:  batch 900 loss: 0.020944852102547883
INFO:root:LOSS train' 0.020944852102547883, 13575
INFO:root:Epoch: 13 - LOSS train: 0.020944852102547883 LOSS val: 0.020299077033996582 - Elapsed time: 351.75015115737915 s
INFO:root:  batch 100 loss: 0.019922529440373184
INFO:root:LOSS train' 0.019922529440373184, 13750
INFO:root:  batch 200 loss: 0.019303598273545504
INFO:root:LOSS train' 0.019303598273545504, 13850
INFO:root:  batch 300 loss: 0.021577110942453147
INFO:root:LOSS train' 0.021577110942453147, 13950
INFO:root:  batch 400 loss: 0.020644462844356896
INFO:root:LOSS train' 0.020644462844356896, 14050
INFO:root:  batch 500 loss: 0.01879758158698678
INFO:root:LOSS train' 0.01879758158698678, 14150
INFO:root:  batch 600 loss: 0.020991824641823767
INFO:root:LOSS train' 0.020991824641823767, 14250
INFO:root:  batch 700 loss: 0.01871490167453885
INFO:root:LOSS train' 0.01871490167453885, 14350
INFO:root:  batch 800 loss: 0.019193830732256174
INFO:root:LOSS train' 0.019193830732256174, 14450
INFO:root:  batch 900 loss: 0.01821619194932282
INFO:root:LOSS train' 0.01821619194932282, 14550
INFO:root:Epoch: 14 - LOSS train: 0.01821619194932282 LOSS val: 0.017648600041866302 - Elapsed time: 351.7245590686798 s
INFO:root:  batch 100 loss: 0.017854594849050043
INFO:root:LOSS train' 0.017854594849050043, 14725
INFO:root:  batch 200 loss: 0.01773273599334061
INFO:root:LOSS train' 0.01773273599334061, 14825
INFO:root:  batch 300 loss: 0.018373016733676195
INFO:root:LOSS train' 0.018373016733676195, 14925
INFO:root:  batch 400 loss: 0.01811658451333642
INFO:root:LOSS train' 0.01811658451333642, 15025
INFO:root:  batch 500 loss: 0.017658196119591595
INFO:root:LOSS train' 0.017658196119591595, 15125
INFO:root:  batch 600 loss: 0.01817770012654364
INFO:root:LOSS train' 0.01817770012654364, 15225
INFO:root:  batch 700 loss: 0.017951869685202838
INFO:root:LOSS train' 0.017951869685202838, 15325
INFO:root:  batch 800 loss: 0.01885604946874082
INFO:root:LOSS train' 0.01885604946874082, 15425
INFO:root:  batch 900 loss: 0.01714733607135713
INFO:root:LOSS train' 0.01714733607135713, 15525
INFO:root:Epoch: 15 - LOSS train: 0.01714733607135713 LOSS val: 0.017628975212574005 - Elapsed time: 351.9339632987976 s
INFO:root:  batch 100 loss: 0.016716262297704815
INFO:root:LOSS train' 0.016716262297704815, 15700
INFO:root:  batch 200 loss: 0.01725660060532391
INFO:root:LOSS train' 0.01725660060532391, 15800
INFO:root:  batch 300 loss: 0.01929562371224165
INFO:root:LOSS train' 0.01929562371224165, 15900
INFO:root:  batch 400 loss: 0.01705894014798105
INFO:root:LOSS train' 0.01705894014798105, 16000
INFO:root:  batch 500 loss: 0.016910276534035804
INFO:root:LOSS train' 0.016910276534035804, 16100
INFO:root:  batch 600 loss: 0.01686864952556789
INFO:root:LOSS train' 0.01686864952556789, 16200
INFO:root:  batch 700 loss: 0.01964651668444276
INFO:root:LOSS train' 0.01964651668444276, 16300
INFO:root:  batch 800 loss: 0.017911690156906843
INFO:root:LOSS train' 0.017911690156906843, 16400
INFO:root:  batch 900 loss: 0.01704671273007989
INFO:root:LOSS train' 0.01704671273007989, 16500
INFO:root:Epoch: 16 - LOSS train: 0.01704671273007989 LOSS val: 0.01739727146923542 - Elapsed time: 351.3189928531647 s
INFO:root:  batch 100 loss: 0.01641219005919993
INFO:root:LOSS train' 0.01641219005919993, 16675
INFO:root:  batch 200 loss: 0.016425972059369087
INFO:root:LOSS train' 0.016425972059369087, 16775
INFO:root:  batch 300 loss: 0.017148207584396006
INFO:root:LOSS train' 0.017148207584396006, 16875
INFO:root:  batch 400 loss: 0.01666676559485495
INFO:root:LOSS train' 0.01666676559485495, 16975
INFO:root:  batch 500 loss: 0.021772144893184305
INFO:root:LOSS train' 0.021772144893184305, 17075
INFO:root:  batch 600 loss: 0.017139569390565157
INFO:root:LOSS train' 0.017139569390565157, 17175
INFO:root:  batch 700 loss: 0.017005751999095084
INFO:root:LOSS train' 0.017005751999095084, 17275
INFO:root:  batch 800 loss: 0.01626996452920139
INFO:root:LOSS train' 0.01626996452920139, 17375
INFO:root:  batch 900 loss: 0.0321657077036798
INFO:root:LOSS train' 0.0321657077036798, 17475
INFO:root:Epoch: 17 - LOSS train: 0.0321657077036798 LOSS val: 0.01855611801147461 - Elapsed time: 351.940301656723 s
INFO:root:  batch 100 loss: 0.01763196517713368
INFO:root:LOSS train' 0.01763196517713368, 17650
INFO:root:  batch 200 loss: 0.02007699287496507
INFO:root:LOSS train' 0.02007699287496507, 17750
INFO:root:  batch 300 loss: 0.016317759305238724
INFO:root:LOSS train' 0.016317759305238724, 17850
INFO:root:  batch 400 loss: 0.017594141317531467
INFO:root:LOSS train' 0.017594141317531467, 17950
INFO:root:  batch 500 loss: 0.016515111029148103
INFO:root:LOSS train' 0.016515111029148103, 18050
INFO:root:  batch 600 loss: 0.016054819840937852
INFO:root:LOSS train' 0.016054819840937852, 18150
INFO:root:  batch 700 loss: 0.015871529346331955
INFO:root:LOSS train' 0.015871529346331955, 18250
INFO:root:  batch 800 loss: 0.015300672156736255
INFO:root:LOSS train' 0.015300672156736255, 18350
INFO:root:  batch 900 loss: 0.015734148547053337
INFO:root:LOSS train' 0.015734148547053337, 18450
INFO:root:Epoch: 18 - LOSS train: 0.015734148547053337 LOSS val: 0.015304171480238438 - Elapsed time: 351.97703981399536 s
INFO:root:  batch 100 loss: 0.015743083134293557
INFO:root:LOSS train' 0.015743083134293557, 18625
INFO:root:  batch 200 loss: 0.01554277641698718
INFO:root:LOSS train' 0.01554277641698718, 18725
INFO:root:  batch 300 loss: 0.015506553193554283
INFO:root:LOSS train' 0.015506553193554283, 18825
INFO:root:  batch 400 loss: 0.015500232055783271
INFO:root:LOSS train' 0.015500232055783271, 18925
INFO:root:  batch 500 loss: 0.015324974376708269
INFO:root:LOSS train' 0.015324974376708269, 19025
INFO:root:  batch 600 loss: 0.015489962482824922
INFO:root:LOSS train' 0.015489962482824922, 19125
INFO:root:  batch 700 loss: 0.015022280551493168
INFO:root:LOSS train' 0.015022280551493168, 19225
INFO:root:  batch 800 loss: 0.014988830760121346
INFO:root:LOSS train' 0.014988830760121346, 19325
INFO:root:  batch 900 loss: 0.015501841520890593
INFO:root:LOSS train' 0.015501841520890593, 19425
INFO:root:Epoch: 19 - LOSS train: 0.015501841520890593 LOSS val: 0.015328451059758663 - Elapsed time: 352.3134868144989 s
INFO:root:  batch 100 loss: 0.015257563395425677
INFO:root:LOSS train' 0.015257563395425677, 19600
INFO:root:  batch 200 loss: 0.015187518512830138
INFO:root:LOSS train' 0.015187518512830138, 19700
INFO:root:  batch 300 loss: 0.015094116274267435
INFO:root:LOSS train' 0.015094116274267435, 19800
INFO:root:  batch 400 loss: 0.015042955623939633
INFO:root:LOSS train' 0.015042955623939633, 19900
INFO:root:  batch 500 loss: 0.01507549443282187
INFO:root:LOSS train' 0.01507549443282187, 20000
INFO:root:  batch 600 loss: 0.014852320747449995
INFO:root:LOSS train' 0.014852320747449995, 20100
INFO:root:  batch 700 loss: 0.014799195500090718
INFO:root:LOSS train' 0.014799195500090718, 20200
INFO:root:  batch 800 loss: 0.0302206599060446
INFO:root:LOSS train' 0.0302206599060446, 20300
INFO:root:  batch 900 loss: 0.021445136656984685
INFO:root:LOSS train' 0.021445136656984685, 20400
INFO:root:Epoch: 20 - LOSS train: 0.021445136656984685 LOSS val: 0.01726364530622959 - Elapsed time: 351.7032935619354 s
INFO:root:  batch 100 loss: 0.017690151678398252
INFO:root:LOSS train' 0.017690151678398252, 20575
INFO:root:  batch 200 loss: 0.015659216279163956
INFO:root:LOSS train' 0.015659216279163956, 20675
INFO:root:  batch 300 loss: 0.01516897238790989
INFO:root:LOSS train' 0.01516897238790989, 20775
INFO:root:  batch 400 loss: 0.015070988163352013
INFO:root:LOSS train' 0.015070988163352013, 20875
INFO:root:  batch 500 loss: 0.014571617692708969
INFO:root:LOSS train' 0.014571617692708969, 20975
INFO:root:  batch 600 loss: 0.014924127841368318
INFO:root:LOSS train' 0.014924127841368318, 21075
INFO:root:  batch 700 loss: 0.027304018456488846
INFO:root:LOSS train' 0.027304018456488846, 21175
INFO:root:  batch 800 loss: 0.017161395018920302
INFO:root:LOSS train' 0.017161395018920302, 21275
INFO:root:  batch 900 loss: 0.01604850985109806
INFO:root:LOSS train' 0.01604850985109806, 21375
INFO:root:Epoch: 21 - LOSS train: 0.01604850985109806 LOSS val: 0.014871951192617416 - Elapsed time: 351.97733759880066 s
INFO:root:  batch 100 loss: 0.014920714860782027
INFO:root:LOSS train' 0.014920714860782027, 21550
INFO:root:  batch 200 loss: 0.014803651329129934
INFO:root:LOSS train' 0.014803651329129934, 21650
INFO:root:  batch 300 loss: 0.014474722668528556
INFO:root:LOSS train' 0.014474722668528556, 21750
INFO:root:  batch 400 loss: 0.0146408109087497
INFO:root:LOSS train' 0.0146408109087497, 21850
INFO:root:  batch 500 loss: 0.014609524747356772
INFO:root:LOSS train' 0.014609524747356772, 21950
INFO:root:  batch 600 loss: 0.014807285573333502
INFO:root:LOSS train' 0.014807285573333502, 22050
INFO:root:  batch 700 loss: 0.014286449002102018
INFO:root:LOSS train' 0.014286449002102018, 22150
INFO:root:  batch 800 loss: 0.01465348742902279
INFO:root:LOSS train' 0.01465348742902279, 22250
INFO:root:  batch 900 loss: 0.0143168143928051
INFO:root:LOSS train' 0.0143168143928051, 22350
INFO:root:Epoch: 22 - LOSS train: 0.0143168143928051 LOSS val: 0.01686098612844944 - Elapsed time: 351.37574672698975 s
INFO:root:  batch 100 loss: 0.01473580850288272
INFO:root:LOSS train' 0.01473580850288272, 22525
INFO:root:  batch 200 loss: 0.01383008562028408
INFO:root:LOSS train' 0.01383008562028408, 22625
INFO:root:  batch 300 loss: 0.01429458538070321
INFO:root:LOSS train' 0.01429458538070321, 22725
INFO:root:  batch 400 loss: 0.013910473212599755
INFO:root:LOSS train' 0.013910473212599755, 22825
INFO:root:  batch 500 loss: 0.013854318438097835
INFO:root:LOSS train' 0.013854318438097835, 22925
INFO:root:  batch 600 loss: 0.01425522013567388
INFO:root:LOSS train' 0.01425522013567388, 23025
INFO:root:  batch 700 loss: 0.01386152463965118
INFO:root:LOSS train' 0.01386152463965118, 23125
INFO:root:  batch 800 loss: 0.013935048365965486
INFO:root:LOSS train' 0.013935048365965486, 23225
INFO:root:  batch 900 loss: 0.013734459700062871
INFO:root:LOSS train' 0.013734459700062871, 23325
INFO:root:Epoch: 23 - LOSS train: 0.013734459700062871 LOSS val: 0.01372495200484991 - Elapsed time: 351.45528745651245 s
INFO:root:  batch 100 loss: 0.013417926356196404
INFO:root:LOSS train' 0.013417926356196404, 23500
INFO:root:  batch 200 loss: 0.014437468061223625
INFO:root:LOSS train' 0.014437468061223625, 23600
INFO:root:  batch 300 loss: 0.013877080315724015
INFO:root:LOSS train' 0.013877080315724015, 23700
INFO:root:  batch 400 loss: 0.013790839947760106
INFO:root:LOSS train' 0.013790839947760106, 23800
INFO:root:  batch 500 loss: 0.01372162574902177
INFO:root:LOSS train' 0.01372162574902177, 23900
INFO:root:  batch 600 loss: 0.014123786585405468
INFO:root:LOSS train' 0.014123786585405468, 24000
INFO:root:  batch 700 loss: 0.03815671449527144
INFO:root:LOSS train' 0.03815671449527144, 24100
INFO:root:  batch 800 loss: 0.016774022281169892
INFO:root:LOSS train' 0.016774022281169892, 24200
INFO:root:  batch 900 loss: 0.01477709828875959
INFO:root:LOSS train' 0.01477709828875959, 24300
INFO:root:Epoch: 24 - LOSS train: 0.01477709828875959 LOSS val: 0.01652718335390091 - Elapsed time: 351.17967414855957 s
INFO:root:  batch 100 loss: 0.015265469010919332
INFO:root:LOSS train' 0.015265469010919332, 24475
INFO:root:  batch 200 loss: 0.014436997091397643
INFO:root:LOSS train' 0.014436997091397643, 24575
INFO:root:  batch 300 loss: 0.013798579014837742
INFO:root:LOSS train' 0.013798579014837742, 24675
INFO:root:  batch 400 loss: 0.013688970766961574
INFO:root:LOSS train' 0.013688970766961574, 24775
INFO:root:  batch 500 loss: 0.014228717405349017
INFO:root:LOSS train' 0.014228717405349017, 24875
INFO:root:  batch 600 loss: 0.013783168978989124
INFO:root:LOSS train' 0.013783168978989124, 24975
INFO:root:  batch 700 loss: 0.01358241381123662
INFO:root:LOSS train' 0.01358241381123662, 25075
INFO:root:  batch 800 loss: 0.013259899644181132
INFO:root:LOSS train' 0.013259899644181132, 25175
INFO:root:  batch 900 loss: 0.013414867324754595
INFO:root:LOSS train' 0.013414867324754595, 25275
INFO:root:Epoch: 25 - LOSS train: 0.013414867324754595 LOSS val: 0.013078054413199425 - Elapsed time: 351.2494707107544 s
INFO:root:  batch 100 loss: 0.013252965305000544
INFO:root:LOSS train' 0.013252965305000544, 25450
INFO:root:  batch 200 loss: 0.013295030109584332
INFO:root:LOSS train' 0.013295030109584332, 25550
INFO:root:  batch 300 loss: 0.01302359078079462
INFO:root:LOSS train' 0.01302359078079462, 25650
INFO:root:  batch 400 loss: 0.013188127586618066
INFO:root:LOSS train' 0.013188127586618066, 25750
INFO:root:  batch 500 loss: 0.012746815374121069
INFO:root:LOSS train' 0.012746815374121069, 25850
INFO:root:  batch 600 loss: 0.013053126344457268
INFO:root:LOSS train' 0.013053126344457268, 25950
INFO:root:  batch 700 loss: 0.013182095736265182
INFO:root:LOSS train' 0.013182095736265182, 26050
INFO:root:  batch 800 loss: 0.01346328215673566
INFO:root:LOSS train' 0.01346328215673566, 26150
INFO:root:  batch 900 loss: 0.012932128552347422
INFO:root:LOSS train' 0.012932128552347422, 26250
INFO:root:Epoch: 26 - LOSS train: 0.012932128552347422 LOSS val: 0.012657234445214272 - Elapsed time: 351.94693207740784 s
INFO:root:  batch 100 loss: 0.013046242706477642
INFO:root:LOSS train' 0.013046242706477642, 26425
INFO:root:  batch 200 loss: 0.012743458151817322
INFO:root:LOSS train' 0.012743458151817322, 26525
INFO:root:  batch 300 loss: 0.013096281923353673
INFO:root:LOSS train' 0.013096281923353673, 26625
INFO:root:  batch 400 loss: 0.012574596423655748
INFO:root:LOSS train' 0.012574596423655748, 26725
INFO:root:  batch 500 loss: 0.012832604022696615
INFO:root:LOSS train' 0.012832604022696615, 26825
INFO:root:  batch 600 loss: 0.012764277616515756
INFO:root:LOSS train' 0.012764277616515756, 26925
INFO:root:  batch 700 loss: 0.020987403439357878
INFO:root:LOSS train' 0.020987403439357878, 27025
INFO:root:  batch 800 loss: 0.014582400936633348
INFO:root:LOSS train' 0.014582400936633348, 27125
INFO:root:  batch 900 loss: 0.014609559886157513
INFO:root:LOSS train' 0.014609559886157513, 27225
INFO:root:Epoch: 27 - LOSS train: 0.014609559886157513 LOSS val: 0.013045843690633774 - Elapsed time: 351.6835865974426 s
INFO:root:  batch 100 loss: 0.013098575221374632
INFO:root:LOSS train' 0.013098575221374632, 27400
INFO:root:  batch 200 loss: 0.01286559335887432
INFO:root:LOSS train' 0.01286559335887432, 27500
INFO:root:  batch 300 loss: 0.012921678954735399
INFO:root:LOSS train' 0.012921678954735399, 27600
INFO:root:  batch 400 loss: 0.012577685844153166
INFO:root:LOSS train' 0.012577685844153166, 27700
INFO:root:  batch 500 loss: 0.01256013300269842
INFO:root:LOSS train' 0.01256013300269842, 27800
INFO:root:  batch 600 loss: 0.012797282179817557
INFO:root:LOSS train' 0.012797282179817557, 27900
INFO:root:  batch 700 loss: 0.012809461299329996
INFO:root:LOSS train' 0.012809461299329996, 28000
INFO:root:  batch 800 loss: 0.01233965671621263
INFO:root:LOSS train' 0.01233965671621263, 28100
INFO:root:  batch 900 loss: 0.012495033983141184
INFO:root:LOSS train' 0.012495033983141184, 28200
INFO:root:Epoch: 28 - LOSS train: 0.012495033983141184 LOSS val: 0.012572693638503551 - Elapsed time: 351.5044438838959 s
INFO:root:  batch 100 loss: 0.012089982628822327
INFO:root:LOSS train' 0.012089982628822327, 28375
INFO:root:  batch 200 loss: 0.012670696303248406
INFO:root:LOSS train' 0.012670696303248406, 28475
INFO:root:  batch 300 loss: 0.012189587950706482
INFO:root:LOSS train' 0.012189587950706482, 28575
INFO:root:  batch 400 loss: 0.012373767392709852
INFO:root:LOSS train' 0.012373767392709852, 28675
INFO:root:  batch 500 loss: 0.012537689311429859
INFO:root:LOSS train' 0.012537689311429859, 28775
INFO:root:  batch 600 loss: 0.012258484084159136
INFO:root:LOSS train' 0.012258484084159136, 28875
INFO:root:  batch 700 loss: 0.01210883746854961
INFO:root:LOSS train' 0.01210883746854961, 28975
INFO:root:  batch 800 loss: 0.012360438657924532
INFO:root:LOSS train' 0.012360438657924532, 29075
INFO:root:  batch 900 loss: 0.012290833704173564
INFO:root:LOSS train' 0.012290833704173564, 29175
INFO:root:Epoch: 29 - LOSS train: 0.012290833704173564 LOSS val: 0.01217965129762888 - Elapsed time: 351.947790145874 s
INFO:root:  batch 100 loss: 0.012250648979097604
INFO:root:LOSS train' 0.012250648979097604, 29350
INFO:root:  batch 200 loss: 0.013082486083731056
INFO:root:LOSS train' 0.013082486083731056, 29450
INFO:root:  batch 300 loss: 0.012152304165065289
INFO:root:LOSS train' 0.012152304165065289, 29550
INFO:root:  batch 400 loss: 0.012116391146555543
INFO:root:LOSS train' 0.012116391146555543, 29650
INFO:root:  batch 500 loss: 0.011897348342463374
INFO:root:LOSS train' 0.011897348342463374, 29750
INFO:root:  batch 600 loss: 0.012572818463668227
INFO:root:LOSS train' 0.012572818463668227, 29850
INFO:root:  batch 700 loss: 0.012022809190675617
INFO:root:LOSS train' 0.012022809190675617, 29950
INFO:root:  batch 800 loss: 0.012140426207333804
INFO:root:LOSS train' 0.012140426207333804, 30050
INFO:root:  batch 900 loss: 0.012103757951408625
INFO:root:LOSS train' 0.012103757951408625, 30150
INFO:root:Epoch: 30 - LOSS train: 0.012103757951408625 LOSS val: 0.011826281435787678 - Elapsed time: 351.77248668670654 s
INFO:root:  batch 100 loss: 0.011873712660744787
INFO:root:LOSS train' 0.011873712660744787, 30325
INFO:root:  batch 200 loss: 0.011837091790512204
INFO:root:LOSS train' 0.011837091790512204, 30425
INFO:root:  batch 300 loss: 0.011813930803909897
INFO:root:LOSS train' 0.011813930803909897, 30525
INFO:root:  batch 400 loss: 0.011707662874832749
INFO:root:LOSS train' 0.011707662874832749, 30625
INFO:root:  batch 500 loss: 0.011832383079454303
INFO:root:LOSS train' 0.011832383079454303, 30725
INFO:root:  batch 600 loss: 0.012736826539039611
INFO:root:LOSS train' 0.012736826539039611, 30825
INFO:root:  batch 700 loss: 0.012063746023923159
INFO:root:LOSS train' 0.012063746023923159, 30925
INFO:root:  batch 800 loss: 0.01193163582123816
INFO:root:LOSS train' 0.01193163582123816, 31025
INFO:root:  batch 900 loss: 0.01177228096872568
INFO:root:LOSS train' 0.01177228096872568, 31125
INFO:root:Epoch: 31 - LOSS train: 0.01177228096872568 LOSS val: 0.011830317787826061 - Elapsed time: 351.9901690483093 s
INFO:root:  batch 100 loss: 0.012082458110526204
INFO:root:LOSS train' 0.012082458110526204, 31300
INFO:root:  batch 200 loss: 0.01160663596354425
INFO:root:LOSS train' 0.01160663596354425, 31400
INFO:root:  batch 300 loss: 0.01155877411365509
INFO:root:LOSS train' 0.01155877411365509, 31500
INFO:root:  batch 400 loss: 0.01141056883148849
INFO:root:LOSS train' 0.01141056883148849, 31600
INFO:root:  batch 500 loss: 0.011748850299045443
INFO:root:LOSS train' 0.011748850299045443, 31700
INFO:root:  batch 600 loss: 0.011528422413393856
INFO:root:LOSS train' 0.011528422413393856, 31800
INFO:root:  batch 700 loss: 0.011838976852595806
INFO:root:LOSS train' 0.011838976852595806, 31900
INFO:root:  batch 800 loss: 0.01195036298595369
INFO:root:LOSS train' 0.01195036298595369, 32000
INFO:root:  batch 900 loss: 0.011481335842981935
INFO:root:LOSS train' 0.011481335842981935, 32100
INFO:root:Epoch: 32 - LOSS train: 0.011481335842981935 LOSS val: 0.011285675689578056 - Elapsed time: 351.72409868240356 s
INFO:root:  batch 100 loss: 0.01161310932599008
INFO:root:LOSS train' 0.01161310932599008, 32275
INFO:root:  batch 200 loss: 0.01163134110160172
INFO:root:LOSS train' 0.01163134110160172, 32375
INFO:root:  batch 300 loss: 0.011520293429493905
INFO:root:LOSS train' 0.011520293429493905, 32475
INFO:root:  batch 400 loss: 0.011260238122195005
INFO:root:LOSS train' 0.011260238122195005, 32575
INFO:root:  batch 500 loss: 0.026871305089443923
INFO:root:LOSS train' 0.026871305089443923, 32675
INFO:root:  batch 600 loss: 0.01694696016609669
INFO:root:LOSS train' 0.01694696016609669, 32775
INFO:root:  batch 700 loss: 0.013873185040429234
INFO:root:LOSS train' 0.013873185040429234, 32875
INFO:root:  batch 800 loss: 0.0125972686894238
INFO:root:LOSS train' 0.0125972686894238, 32975
INFO:root:  batch 900 loss: 0.012076500104740262
INFO:root:LOSS train' 0.012076500104740262, 33075
INFO:root:Epoch: 33 - LOSS train: 0.012076500104740262 LOSS val: 0.012161283753812313 - Elapsed time: 352.0558853149414 s
INFO:root:  batch 100 loss: 0.01222835469059646
INFO:root:LOSS train' 0.01222835469059646, 33250
INFO:root:  batch 200 loss: 0.011930485079064966
INFO:root:LOSS train' 0.011930485079064966, 33350
INFO:root:  batch 300 loss: 0.011532364618033171
INFO:root:LOSS train' 0.011532364618033171, 33450
INFO:root:  batch 400 loss: 0.01166399841196835
INFO:root:LOSS train' 0.01166399841196835, 33550
INFO:root:  batch 500 loss: 0.011666619190946222
INFO:root:LOSS train' 0.011666619190946222, 33650
INFO:root:  batch 600 loss: 0.0116775091458112
INFO:root:LOSS train' 0.0116775091458112, 33750
INFO:root:  batch 700 loss: 0.011641625706106424
INFO:root:LOSS train' 0.011641625706106424, 33850
INFO:root:  batch 800 loss: 0.011492817588150501
INFO:root:LOSS train' 0.011492817588150501, 33950
INFO:root:  batch 900 loss: 0.011154808681458234
INFO:root:LOSS train' 0.011154808681458234, 34050
INFO:root:Epoch: 34 - LOSS train: 0.011154808681458234 LOSS val: 0.011467878706753254 - Elapsed time: 352.0786039829254 s
INFO:root:*************
INFO:root:             
INFO:root:Starting to test....
INFO:root:             
INFO:root:OneStep loss: 0.011420173570513725
INFO:root:Scalar loss: 0.015439068898558617
INFO:root:Vector loss: 0.009410724975168705
INFO:root:             
INFO:root:Done.
