INFO:root:*************
INFO:root:             
INFO:root:model chosen: CF
INFO:root:multivector activation function?: 3
INFO:root:training trajectories: 5200
INFO:root:training epochs: 200
INFO:root:training batchsize: 32
INFO:root:learning rate: 0.0001
INFO:root:seed: 28996
INFO:root:patience: 10
INFO:root:training dataset path: datasets/trainingdataviscous/
INFO:root:test dataset path: datasets/testdataviscous/
INFO:root:             
INFO:root:*************
INFO:root:Using device: cuda
INFO:root:[[[1.6940998  1.5566934  1.3046039  1.0440726 ]
  [1.6066581  1.3995012  1.342347   1.233624  ]
  [1.4666691  1.3354036  1.3883016  1.2737162 ]
  [1.4122795  1.3854291  1.4587754  1.339578  ]]

 [[1.6459564  1.3450366  1.0299298  0.77708894]
  [1.6489182  1.5250436  1.3721011  1.2203181 ]
  [1.4844782  1.3996952  1.3643513  1.3251002 ]
  [1.3969231  1.3963239  1.4048748  1.4067723 ]]]
INFO:root:****
INFO:root:[[[1.6940998  1.5566934  1.3046039  1.0440726 ]
  [1.6066581  1.3995012  1.342347   1.233624  ]
  [1.4666691  1.3354036  1.3883016  1.2737162 ]
  [1.4122795  1.3854291  1.4587754  1.339578  ]]

 [[1.6459564  1.3450366  1.0299298  0.77708894]
  [1.6489182  1.5250436  1.3721011  1.2203181 ]
  [1.4844782  1.3996952  1.3643513  1.3251002 ]
  [1.3969231  1.3963239  1.4048748  1.4067723 ]]]
INFO:root:Train input shape: torch.Size([5200, 2, 128, 128, 3])
INFO:root:Train labels shape: torch.Size([5200, 1, 128, 128, 3])
INFO:root:                   
INFO:root:Val input shape: torch.Size([4680, 2, 128, 128, 3])
INFO:root:Val labels shape: torch.Size([4680, 1, 128, 128, 3])
INFO:root:*************
INFO:root:             
INFO:root:Starting to train....
INFO:root:  batch 100 loss: 0.4940870301425457
INFO:root:LOSS train' 0.4940870301425457, 100
INFO:root:Epoch: 0 - LOSS train: 0.4940870301425457 LOSS val: 0.12402155995368958 - Elapsed time: 116.92265915870667 s
INFO:root:  batch 100 loss: 0.10317125797271728
INFO:root:LOSS train' 0.10317125797271728, 263
INFO:root:Epoch: 1 - LOSS train: 0.10317125797271728 LOSS val: 0.07862849533557892 - Elapsed time: 115.7242066860199 s
INFO:root:  batch 100 loss: 0.07281434401869774
INFO:root:LOSS train' 0.07281434401869774, 426
INFO:root:Epoch: 2 - LOSS train: 0.07281434401869774 LOSS val: 0.06385760009288788 - Elapsed time: 115.64292025566101 s
INFO:root:  batch 100 loss: 0.060188649073243145
INFO:root:LOSS train' 0.060188649073243145, 589
INFO:root:Epoch: 3 - LOSS train: 0.060188649073243145 LOSS val: 0.055044256150722504 - Elapsed time: 115.7231662273407 s
INFO:root:  batch 100 loss: 0.05213044416159392
INFO:root:LOSS train' 0.05213044416159392, 752
INFO:root:Epoch: 4 - LOSS train: 0.05213044416159392 LOSS val: 0.049399420619010925 - Elapsed time: 115.87177419662476 s
INFO:root:  batch 100 loss: 0.04670159578323364
INFO:root:LOSS train' 0.04670159578323364, 915
INFO:root:Epoch: 5 - LOSS train: 0.04670159578323364 LOSS val: 0.04529013857245445 - Elapsed time: 115.72783732414246 s
INFO:root:  batch 100 loss: 0.04282451681792736
INFO:root:LOSS train' 0.04282451681792736, 1078
INFO:root:Epoch: 6 - LOSS train: 0.04282451681792736 LOSS val: 0.04254668578505516 - Elapsed time: 115.78205609321594 s
INFO:root:  batch 100 loss: 0.03999950688332319
INFO:root:LOSS train' 0.03999950688332319, 1241
INFO:root:Epoch: 7 - LOSS train: 0.03999950688332319 LOSS val: 0.039977993816137314 - Elapsed time: 115.710116147995 s
INFO:root:  batch 100 loss: 0.03749503962695599
INFO:root:LOSS train' 0.03749503962695599, 1404
INFO:root:Epoch: 8 - LOSS train: 0.03749503962695599 LOSS val: 0.038201313465833664 - Elapsed time: 115.65814256668091 s
INFO:root:  batch 100 loss: 0.03540808115154505
INFO:root:LOSS train' 0.03540808115154505, 1567
INFO:root:Epoch: 9 - LOSS train: 0.03540808115154505 LOSS val: 0.03683072328567505 - Elapsed time: 115.73424816131592 s
INFO:root:  batch 100 loss: 0.033634440265595915
INFO:root:LOSS train' 0.033634440265595915, 1730
INFO:root:Epoch: 10 - LOSS train: 0.033634440265595915 LOSS val: 0.03558439388871193 - Elapsed time: 115.7880470752716 s
INFO:root:  batch 100 loss: 0.032264622207731006
INFO:root:LOSS train' 0.032264622207731006, 1893
INFO:root:Epoch: 11 - LOSS train: 0.032264622207731006 LOSS val: 0.03390691801905632 - Elapsed time: 115.60020542144775 s
INFO:root:  batch 100 loss: 0.03085288906469941
INFO:root:LOSS train' 0.03085288906469941, 2056
INFO:root:Epoch: 12 - LOSS train: 0.03085288906469941 LOSS val: 0.03287569433450699 - Elapsed time: 115.85817432403564 s
INFO:root:  batch 100 loss: 0.029444570522755384
INFO:root:LOSS train' 0.029444570522755384, 2219
INFO:root:Epoch: 13 - LOSS train: 0.029444570522755384 LOSS val: 0.03214064612984657 - Elapsed time: 115.83553314208984 s
INFO:root:  batch 100 loss: 0.028587931059300898
INFO:root:LOSS train' 0.028587931059300898, 2382
INFO:root:Epoch: 14 - LOSS train: 0.028587931059300898 LOSS val: 0.031271547079086304 - Elapsed time: 115.75446462631226 s
INFO:root:  batch 100 loss: 0.027592616584151984
INFO:root:LOSS train' 0.027592616584151984, 2545
INFO:root:Epoch: 15 - LOSS train: 0.027592616584151984 LOSS val: 0.030742913484573364 - Elapsed time: 115.6839587688446 s
INFO:root:  batch 100 loss: 0.026679674983024596
INFO:root:LOSS train' 0.026679674983024596, 2708
INFO:root:Epoch: 16 - LOSS train: 0.026679674983024596 LOSS val: 0.029867351055145264 - Elapsed time: 115.73415851593018 s
INFO:root:  batch 100 loss: 0.025897206477820872
INFO:root:LOSS train' 0.025897206477820872, 2871
INFO:root:Epoch: 17 - LOSS train: 0.025897206477820872 LOSS val: 0.029498646035790443 - Elapsed time: 115.71306467056274 s
INFO:root:  batch 100 loss: 0.02525448366999626
INFO:root:LOSS train' 0.02525448366999626, 3034
INFO:root:Epoch: 18 - LOSS train: 0.02525448366999626 LOSS val: 0.02882416546344757 - Elapsed time: 115.73506593704224 s
INFO:root:  batch 100 loss: 0.024329756386578083
INFO:root:LOSS train' 0.024329756386578083, 3197
INFO:root:Epoch: 19 - LOSS train: 0.024329756386578083 LOSS val: 0.028341472148895264 - Elapsed time: 115.71004724502563 s
INFO:root:  batch 100 loss: 0.024001151099801065
INFO:root:LOSS train' 0.024001151099801065, 3360
INFO:root:Epoch: 20 - LOSS train: 0.024001151099801065 LOSS val: 0.027999963611364365 - Elapsed time: 115.79715752601624 s
INFO:root:  batch 100 loss: 0.023158588279038668
INFO:root:LOSS train' 0.023158588279038668, 3523
INFO:root:Epoch: 21 - LOSS train: 0.023158588279038668 LOSS val: 0.02756686694920063 - Elapsed time: 115.72645139694214 s
INFO:root:  batch 100 loss: 0.022496102619916202
INFO:root:LOSS train' 0.022496102619916202, 3686
INFO:root:Epoch: 22 - LOSS train: 0.022496102619916202 LOSS val: 0.02715710923075676 - Elapsed time: 115.85925102233887 s
INFO:root:  batch 100 loss: 0.022032587081193922
INFO:root:LOSS train' 0.022032587081193922, 3849
INFO:root:Epoch: 23 - LOSS train: 0.022032587081193922 LOSS val: 0.02697688899934292 - Elapsed time: 115.70854997634888 s
INFO:root:  batch 100 loss: 0.021549829840660097
INFO:root:LOSS train' 0.021549829840660097, 4012
INFO:root:Epoch: 24 - LOSS train: 0.021549829840660097 LOSS val: 0.026414744555950165 - Elapsed time: 115.8998441696167 s
INFO:root:  batch 100 loss: 0.021202500611543655
INFO:root:LOSS train' 0.021202500611543655, 4175
INFO:root:Epoch: 25 - LOSS train: 0.021202500611543655 LOSS val: 0.026060014963150024 - Elapsed time: 115.6471381187439 s
INFO:root:  batch 100 loss: 0.020609875768423082
INFO:root:LOSS train' 0.020609875768423082, 4338
INFO:root:Epoch: 26 - LOSS train: 0.020609875768423082 LOSS val: 0.025847522541880608 - Elapsed time: 115.79017162322998 s
INFO:root:  batch 100 loss: 0.020135368630290033
INFO:root:LOSS train' 0.020135368630290033, 4501
INFO:root:Epoch: 27 - LOSS train: 0.020135368630290033 LOSS val: 0.02580128237605095 - Elapsed time: 115.85471105575562 s
INFO:root:  batch 100 loss: 0.01988024402409792
INFO:root:LOSS train' 0.01988024402409792, 4664
INFO:root:Epoch: 28 - LOSS train: 0.01988024402409792 LOSS val: 0.02532382309436798 - Elapsed time: 115.76824474334717 s
INFO:root:  batch 100 loss: 0.019462376534938812
INFO:root:LOSS train' 0.019462376534938812, 4827
INFO:root:Epoch: 29 - LOSS train: 0.019462376534938812 LOSS val: 0.025024792179465294 - Elapsed time: 115.71347141265869 s
INFO:root:  batch 100 loss: 0.019087342713028192
INFO:root:LOSS train' 0.019087342713028192, 4990
INFO:root:Epoch: 30 - LOSS train: 0.019087342713028192 LOSS val: 0.02482503466308117 - Elapsed time: 115.6697130203247 s
INFO:root:  batch 100 loss: 0.018653627652674913
INFO:root:LOSS train' 0.018653627652674913, 5153
INFO:root:Epoch: 31 - LOSS train: 0.018653627652674913 LOSS val: 0.024678757414221764 - Elapsed time: 115.65051198005676 s
INFO:root:  batch 100 loss: 0.01828251952305436
INFO:root:LOSS train' 0.01828251952305436, 5316
INFO:root:Epoch: 32 - LOSS train: 0.01828251952305436 LOSS val: 0.024534735828638077 - Elapsed time: 115.74674201011658 s
INFO:root:  batch 100 loss: 0.01800947532057762
INFO:root:LOSS train' 0.01800947532057762, 5479
INFO:root:Epoch: 33 - LOSS train: 0.01800947532057762 LOSS val: 0.024226903915405273 - Elapsed time: 115.81737732887268 s
INFO:root:  batch 100 loss: 0.017583146318793298
INFO:root:LOSS train' 0.017583146318793298, 5642
INFO:root:Epoch: 34 - LOSS train: 0.017583146318793298 LOSS val: 0.02412327565252781 - Elapsed time: 115.64672946929932 s
INFO:root:  batch 100 loss: 0.017402810668572785
INFO:root:LOSS train' 0.017402810668572785, 5805
INFO:root:Epoch: 35 - LOSS train: 0.017402810668572785 LOSS val: 0.023939214646816254 - Elapsed time: 115.84713244438171 s
INFO:root:  batch 100 loss: 0.017033255957067013
INFO:root:LOSS train' 0.017033255957067013, 5968
INFO:root:Epoch: 36 - LOSS train: 0.017033255957067013 LOSS val: 0.023877346888184547 - Elapsed time: 115.63191962242126 s
INFO:root:  batch 100 loss: 0.016723203547298907
INFO:root:LOSS train' 0.016723203547298907, 6131
INFO:root:Epoch: 37 - LOSS train: 0.016723203547298907 LOSS val: 0.02360164001584053 - Elapsed time: 115.72083187103271 s
INFO:root:  batch 100 loss: 0.016563098402693866
INFO:root:LOSS train' 0.016563098402693866, 6294
INFO:root:Epoch: 38 - LOSS train: 0.016563098402693866 LOSS val: 0.023528974503278732 - Elapsed time: 115.64533019065857 s
INFO:root:  batch 100 loss: 0.016114720199257134
INFO:root:LOSS train' 0.016114720199257134, 6457
INFO:root:Epoch: 39 - LOSS train: 0.016114720199257134 LOSS val: 0.023434218019247055 - Elapsed time: 115.71080875396729 s
INFO:root:  batch 100 loss: 0.015911887995898724
INFO:root:LOSS train' 0.015911887995898724, 6620
INFO:root:Epoch: 40 - LOSS train: 0.015911887995898724 LOSS val: 0.023162653669714928 - Elapsed time: 115.67916512489319 s
INFO:root:  batch 100 loss: 0.015710990726947784
INFO:root:LOSS train' 0.015710990726947784, 6783
INFO:root:Epoch: 41 - LOSS train: 0.015710990726947784 LOSS val: 0.023251619189977646 - Elapsed time: 115.72263813018799 s
INFO:root:  batch 100 loss: 0.015418211994692683
INFO:root:LOSS train' 0.015418211994692683, 6946
INFO:root:Epoch: 42 - LOSS train: 0.015418211994692683 LOSS val: 0.02299320325255394 - Elapsed time: 115.93121337890625 s
INFO:root:  batch 100 loss: 0.015282556219026446
INFO:root:LOSS train' 0.015282556219026446, 7109
INFO:root:Epoch: 43 - LOSS train: 0.015282556219026446 LOSS val: 0.022876599803566933 - Elapsed time: 115.73221397399902 s
INFO:root:  batch 100 loss: 0.014939702646806836
INFO:root:LOSS train' 0.014939702646806836, 7272
INFO:root:Epoch: 44 - LOSS train: 0.014939702646806836 LOSS val: 0.022673724219202995 - Elapsed time: 115.80214953422546 s
INFO:root:  batch 100 loss: 0.014719972275197507
INFO:root:LOSS train' 0.014719972275197507, 7435
INFO:root:Epoch: 45 - LOSS train: 0.014719972275197507 LOSS val: 0.022899627685546875 - Elapsed time: 115.72444367408752 s
INFO:root:  batch 100 loss: 0.014525043042376638
INFO:root:LOSS train' 0.014525043042376638, 7598
INFO:root:Epoch: 46 - LOSS train: 0.014525043042376638 LOSS val: 0.022484440356492996 - Elapsed time: 115.80549335479736 s
INFO:root:  batch 100 loss: 0.014292001007124782
INFO:root:LOSS train' 0.014292001007124782, 7761
INFO:root:Epoch: 47 - LOSS train: 0.014292001007124782 LOSS val: 0.022437069565057755 - Elapsed time: 115.78235030174255 s
INFO:root:  batch 100 loss: 0.01411779684945941
INFO:root:LOSS train' 0.01411779684945941, 7924
INFO:root:Epoch: 48 - LOSS train: 0.01411779684945941 LOSS val: 0.02229875512421131 - Elapsed time: 115.78202152252197 s
INFO:root:  batch 100 loss: 0.013903166530653835
INFO:root:LOSS train' 0.013903166530653835, 8087
INFO:root:Epoch: 49 - LOSS train: 0.013903166530653835 LOSS val: 0.022467736154794693 - Elapsed time: 115.67348384857178 s
INFO:root:  batch 100 loss: 0.01371217118576169
INFO:root:LOSS train' 0.01371217118576169, 8250
INFO:root:Epoch: 50 - LOSS train: 0.01371217118576169 LOSS val: 0.022154880687594414 - Elapsed time: 115.81398129463196 s
INFO:root:  batch 100 loss: 0.013495003432035446
INFO:root:LOSS train' 0.013495003432035446, 8413
INFO:root:Epoch: 51 - LOSS train: 0.013495003432035446 LOSS val: 0.022110873833298683 - Elapsed time: 115.64032816886902 s
INFO:root:  batch 100 loss: 0.013345034904778003
INFO:root:LOSS train' 0.013345034904778003, 8576
INFO:root:Epoch: 52 - LOSS train: 0.013345034904778003 LOSS val: 0.021926913410425186 - Elapsed time: 115.7901599407196 s
INFO:root:  batch 100 loss: 0.013144048266112804
INFO:root:LOSS train' 0.013144048266112804, 8739
INFO:root:Epoch: 53 - LOSS train: 0.013144048266112804 LOSS val: 0.021977713331580162 - Elapsed time: 115.71980929374695 s
INFO:root:  batch 100 loss: 0.012904820339754224
INFO:root:LOSS train' 0.012904820339754224, 8902
INFO:root:Epoch: 54 - LOSS train: 0.012904820339754224 LOSS val: 0.0217943973839283 - Elapsed time: 115.64866614341736 s
INFO:root:  batch 100 loss: 0.01279629273340106
INFO:root:LOSS train' 0.01279629273340106, 9065
INFO:root:Epoch: 55 - LOSS train: 0.01279629273340106 LOSS val: 0.02181774005293846 - Elapsed time: 115.8021650314331 s
INFO:root:  batch 100 loss: 0.012609766852110625
INFO:root:LOSS train' 0.012609766852110625, 9228
INFO:root:Epoch: 56 - LOSS train: 0.012609766852110625 LOSS val: 0.021882720291614532 - Elapsed time: 115.70022249221802 s
INFO:root:  batch 100 loss: 0.012582651963457465
INFO:root:LOSS train' 0.012582651963457465, 9391
INFO:root:Epoch: 57 - LOSS train: 0.012582651963457465 LOSS val: 0.021726058796048164 - Elapsed time: 115.72226619720459 s
INFO:root:  batch 100 loss: 0.012278247186914086
INFO:root:LOSS train' 0.012278247186914086, 9554
INFO:root:Epoch: 58 - LOSS train: 0.012278247186914086 LOSS val: 0.021594669669866562 - Elapsed time: 115.78140568733215 s
INFO:root:  batch 100 loss: 0.012116892626509071
INFO:root:LOSS train' 0.012116892626509071, 9717
INFO:root:Epoch: 59 - LOSS train: 0.012116892626509071 LOSS val: 0.02171991392970085 - Elapsed time: 115.65652513504028 s
INFO:root:  batch 100 loss: 0.012059688195586204
INFO:root:LOSS train' 0.012059688195586204, 9880
INFO:root:Epoch: 60 - LOSS train: 0.012059688195586204 LOSS val: 0.021650446578860283 - Elapsed time: 115.8701400756836 s
INFO:root:  batch 100 loss: 0.011753136897459627
INFO:root:LOSS train' 0.011753136897459627, 10043
INFO:root:Epoch: 61 - LOSS train: 0.011753136897459627 LOSS val: 0.02149103581905365 - Elapsed time: 115.74631428718567 s
INFO:root:  batch 100 loss: 0.01166185206733644
INFO:root:LOSS train' 0.01166185206733644, 10206
INFO:root:Epoch: 62 - LOSS train: 0.01166185206733644 LOSS val: 0.02159704826772213 - Elapsed time: 115.76428723335266 s
INFO:root:  batch 100 loss: 0.011535221943631768
INFO:root:LOSS train' 0.011535221943631768, 10369
INFO:root:Epoch: 63 - LOSS train: 0.011535221943631768 LOSS val: 0.021339843049645424 - Elapsed time: 115.73375296592712 s
INFO:root:  batch 100 loss: 0.011476406063884496
INFO:root:LOSS train' 0.011476406063884496, 10532
INFO:root:Epoch: 64 - LOSS train: 0.011476406063884496 LOSS val: 0.021276911720633507 - Elapsed time: 115.79029679298401 s
INFO:root:  batch 100 loss: 0.011384430387988687
INFO:root:LOSS train' 0.011384430387988687, 10695
INFO:root:Epoch: 65 - LOSS train: 0.011384430387988687 LOSS val: 0.021163800731301308 - Elapsed time: 115.71858716011047 s
INFO:root:  batch 100 loss: 0.01110048521310091
INFO:root:LOSS train' 0.01110048521310091, 10858
INFO:root:Epoch: 66 - LOSS train: 0.01110048521310091 LOSS val: 0.02132122404873371 - Elapsed time: 115.80324411392212 s
INFO:root:  batch 100 loss: 0.010999137200415135
INFO:root:LOSS train' 0.010999137200415135, 11021
INFO:root:Epoch: 67 - LOSS train: 0.010999137200415135 LOSS val: 0.021411480382084846 - Elapsed time: 115.75596141815186 s
INFO:root:  batch 100 loss: 0.010949212005361914
INFO:root:LOSS train' 0.010949212005361914, 11184
INFO:root:Epoch: 68 - LOSS train: 0.010949212005361914 LOSS val: 0.021182285621762276 - Elapsed time: 115.75092267990112 s
INFO:root:  batch 100 loss: 0.010807748325169087
INFO:root:LOSS train' 0.010807748325169087, 11347
INFO:root:Epoch: 69 - LOSS train: 0.010807748325169087 LOSS val: 0.021041389554739 - Elapsed time: 115.73752331733704 s
INFO:root:  batch 100 loss: 0.010708370776847005
INFO:root:LOSS train' 0.010708370776847005, 11510
INFO:root:Epoch: 70 - LOSS train: 0.010708370776847005 LOSS val: 0.021014166995882988 - Elapsed time: 115.81376576423645 s
INFO:root:  batch 100 loss: 0.01052199263125658
INFO:root:LOSS train' 0.01052199263125658, 11673
INFO:root:Epoch: 71 - LOSS train: 0.01052199263125658 LOSS val: 0.020947784185409546 - Elapsed time: 115.64000678062439 s
INFO:root:  batch 100 loss: 0.01044980107806623
INFO:root:LOSS train' 0.01044980107806623, 11836
INFO:root:Epoch: 72 - LOSS train: 0.01044980107806623 LOSS val: 0.020992103964090347 - Elapsed time: 115.63896369934082 s
INFO:root:  batch 100 loss: 0.010317381955683231
INFO:root:LOSS train' 0.010317381955683231, 11999
INFO:root:Epoch: 73 - LOSS train: 0.010317381955683231 LOSS val: 0.021017029881477356 - Elapsed time: 115.80800294876099 s
INFO:root:  batch 100 loss: 0.010212645176798105
INFO:root:LOSS train' 0.010212645176798105, 12162
INFO:root:Epoch: 74 - LOSS train: 0.010212645176798105 LOSS val: 0.020870976150035858 - Elapsed time: 115.82128739356995 s
INFO:root:  batch 100 loss: 0.010137920174747706
INFO:root:LOSS train' 0.010137920174747706, 12325
INFO:root:Epoch: 75 - LOSS train: 0.010137920174747706 LOSS val: 0.020920198410749435 - Elapsed time: 115.6415467262268 s
INFO:root:  batch 100 loss: 0.01015612369403243
INFO:root:LOSS train' 0.01015612369403243, 12488
INFO:root:Epoch: 76 - LOSS train: 0.01015612369403243 LOSS val: 0.020848296582698822 - Elapsed time: 115.82021951675415 s
INFO:root:  batch 100 loss: 0.009884355245158077
INFO:root:LOSS train' 0.009884355245158077, 12651
INFO:root:Epoch: 77 - LOSS train: 0.009884355245158077 LOSS val: 0.02072327956557274 - Elapsed time: 115.62332534790039 s
INFO:root:  batch 100 loss: 0.009769833954051137
INFO:root:LOSS train' 0.009769833954051137, 12814
INFO:root:Epoch: 78 - LOSS train: 0.009769833954051137 LOSS val: 0.020561616867780685 - Elapsed time: 115.74646639823914 s
INFO:root:  batch 100 loss: 0.009726526672020555
INFO:root:LOSS train' 0.009726526672020555, 12977
INFO:root:Epoch: 79 - LOSS train: 0.009726526672020555 LOSS val: 0.020876578986644745 - Elapsed time: 115.72611904144287 s
INFO:root:  batch 100 loss: 0.009652725411579013
INFO:root:LOSS train' 0.009652725411579013, 13140
INFO:root:Epoch: 80 - LOSS train: 0.009652725411579013 LOSS val: 0.020653223618865013 - Elapsed time: 115.8585455417633 s
INFO:root:  batch 100 loss: 0.009573312029242515
INFO:root:LOSS train' 0.009573312029242515, 13303
INFO:root:Epoch: 81 - LOSS train: 0.009573312029242515 LOSS val: 0.020680546760559082 - Elapsed time: 115.7502429485321 s
INFO:root:  batch 100 loss: 0.009396583950147032
INFO:root:LOSS train' 0.009396583950147032, 13466
INFO:root:Epoch: 82 - LOSS train: 0.009396583950147032 LOSS val: 0.02076011896133423 - Elapsed time: 115.72458791732788 s
INFO:root:  batch 100 loss: 0.009362847758457065
INFO:root:LOSS train' 0.009362847758457065, 13629
INFO:root:Epoch: 83 - LOSS train: 0.009362847758457065 LOSS val: 0.020605916157364845 - Elapsed time: 115.58184337615967 s
INFO:root:  batch 100 loss: 0.00931564905680716
INFO:root:LOSS train' 0.00931564905680716, 13792
INFO:root:Epoch: 84 - LOSS train: 0.00931564905680716 LOSS val: 0.02055063471198082 - Elapsed time: 115.79745674133301 s
INFO:root:  batch 100 loss: 0.009175732471048833
INFO:root:LOSS train' 0.009175732471048833, 13955
INFO:root:Epoch: 85 - LOSS train: 0.009175732471048833 LOSS val: 0.020550016313791275 - Elapsed time: 115.71488976478577 s
INFO:root:  batch 100 loss: 0.009071564665064216
INFO:root:LOSS train' 0.009071564665064216, 14118
INFO:root:Epoch: 86 - LOSS train: 0.009071564665064216 LOSS val: 0.020443100482225418 - Elapsed time: 115.71943998336792 s
INFO:root:  batch 100 loss: 0.008976737940683962
INFO:root:LOSS train' 0.008976737940683962, 14281
INFO:root:Epoch: 87 - LOSS train: 0.008976737940683962 LOSS val: 0.02037127874791622 - Elapsed time: 115.70662689208984 s
INFO:root:  batch 100 loss: 0.008890084261074661
INFO:root:LOSS train' 0.008890084261074661, 14444
INFO:root:Epoch: 88 - LOSS train: 0.008890084261074661 LOSS val: 0.020472059026360512 - Elapsed time: 115.79656076431274 s
INFO:root:  batch 100 loss: 0.008877850072458386
INFO:root:LOSS train' 0.008877850072458386, 14607
INFO:root:Epoch: 89 - LOSS train: 0.008877850072458386 LOSS val: 0.02035469003021717 - Elapsed time: 115.73239302635193 s
INFO:root:  batch 100 loss: 0.008860652269795537
INFO:root:LOSS train' 0.008860652269795537, 14770
INFO:root:Epoch: 90 - LOSS train: 0.008860652269795537 LOSS val: 0.020391374826431274 - Elapsed time: 115.73458933830261 s
INFO:root:  batch 100 loss: 0.008662255518138408
INFO:root:LOSS train' 0.008662255518138408, 14933
INFO:root:Epoch: 91 - LOSS train: 0.008662255518138408 LOSS val: 0.020407812669873238 - Elapsed time: 115.5923342704773 s
INFO:root:  batch 100 loss: 0.008568262616172433
INFO:root:LOSS train' 0.008568262616172433, 15096
INFO:root:Epoch: 92 - LOSS train: 0.008568262616172433 LOSS val: 0.020316483452916145 - Elapsed time: 115.7189884185791 s
INFO:root:  batch 100 loss: 0.008548377873376012
INFO:root:LOSS train' 0.008548377873376012, 15259
INFO:root:Epoch: 93 - LOSS train: 0.008548377873376012 LOSS val: 0.020339861512184143 - Elapsed time: 115.72237133979797 s
INFO:root:  batch 100 loss: 0.008431127136573196
INFO:root:LOSS train' 0.008431127136573196, 15422
INFO:root:Epoch: 94 - LOSS train: 0.008431127136573196 LOSS val: 0.020161088556051254 - Elapsed time: 115.71231436729431 s
INFO:root:  batch 100 loss: 0.008368222010321915
INFO:root:LOSS train' 0.008368222010321915, 15585
INFO:root:Epoch: 95 - LOSS train: 0.008368222010321915 LOSS val: 0.02020198479294777 - Elapsed time: 115.65413689613342 s
INFO:root:  batch 100 loss: 0.008322362680919468
INFO:root:LOSS train' 0.008322362680919468, 15748
INFO:root:Epoch: 96 - LOSS train: 0.008322362680919468 LOSS val: 0.020274972543120384 - Elapsed time: 115.74981927871704 s
INFO:root:  batch 100 loss: 0.008268079636618495
INFO:root:LOSS train' 0.008268079636618495, 15911
INFO:root:Epoch: 97 - LOSS train: 0.008268079636618495 LOSS val: 0.02019285410642624 - Elapsed time: 115.60675597190857 s
INFO:root:  batch 100 loss: 0.00823231326881796
INFO:root:LOSS train' 0.00823231326881796, 16074
INFO:root:Epoch: 98 - LOSS train: 0.00823231326881796 LOSS val: 0.02020713873207569 - Elapsed time: 115.65709495544434 s
INFO:root:  batch 100 loss: 0.008136310339905322
INFO:root:LOSS train' 0.008136310339905322, 16237
INFO:root:Epoch: 99 - LOSS train: 0.008136310339905322 LOSS val: 0.02017764188349247 - Elapsed time: 115.66212844848633 s
INFO:root:  batch 100 loss: 0.008046298781409859
INFO:root:LOSS train' 0.008046298781409859, 16400
INFO:root:Epoch: 100 - LOSS train: 0.008046298781409859 LOSS val: 0.020295292139053345 - Elapsed time: 115.79570078849792 s
INFO:root:  batch 100 loss: 0.007948921071365475
INFO:root:LOSS train' 0.007948921071365475, 16563
INFO:root:Epoch: 101 - LOSS train: 0.007948921071365475 LOSS val: 0.020184919238090515 - Elapsed time: 115.84522128105164 s
INFO:root:  batch 100 loss: 0.007934147138148545
INFO:root:LOSS train' 0.007934147138148545, 16726
INFO:root:Epoch: 102 - LOSS train: 0.007934147138148545 LOSS val: 0.02027103118598461 - Elapsed time: 115.65309834480286 s
INFO:root:  batch 100 loss: 0.007906482014805078
INFO:root:LOSS train' 0.007906482014805078, 16889
INFO:root:Epoch: 103 - LOSS train: 0.007906482014805078 LOSS val: 0.020098457112908363 - Elapsed time: 115.64299821853638 s
INFO:root:  batch 100 loss: 0.007824210692197084
INFO:root:LOSS train' 0.007824210692197084, 17052
INFO:root:Epoch: 104 - LOSS train: 0.007824210692197084 LOSS val: 0.0200667604804039 - Elapsed time: 115.80408501625061 s
INFO:root:  batch 100 loss: 0.007762818615883588
INFO:root:LOSS train' 0.007762818615883588, 17215
INFO:root:Epoch: 105 - LOSS train: 0.007762818615883588 LOSS val: 0.02008740045130253 - Elapsed time: 115.73860716819763 s
INFO:root:  batch 100 loss: 0.007653540349565446
INFO:root:LOSS train' 0.007653540349565446, 17378
INFO:root:Epoch: 106 - LOSS train: 0.007653540349565446 LOSS val: 0.020076123997569084 - Elapsed time: 115.79905414581299 s
INFO:root:  batch 100 loss: 0.007590796654112637
INFO:root:LOSS train' 0.007590796654112637, 17541
INFO:root:Epoch: 107 - LOSS train: 0.007590796654112637 LOSS val: 0.020020153373479843 - Elapsed time: 115.72843384742737 s
INFO:root:  batch 100 loss: 0.007576422523707152
INFO:root:LOSS train' 0.007576422523707152, 17704
INFO:root:Epoch: 108 - LOSS train: 0.007576422523707152 LOSS val: 0.019993487745523453 - Elapsed time: 115.79093718528748 s
INFO:root:  batch 100 loss: 0.007466239514760673
INFO:root:LOSS train' 0.007466239514760673, 17867
INFO:root:Epoch: 109 - LOSS train: 0.007466239514760673 LOSS val: 0.019961422309279442 - Elapsed time: 115.6396815776825 s
INFO:root:  batch 100 loss: 0.007409281674772501
INFO:root:LOSS train' 0.007409281674772501, 18030
INFO:root:Epoch: 110 - LOSS train: 0.007409281674772501 LOSS val: 0.019987061619758606 - Elapsed time: 115.9281497001648 s
INFO:root:  batch 100 loss: 0.007396589429117739
INFO:root:LOSS train' 0.007396589429117739, 18193
INFO:root:Epoch: 111 - LOSS train: 0.007396589429117739 LOSS val: 0.019956322386860847 - Elapsed time: 115.72562909126282 s
INFO:root:  batch 100 loss: 0.00733431322965771
INFO:root:LOSS train' 0.00733431322965771, 18356
INFO:root:Epoch: 112 - LOSS train: 0.00733431322965771 LOSS val: 0.01990547403693199 - Elapsed time: 115.79281902313232 s
INFO:root:  batch 100 loss: 0.0072712854994460945
INFO:root:LOSS train' 0.0072712854994460945, 18519
INFO:root:Epoch: 113 - LOSS train: 0.0072712854994460945 LOSS val: 0.019937243312597275 - Elapsed time: 115.60980200767517 s
INFO:root:  batch 100 loss: 0.00723303668666631
INFO:root:LOSS train' 0.00723303668666631, 18682
INFO:root:Epoch: 114 - LOSS train: 0.00723303668666631 LOSS val: 0.019987283274531364 - Elapsed time: 115.86551403999329 s
INFO:root:  batch 100 loss: 0.007272636336274445
INFO:root:LOSS train' 0.007272636336274445, 18845
INFO:root:Epoch: 115 - LOSS train: 0.007272636336274445 LOSS val: 0.019907748326659203 - Elapsed time: 115.72457671165466 s
INFO:root:  batch 100 loss: 0.007126012700609863
INFO:root:LOSS train' 0.007126012700609863, 19008
INFO:root:Epoch: 116 - LOSS train: 0.007126012700609863 LOSS val: 0.019909167662262917 - Elapsed time: 115.63858914375305 s
INFO:root:  batch 100 loss: 0.007032911670394242
INFO:root:LOSS train' 0.007032911670394242, 19171
INFO:root:Epoch: 117 - LOSS train: 0.007032911670394242 LOSS val: 0.019839633256196976 - Elapsed time: 115.74505686759949 s
INFO:root:  batch 100 loss: 0.006961767990142107
INFO:root:LOSS train' 0.006961767990142107, 19334
INFO:root:Epoch: 118 - LOSS train: 0.006961767990142107 LOSS val: 0.01979954168200493 - Elapsed time: 115.69851613044739 s
INFO:root:  batch 100 loss: 0.006929505034349859
INFO:root:LOSS train' 0.006929505034349859, 19497
INFO:root:Epoch: 119 - LOSS train: 0.006929505034349859 LOSS val: 0.0199049673974514 - Elapsed time: 115.6411406993866 s
INFO:root:  batch 100 loss: 0.006961282836273313
INFO:root:LOSS train' 0.006961282836273313, 19660
INFO:root:Epoch: 120 - LOSS train: 0.006961282836273313 LOSS val: 0.019782183691859245 - Elapsed time: 115.79075264930725 s
INFO:root:  batch 100 loss: 0.006897420813329518
INFO:root:LOSS train' 0.006897420813329518, 19823
INFO:root:Epoch: 121 - LOSS train: 0.006897420813329518 LOSS val: 0.019814804196357727 - Elapsed time: 115.78953862190247 s
INFO:root:  batch 100 loss: 0.006845214273780585
INFO:root:LOSS train' 0.006845214273780585, 19986
INFO:root:Epoch: 122 - LOSS train: 0.006845214273780585 LOSS val: 0.01994781196117401 - Elapsed time: 115.68890237808228 s
INFO:root:  batch 100 loss: 0.006818443788215518
INFO:root:LOSS train' 0.006818443788215518, 20149
INFO:root:Epoch: 123 - LOSS train: 0.006818443788215518 LOSS val: 0.0198234710842371 - Elapsed time: 115.76342391967773 s
INFO:root:  batch 100 loss: 0.006758678592741489
INFO:root:LOSS train' 0.006758678592741489, 20312
INFO:root:Epoch: 124 - LOSS train: 0.006758678592741489 LOSS val: 0.019774876534938812 - Elapsed time: 115.80669069290161 s
INFO:root:  batch 100 loss: 0.006726742736063897
INFO:root:LOSS train' 0.006726742736063897, 20475
INFO:root:Epoch: 125 - LOSS train: 0.006726742736063897 LOSS val: 0.019773438572883606 - Elapsed time: 115.55914974212646 s
INFO:root:  batch 100 loss: 0.006725893216207623
INFO:root:LOSS train' 0.006725893216207623, 20638
INFO:root:Epoch: 126 - LOSS train: 0.006725893216207623 LOSS val: 0.019836485385894775 - Elapsed time: 115.66837477684021 s
INFO:root:  batch 100 loss: 0.006635835729539395
INFO:root:LOSS train' 0.006635835729539395, 20801
INFO:root:Epoch: 127 - LOSS train: 0.006635835729539395 LOSS val: 0.019700320437550545 - Elapsed time: 115.6753032207489 s
INFO:root:  batch 100 loss: 0.006547193503938615
INFO:root:LOSS train' 0.006547193503938615, 20964
INFO:root:Epoch: 128 - LOSS train: 0.006547193503938615 LOSS val: 0.019738512113690376 - Elapsed time: 115.79012727737427 s
INFO:root:  batch 100 loss: 0.006523498389869928
INFO:root:LOSS train' 0.006523498389869928, 21127
INFO:root:Epoch: 129 - LOSS train: 0.006523498389869928 LOSS val: 0.01975521817803383 - Elapsed time: 115.56583023071289 s
INFO:root:  batch 100 loss: 0.006474607712589204
INFO:root:LOSS train' 0.006474607712589204, 21290
INFO:root:Epoch: 130 - LOSS train: 0.006474607712589204 LOSS val: 0.019634941592812538 - Elapsed time: 115.67161083221436 s
INFO:root:  batch 100 loss: 0.0063978586439043285
INFO:root:LOSS train' 0.0063978586439043285, 21453
INFO:root:Epoch: 131 - LOSS train: 0.0063978586439043285 LOSS val: 0.01972394995391369 - Elapsed time: 115.57619547843933 s
INFO:root:  batch 100 loss: 0.006539822444319725
INFO:root:LOSS train' 0.006539822444319725, 21616
INFO:root:Epoch: 132 - LOSS train: 0.006539822444319725 LOSS val: 0.019735051319003105 - Elapsed time: 115.82706379890442 s
INFO:root:  batch 100 loss: 0.006340447487309575
INFO:root:LOSS train' 0.006340447487309575, 21779
INFO:root:Epoch: 133 - LOSS train: 0.006340447487309575 LOSS val: 0.01974768005311489 - Elapsed time: 115.57542991638184 s
INFO:root:  batch 100 loss: 0.0063149452209472655
INFO:root:LOSS train' 0.0063149452209472655, 21942
INFO:root:Epoch: 134 - LOSS train: 0.0063149452209472655 LOSS val: 0.019756169989705086 - Elapsed time: 115.80663084983826 s
INFO:root:  batch 100 loss: 0.006301491460762918
INFO:root:LOSS train' 0.006301491460762918, 22105
INFO:root:Epoch: 135 - LOSS train: 0.006301491460762918 LOSS val: 0.020028289407491684 - Elapsed time: 115.61023545265198 s
INFO:root:  batch 100 loss: 0.0062891562609002
INFO:root:LOSS train' 0.0062891562609002, 22268
INFO:root:Epoch: 136 - LOSS train: 0.0062891562609002 LOSS val: 0.01972401700913906 - Elapsed time: 115.91533374786377 s
INFO:root:  batch 100 loss: 0.00621955401264131
INFO:root:LOSS train' 0.00621955401264131, 22431
INFO:root:Epoch: 137 - LOSS train: 0.00621955401264131 LOSS val: 0.01973315328359604 - Elapsed time: 115.71929907798767 s
INFO:root:  batch 100 loss: 0.006193862962536514
INFO:root:LOSS train' 0.006193862962536514, 22594
INFO:root:Epoch: 138 - LOSS train: 0.006193862962536514 LOSS val: 0.01965051330626011 - Elapsed time: 115.91066527366638 s
INFO:root:  batch 100 loss: 0.006120224348269403
INFO:root:LOSS train' 0.006120224348269403, 22757
INFO:root:Epoch: 139 - LOSS train: 0.006120224348269403 LOSS val: 0.019779328256845474 - Elapsed time: 115.72923851013184 s
INFO:root:  batch 100 loss: 0.006130770854651928
INFO:root:LOSS train' 0.006130770854651928, 22920
INFO:root:Epoch: 140 - LOSS train: 0.006130770854651928 LOSS val: 0.019666379317641258 - Elapsed time: 115.86561465263367 s
INFO:root:  batch 100 loss: 0.006085241315886379
INFO:root:LOSS train' 0.006085241315886379, 23083
INFO:root:Epoch: 141 - LOSS train: 0.006085241315886379 LOSS val: 0.01964736357331276 - Elapsed time: 115.86303877830505 s
INFO:root:  batch 100 loss: 0.006066001718863845
INFO:root:LOSS train' 0.006066001718863845, 23246
INFO:root:Epoch: 142 - LOSS train: 0.006066001718863845 LOSS val: 0.019888151437044144 - Elapsed time: 115.8393485546112 s
INFO:root:  batch 100 loss: 0.006065378459170461
INFO:root:LOSS train' 0.006065378459170461, 23409
INFO:root:Epoch: 143 - LOSS train: 0.006065378459170461 LOSS val: 0.019616158679127693 - Elapsed time: 115.74473166465759 s
INFO:root:  batch 100 loss: 0.005945999165996909
INFO:root:LOSS train' 0.005945999165996909, 23572
INFO:root:Epoch: 144 - LOSS train: 0.005945999165996909 LOSS val: 0.019594792276620865 - Elapsed time: 115.74224901199341 s
INFO:root:  batch 100 loss: 0.005944823753088713
INFO:root:LOSS train' 0.005944823753088713, 23735
INFO:root:Epoch: 145 - LOSS train: 0.005944823753088713 LOSS val: 0.019578907638788223 - Elapsed time: 115.75693011283875 s
INFO:root:  batch 100 loss: 0.005959611046127975
INFO:root:LOSS train' 0.005959611046127975, 23898
INFO:root:Epoch: 146 - LOSS train: 0.005959611046127975 LOSS val: 0.019626332446932793 - Elapsed time: 115.91389513015747 s
INFO:root:  batch 100 loss: 0.005896928533911705
INFO:root:LOSS train' 0.005896928533911705, 24061
INFO:root:Epoch: 147 - LOSS train: 0.005896928533911705 LOSS val: 0.019596785306930542 - Elapsed time: 115.74588775634766 s
INFO:root:  batch 100 loss: 0.005833816700614989
INFO:root:LOSS train' 0.005833816700614989, 24224
INFO:root:Epoch: 148 - LOSS train: 0.005833816700614989 LOSS val: 0.019583990797400475 - Elapsed time: 115.73430585861206 s
INFO:root:  batch 100 loss: 0.005762916579842567
INFO:root:LOSS train' 0.005762916579842567, 24387
INFO:root:Epoch: 149 - LOSS train: 0.005762916579842567 LOSS val: 0.019592884927988052 - Elapsed time: 115.71183919906616 s
INFO:root:  batch 100 loss: 0.005798468934372068
INFO:root:LOSS train' 0.005798468934372068, 24550
INFO:root:Epoch: 150 - LOSS train: 0.005798468934372068 LOSS val: 0.01959305815398693 - Elapsed time: 115.92423701286316 s
INFO:root:  batch 100 loss: 0.005728251715190709
INFO:root:LOSS train' 0.005728251715190709, 24713
INFO:root:Epoch: 151 - LOSS train: 0.005728251715190709 LOSS val: 0.020012252032756805 - Elapsed time: 115.57113766670227 s
INFO:root:  batch 100 loss: 0.005802141958847642
INFO:root:LOSS train' 0.005802141958847642, 24876
INFO:root:Epoch: 152 - LOSS train: 0.005802141958847642 LOSS val: 0.019573118537664413 - Elapsed time: 115.73803305625916 s
INFO:root:  batch 100 loss: 0.005667017619125545
INFO:root:LOSS train' 0.005667017619125545, 25039
INFO:root:Epoch: 153 - LOSS train: 0.005667017619125545 LOSS val: 0.019599778577685356 - Elapsed time: 115.82269787788391 s
INFO:root:  batch 100 loss: 0.005645693428814411
INFO:root:LOSS train' 0.005645693428814411, 25202
INFO:root:Epoch: 154 - LOSS train: 0.005645693428814411 LOSS val: 0.019932134076952934 - Elapsed time: 115.79090356826782 s
INFO:root:  batch 100 loss: 0.005684843515045941
INFO:root:LOSS train' 0.005684843515045941, 25365
INFO:root:Epoch: 155 - LOSS train: 0.005684843515045941 LOSS val: 0.019562188535928726 - Elapsed time: 115.66361427307129 s
INFO:root:  batch 100 loss: 0.005566375888884067
INFO:root:LOSS train' 0.005566375888884067, 25528
INFO:root:Epoch: 156 - LOSS train: 0.005566375888884067 LOSS val: 0.019622500985860825 - Elapsed time: 115.73347592353821 s
INFO:root:  batch 100 loss: 0.005587377562187612
INFO:root:LOSS train' 0.005587377562187612, 25691
INFO:root:Epoch: 157 - LOSS train: 0.005587377562187612 LOSS val: 0.019541000947356224 - Elapsed time: 115.76714158058167 s
INFO:root:  batch 100 loss: 0.0055205210251733665
INFO:root:LOSS train' 0.0055205210251733665, 25854
INFO:root:Epoch: 158 - LOSS train: 0.0055205210251733665 LOSS val: 0.01951313577592373 - Elapsed time: 115.91239261627197 s
INFO:root:  batch 100 loss: 0.005520230275578797
INFO:root:LOSS train' 0.005520230275578797, 26017
INFO:root:Epoch: 159 - LOSS train: 0.005520230275578797 LOSS val: 0.01957566663622856 - Elapsed time: 115.66299605369568 s
INFO:root:  batch 100 loss: 0.0054544001212343575
INFO:root:LOSS train' 0.0054544001212343575, 26180
INFO:root:Epoch: 160 - LOSS train: 0.0054544001212343575 LOSS val: 0.01955322176218033 - Elapsed time: 115.71686816215515 s
INFO:root:  batch 100 loss: 0.005496034338138997
INFO:root:LOSS train' 0.005496034338138997, 26343
INFO:root:Epoch: 161 - LOSS train: 0.005496034338138997 LOSS val: 0.01965438574552536 - Elapsed time: 115.5755021572113 s
INFO:root:  batch 100 loss: 0.005453784335404634
INFO:root:LOSS train' 0.005453784335404634, 26506
INFO:root:Epoch: 162 - LOSS train: 0.005453784335404634 LOSS val: 0.019595269113779068 - Elapsed time: 115.78358960151672 s
INFO:root:  batch 100 loss: 0.005452935365028679
INFO:root:LOSS train' 0.005452935365028679, 26669
INFO:root:Epoch: 163 - LOSS train: 0.005452935365028679 LOSS val: 0.019516510888934135 - Elapsed time: 115.55950117111206 s
INFO:root:  batch 100 loss: 0.005344074475578964
INFO:root:LOSS train' 0.005344074475578964, 26832
INFO:root:Epoch: 164 - LOSS train: 0.005344074475578964 LOSS val: 0.019512778148055077 - Elapsed time: 115.7979736328125 s
INFO:root:  batch 100 loss: 0.005340972431004048
INFO:root:LOSS train' 0.005340972431004048, 26995
INFO:root:Epoch: 165 - LOSS train: 0.005340972431004048 LOSS val: 0.019584311172366142 - Elapsed time: 115.71403217315674 s
INFO:root:  batch 100 loss: 0.005367852537892759
INFO:root:LOSS train' 0.005367852537892759, 27158
INFO:root:Epoch: 166 - LOSS train: 0.005367852537892759 LOSS val: 0.019667092710733414 - Elapsed time: 115.80751156806946 s
INFO:root:  batch 100 loss: 0.005340311070904135
INFO:root:LOSS train' 0.005340311070904135, 27321
INFO:root:Epoch: 167 - LOSS train: 0.005340311070904135 LOSS val: 0.019609598442912102 - Elapsed time: 115.56710195541382 s
INFO:root:  batch 100 loss: 0.005297508961521089
INFO:root:LOSS train' 0.005297508961521089, 27484
INFO:root:Epoch: 168 - LOSS train: 0.005297508961521089 LOSS val: 0.019514715299010277 - Elapsed time: 115.6611716747284 s
INFO:root:  batch 100 loss: 0.005234562568366527
INFO:root:LOSS train' 0.005234562568366527, 27647
INFO:root:Epoch: 169 - LOSS train: 0.005234562568366527 LOSS val: 0.01967337355017662 - Elapsed time: 115.71830677986145 s
INFO:root:  batch 100 loss: 0.005262471567839384
INFO:root:LOSS train' 0.005262471567839384, 27810
INFO:root:Epoch: 170 - LOSS train: 0.005262471567839384 LOSS val: 0.019507313147187233 - Elapsed time: 115.80212211608887 s
INFO:root:  batch 100 loss: 0.005192327438853681
INFO:root:LOSS train' 0.005192327438853681, 27973
INFO:root:Epoch: 171 - LOSS train: 0.005192327438853681 LOSS val: 0.01950201578438282 - Elapsed time: 115.56318378448486 s
INFO:root:  batch 100 loss: 0.005153704606927931
INFO:root:LOSS train' 0.005153704606927931, 28136
INFO:root:Epoch: 172 - LOSS train: 0.005153704606927931 LOSS val: 0.01954357698559761 - Elapsed time: 115.85171818733215 s
INFO:root:  batch 100 loss: 0.005168272596783936
INFO:root:LOSS train' 0.005168272596783936, 28299
INFO:root:Epoch: 173 - LOSS train: 0.005168272596783936 LOSS val: 0.019689513370394707 - Elapsed time: 115.72211289405823 s
INFO:root:  batch 100 loss: 0.005187464780174195
INFO:root:LOSS train' 0.005187464780174195, 28462
INFO:root:Epoch: 174 - LOSS train: 0.005187464780174195 LOSS val: 0.01952970400452614 - Elapsed time: 115.84631252288818 s
INFO:root:  batch 100 loss: 0.005225808094255626
INFO:root:LOSS train' 0.005225808094255626, 28625
INFO:root:Epoch: 175 - LOSS train: 0.005225808094255626 LOSS val: 0.019456740468740463 - Elapsed time: 115.74392199516296 s
INFO:root:  batch 100 loss: 0.00504360593855381
INFO:root:LOSS train' 0.00504360593855381, 28788
INFO:root:Epoch: 176 - LOSS train: 0.00504360593855381 LOSS val: 0.019428914412856102 - Elapsed time: 115.67252397537231 s
INFO:root:  batch 100 loss: 0.0050425755279138685
INFO:root:LOSS train' 0.0050425755279138685, 28951
INFO:root:Epoch: 177 - LOSS train: 0.0050425755279138685 LOSS val: 0.019437724724411964 - Elapsed time: 115.56484889984131 s
INFO:root:  batch 100 loss: 0.005029948242008686
INFO:root:LOSS train' 0.005029948242008686, 29114
INFO:root:Epoch: 178 - LOSS train: 0.005029948242008686 LOSS val: 0.019621772691607475 - Elapsed time: 115.65267515182495 s
INFO:root:  batch 100 loss: 0.0050848741270601745
INFO:root:LOSS train' 0.0050848741270601745, 29277
INFO:root:Epoch: 179 - LOSS train: 0.0050848741270601745 LOSS val: 0.019639775156974792 - Elapsed time: 115.65940594673157 s
INFO:root:  batch 100 loss: 0.005034997831098735
INFO:root:LOSS train' 0.005034997831098735, 29440
INFO:root:Epoch: 180 - LOSS train: 0.005034997831098735 LOSS val: 0.019489295780658722 - Elapsed time: 115.74432826042175 s
INFO:root:  batch 100 loss: 0.00497930655721575
INFO:root:LOSS train' 0.00497930655721575, 29603
INFO:root:Epoch: 181 - LOSS train: 0.00497930655721575 LOSS val: 0.019508425146341324 - Elapsed time: 115.71728038787842 s
INFO:root:  batch 100 loss: 0.004931564885191619
INFO:root:LOSS train' 0.004931564885191619, 29766
INFO:root:Epoch: 182 - LOSS train: 0.004931564885191619 LOSS val: 0.01943259872496128 - Elapsed time: 115.7887032032013 s
INFO:root:  batch 100 loss: 0.00488579326774925
INFO:root:LOSS train' 0.00488579326774925, 29929
INFO:root:Epoch: 183 - LOSS train: 0.00488579326774925 LOSS val: 0.01957457698881626 - Elapsed time: 115.84559559822083 s
INFO:root:  batch 100 loss: 0.00499758921097964
INFO:root:LOSS train' 0.00499758921097964, 30092
INFO:root:Epoch: 184 - LOSS train: 0.00499758921097964 LOSS val: 0.01945495791733265 - Elapsed time: 115.72373604774475 s
INFO:root:  batch 100 loss: 0.004814164121635258
INFO:root:LOSS train' 0.004814164121635258, 30255
INFO:root:Epoch: 185 - LOSS train: 0.004814164121635258 LOSS val: 0.019481215626001358 - Elapsed time: 115.73027038574219 s
INFO:root:  batch 100 loss: 0.004869683040305972
INFO:root:LOSS train' 0.004869683040305972, 30418
INFO:root:Epoch: 186 - LOSS train: 0.004869683040305972 LOSS val: 0.019513631239533424 - Elapsed time: 115.67647981643677 s
INFO:root:  batch 100 loss: 0.004906078083440662
INFO:root:LOSS train' 0.004906078083440662, 30581
INFO:root:Epoch: 187 - LOSS train: 0.004906078083440662 LOSS val: 0.01950368471443653 - Elapsed time: 115.56862282752991 s
INFO:root:  batch 100 loss: 0.004832987557165325
INFO:root:LOSS train' 0.004832987557165325, 30744
INFO:root:Epoch: 188 - LOSS train: 0.004832987557165325 LOSS val: 0.019496148452162743 - Elapsed time: 115.92323756217957 s
INFO:root:  batch 100 loss: 0.004860125589184463
INFO:root:LOSS train' 0.004860125589184463, 30907
INFO:root:Epoch: 189 - LOSS train: 0.004860125589184463 LOSS val: 0.019470131024718285 - Elapsed time: 115.66598224639893 s
INFO:root:  batch 100 loss: 0.0047745804628357294
INFO:root:LOSS train' 0.0047745804628357294, 31070
INFO:root:Epoch: 190 - LOSS train: 0.0047745804628357294 LOSS val: 0.019498594105243683 - Elapsed time: 115.76942682266235 s
INFO:root:  batch 100 loss: 0.004728839956223965
INFO:root:LOSS train' 0.004728839956223965, 31233
INFO:root:Epoch: 191 - LOSS train: 0.004728839956223965 LOSS val: 0.019534775987267494 - Elapsed time: 115.73585605621338 s
INFO:root:  batch 100 loss: 0.0047408799873664975
INFO:root:LOSS train' 0.0047408799873664975, 31396
INFO:root:Epoch: 192 - LOSS train: 0.0047408799873664975 LOSS val: 0.019469425082206726 - Elapsed time: 115.7321949005127 s
INFO:root:  batch 100 loss: 0.0047772950027138
INFO:root:LOSS train' 0.0047772950027138, 31559
INFO:root:Epoch: 193 - LOSS train: 0.0047772950027138 LOSS val: 0.019448932260274887 - Elapsed time: 115.7344708442688 s
INFO:root:  batch 100 loss: 0.004735949831083417
INFO:root:LOSS train' 0.004735949831083417, 31722
INFO:root:Epoch: 194 - LOSS train: 0.004735949831083417 LOSS val: 0.019548460841178894 - Elapsed time: 115.72796964645386 s
INFO:root:  batch 100 loss: 0.004700009375810623
INFO:root:LOSS train' 0.004700009375810623, 31885
INFO:root:Epoch: 195 - LOSS train: 0.004700009375810623 LOSS val: 0.019478458911180496 - Elapsed time: 115.66443610191345 s
INFO:root:  batch 100 loss: 0.00468940467108041
INFO:root:LOSS train' 0.00468940467108041, 32048
INFO:root:Epoch: 196 - LOSS train: 0.00468940467108041 LOSS val: 0.019465459510684013 - Elapsed time: 115.82519149780273 s
INFO:root:  batch 100 loss: 0.004607747900299728
INFO:root:LOSS train' 0.004607747900299728, 32211
INFO:root:Epoch: 197 - LOSS train: 0.004607747900299728 LOSS val: 0.01947374828159809 - Elapsed time: 115.74418306350708 s
INFO:root:  batch 100 loss: 0.004620971735566855
INFO:root:LOSS train' 0.004620971735566855, 32374
INFO:root:Epoch: 198 - LOSS train: 0.004620971735566855 LOSS val: 0.019521839916706085 - Elapsed time: 115.75586152076721 s
INFO:root:  batch 100 loss: 0.004672128288075328
INFO:root:LOSS train' 0.004672128288075328, 32537
INFO:root:Epoch: 199 - LOSS train: 0.004672128288075328 LOSS val: 0.01946987397968769 - Elapsed time: 115.67954754829407 s
INFO:root:*************
INFO:root:             
INFO:root:Starting to test....
INFO:root:             
INFO:root:OneStep loss: 0.019576406106352806
INFO:root:Scalar loss: 0.029264269396662712
INFO:root:Vector loss: 0.014732472598552704
INFO:root:             
INFO:root:Done.
