INFO:root:*************
INFO:root:             
INFO:root:model chosen: CR
INFO:root:multivector activation function?: 3
INFO:root:training trajectories: 5200
INFO:root:training epochs: 200
INFO:root:training batchsize: 16
INFO:root:learning rate: 0.0001
INFO:root:seed: 333
INFO:root:patience: 15
INFO:root:training dataset path: datasets/trainingdataviscous/
INFO:root:test dataset path: datasets/testdataviscous/
INFO:root:             
INFO:root:*************
INFO:root:Using device: cuda
INFO:root:[[[1.6940998  1.5566934  1.3046039  1.0440726 ]
  [1.6066581  1.3995012  1.342347   1.233624  ]
  [1.4666691  1.3354036  1.3883016  1.2737162 ]
  [1.4122795  1.3854291  1.4587754  1.339578  ]]

 [[1.6459564  1.3450366  1.0299298  0.77708894]
  [1.6489182  1.5250436  1.3721011  1.2203181 ]
  [1.4844782  1.3996952  1.3643513  1.3251002 ]
  [1.3969231  1.3963239  1.4048748  1.4067723 ]]]
INFO:root:****
INFO:root:[[[1.6940998  1.5566934  1.3046039  1.0440726 ]
  [1.6066581  1.3995012  1.342347   1.233624  ]
  [1.4666691  1.3354036  1.3883016  1.2737162 ]
  [1.4122795  1.3854291  1.4587754  1.339578  ]]

 [[1.6459564  1.3450366  1.0299298  0.77708894]
  [1.6489182  1.5250436  1.3721011  1.2203181 ]
  [1.4844782  1.3996952  1.3643513  1.3251002 ]
  [1.3969231  1.3963239  1.4048748  1.4067723 ]]]
INFO:root:Train input shape: torch.Size([5200, 2, 128, 128, 3])
INFO:root:Train labels shape: torch.Size([5200, 1, 128, 128, 3])
INFO:root:                   
INFO:root:Val input shape: torch.Size([4680, 2, 128, 128, 3])
INFO:root:Val labels shape: torch.Size([4680, 1, 128, 128, 3])
INFO:root:*************
INFO:root:             
INFO:root:Starting to train....
INFO:root:  batch 100 loss: 0.22573474392294884
INFO:root:LOSS train' 0.22573474392294884, 100
INFO:root:  batch 200 loss: 0.15306793227791787
INFO:root:LOSS train' 0.15306793227791787, 200
INFO:root:  batch 300 loss: 0.13294787719845771
INFO:root:LOSS train' 0.13294787719845771, 300
INFO:root:Epoch: 0 - LOSS train: 0.13294787719845771 LOSS val: 0.12237568199634552 - Elapsed time: 156.04762625694275 s
INFO:root:  batch 100 loss: 0.1210719671100378
INFO:root:LOSS train' 0.1210719671100378, 425
INFO:root:  batch 200 loss: 0.11479110017418862
INFO:root:LOSS train' 0.11479110017418862, 525
INFO:root:  batch 300 loss: 0.10340561643242836
INFO:root:LOSS train' 0.10340561643242836, 625
INFO:root:Epoch: 1 - LOSS train: 0.10340561643242836 LOSS val: 0.09135469049215317 - Elapsed time: 154.8769359588623 s
INFO:root:  batch 100 loss: 0.09209227412939072
INFO:root:LOSS train' 0.09209227412939072, 750
INFO:root:  batch 200 loss: 0.08407433323562145
INFO:root:LOSS train' 0.08407433323562145, 850
INFO:root:  batch 300 loss: 0.08094743557274342
INFO:root:LOSS train' 0.08094743557274342, 950
INFO:root:Epoch: 2 - LOSS train: 0.08094743557274342 LOSS val: 0.07240987569093704 - Elapsed time: 155.10811972618103 s
INFO:root:  batch 100 loss: 0.07681336253881454
INFO:root:LOSS train' 0.07681336253881454, 1075
INFO:root:  batch 200 loss: 0.0727565037086606
INFO:root:LOSS train' 0.0727565037086606, 1175
INFO:root:  batch 300 loss: 0.06726690843701362
INFO:root:LOSS train' 0.06726690843701362, 1275
INFO:root:Epoch: 3 - LOSS train: 0.06726690843701362 LOSS val: 0.07212325930595398 - Elapsed time: 155.17434573173523 s
INFO:root:  batch 100 loss: 0.07235532686114311
INFO:root:LOSS train' 0.07235532686114311, 1400
INFO:root:  batch 200 loss: 0.06462640110403299
INFO:root:LOSS train' 0.06462640110403299, 1500
INFO:root:  batch 300 loss: 0.059224014021456245
INFO:root:LOSS train' 0.059224014021456245, 1600
INFO:root:Epoch: 4 - LOSS train: 0.059224014021456245 LOSS val: 0.06406466662883759 - Elapsed time: 155.03807830810547 s
INFO:root:  batch 100 loss: 0.05791978552937507
INFO:root:LOSS train' 0.05791978552937507, 1725
INFO:root:  batch 200 loss: 0.05456530921161175
INFO:root:LOSS train' 0.05456530921161175, 1825
INFO:root:  batch 300 loss: 0.056204040609300135
INFO:root:LOSS train' 0.056204040609300135, 1925
INFO:root:Epoch: 5 - LOSS train: 0.056204040609300135 LOSS val: 0.051811642944812775 - Elapsed time: 155.09039449691772 s
INFO:root:  batch 100 loss: 0.05183724392205477
INFO:root:LOSS train' 0.05183724392205477, 2050
INFO:root:  batch 200 loss: 0.057667542174458505
INFO:root:LOSS train' 0.057667542174458505, 2150
INFO:root:  batch 300 loss: 0.04918266255408525
INFO:root:LOSS train' 0.04918266255408525, 2250
INFO:root:Epoch: 6 - LOSS train: 0.04918266255408525 LOSS val: 0.04600417986512184 - Elapsed time: 155.18497562408447 s
INFO:root:  batch 100 loss: 0.047529384605586526
INFO:root:LOSS train' 0.047529384605586526, 2375
INFO:root:  batch 200 loss: 0.04763409487903118
INFO:root:LOSS train' 0.04763409487903118, 2475
INFO:root:  batch 300 loss: 0.04664309721440077
INFO:root:LOSS train' 0.04664309721440077, 2575
INFO:root:Epoch: 7 - LOSS train: 0.04664309721440077 LOSS val: 0.04183667153120041 - Elapsed time: 155.10127902030945 s
INFO:root:  batch 100 loss: 0.04404463902115822
INFO:root:LOSS train' 0.04404463902115822, 2700
INFO:root:  batch 200 loss: 0.043453831523656845
INFO:root:LOSS train' 0.043453831523656845, 2800
INFO:root:  batch 300 loss: 0.04210936732590199
INFO:root:LOSS train' 0.04210936732590199, 2900
INFO:root:Epoch: 8 - LOSS train: 0.04210936732590199 LOSS val: 0.04246676713228226 - Elapsed time: 154.8516652584076 s
INFO:root:  batch 100 loss: 0.040740123130381105
INFO:root:LOSS train' 0.040740123130381105, 3025
INFO:root:  batch 200 loss: 0.040546943247318265
INFO:root:LOSS train' 0.040546943247318265, 3125
INFO:root:  batch 300 loss: 0.041907018683850765
INFO:root:LOSS train' 0.041907018683850765, 3225
INFO:root:Epoch: 9 - LOSS train: 0.041907018683850765 LOSS val: 0.09841491281986237 - Elapsed time: 155.07246017456055 s
INFO:root:  batch 100 loss: 0.0596026387065649
INFO:root:LOSS train' 0.0596026387065649, 3350
INFO:root:  batch 200 loss: 0.041567060723900796
INFO:root:LOSS train' 0.041567060723900796, 3450
INFO:root:  batch 300 loss: 0.0401732038334012
INFO:root:LOSS train' 0.0401732038334012, 3550
INFO:root:Epoch: 10 - LOSS train: 0.0401732038334012 LOSS val: 0.03694190829992294 - Elapsed time: 154.9440634250641 s
INFO:root:  batch 100 loss: 0.0381736009195447
INFO:root:LOSS train' 0.0381736009195447, 3675
INFO:root:  batch 200 loss: 0.03715579580515623
INFO:root:LOSS train' 0.03715579580515623, 3775
INFO:root:  batch 300 loss: 0.03774911992251873
INFO:root:LOSS train' 0.03774911992251873, 3875
INFO:root:Epoch: 11 - LOSS train: 0.03774911992251873 LOSS val: 0.03532988205552101 - Elapsed time: 154.99642157554626 s
INFO:root:  batch 100 loss: 0.03834488505497575
INFO:root:LOSS train' 0.03834488505497575, 4000
INFO:root:  batch 200 loss: 0.03571097610518336
INFO:root:LOSS train' 0.03571097610518336, 4100
INFO:root:  batch 300 loss: 0.03528519339859486
INFO:root:LOSS train' 0.03528519339859486, 4200
INFO:root:Epoch: 12 - LOSS train: 0.03528519339859486 LOSS val: 0.033385906368494034 - Elapsed time: 154.8638355731964 s
INFO:root:  batch 100 loss: 0.03433944208547473
INFO:root:LOSS train' 0.03433944208547473, 4325
INFO:root:  batch 200 loss: 0.03434565933421254
INFO:root:LOSS train' 0.03434565933421254, 4425
INFO:root:  batch 300 loss: 0.03787159740924835
INFO:root:LOSS train' 0.03787159740924835, 4525
INFO:root:Epoch: 13 - LOSS train: 0.03787159740924835 LOSS val: 0.041168004274368286 - Elapsed time: 154.95180773735046 s
INFO:root:  batch 100 loss: 0.033793675787746905
INFO:root:LOSS train' 0.033793675787746905, 4650
INFO:root:  batch 200 loss: 0.032443966139107945
INFO:root:LOSS train' 0.032443966139107945, 4750
INFO:root:  batch 300 loss: 0.03184689139947295
INFO:root:LOSS train' 0.03184689139947295, 4850
INFO:root:Epoch: 14 - LOSS train: 0.03184689139947295 LOSS val: 0.031717922538518906 - Elapsed time: 154.98776292800903 s
INFO:root:  batch 100 loss: 0.03284682298079133
INFO:root:LOSS train' 0.03284682298079133, 4975
INFO:root:  batch 200 loss: 0.030968812573701144
INFO:root:LOSS train' 0.030968812573701144, 5075
INFO:root:  batch 300 loss: 0.030404605083167554
INFO:root:LOSS train' 0.030404605083167554, 5175
INFO:root:Epoch: 15 - LOSS train: 0.030404605083167554 LOSS val: 0.07595952600240707 - Elapsed time: 154.67567133903503 s
INFO:root:  batch 100 loss: 0.04730977989733219
INFO:root:LOSS train' 0.04730977989733219, 5300
INFO:root:  batch 200 loss: 0.03390843229368329
INFO:root:LOSS train' 0.03390843229368329, 5400
INFO:root:  batch 300 loss: 0.03299160642549395
INFO:root:LOSS train' 0.03299160642549395, 5500
INFO:root:Epoch: 16 - LOSS train: 0.03299160642549395 LOSS val: 0.03126233443617821 - Elapsed time: 155.01134824752808 s
INFO:root:  batch 100 loss: 0.030039133429527284
INFO:root:LOSS train' 0.030039133429527284, 5625
INFO:root:  batch 200 loss: 0.03201810976490378
INFO:root:LOSS train' 0.03201810976490378, 5725
INFO:root:  batch 300 loss: 0.029417823757976292
INFO:root:LOSS train' 0.029417823757976292, 5825
INFO:root:Epoch: 17 - LOSS train: 0.029417823757976292 LOSS val: 0.028084447607398033 - Elapsed time: 154.9705011844635 s
INFO:root:  batch 100 loss: 0.02916090065613389
INFO:root:LOSS train' 0.02916090065613389, 5950
INFO:root:  batch 200 loss: 0.02870484836399555
INFO:root:LOSS train' 0.02870484836399555, 6050
INFO:root:  batch 300 loss: 0.028896683398634194
INFO:root:LOSS train' 0.028896683398634194, 6150
INFO:root:Epoch: 18 - LOSS train: 0.028896683398634194 LOSS val: 0.027724754065275192 - Elapsed time: 154.87342810630798 s
INFO:root:  batch 100 loss: 0.02834459513425827
INFO:root:LOSS train' 0.02834459513425827, 6275
INFO:root:  batch 200 loss: 0.028089950792491436
INFO:root:LOSS train' 0.028089950792491436, 6375
INFO:root:  batch 300 loss: 0.028713934626430272
INFO:root:LOSS train' 0.028713934626430272, 6475
INFO:root:Epoch: 19 - LOSS train: 0.028713934626430272 LOSS val: 0.026284165680408478 - Elapsed time: 154.80725359916687 s
INFO:root:  batch 100 loss: 0.026709955018013716
INFO:root:LOSS train' 0.026709955018013716, 6600
INFO:root:  batch 200 loss: 0.026853159125894307
INFO:root:LOSS train' 0.026853159125894307, 6700
INFO:root:  batch 300 loss: 0.02618999969214201
INFO:root:LOSS train' 0.02618999969214201, 6800
INFO:root:Epoch: 20 - LOSS train: 0.02618999969214201 LOSS val: 0.025309842079877853 - Elapsed time: 154.88544034957886 s
INFO:root:  batch 100 loss: 0.037096804808825254
INFO:root:LOSS train' 0.037096804808825254, 6925
INFO:root:  batch 200 loss: 0.028350338973104953
INFO:root:LOSS train' 0.028350338973104953, 7025
INFO:root:  batch 300 loss: 0.026405159384012222
INFO:root:LOSS train' 0.026405159384012222, 7125
INFO:root:Epoch: 21 - LOSS train: 0.026405159384012222 LOSS val: 0.02582058124244213 - Elapsed time: 154.6571488380432 s
INFO:root:  batch 100 loss: 0.02536314733326435
INFO:root:LOSS train' 0.02536314733326435, 7250
INFO:root:  batch 200 loss: 0.02523042172193527
INFO:root:LOSS train' 0.02523042172193527, 7350
INFO:root:  batch 300 loss: 0.02595965962857008
INFO:root:LOSS train' 0.02595965962857008, 7450
INFO:root:Epoch: 22 - LOSS train: 0.02595965962857008 LOSS val: 0.024359241127967834 - Elapsed time: 154.71675872802734 s
INFO:root:  batch 100 loss: 0.02507538000121713
INFO:root:LOSS train' 0.02507538000121713, 7575
INFO:root:  batch 200 loss: 0.02426110090687871
INFO:root:LOSS train' 0.02426110090687871, 7675
INFO:root:  batch 300 loss: 0.02587154358625412
INFO:root:LOSS train' 0.02587154358625412, 7775
INFO:root:Epoch: 23 - LOSS train: 0.02587154358625412 LOSS val: 0.024109547957777977 - Elapsed time: 155.12951064109802 s
INFO:root:  batch 100 loss: 0.03199052780866623
INFO:root:LOSS train' 0.03199052780866623, 7900
INFO:root:  batch 200 loss: 0.026253505200147628
INFO:root:LOSS train' 0.026253505200147628, 8000
INFO:root:  batch 300 loss: 0.024678575210273265
INFO:root:LOSS train' 0.024678575210273265, 8100
INFO:root:Epoch: 24 - LOSS train: 0.024678575210273265 LOSS val: 0.0244115199893713 - Elapsed time: 154.8604371547699 s
INFO:root:  batch 100 loss: 0.03226261030882597
INFO:root:LOSS train' 0.03226261030882597, 8225
INFO:root:  batch 200 loss: 0.02515759941190481
INFO:root:LOSS train' 0.02515759941190481, 8325
INFO:root:  batch 300 loss: 0.023690152950584888
INFO:root:LOSS train' 0.023690152950584888, 8425
INFO:root:Epoch: 25 - LOSS train: 0.023690152950584888 LOSS val: 0.023758335039019585 - Elapsed time: 154.87861609458923 s
INFO:root:  batch 100 loss: 0.02499344393610954
INFO:root:LOSS train' 0.02499344393610954, 8550
INFO:root:  batch 200 loss: 0.02360390152782202
INFO:root:LOSS train' 0.02360390152782202, 8650
INFO:root:  batch 300 loss: 0.022930142767727375
INFO:root:LOSS train' 0.022930142767727375, 8750
INFO:root:Epoch: 26 - LOSS train: 0.022930142767727375 LOSS val: 0.0253448449075222 - Elapsed time: 154.89042687416077 s
INFO:root:  batch 100 loss: 0.02299536867067218
INFO:root:LOSS train' 0.02299536867067218, 8875
INFO:root:  batch 200 loss: 0.022030021641403438
INFO:root:LOSS train' 0.022030021641403438, 8975
INFO:root:  batch 300 loss: 0.02237174991518259
INFO:root:LOSS train' 0.02237174991518259, 9075
INFO:root:Epoch: 27 - LOSS train: 0.02237174991518259 LOSS val: 0.02366599813103676 - Elapsed time: 154.90406489372253 s
INFO:root:  batch 100 loss: 0.02271050976589322
INFO:root:LOSS train' 0.02271050976589322, 9200
INFO:root:  batch 200 loss: 0.022085945904254913
INFO:root:LOSS train' 0.022085945904254913, 9300
INFO:root:  batch 300 loss: 0.026278537660837174
INFO:root:LOSS train' 0.026278537660837174, 9400
INFO:root:Epoch: 28 - LOSS train: 0.026278537660837174 LOSS val: 0.02088337019085884 - Elapsed time: 154.73504304885864 s
INFO:root:  batch 100 loss: 0.02174966463819146
INFO:root:LOSS train' 0.02174966463819146, 9525
INFO:root:  batch 200 loss: 0.021763255298137666
INFO:root:LOSS train' 0.021763255298137666, 9625
INFO:root:  batch 300 loss: 0.02864411173388362
INFO:root:LOSS train' 0.02864411173388362, 9725
INFO:root:Epoch: 29 - LOSS train: 0.02864411173388362 LOSS val: 0.021624218672513962 - Elapsed time: 155.03601598739624 s
INFO:root:  batch 100 loss: 0.021546440944075585
INFO:root:LOSS train' 0.021546440944075585, 9850
INFO:root:  batch 200 loss: 0.02339161893352866
INFO:root:LOSS train' 0.02339161893352866, 9950
INFO:root:  batch 300 loss: 0.021018090918660165
INFO:root:LOSS train' 0.021018090918660165, 10050
INFO:root:Epoch: 30 - LOSS train: 0.021018090918660165 LOSS val: 0.020758656784892082 - Elapsed time: 154.68436908721924 s
INFO:root:  batch 100 loss: 0.020929633248597382
INFO:root:LOSS train' 0.020929633248597382, 10175
INFO:root:  batch 200 loss: 0.020813982374966143
INFO:root:LOSS train' 0.020813982374966143, 10275
INFO:root:  batch 300 loss: 0.020680608954280616
INFO:root:LOSS train' 0.020680608954280616, 10375
INFO:root:Epoch: 31 - LOSS train: 0.020680608954280616 LOSS val: 0.020895203575491905 - Elapsed time: 154.760737657547 s
INFO:root:  batch 100 loss: 0.020105986930429934
INFO:root:LOSS train' 0.020105986930429934, 10500
INFO:root:  batch 200 loss: 0.028335440661758183
INFO:root:LOSS train' 0.028335440661758183, 10600
INFO:root:  batch 300 loss: 0.023470979519188404
INFO:root:LOSS train' 0.023470979519188404, 10700
INFO:root:Epoch: 32 - LOSS train: 0.023470979519188404 LOSS val: 0.020563233643770218 - Elapsed time: 154.74581742286682 s
INFO:root:  batch 100 loss: 0.020228497311472894
INFO:root:LOSS train' 0.020228497311472894, 10825
INFO:root:  batch 200 loss: 0.02024758802726865
INFO:root:LOSS train' 0.02024758802726865, 10925
INFO:root:  batch 300 loss: 0.020406607296317814
INFO:root:LOSS train' 0.020406607296317814, 11025
INFO:root:Epoch: 33 - LOSS train: 0.020406607296317814 LOSS val: 0.02249450795352459 - Elapsed time: 154.92073845863342 s
INFO:root:  batch 100 loss: 0.01975082166492939
INFO:root:LOSS train' 0.01975082166492939, 11150
INFO:root:  batch 200 loss: 0.019794255122542383
INFO:root:LOSS train' 0.019794255122542383, 11250
INFO:root:  batch 300 loss: 0.020331218261271714
INFO:root:LOSS train' 0.020331218261271714, 11350
INFO:root:Epoch: 34 - LOSS train: 0.020331218261271714 LOSS val: 0.02000589109957218 - Elapsed time: 154.65461587905884 s
INFO:root:  batch 100 loss: 0.03505215683951974
INFO:root:LOSS train' 0.03505215683951974, 11475
INFO:root:  batch 200 loss: 0.03333279192447662
INFO:root:LOSS train' 0.03333279192447662, 11575
INFO:root:  batch 300 loss: 0.025277029983699323
INFO:root:LOSS train' 0.025277029983699323, 11675
INFO:root:Epoch: 35 - LOSS train: 0.025277029983699323 LOSS val: 0.021375691518187523 - Elapsed time: 154.87055087089539 s
INFO:root:  batch 100 loss: 0.02092863479629159
INFO:root:LOSS train' 0.02092863479629159, 11800
INFO:root:  batch 200 loss: 0.020722244419157505
INFO:root:LOSS train' 0.020722244419157505, 11900
INFO:root:  batch 300 loss: 0.01941465850919485
INFO:root:LOSS train' 0.01941465850919485, 12000
INFO:root:Epoch: 36 - LOSS train: 0.01941465850919485 LOSS val: 0.020697105675935745 - Elapsed time: 154.85806941986084 s
INFO:root:  batch 100 loss: 0.01960144305601716
INFO:root:LOSS train' 0.01960144305601716, 12125
INFO:root:  batch 200 loss: 0.04767749108374119
INFO:root:LOSS train' 0.04767749108374119, 12225
INFO:root:  batch 300 loss: 0.02524858994409442
INFO:root:LOSS train' 0.02524858994409442, 12325
INFO:root:Epoch: 37 - LOSS train: 0.02524858994409442 LOSS val: 0.029010571539402008 - Elapsed time: 154.68072843551636 s
INFO:root:  batch 100 loss: 0.022860996574163437
INFO:root:LOSS train' 0.022860996574163437, 12450
INFO:root:  batch 200 loss: 0.02211745671927929
INFO:root:LOSS train' 0.02211745671927929, 12550
INFO:root:  batch 300 loss: 0.021650620680302383
INFO:root:LOSS train' 0.021650620680302383, 12650
INFO:root:Epoch: 38 - LOSS train: 0.021650620680302383 LOSS val: 0.019680632278323174 - Elapsed time: 154.71138906478882 s
INFO:root:  batch 100 loss: 0.01976650644093752
INFO:root:LOSS train' 0.01976650644093752, 12775
INFO:root:  batch 200 loss: 0.021340646594762803
INFO:root:LOSS train' 0.021340646594762803, 12875
INFO:root:  batch 300 loss: 0.01890250178053975
INFO:root:LOSS train' 0.01890250178053975, 12975
INFO:root:Epoch: 39 - LOSS train: 0.01890250178053975 LOSS val: 0.01883787289261818 - Elapsed time: 154.65520644187927 s
INFO:root:  batch 100 loss: 0.018765717279165983
INFO:root:LOSS train' 0.018765717279165983, 13100
INFO:root:  batch 200 loss: 0.02178120544180274
INFO:root:LOSS train' 0.02178120544180274, 13200
INFO:root:  batch 300 loss: 0.018382606338709594
INFO:root:LOSS train' 0.018382606338709594, 13300
INFO:root:Epoch: 40 - LOSS train: 0.018382606338709594 LOSS val: 0.018733184784650803 - Elapsed time: 154.9164581298828 s
INFO:root:  batch 100 loss: 0.01828884707763791
INFO:root:LOSS train' 0.01828884707763791, 13425
INFO:root:  batch 200 loss: 0.018325101146474482
INFO:root:LOSS train' 0.018325101146474482, 13525
INFO:root:  batch 300 loss: 0.01778250123374164
INFO:root:LOSS train' 0.01778250123374164, 13625
INFO:root:Epoch: 41 - LOSS train: 0.01778250123374164 LOSS val: 0.017954356968402863 - Elapsed time: 154.7889370918274 s
INFO:root:  batch 100 loss: 0.01816192309372127
INFO:root:LOSS train' 0.01816192309372127, 13750
INFO:root:  batch 200 loss: 0.017673461977392436
INFO:root:LOSS train' 0.017673461977392436, 13850
INFO:root:  batch 300 loss: 0.01783991393633187
INFO:root:LOSS train' 0.01783991393633187, 13950
INFO:root:Epoch: 42 - LOSS train: 0.01783991393633187 LOSS val: 0.017215749248862267 - Elapsed time: 154.74806594848633 s
INFO:root:  batch 100 loss: 0.018040006440132858
INFO:root:LOSS train' 0.018040006440132858, 14075
INFO:root:  batch 200 loss: 0.01708839219994843
INFO:root:LOSS train' 0.01708839219994843, 14175
INFO:root:  batch 300 loss: 0.017567610796540976
INFO:root:LOSS train' 0.017567610796540976, 14275
INFO:root:Epoch: 43 - LOSS train: 0.017567610796540976 LOSS val: 0.017050471156835556 - Elapsed time: 154.880113363266 s
INFO:root:  batch 100 loss: 0.018229354387149215
INFO:root:LOSS train' 0.018229354387149215, 14400
INFO:root:  batch 200 loss: 0.018063297970220448
INFO:root:LOSS train' 0.018063297970220448, 14500
INFO:root:  batch 300 loss: 0.016948172776028513
INFO:root:LOSS train' 0.016948172776028513, 14600
INFO:root:Epoch: 44 - LOSS train: 0.016948172776028513 LOSS val: 0.017469026148319244 - Elapsed time: 155.17375922203064 s
INFO:root:  batch 100 loss: 0.017101249964907764
INFO:root:LOSS train' 0.017101249964907764, 14725
INFO:root:  batch 200 loss: 0.017185970563441514
INFO:root:LOSS train' 0.017185970563441514, 14825
INFO:root:  batch 300 loss: 0.017965287463739515
INFO:root:LOSS train' 0.017965287463739515, 14925
INFO:root:Epoch: 45 - LOSS train: 0.017965287463739515 LOSS val: 0.017869817093014717 - Elapsed time: 154.96353483200073 s
INFO:root:*************
INFO:root:             
INFO:root:Starting to test....
INFO:root:             
INFO:root:OneStep loss: 0.01724671944975853
INFO:root:Scalar loss: 0.023140769451856613
INFO:root:Vector loss: 0.014299692586064339
INFO:root:             
INFO:root:Done.
