INFO:root:*************
INFO:root:             
INFO:root:model chosen: CR
INFO:root:multivector activation function?: 0
INFO:root:training trajectories: 10400
INFO:root:training epochs: 200
INFO:root:training batchsize: 16
INFO:root:learning rate: 0.0001
INFO:root:seed: 28996
INFO:root:patience: 15
INFO:root:training dataset path: datasets/trainingdataviscous/
INFO:root:test dataset path: datasets/testdataviscous/
INFO:root:             
INFO:root:*************
INFO:root:Using device: cuda
INFO:root:[[[1.6940998  1.5566934  1.3046039  1.0440726 ]
  [1.6066581  1.3995012  1.342347   1.233624  ]
  [1.4666691  1.3354036  1.3883016  1.2737162 ]
  [1.4122795  1.3854291  1.4587754  1.339578  ]]

 [[1.6459564  1.3450366  1.0299298  0.77708894]
  [1.6489182  1.5250436  1.3721011  1.2203181 ]
  [1.4844782  1.3996952  1.3643513  1.3251002 ]
  [1.3969231  1.3963239  1.4048748  1.4067723 ]]]
INFO:root:****
INFO:root:[[[1.6940998  1.5566934  1.3046039  1.0440726 ]
  [1.6066581  1.3995012  1.342347   1.233624  ]
  [1.4666691  1.3354036  1.3883016  1.2737162 ]
  [1.4122795  1.3854291  1.4587754  1.339578  ]]

 [[1.6459564  1.3450366  1.0299298  0.77708894]
  [1.6489182  1.5250436  1.3721011  1.2203181 ]
  [1.4844782  1.3996952  1.3643513  1.3251002 ]
  [1.3969231  1.3963239  1.4048748  1.4067723 ]]]
INFO:root:Train input shape: torch.Size([10400, 2, 128, 128, 3])
INFO:root:Train labels shape: torch.Size([10400, 1, 128, 128, 3])
INFO:root:                   
INFO:root:Val input shape: torch.Size([4680, 2, 128, 128, 3])
INFO:root:Val labels shape: torch.Size([4680, 1, 128, 128, 3])
INFO:root:*************
INFO:root:             
INFO:root:Starting to train....
INFO:root:  batch 100 loss: 0.2251323901116848
INFO:root:LOSS train' 0.2251323901116848, 100
INFO:root:  batch 200 loss: 0.15150460928678514
INFO:root:LOSS train' 0.15150460928678514, 200
INFO:root:  batch 300 loss: 0.13236830934882163
INFO:root:LOSS train' 0.13236830934882163, 300
INFO:root:  batch 400 loss: 0.11588434226810933
INFO:root:LOSS train' 0.11588434226810933, 400
INFO:root:  batch 500 loss: 0.10889782324433327
INFO:root:LOSS train' 0.10889782324433327, 500
INFO:root:  batch 600 loss: 0.10075728602707386
INFO:root:LOSS train' 0.10075728602707386, 600
INFO:root:Epoch: 0 - LOSS train: 0.10075728602707386 LOSS val: 0.10597394406795502 - Elapsed time: 254.3023362159729 s
INFO:root:  batch 100 loss: 0.08952452220022679
INFO:root:LOSS train' 0.08952452220022679, 750
INFO:root:  batch 200 loss: 0.08881666384637356
INFO:root:LOSS train' 0.08881666384637356, 850
INFO:root:  batch 300 loss: 0.07894007995724678
INFO:root:LOSS train' 0.07894007995724678, 950
INFO:root:  batch 400 loss: 0.0828190129250288
INFO:root:LOSS train' 0.0828190129250288, 1050
INFO:root:  batch 500 loss: 0.0723765642940998
INFO:root:LOSS train' 0.0723765642940998, 1150
INFO:root:  batch 600 loss: 0.06886845894157886
INFO:root:LOSS train' 0.06886845894157886, 1250
INFO:root:Epoch: 1 - LOSS train: 0.06886845894157886 LOSS val: 0.06307460367679596 - Elapsed time: 253.33225274085999 s
INFO:root:  batch 100 loss: 0.06485653899610043
INFO:root:LOSS train' 0.06485653899610043, 1400
INFO:root:  batch 200 loss: 0.06113663751631975
INFO:root:LOSS train' 0.06113663751631975, 1500
INFO:root:  batch 300 loss: 0.06909920129925012
INFO:root:LOSS train' 0.06909920129925012, 1600
INFO:root:  batch 400 loss: 0.058724789060652254
INFO:root:LOSS train' 0.058724789060652254, 1700
INFO:root:  batch 500 loss: 0.05590789955109358
INFO:root:LOSS train' 0.05590789955109358, 1800
INFO:root:  batch 600 loss: 0.052832977771759035
INFO:root:LOSS train' 0.052832977771759035, 1900
INFO:root:Epoch: 2 - LOSS train: 0.052832977771759035 LOSS val: 0.057771652936935425 - Elapsed time: 253.89574027061462 s
INFO:root:  batch 100 loss: 0.05183672472834587
INFO:root:LOSS train' 0.05183672472834587, 2050
INFO:root:  batch 200 loss: 0.050476443842053416
INFO:root:LOSS train' 0.050476443842053416, 2150
INFO:root:  batch 300 loss: 0.050056005716323855
INFO:root:LOSS train' 0.050056005716323855, 2250
INFO:root:  batch 400 loss: 0.0527435826510191
INFO:root:LOSS train' 0.0527435826510191, 2350
INFO:root:  batch 500 loss: 0.04684734661132097
INFO:root:LOSS train' 0.04684734661132097, 2450
INFO:root:  batch 600 loss: 0.046903443560004233
INFO:root:LOSS train' 0.046903443560004233, 2550
INFO:root:Epoch: 3 - LOSS train: 0.046903443560004233 LOSS val: 0.044457051903009415 - Elapsed time: 253.47043085098267 s
INFO:root:  batch 100 loss: 0.04555204164236784
INFO:root:LOSS train' 0.04555204164236784, 2700
INFO:root:  batch 200 loss: 0.04266151499003172
INFO:root:LOSS train' 0.04266151499003172, 2800
INFO:root:  batch 300 loss: 0.04210421591997147
INFO:root:LOSS train' 0.04210421591997147, 2900
INFO:root:  batch 400 loss: 0.041212164498865604
INFO:root:LOSS train' 0.041212164498865604, 3000
INFO:root:  batch 500 loss: 0.041015052497386933
INFO:root:LOSS train' 0.041015052497386933, 3100
INFO:root:  batch 600 loss: 0.04109724897891283
INFO:root:LOSS train' 0.04109724897891283, 3200
INFO:root:Epoch: 4 - LOSS train: 0.04109724897891283 LOSS val: 0.03670357167720795 - Elapsed time: 253.5152723789215 s
INFO:root:  batch 100 loss: 0.05566661920398474
INFO:root:LOSS train' 0.05566661920398474, 3350
INFO:root:  batch 200 loss: 0.04830382268875837
INFO:root:LOSS train' 0.04830382268875837, 3450
INFO:root:  batch 300 loss: 0.03968651283532381
INFO:root:LOSS train' 0.03968651283532381, 3550
INFO:root:  batch 400 loss: 0.03731297355145216
INFO:root:LOSS train' 0.03731297355145216, 3650
INFO:root:  batch 500 loss: 0.04923758879303932
INFO:root:LOSS train' 0.04923758879303932, 3750
INFO:root:  batch 600 loss: 0.0424766619130969
INFO:root:LOSS train' 0.0424766619130969, 3850
INFO:root:Epoch: 5 - LOSS train: 0.0424766619130969 LOSS val: 0.035148702561855316 - Elapsed time: 253.71778202056885 s
INFO:root:  batch 100 loss: 0.0354012300260365
INFO:root:LOSS train' 0.0354012300260365, 4000
INFO:root:  batch 200 loss: 0.03465349603444338
INFO:root:LOSS train' 0.03465349603444338, 4100
INFO:root:  batch 300 loss: 0.03420503243803978
INFO:root:LOSS train' 0.03420503243803978, 4200
INFO:root:  batch 400 loss: 0.033189633656293155
INFO:root:LOSS train' 0.033189633656293155, 4300
INFO:root:  batch 500 loss: 0.037716716788709165
INFO:root:LOSS train' 0.037716716788709165, 4400
INFO:root:  batch 600 loss: 0.03308133143931627
INFO:root:LOSS train' 0.03308133143931627, 4500
INFO:root:Epoch: 6 - LOSS train: 0.03308133143931627 LOSS val: 0.03282829746603966 - Elapsed time: 253.50733733177185 s
INFO:root:  batch 100 loss: 0.033000254482030866
INFO:root:LOSS train' 0.033000254482030866, 4650
INFO:root:  batch 200 loss: 0.031432054564356805
INFO:root:LOSS train' 0.031432054564356805, 4750
INFO:root:  batch 300 loss: 0.033186659328639505
INFO:root:LOSS train' 0.033186659328639505, 4850
INFO:root:  batch 400 loss: 0.031302133668214084
INFO:root:LOSS train' 0.031302133668214084, 4950
INFO:root:  batch 500 loss: 0.03006855722516775
INFO:root:LOSS train' 0.03006855722516775, 5050
INFO:root:  batch 600 loss: 0.030220710840076208
INFO:root:LOSS train' 0.030220710840076208, 5150
INFO:root:Epoch: 7 - LOSS train: 0.030220710840076208 LOSS val: 0.030201923102140427 - Elapsed time: 253.7461199760437 s
INFO:root:  batch 100 loss: 0.03130083862692118
INFO:root:LOSS train' 0.03130083862692118, 5300
INFO:root:  batch 200 loss: 0.030095470156520605
INFO:root:LOSS train' 0.030095470156520605, 5400
INFO:root:  batch 300 loss: 0.05220813309773803
INFO:root:LOSS train' 0.05220813309773803, 5500
INFO:root:  batch 400 loss: 0.0467364727333188
INFO:root:LOSS train' 0.0467364727333188, 5600
INFO:root:  batch 500 loss: 0.03371577048674226
INFO:root:LOSS train' 0.03371577048674226, 5700
INFO:root:  batch 600 loss: 0.030892182197421788
INFO:root:LOSS train' 0.030892182197421788, 5800
INFO:root:Epoch: 8 - LOSS train: 0.030892182197421788 LOSS val: 0.03447285294532776 - Elapsed time: 253.80995440483093 s
INFO:root:  batch 100 loss: 0.02929387068375945
INFO:root:LOSS train' 0.02929387068375945, 5950
INFO:root:  batch 200 loss: 0.029278129152953625
INFO:root:LOSS train' 0.029278129152953625, 6050
INFO:root:  batch 300 loss: 0.029737666808068754
INFO:root:LOSS train' 0.029737666808068754, 6150
INFO:root:  batch 400 loss: 0.02810382479801774
INFO:root:LOSS train' 0.02810382479801774, 6250
INFO:root:  batch 500 loss: 0.028074167389422654
INFO:root:LOSS train' 0.028074167389422654, 6350
INFO:root:  batch 600 loss: 0.02665868842974305
INFO:root:LOSS train' 0.02665868842974305, 6450
INFO:root:Epoch: 9 - LOSS train: 0.02665868842974305 LOSS val: 0.02640330046415329 - Elapsed time: 254.0750789642334 s
INFO:root:  batch 100 loss: 0.029598441757261753
INFO:root:LOSS train' 0.029598441757261753, 6600
INFO:root:  batch 200 loss: 0.03517438789829612
INFO:root:LOSS train' 0.03517438789829612, 6700
INFO:root:  batch 300 loss: 0.03789080448448658
INFO:root:LOSS train' 0.03789080448448658, 6800
INFO:root:  batch 400 loss: 0.02897067980840802
INFO:root:LOSS train' 0.02897067980840802, 6900
INFO:root:  batch 500 loss: 0.0270566532574594
INFO:root:LOSS train' 0.0270566532574594, 7000
INFO:root:  batch 600 loss: 0.026095789577811956
INFO:root:LOSS train' 0.026095789577811956, 7100
INFO:root:Epoch: 10 - LOSS train: 0.026095789577811956 LOSS val: 0.02518550120294094 - Elapsed time: 253.69868731498718 s
INFO:root:  batch 100 loss: 0.025697856768965723
INFO:root:LOSS train' 0.025697856768965723, 7250
INFO:root:  batch 200 loss: 0.025220381487160923
INFO:root:LOSS train' 0.025220381487160923, 7350
INFO:root:  batch 300 loss: 0.025121068730950356
INFO:root:LOSS train' 0.025121068730950356, 7450
INFO:root:  batch 400 loss: 0.024602637011557817
INFO:root:LOSS train' 0.024602637011557817, 7550
INFO:root:  batch 500 loss: 0.02516773736104369
INFO:root:LOSS train' 0.02516773736104369, 7650
INFO:root:  batch 600 loss: 0.02703171331435442
INFO:root:LOSS train' 0.02703171331435442, 7750
INFO:root:Epoch: 11 - LOSS train: 0.02703171331435442 LOSS val: 0.02422259747982025 - Elapsed time: 253.33710312843323 s
INFO:root:  batch 100 loss: 0.02381811762228608
INFO:root:LOSS train' 0.02381811762228608, 7900
INFO:root:  batch 200 loss: 0.024339152853935956
INFO:root:LOSS train' 0.024339152853935956, 8000
INFO:root:  batch 300 loss: 0.025371696744114162
INFO:root:LOSS train' 0.025371696744114162, 8100
INFO:root:  batch 400 loss: 0.02409596947953105
INFO:root:LOSS train' 0.02409596947953105, 8200
INFO:root:  batch 500 loss: 0.02400858398526907
INFO:root:LOSS train' 0.02400858398526907, 8300
INFO:root:  batch 600 loss: 0.023396152555942535
INFO:root:LOSS train' 0.023396152555942535, 8400
INFO:root:Epoch: 12 - LOSS train: 0.023396152555942535 LOSS val: 0.02787555567920208 - Elapsed time: 253.6259479522705 s
INFO:root:  batch 100 loss: 0.023698567282408475
INFO:root:LOSS train' 0.023698567282408475, 8550
INFO:root:  batch 200 loss: 0.022864997778087856
INFO:root:LOSS train' 0.022864997778087856, 8650
INFO:root:  batch 300 loss: 0.024430793914943932
INFO:root:LOSS train' 0.024430793914943932, 8750
INFO:root:  batch 400 loss: 0.02476081943139434
INFO:root:LOSS train' 0.02476081943139434, 8850
INFO:root:  batch 500 loss: 0.022201350163668393
INFO:root:LOSS train' 0.022201350163668393, 8950
INFO:root:  batch 600 loss: 0.02267979919910431
INFO:root:LOSS train' 0.02267979919910431, 9050
INFO:root:Epoch: 13 - LOSS train: 0.02267979919910431 LOSS val: 0.022525234147906303 - Elapsed time: 253.32253551483154 s
INFO:root:  batch 100 loss: 0.0222623785212636
INFO:root:LOSS train' 0.0222623785212636, 9200
INFO:root:  batch 200 loss: 0.02257243875414133
INFO:root:LOSS train' 0.02257243875414133, 9300
INFO:root:  batch 300 loss: 0.02296179061755538
INFO:root:LOSS train' 0.02296179061755538, 9400
INFO:root:  batch 400 loss: 0.021450492516160012
INFO:root:LOSS train' 0.021450492516160012, 9500
INFO:root:  batch 500 loss: 0.025224113520234823
INFO:root:LOSS train' 0.025224113520234823, 9600
INFO:root:  batch 600 loss: 0.021312915943562983
INFO:root:LOSS train' 0.021312915943562983, 9700
INFO:root:Epoch: 14 - LOSS train: 0.021312915943562983 LOSS val: 0.020431814715266228 - Elapsed time: 252.99201202392578 s
INFO:root:  batch 100 loss: 0.02275173069909215
INFO:root:LOSS train' 0.02275173069909215, 9850
INFO:root:  batch 200 loss: 0.02116455778479576
INFO:root:LOSS train' 0.02116455778479576, 9950
INFO:root:  batch 300 loss: 0.021184525284916163
INFO:root:LOSS train' 0.021184525284916163, 10050
INFO:root:  batch 400 loss: 0.021854416150599718
INFO:root:LOSS train' 0.021854416150599718, 10150
INFO:root:  batch 500 loss: 0.021048065274953842
INFO:root:LOSS train' 0.021048065274953842, 10250
INFO:root:  batch 600 loss: 0.02270122019574046
INFO:root:LOSS train' 0.02270122019574046, 10350
INFO:root:Epoch: 15 - LOSS train: 0.02270122019574046 LOSS val: 0.020339597016572952 - Elapsed time: 253.08489203453064 s
INFO:root:  batch 100 loss: 0.020334645844995974
INFO:root:LOSS train' 0.020334645844995974, 10500
INFO:root:  batch 200 loss: 0.0204405065625906
INFO:root:LOSS train' 0.0204405065625906, 10600
INFO:root:  batch 300 loss: 0.020013438053429127
INFO:root:LOSS train' 0.020013438053429127, 10700
INFO:root:  batch 400 loss: 0.02079158302396536
INFO:root:LOSS train' 0.02079158302396536, 10800
INFO:root:  batch 500 loss: 0.020455104410648347
INFO:root:LOSS train' 0.020455104410648347, 10900
INFO:root:  batch 600 loss: 0.02009791212156415
INFO:root:LOSS train' 0.02009791212156415, 11000
INFO:root:Epoch: 16 - LOSS train: 0.02009791212156415 LOSS val: 0.01901528611779213 - Elapsed time: 253.24751162528992 s
INFO:root:  batch 100 loss: 0.0191916574165225
INFO:root:LOSS train' 0.0191916574165225, 11150
INFO:root:  batch 200 loss: 0.02040521051734686
INFO:root:LOSS train' 0.02040521051734686, 11250
INFO:root:  batch 300 loss: 0.019858663100749255
INFO:root:LOSS train' 0.019858663100749255, 11350
INFO:root:  batch 400 loss: 0.02021778214722872
INFO:root:LOSS train' 0.02021778214722872, 11450
INFO:root:  batch 500 loss: 0.019362815134227277
INFO:root:LOSS train' 0.019362815134227277, 11550
INFO:root:  batch 600 loss: 0.019083114713430403
INFO:root:LOSS train' 0.019083114713430403, 11650
INFO:root:Epoch: 17 - LOSS train: 0.019083114713430403 LOSS val: 0.018633095547556877 - Elapsed time: 253.5036642551422 s
INFO:root:  batch 100 loss: 0.018734625540673733
INFO:root:LOSS train' 0.018734625540673733, 11800
INFO:root:  batch 200 loss: 0.018722961209714412
INFO:root:LOSS train' 0.018722961209714412, 11900
INFO:root:  batch 300 loss: 0.019348207004368304
INFO:root:LOSS train' 0.019348207004368304, 12000
INFO:root:  batch 400 loss: 0.01963630497455597
INFO:root:LOSS train' 0.01963630497455597, 12100
INFO:root:  batch 500 loss: 0.01870301361195743
INFO:root:LOSS train' 0.01870301361195743, 12200
INFO:root:  batch 600 loss: 0.018552877493202686
INFO:root:LOSS train' 0.018552877493202686, 12300
INFO:root:Epoch: 18 - LOSS train: 0.018552877493202686 LOSS val: 0.017848294228315353 - Elapsed time: 253.18496751785278 s
INFO:root:  batch 100 loss: 0.01850863326340914
INFO:root:LOSS train' 0.01850863326340914, 12450
INFO:root:  batch 200 loss: 0.025188768673688175
INFO:root:LOSS train' 0.025188768673688175, 12550
INFO:root:  batch 300 loss: 0.018949650041759015
INFO:root:LOSS train' 0.018949650041759015, 12650
INFO:root:  batch 400 loss: 0.018044709023088218
INFO:root:LOSS train' 0.018044709023088218, 12750
INFO:root:  batch 500 loss: 0.01770647594705224
INFO:root:LOSS train' 0.01770647594705224, 12850
INFO:root:  batch 600 loss: 0.01906459912657738
INFO:root:LOSS train' 0.01906459912657738, 12950
INFO:root:Epoch: 19 - LOSS train: 0.01906459912657738 LOSS val: 0.01691475510597229 - Elapsed time: 253.08526515960693 s
INFO:root:  batch 100 loss: 0.017766662454232574
INFO:root:LOSS train' 0.017766662454232574, 13100
INFO:root:  batch 200 loss: 0.01759031814523041
INFO:root:LOSS train' 0.01759031814523041, 13200
INFO:root:  batch 300 loss: 0.018279050290584565
INFO:root:LOSS train' 0.018279050290584565, 13300
INFO:root:  batch 400 loss: 0.017389118261635302
INFO:root:LOSS train' 0.017389118261635302, 13400
INFO:root:  batch 500 loss: 0.01717462670058012
INFO:root:LOSS train' 0.01717462670058012, 13500
INFO:root:  batch 600 loss: 0.01776712159626186
INFO:root:LOSS train' 0.01776712159626186, 13600
INFO:root:Epoch: 20 - LOSS train: 0.01776712159626186 LOSS val: 0.017192795872688293 - Elapsed time: 253.17027115821838 s
INFO:root:  batch 100 loss: 0.018595883147791026
INFO:root:LOSS train' 0.018595883147791026, 13750
INFO:root:  batch 200 loss: 0.02030588610097766
INFO:root:LOSS train' 0.02030588610097766, 13850
INFO:root:  batch 300 loss: 0.01692755180411041
INFO:root:LOSS train' 0.01692755180411041, 13950
INFO:root:  batch 400 loss: 0.017192054847255347
INFO:root:LOSS train' 0.017192054847255347, 14050
INFO:root:  batch 500 loss: 0.01763575936667621
INFO:root:LOSS train' 0.01763575936667621, 14150
INFO:root:  batch 600 loss: 0.01725931704044342
INFO:root:LOSS train' 0.01725931704044342, 14250
INFO:root:Epoch: 21 - LOSS train: 0.01725931704044342 LOSS val: 0.018045511096715927 - Elapsed time: 253.61031818389893 s
INFO:root:  batch 100 loss: 0.016914331698790194
INFO:root:LOSS train' 0.016914331698790194, 14400
INFO:root:  batch 200 loss: 0.016833652732893823
INFO:root:LOSS train' 0.016833652732893823, 14500
INFO:root:  batch 300 loss: 0.032739022262394425
INFO:root:LOSS train' 0.032739022262394425, 14600
INFO:root:  batch 400 loss: 0.01956532650627196
INFO:root:LOSS train' 0.01956532650627196, 14700
INFO:root:  batch 500 loss: 0.01792605930939317
INFO:root:LOSS train' 0.01792605930939317, 14800
INFO:root:  batch 600 loss: 0.017691090079024432
INFO:root:LOSS train' 0.017691090079024432, 14900
INFO:root:Epoch: 22 - LOSS train: 0.017691090079024432 LOSS val: 0.017754897475242615 - Elapsed time: 253.1828215122223 s
INFO:root:  batch 100 loss: 0.016873307591304183
INFO:root:LOSS train' 0.016873307591304183, 15050
INFO:root:  batch 200 loss: 0.01669211545959115
INFO:root:LOSS train' 0.01669211545959115, 15150
INFO:root:  batch 300 loss: 0.01679544129408896
INFO:root:LOSS train' 0.01679544129408896, 15250
INFO:root:  batch 400 loss: 0.017378208488225938
INFO:root:LOSS train' 0.017378208488225938, 15350
INFO:root:  batch 500 loss: 0.017240231204777957
INFO:root:LOSS train' 0.017240231204777957, 15450
INFO:root:  batch 600 loss: 0.016172125171869993
INFO:root:LOSS train' 0.016172125171869993, 15550
INFO:root:Epoch: 23 - LOSS train: 0.016172125171869993 LOSS val: 0.02278774231672287 - Elapsed time: 252.9025480747223 s
INFO:root:  batch 100 loss: 0.01866871896199882
INFO:root:LOSS train' 0.01866871896199882, 15700
INFO:root:  batch 200 loss: 0.016448062537238003
INFO:root:LOSS train' 0.016448062537238003, 15800
INFO:root:  batch 300 loss: 0.016190491933375597
INFO:root:LOSS train' 0.016190491933375597, 15900
INFO:root:  batch 400 loss: 0.016132484776899218
INFO:root:LOSS train' 0.016132484776899218, 16000
INFO:root:  batch 500 loss: 0.015737330010160804
INFO:root:LOSS train' 0.015737330010160804, 16100
INFO:root:  batch 600 loss: 0.01622009295038879
INFO:root:LOSS train' 0.01622009295038879, 16200
INFO:root:Epoch: 24 - LOSS train: 0.01622009295038879 LOSS val: 0.015704123303294182 - Elapsed time: 253.18291330337524 s
INFO:root:  batch 100 loss: 0.016173177342861892
INFO:root:LOSS train' 0.016173177342861892, 16350
INFO:root:  batch 200 loss: 0.016189360450953247
INFO:root:LOSS train' 0.016189360450953247, 16450
INFO:root:  batch 300 loss: 0.01591243748553097
INFO:root:LOSS train' 0.01591243748553097, 16550
INFO:root:  batch 400 loss: 0.015510336551815272
INFO:root:LOSS train' 0.015510336551815272, 16650
INFO:root:  batch 500 loss: 0.015424172719940543
INFO:root:LOSS train' 0.015424172719940543, 16750
INFO:root:  batch 600 loss: 0.015764977727085353
INFO:root:LOSS train' 0.015764977727085353, 16850
INFO:root:Epoch: 25 - LOSS train: 0.015764977727085353 LOSS val: 0.016496567055583 - Elapsed time: 253.50168013572693 s
INFO:root:  batch 100 loss: 0.016505477810278536
INFO:root:LOSS train' 0.016505477810278536, 17000
INFO:root:  batch 200 loss: 0.016429733242839573
INFO:root:LOSS train' 0.016429733242839573, 17100
INFO:root:  batch 300 loss: 0.016898971842601897
INFO:root:LOSS train' 0.016898971842601897, 17200
INFO:root:  batch 400 loss: 0.016809409838169812
INFO:root:LOSS train' 0.016809409838169812, 17300
INFO:root:  batch 500 loss: 0.015648317160084843
INFO:root:LOSS train' 0.015648317160084843, 17400
INFO:root:  batch 600 loss: 0.015491169970482587
INFO:root:LOSS train' 0.015491169970482587, 17500
INFO:root:Epoch: 26 - LOSS train: 0.015491169970482587 LOSS val: 0.015244507230818272 - Elapsed time: 253.12945175170898 s
INFO:root:  batch 100 loss: 0.015064159631729126
INFO:root:LOSS train' 0.015064159631729126, 17650
INFO:root:  batch 200 loss: 0.016649070531129836
INFO:root:LOSS train' 0.016649070531129836, 17750
INFO:root:  batch 300 loss: 0.015417875004932285
INFO:root:LOSS train' 0.015417875004932285, 17850
INFO:root:  batch 400 loss: 0.015032790983095765
INFO:root:LOSS train' 0.015032790983095765, 17950
INFO:root:  batch 500 loss: 0.014651378588750959
INFO:root:LOSS train' 0.014651378588750959, 18050
INFO:root:  batch 600 loss: 0.015182004263624548
INFO:root:LOSS train' 0.015182004263624548, 18150
INFO:root:Epoch: 27 - LOSS train: 0.015182004263624548 LOSS val: 0.01472972147166729 - Elapsed time: 252.9956784248352 s
INFO:root:  batch 100 loss: 0.014664017399773
INFO:root:LOSS train' 0.014664017399773, 18300
INFO:root:  batch 200 loss: 0.014793476741760968
INFO:root:LOSS train' 0.014793476741760968, 18400
INFO:root:  batch 300 loss: 0.027148578576743604
INFO:root:LOSS train' 0.027148578576743604, 18500
INFO:root:  batch 400 loss: 0.024373951237648725
INFO:root:LOSS train' 0.024373951237648725, 18600
INFO:root:  batch 500 loss: 0.017600645115599035
INFO:root:LOSS train' 0.017600645115599035, 18700
INFO:root:  batch 600 loss: 0.02031882886774838
INFO:root:LOSS train' 0.02031882886774838, 18800
INFO:root:Epoch: 28 - LOSS train: 0.02031882886774838 LOSS val: 0.01811760477721691 - Elapsed time: 253.2937457561493 s
INFO:root:  batch 100 loss: 0.017180349472910167
INFO:root:LOSS train' 0.017180349472910167, 18950
INFO:root:  batch 200 loss: 0.015639085285365582
INFO:root:LOSS train' 0.015639085285365582, 19050
INFO:root:  batch 300 loss: 0.015488210674375296
INFO:root:LOSS train' 0.015488210674375296, 19150
INFO:root:  batch 400 loss: 0.01473281922750175
INFO:root:LOSS train' 0.01473281922750175, 19250
INFO:root:  batch 500 loss: 0.015060762846842409
INFO:root:LOSS train' 0.015060762846842409, 19350
INFO:root:  batch 600 loss: 0.014437349932268261
INFO:root:LOSS train' 0.014437349932268261, 19450
INFO:root:Epoch: 29 - LOSS train: 0.014437349932268261 LOSS val: 0.014693203382194042 - Elapsed time: 253.1054494380951 s
INFO:root:  batch 100 loss: 0.014522234024479986
INFO:root:LOSS train' 0.014522234024479986, 19600
INFO:root:  batch 200 loss: 0.014415141744539142
INFO:root:LOSS train' 0.014415141744539142, 19700
INFO:root:  batch 300 loss: 0.014524554088711738
INFO:root:LOSS train' 0.014524554088711738, 19800
INFO:root:  batch 400 loss: 0.015170720750465988
INFO:root:LOSS train' 0.015170720750465988, 19900
INFO:root:  batch 500 loss: 0.014209929965436458
INFO:root:LOSS train' 0.014209929965436458, 20000
INFO:root:  batch 600 loss: 0.014838143214583398
INFO:root:LOSS train' 0.014838143214583398, 20100
INFO:root:Epoch: 30 - LOSS train: 0.014838143214583398 LOSS val: 0.013923633843660355 - Elapsed time: 253.303204536438 s
INFO:root:  batch 100 loss: 0.014173614280298352
INFO:root:LOSS train' 0.014173614280298352, 20250
INFO:root:  batch 200 loss: 0.014388604648411274
INFO:root:LOSS train' 0.014388604648411274, 20350
INFO:root:  batch 300 loss: 0.014219889203086495
INFO:root:LOSS train' 0.014219889203086495, 20450
INFO:root:  batch 400 loss: 0.013830018592998386
INFO:root:LOSS train' 0.013830018592998386, 20550
INFO:root:  batch 500 loss: 0.014064485812559724
INFO:root:LOSS train' 0.014064485812559724, 20650
INFO:root:  batch 600 loss: 0.014257035022601484
INFO:root:LOSS train' 0.014257035022601484, 20750
INFO:root:Epoch: 31 - LOSS train: 0.014257035022601484 LOSS val: 0.01384502463042736 - Elapsed time: 253.24303793907166 s
INFO:root:  batch 100 loss: 0.013608135990798473
INFO:root:LOSS train' 0.013608135990798473, 20900
INFO:root:  batch 200 loss: 0.018732768828049303
INFO:root:LOSS train' 0.018732768828049303, 21000
INFO:root:  batch 300 loss: 0.014809253579005598
INFO:root:LOSS train' 0.014809253579005598, 21100
INFO:root:  batch 400 loss: 0.014680327596142888
INFO:root:LOSS train' 0.014680327596142888, 21200
INFO:root:  batch 500 loss: 0.013875069059431554
INFO:root:LOSS train' 0.013875069059431554, 21300
INFO:root:  batch 600 loss: 0.01412628686055541
INFO:root:LOSS train' 0.01412628686055541, 21400
INFO:root:Epoch: 32 - LOSS train: 0.01412628686055541 LOSS val: 0.013541062362492085 - Elapsed time: 253.37668895721436 s
INFO:root:  batch 100 loss: 0.013672842159867287
INFO:root:LOSS train' 0.013672842159867287, 21550
INFO:root:  batch 200 loss: 0.01366913976147771
INFO:root:LOSS train' 0.01366913976147771, 21650
INFO:root:  batch 300 loss: 0.013849522508680821
INFO:root:LOSS train' 0.013849522508680821, 21750
INFO:root:  batch 400 loss: 0.013726602969691158
INFO:root:LOSS train' 0.013726602969691158, 21850
INFO:root:  batch 500 loss: 0.013886408284306526
INFO:root:LOSS train' 0.013886408284306526, 21950
INFO:root:  batch 600 loss: 0.02318216332234442
INFO:root:LOSS train' 0.02318216332234442, 22050
INFO:root:Epoch: 33 - LOSS train: 0.02318216332234442 LOSS val: 0.019530588760972023 - Elapsed time: 253.451162815094 s
INFO:root:  batch 100 loss: 0.016635872730985282
INFO:root:LOSS train' 0.016635872730985282, 22200
INFO:root:  batch 200 loss: 0.014814442442730068
INFO:root:LOSS train' 0.014814442442730068, 22300
INFO:root:  batch 300 loss: 0.013891532374545932
INFO:root:LOSS train' 0.013891532374545932, 22400
INFO:root:  batch 400 loss: 0.013973192693665624
INFO:root:LOSS train' 0.013973192693665624, 22500
INFO:root:  batch 500 loss: 0.013619596436619759
INFO:root:LOSS train' 0.013619596436619759, 22600
INFO:root:  batch 600 loss: 0.013438780093565583
INFO:root:LOSS train' 0.013438780093565583, 22700
INFO:root:Epoch: 34 - LOSS train: 0.013438780093565583 LOSS val: 0.013042313978075981 - Elapsed time: 253.0192005634308 s
INFO:root:  batch 100 loss: 0.013342312294989825
INFO:root:LOSS train' 0.013342312294989825, 22850
INFO:root:  batch 200 loss: 0.013650439083576202
INFO:root:LOSS train' 0.013650439083576202, 22950
INFO:root:  batch 300 loss: 0.013256913693621754
INFO:root:LOSS train' 0.013256913693621754, 23050
INFO:root:  batch 400 loss: 0.013292620722204447
INFO:root:LOSS train' 0.013292620722204447, 23150
INFO:root:  batch 500 loss: 0.01392300682142377
INFO:root:LOSS train' 0.01392300682142377, 23250
INFO:root:  batch 600 loss: 0.013162330696359277
INFO:root:LOSS train' 0.013162330696359277, 23350
INFO:root:Epoch: 35 - LOSS train: 0.013162330696359277 LOSS val: 0.01440016645938158 - Elapsed time: 253.33537578582764 s
INFO:root:  batch 100 loss: 0.013037579562515021
INFO:root:LOSS train' 0.013037579562515021, 23500
INFO:root:  batch 200 loss: 0.013303885124623776
INFO:root:LOSS train' 0.013303885124623776, 23600
INFO:root:  batch 300 loss: 0.013410301031544804
INFO:root:LOSS train' 0.013410301031544804, 23700
INFO:root:  batch 400 loss: 0.0131019714102149
INFO:root:LOSS train' 0.0131019714102149, 23800
INFO:root:  batch 500 loss: 0.013291285652667285
INFO:root:LOSS train' 0.013291285652667285, 23900
INFO:root:  batch 600 loss: 0.012954455558210612
INFO:root:LOSS train' 0.012954455558210612, 24000
INFO:root:Epoch: 36 - LOSS train: 0.012954455558210612 LOSS val: 0.01287735067307949 - Elapsed time: 253.4201455116272 s
INFO:root:  batch 100 loss: 0.01615623931400478
INFO:root:LOSS train' 0.01615623931400478, 24150
INFO:root:  batch 200 loss: 0.013196603413671255
INFO:root:LOSS train' 0.013196603413671255, 24250
INFO:root:  batch 300 loss: 0.012690838407725096
INFO:root:LOSS train' 0.012690838407725096, 24350
INFO:root:  batch 400 loss: 0.03713418797589838
INFO:root:LOSS train' 0.03713418797589838, 24450
INFO:root:  batch 500 loss: 0.025784472674131392
INFO:root:LOSS train' 0.025784472674131392, 24550
INFO:root:  batch 600 loss: 0.01758023900911212
INFO:root:LOSS train' 0.01758023900911212, 24650
INFO:root:Epoch: 37 - LOSS train: 0.01758023900911212 LOSS val: 0.015348033979535103 - Elapsed time: 252.95156073570251 s
INFO:root:  batch 100 loss: 0.014898058166727424
INFO:root:LOSS train' 0.014898058166727424, 24800
INFO:root:  batch 200 loss: 0.014240772435441614
INFO:root:LOSS train' 0.014240772435441614, 24900
INFO:root:  batch 300 loss: 0.014186489582061767
INFO:root:LOSS train' 0.014186489582061767, 25000
INFO:root:  batch 400 loss: 0.013985964860767126
INFO:root:LOSS train' 0.013985964860767126, 25100
INFO:root:  batch 500 loss: 0.013567901868373155
INFO:root:LOSS train' 0.013567901868373155, 25200
INFO:root:  batch 600 loss: 0.013596147829666734
INFO:root:LOSS train' 0.013596147829666734, 25300
INFO:root:Epoch: 38 - LOSS train: 0.013596147829666734 LOSS val: 0.013029586523771286 - Elapsed time: 252.93990468978882 s
INFO:root:  batch 100 loss: 0.013379845134913922
INFO:root:LOSS train' 0.013379845134913922, 25450
INFO:root:  batch 200 loss: 0.013049250217154622
INFO:root:LOSS train' 0.013049250217154622, 25550
INFO:root:  batch 300 loss: 0.012863847417756915
INFO:root:LOSS train' 0.012863847417756915, 25650
INFO:root:  batch 400 loss: 0.013041167240589856
INFO:root:LOSS train' 0.013041167240589856, 25750
INFO:root:  batch 500 loss: 0.012913176203146576
INFO:root:LOSS train' 0.012913176203146576, 25850
INFO:root:  batch 600 loss: 0.012476920848712325
INFO:root:LOSS train' 0.012476920848712325, 25950
INFO:root:Epoch: 39 - LOSS train: 0.012476920848712325 LOSS val: 0.012685009278357029 - Elapsed time: 253.49159240722656 s
INFO:root:  batch 100 loss: 0.012569463672116398
INFO:root:LOSS train' 0.012569463672116398, 26100
INFO:root:  batch 200 loss: 0.012656342769041658
INFO:root:LOSS train' 0.012656342769041658, 26200
INFO:root:  batch 300 loss: 0.012652268204838037
INFO:root:LOSS train' 0.012652268204838037, 26300
INFO:root:  batch 400 loss: 0.01279086316935718
INFO:root:LOSS train' 0.01279086316935718, 26400
INFO:root:  batch 500 loss: 0.012604409642517567
INFO:root:LOSS train' 0.012604409642517567, 26500
INFO:root:  batch 600 loss: 0.012711383290588857
INFO:root:LOSS train' 0.012711383290588857, 26600
INFO:root:Epoch: 40 - LOSS train: 0.012711383290588857 LOSS val: 0.013230495154857635 - Elapsed time: 253.18661212921143 s
INFO:root:  batch 100 loss: 0.012362408125773073
INFO:root:LOSS train' 0.012362408125773073, 26750
INFO:root:  batch 200 loss: 0.012767374413087965
INFO:root:LOSS train' 0.012767374413087965, 26850
INFO:root:  batch 300 loss: 0.012640942549332977
INFO:root:LOSS train' 0.012640942549332977, 26950
INFO:root:  batch 400 loss: 0.012604849636554718
INFO:root:LOSS train' 0.012604849636554718, 27050
INFO:root:  batch 500 loss: 0.01234433745034039
INFO:root:LOSS train' 0.01234433745034039, 27150
INFO:root:  batch 600 loss: 0.012453806307166814
INFO:root:LOSS train' 0.012453806307166814, 27250
INFO:root:Epoch: 41 - LOSS train: 0.012453806307166814 LOSS val: 0.01228649728000164 - Elapsed time: 253.05311393737793 s
INFO:root:  batch 100 loss: 0.012345668617635966
INFO:root:LOSS train' 0.012345668617635966, 27400
INFO:root:  batch 200 loss: 0.012514717541635037
INFO:root:LOSS train' 0.012514717541635037, 27500
INFO:root:  batch 300 loss: 0.012187133645638823
INFO:root:LOSS train' 0.012187133645638823, 27600
INFO:root:  batch 400 loss: 0.012878246447071433
INFO:root:LOSS train' 0.012878246447071433, 27700
INFO:root:  batch 500 loss: 0.012247586203739048
INFO:root:LOSS train' 0.012247586203739048, 27800
INFO:root:  batch 600 loss: 0.012229280723258852
INFO:root:LOSS train' 0.012229280723258852, 27900
INFO:root:Epoch: 42 - LOSS train: 0.012229280723258852 LOSS val: 0.01244682539254427 - Elapsed time: 252.87033200263977 s
INFO:root:  batch 100 loss: 0.01219274040311575
INFO:root:LOSS train' 0.01219274040311575, 28050
INFO:root:  batch 200 loss: 0.012217888161540031
INFO:root:LOSS train' 0.012217888161540031, 28150
INFO:root:  batch 300 loss: 0.01256139694713056
INFO:root:LOSS train' 0.01256139694713056, 28250
INFO:root:  batch 400 loss: 0.011987069277092815
INFO:root:LOSS train' 0.011987069277092815, 28350
INFO:root:  batch 500 loss: 0.012061828561127187
INFO:root:LOSS train' 0.012061828561127187, 28450
INFO:root:  batch 600 loss: 0.011888802824541926
INFO:root:LOSS train' 0.011888802824541926, 28550
INFO:root:Epoch: 43 - LOSS train: 0.011888802824541926 LOSS val: 0.012322235852479935 - Elapsed time: 252.82497000694275 s
INFO:root:*************
INFO:root:             
INFO:root:Starting to test....
INFO:root:             
INFO:root:OneStep loss: 0.012399185448884964
INFO:root:Scalar loss: 0.016796458512544632
INFO:root:Vector loss: 0.010200545191764832
INFO:root:             
INFO:root:Done.
