INFO:root:*************
INFO:root:             
INFO:root:model chosen: CR
INFO:root:multivector activation function?: 3
INFO:root:training trajectories: 10400
INFO:root:training epochs: 200
INFO:root:training batchsize: 16
INFO:root:learning rate: 0.0001
INFO:root:seed: 666
INFO:root:patience: 15
INFO:root:training dataset path: datasets/trainingdataviscous/
INFO:root:test dataset path: datasets/testdataviscous/
INFO:root:             
INFO:root:*************
INFO:root:Using device: cuda
INFO:root:[[[1.6940998  1.5566934  1.3046039  1.0440726 ]
  [1.6066581  1.3995012  1.342347   1.233624  ]
  [1.4666691  1.3354036  1.3883016  1.2737162 ]
  [1.4122795  1.3854291  1.4587754  1.339578  ]]

 [[1.6459564  1.3450366  1.0299298  0.77708894]
  [1.6489182  1.5250436  1.3721011  1.2203181 ]
  [1.4844782  1.3996952  1.3643513  1.3251002 ]
  [1.3969231  1.3963239  1.4048748  1.4067723 ]]]
INFO:root:****
INFO:root:[[[1.6940998  1.5566934  1.3046039  1.0440726 ]
  [1.6066581  1.3995012  1.342347   1.233624  ]
  [1.4666691  1.3354036  1.3883016  1.2737162 ]
  [1.4122795  1.3854291  1.4587754  1.339578  ]]

 [[1.6459564  1.3450366  1.0299298  0.77708894]
  [1.6489182  1.5250436  1.3721011  1.2203181 ]
  [1.4844782  1.3996952  1.3643513  1.3251002 ]
  [1.3969231  1.3963239  1.4048748  1.4067723 ]]]
INFO:root:Train input shape: torch.Size([10400, 2, 128, 128, 3])
INFO:root:Train labels shape: torch.Size([10400, 1, 128, 128, 3])
INFO:root:                   
INFO:root:Val input shape: torch.Size([4680, 2, 128, 128, 3])
INFO:root:Val labels shape: torch.Size([4680, 1, 128, 128, 3])
INFO:root:*************
INFO:root:             
INFO:root:Starting to train....
INFO:root:  batch 100 loss: 0.2303843942284584
INFO:root:LOSS train' 0.2303843942284584, 100
INFO:root:  batch 200 loss: 0.15343590795993806
INFO:root:LOSS train' 0.15343590795993806, 200
INFO:root:  batch 300 loss: 0.1320272909104824
INFO:root:LOSS train' 0.1320272909104824, 300
INFO:root:  batch 400 loss: 0.12151778213679791
INFO:root:LOSS train' 0.12151778213679791, 400
INFO:root:  batch 500 loss: 0.11137167394161224
INFO:root:LOSS train' 0.11137167394161224, 500
INFO:root:  batch 600 loss: 0.10226300850510597
INFO:root:LOSS train' 0.10226300850510597, 600
INFO:root:Epoch: 0 - LOSS train: 0.10226300850510597 LOSS val: 0.11908218264579773 - Elapsed time: 254.95476484298706 s
INFO:root:  batch 100 loss: 0.09145717330276966
INFO:root:LOSS train' 0.09145717330276966, 750
INFO:root:  batch 200 loss: 0.08426182478666305
INFO:root:LOSS train' 0.08426182478666305, 850
INFO:root:  batch 300 loss: 0.07895256817340851
INFO:root:LOSS train' 0.07895256817340851, 950
INFO:root:  batch 400 loss: 0.07526284337043762
INFO:root:LOSS train' 0.07526284337043762, 1050
INFO:root:  batch 500 loss: 0.07134786523878574
INFO:root:LOSS train' 0.07134786523878574, 1150
INFO:root:  batch 600 loss: 0.07008939325809478
INFO:root:LOSS train' 0.07008939325809478, 1250
INFO:root:Epoch: 1 - LOSS train: 0.07008939325809478 LOSS val: 0.06365630030632019 - Elapsed time: 253.5330901145935 s
INFO:root:  batch 100 loss: 0.06381322082132102
INFO:root:LOSS train' 0.06381322082132102, 1400
INFO:root:  batch 200 loss: 0.06364960741251707
INFO:root:LOSS train' 0.06364960741251707, 1500
INFO:root:  batch 300 loss: 0.06249127611517906
INFO:root:LOSS train' 0.06249127611517906, 1600
INFO:root:  batch 400 loss: 0.05725436929613352
INFO:root:LOSS train' 0.05725436929613352, 1700
INFO:root:  batch 500 loss: 0.0606760261580348
INFO:root:LOSS train' 0.0606760261580348, 1800
INFO:root:  batch 600 loss: 0.054635859057307244
INFO:root:LOSS train' 0.054635859057307244, 1900
INFO:root:Epoch: 2 - LOSS train: 0.054635859057307244 LOSS val: 0.05613399296998978 - Elapsed time: 253.83019351959229 s
INFO:root:  batch 100 loss: 0.05387110818177462
INFO:root:LOSS train' 0.05387110818177462, 2050
INFO:root:  batch 200 loss: 0.055698117762804034
INFO:root:LOSS train' 0.055698117762804034, 2150
INFO:root:  batch 300 loss: 0.04792161975055933
INFO:root:LOSS train' 0.04792161975055933, 2250
INFO:root:  batch 400 loss: 0.04768894873559475
INFO:root:LOSS train' 0.04768894873559475, 2350
INFO:root:  batch 500 loss: 0.04511388171464205
INFO:root:LOSS train' 0.04511388171464205, 2450
INFO:root:  batch 600 loss: 0.04769955821335316
INFO:root:LOSS train' 0.04769955821335316, 2550
INFO:root:Epoch: 3 - LOSS train: 0.04769955821335316 LOSS val: 0.04407272860407829 - Elapsed time: 254.30466389656067 s
INFO:root:  batch 100 loss: 0.04530833981931209
INFO:root:LOSS train' 0.04530833981931209, 2700
INFO:root:  batch 200 loss: 0.04412028983235359
INFO:root:LOSS train' 0.04412028983235359, 2800
INFO:root:  batch 300 loss: 0.04093298565596342
INFO:root:LOSS train' 0.04093298565596342, 2900
INFO:root:  batch 400 loss: 0.043319395557045934
INFO:root:LOSS train' 0.043319395557045934, 3000
INFO:root:  batch 500 loss: 0.04152574650943279
INFO:root:LOSS train' 0.04152574650943279, 3100
INFO:root:  batch 600 loss: 0.041658016368746754
INFO:root:LOSS train' 0.041658016368746754, 3200
INFO:root:Epoch: 4 - LOSS train: 0.041658016368746754 LOSS val: 0.04350683465600014 - Elapsed time: 253.67621636390686 s
INFO:root:  batch 100 loss: 0.04016995079815388
INFO:root:LOSS train' 0.04016995079815388, 3350
INFO:root:  batch 200 loss: 0.03910672411322594
INFO:root:LOSS train' 0.03910672411322594, 3450
INFO:root:  batch 300 loss: 0.03831172078847885
INFO:root:LOSS train' 0.03831172078847885, 3550
INFO:root:  batch 400 loss: 0.03702754588797688
INFO:root:LOSS train' 0.03702754588797688, 3650
INFO:root:  batch 500 loss: 0.0399531670100987
INFO:root:LOSS train' 0.0399531670100987, 3750
INFO:root:  batch 600 loss: 0.036783985812217
INFO:root:LOSS train' 0.036783985812217, 3850
INFO:root:Epoch: 5 - LOSS train: 0.036783985812217 LOSS val: 0.03589068725705147 - Elapsed time: 253.5437138080597 s
INFO:root:  batch 100 loss: 0.03598995907232165
INFO:root:LOSS train' 0.03598995907232165, 4000
INFO:root:  batch 200 loss: 0.03524675104767084
INFO:root:LOSS train' 0.03524675104767084, 4100
INFO:root:  batch 300 loss: 0.03708226934075356
INFO:root:LOSS train' 0.03708226934075356, 4200
INFO:root:  batch 400 loss: 0.05150077871978283
INFO:root:LOSS train' 0.05150077871978283, 4300
INFO:root:  batch 500 loss: 0.03757421474903822
INFO:root:LOSS train' 0.03757421474903822, 4400
INFO:root:  batch 600 loss: 0.041278572380542757
INFO:root:LOSS train' 0.041278572380542757, 4500
INFO:root:Epoch: 6 - LOSS train: 0.041278572380542757 LOSS val: 0.033373549580574036 - Elapsed time: 253.70788478851318 s
INFO:root:  batch 100 loss: 0.03301866482943296
INFO:root:LOSS train' 0.03301866482943296, 4650
INFO:root:  batch 200 loss: 0.03510085666552186
INFO:root:LOSS train' 0.03510085666552186, 4750
INFO:root:  batch 300 loss: 0.033372918330132964
INFO:root:LOSS train' 0.033372918330132964, 4850
INFO:root:  batch 400 loss: 0.0337631299905479
INFO:root:LOSS train' 0.0337631299905479, 4950
INFO:root:  batch 500 loss: 0.031225546319037675
INFO:root:LOSS train' 0.031225546319037675, 5050
INFO:root:  batch 600 loss: 0.030587671101093294
INFO:root:LOSS train' 0.030587671101093294, 5150
INFO:root:Epoch: 7 - LOSS train: 0.030587671101093294 LOSS val: 0.03091929294168949 - Elapsed time: 254.0996391773224 s
INFO:root:  batch 100 loss: 0.03727704368531704
INFO:root:LOSS train' 0.03727704368531704, 5300
INFO:root:  batch 200 loss: 0.05433029640465975
INFO:root:LOSS train' 0.05433029640465975, 5400
INFO:root:  batch 300 loss: 0.03397943660616875
INFO:root:LOSS train' 0.03397943660616875, 5500
INFO:root:  batch 400 loss: 0.03055009549483657
INFO:root:LOSS train' 0.03055009549483657, 5600
INFO:root:  batch 500 loss: 0.030907470248639584
INFO:root:LOSS train' 0.030907470248639584, 5700
INFO:root:  batch 600 loss: 0.032334854379296306
INFO:root:LOSS train' 0.032334854379296306, 5800
INFO:root:Epoch: 8 - LOSS train: 0.032334854379296306 LOSS val: 0.029632888734340668 - Elapsed time: 253.987646818161 s
INFO:root:  batch 100 loss: 0.028796256184577942
INFO:root:LOSS train' 0.028796256184577942, 5950
INFO:root:  batch 200 loss: 0.028985160868614912
INFO:root:LOSS train' 0.028985160868614912, 6050
INFO:root:  batch 300 loss: 0.03167426215484739
INFO:root:LOSS train' 0.03167426215484739, 6150
INFO:root:  batch 400 loss: 0.02841283518821001
INFO:root:LOSS train' 0.02841283518821001, 6250
INFO:root:  batch 500 loss: 0.02800241608172655
INFO:root:LOSS train' 0.02800241608172655, 6350
INFO:root:  batch 600 loss: 0.02776832174509764
INFO:root:LOSS train' 0.02776832174509764, 6450
INFO:root:Epoch: 9 - LOSS train: 0.02776832174509764 LOSS val: 0.027026597410440445 - Elapsed time: 253.95271515846252 s
INFO:root:  batch 100 loss: 0.029523345567286016
INFO:root:LOSS train' 0.029523345567286016, 6600
INFO:root:  batch 200 loss: 0.027633411921560765
INFO:root:LOSS train' 0.027633411921560765, 6700
INFO:root:  batch 300 loss: 0.03440386356785893
INFO:root:LOSS train' 0.03440386356785893, 6800
INFO:root:  batch 400 loss: 0.027466869577765465
INFO:root:LOSS train' 0.027466869577765465, 6900
INFO:root:  batch 500 loss: 0.026382157951593398
INFO:root:LOSS train' 0.026382157951593398, 7000
INFO:root:  batch 600 loss: 0.026311209201812746
INFO:root:LOSS train' 0.026311209201812746, 7100
INFO:root:Epoch: 10 - LOSS train: 0.026311209201812746 LOSS val: 0.024755675345659256 - Elapsed time: 253.81510257720947 s
INFO:root:  batch 100 loss: 0.03120319090783596
INFO:root:LOSS train' 0.03120319090783596, 7250
INFO:root:  batch 200 loss: 0.025472885426133872
INFO:root:LOSS train' 0.025472885426133872, 7350
INFO:root:  batch 300 loss: 0.026376298423856498
INFO:root:LOSS train' 0.026376298423856498, 7450
INFO:root:  batch 400 loss: 0.02591711951419711
INFO:root:LOSS train' 0.02591711951419711, 7550
INFO:root:  batch 500 loss: 0.02501410212367773
INFO:root:LOSS train' 0.02501410212367773, 7650
INFO:root:  batch 600 loss: 0.02458385465666652
INFO:root:LOSS train' 0.02458385465666652, 7750
INFO:root:Epoch: 11 - LOSS train: 0.02458385465666652 LOSS val: 0.02368580736219883 - Elapsed time: 254.00153946876526 s
INFO:root:  batch 100 loss: 0.027396505456417797
INFO:root:LOSS train' 0.027396505456417797, 7900
INFO:root:  batch 200 loss: 0.025050400123000145
INFO:root:LOSS train' 0.025050400123000145, 8000
INFO:root:  batch 300 loss: 0.023855675030499696
INFO:root:LOSS train' 0.023855675030499696, 8100
INFO:root:  batch 400 loss: 0.024944742564111947
INFO:root:LOSS train' 0.024944742564111947, 8200
INFO:root:  batch 500 loss: 0.025086637809872626
INFO:root:LOSS train' 0.025086637809872626, 8300
INFO:root:  batch 600 loss: 0.024445855244994163
INFO:root:LOSS train' 0.024445855244994163, 8400
INFO:root:Epoch: 12 - LOSS train: 0.024445855244994163 LOSS val: 0.023303823545575142 - Elapsed time: 254.00732946395874 s
INFO:root:  batch 100 loss: 0.023112796321511267
INFO:root:LOSS train' 0.023112796321511267, 8550
INFO:root:  batch 200 loss: 0.023985593505203726
INFO:root:LOSS train' 0.023985593505203726, 8650
INFO:root:  batch 300 loss: 0.022305415160954
INFO:root:LOSS train' 0.022305415160954, 8750
INFO:root:  batch 400 loss: 0.02528828026726842
INFO:root:LOSS train' 0.02528828026726842, 8850
INFO:root:  batch 500 loss: 0.02444893481209874
INFO:root:LOSS train' 0.02444893481209874, 8950
INFO:root:  batch 600 loss: 0.026640396155416964
INFO:root:LOSS train' 0.026640396155416964, 9050
INFO:root:Epoch: 13 - LOSS train: 0.026640396155416964 LOSS val: 0.021958280354738235 - Elapsed time: 253.92226910591125 s
INFO:root:  batch 100 loss: 0.02272497719153762
INFO:root:LOSS train' 0.02272497719153762, 9200
INFO:root:  batch 200 loss: 0.022602320089936255
INFO:root:LOSS train' 0.022602320089936255, 9300
INFO:root:  batch 300 loss: 0.02500192627310753
INFO:root:LOSS train' 0.02500192627310753, 9400
INFO:root:  batch 400 loss: 0.02206466207280755
INFO:root:LOSS train' 0.02206466207280755, 9500
INFO:root:  batch 500 loss: 0.02205869782716036
INFO:root:LOSS train' 0.02205869782716036, 9600
INFO:root:  batch 600 loss: 0.022061271667480467
INFO:root:LOSS train' 0.022061271667480467, 9700
INFO:root:Epoch: 14 - LOSS train: 0.022061271667480467 LOSS val: 0.02928985469043255 - Elapsed time: 253.2287037372589 s
INFO:root:  batch 100 loss: 0.022140451725572347
INFO:root:LOSS train' 0.022140451725572347, 9850
INFO:root:  batch 200 loss: 0.021972749084234237
INFO:root:LOSS train' 0.021972749084234237, 9950
INFO:root:  batch 300 loss: 0.02163863668218255
INFO:root:LOSS train' 0.02163863668218255, 10050
INFO:root:  batch 400 loss: 0.02189438099041581
INFO:root:LOSS train' 0.02189438099041581, 10150
INFO:root:  batch 500 loss: 0.021069653630256653
INFO:root:LOSS train' 0.021069653630256653, 10250
INFO:root:  batch 600 loss: 0.020757270865142344
INFO:root:LOSS train' 0.020757270865142344, 10350
INFO:root:Epoch: 15 - LOSS train: 0.020757270865142344 LOSS val: 0.020295249298214912 - Elapsed time: 254.084490776062 s
INFO:root:  batch 100 loss: 0.02071745352819562
INFO:root:LOSS train' 0.02071745352819562, 10500
INFO:root:  batch 200 loss: 0.021360633727163077
INFO:root:LOSS train' 0.021360633727163077, 10600
INFO:root:  batch 300 loss: 0.02012206919491291
INFO:root:LOSS train' 0.02012206919491291, 10700
INFO:root:  batch 400 loss: 0.020186267998069524
INFO:root:LOSS train' 0.020186267998069524, 10800
INFO:root:  batch 500 loss: 0.020935969203710558
INFO:root:LOSS train' 0.020935969203710558, 10900
INFO:root:  batch 600 loss: 0.03304649140685797
INFO:root:LOSS train' 0.03304649140685797, 11000
INFO:root:Epoch: 16 - LOSS train: 0.03304649140685797 LOSS val: 0.027821103110909462 - Elapsed time: 253.94338202476501 s
INFO:root:  batch 100 loss: 0.02350225256755948
INFO:root:LOSS train' 0.02350225256755948, 11150
INFO:root:  batch 200 loss: 0.020955852027982474
INFO:root:LOSS train' 0.020955852027982474, 11250
INFO:root:  batch 300 loss: 0.02042924853041768
INFO:root:LOSS train' 0.02042924853041768, 11350
INFO:root:  batch 400 loss: 0.01977590499445796
INFO:root:LOSS train' 0.01977590499445796, 11450
INFO:root:  batch 500 loss: 0.0200397558324039
INFO:root:LOSS train' 0.0200397558324039, 11550
INFO:root:  batch 600 loss: 0.019599102549254895
INFO:root:LOSS train' 0.019599102549254895, 11650
INFO:root:Epoch: 17 - LOSS train: 0.019599102549254895 LOSS val: 0.019714245572686195 - Elapsed time: 253.82495713233948 s
INFO:root:  batch 100 loss: 0.01970564192160964
INFO:root:LOSS train' 0.01970564192160964, 11800
INFO:root:  batch 200 loss: 0.018804455175995827
INFO:root:LOSS train' 0.018804455175995827, 11900
INFO:root:  batch 300 loss: 0.02837089084088802
INFO:root:LOSS train' 0.02837089084088802, 12000
INFO:root:  batch 400 loss: 0.020171964298933743
INFO:root:LOSS train' 0.020171964298933743, 12100
INFO:root:  batch 500 loss: 0.02029803056269884
INFO:root:LOSS train' 0.02029803056269884, 12200
INFO:root:  batch 600 loss: 0.019843354765325786
INFO:root:LOSS train' 0.019843354765325786, 12300
INFO:root:Epoch: 18 - LOSS train: 0.019843354765325786 LOSS val: 0.018543962389230728 - Elapsed time: 253.92478442192078 s
INFO:root:  batch 100 loss: 0.019221112951636313
INFO:root:LOSS train' 0.019221112951636313, 12450
INFO:root:  batch 200 loss: 0.018869014084339143
INFO:root:LOSS train' 0.018869014084339143, 12550
INFO:root:  batch 300 loss: 0.01879233920946717
INFO:root:LOSS train' 0.01879233920946717, 12650
INFO:root:  batch 400 loss: 0.018350408282130956
INFO:root:LOSS train' 0.018350408282130956, 12750
INFO:root:  batch 500 loss: 0.02128228349611163
INFO:root:LOSS train' 0.02128228349611163, 12850
INFO:root:  batch 600 loss: 0.01856492390856147
INFO:root:LOSS train' 0.01856492390856147, 12950
INFO:root:Epoch: 19 - LOSS train: 0.01856492390856147 LOSS val: 0.017906298860907555 - Elapsed time: 253.81753778457642 s
INFO:root:  batch 100 loss: 0.018397516403347254
INFO:root:LOSS train' 0.018397516403347254, 13100
INFO:root:  batch 200 loss: 0.01883780961856246
INFO:root:LOSS train' 0.01883780961856246, 13200
INFO:root:  batch 300 loss: 0.01822921755723655
INFO:root:LOSS train' 0.01822921755723655, 13300
INFO:root:  batch 400 loss: 0.017973970156162977
INFO:root:LOSS train' 0.017973970156162977, 13400
INFO:root:  batch 500 loss: 0.01815121902152896
INFO:root:LOSS train' 0.01815121902152896, 13500
INFO:root:  batch 600 loss: 0.017453539185225964
INFO:root:LOSS train' 0.017453539185225964, 13600
INFO:root:Epoch: 20 - LOSS train: 0.017453539185225964 LOSS val: 0.017575135454535484 - Elapsed time: 253.88465809822083 s
INFO:root:  batch 100 loss: 0.017771170902997256
INFO:root:LOSS train' 0.017771170902997256, 13750
INFO:root:  batch 200 loss: 0.017599401781335473
INFO:root:LOSS train' 0.017599401781335473, 13850
INFO:root:  batch 300 loss: 0.022411660868674518
INFO:root:LOSS train' 0.022411660868674518, 13950
INFO:root:  batch 400 loss: 0.018525509107857944
INFO:root:LOSS train' 0.018525509107857944, 14050
INFO:root:  batch 500 loss: 0.01748807298950851
INFO:root:LOSS train' 0.01748807298950851, 14150
INFO:root:  batch 600 loss: 0.018190930569544433
INFO:root:LOSS train' 0.018190930569544433, 14250
INFO:root:Epoch: 21 - LOSS train: 0.018190930569544433 LOSS val: 0.016909679397940636 - Elapsed time: 253.60705637931824 s
INFO:root:  batch 100 loss: 0.017220249669626354
INFO:root:LOSS train' 0.017220249669626354, 14400
INFO:root:  batch 200 loss: 0.017050725808367133
INFO:root:LOSS train' 0.017050725808367133, 14500
INFO:root:  batch 300 loss: 0.0184810284152627
INFO:root:LOSS train' 0.0184810284152627, 14600
INFO:root:  batch 400 loss: 0.017090263552963735
INFO:root:LOSS train' 0.017090263552963735, 14700
INFO:root:  batch 500 loss: 0.016972803995013237
INFO:root:LOSS train' 0.016972803995013237, 14800
INFO:root:  batch 600 loss: 0.02341536642983556
INFO:root:LOSS train' 0.02341536642983556, 14900
INFO:root:Epoch: 22 - LOSS train: 0.02341536642983556 LOSS val: 0.018297163769602776 - Elapsed time: 253.76483058929443 s
INFO:root:  batch 100 loss: 0.01725856033153832
INFO:root:LOSS train' 0.01725856033153832, 15050
INFO:root:  batch 200 loss: 0.04269923277199268
INFO:root:LOSS train' 0.04269923277199268, 15150
INFO:root:  batch 300 loss: 0.020176545027643444
INFO:root:LOSS train' 0.020176545027643444, 15250
INFO:root:  batch 400 loss: 0.018425356484949588
INFO:root:LOSS train' 0.018425356484949588, 15350
INFO:root:  batch 500 loss: 0.01837517480365932
INFO:root:LOSS train' 0.01837517480365932, 15450
INFO:root:  batch 600 loss: 0.02183334016241133
INFO:root:LOSS train' 0.02183334016241133, 15550
INFO:root:Epoch: 23 - LOSS train: 0.02183334016241133 LOSS val: 0.016936812549829483 - Elapsed time: 253.61898922920227 s
INFO:root:  batch 100 loss: 0.01739484431222081
INFO:root:LOSS train' 0.01739484431222081, 15700
INFO:root:  batch 200 loss: 0.0167437454033643
INFO:root:LOSS train' 0.0167437454033643, 15800
INFO:root:  batch 300 loss: 0.016850967910140752
INFO:root:LOSS train' 0.016850967910140752, 15900
INFO:root:  batch 400 loss: 0.016677227895706893
INFO:root:LOSS train' 0.016677227895706893, 16000
INFO:root:  batch 500 loss: 0.016445978069677947
INFO:root:LOSS train' 0.016445978069677947, 16100
INFO:root:  batch 600 loss: 0.016159653645008803
INFO:root:LOSS train' 0.016159653645008803, 16200
INFO:root:Epoch: 24 - LOSS train: 0.016159653645008803 LOSS val: 0.015931127592921257 - Elapsed time: 253.76064491271973 s
INFO:root:  batch 100 loss: 0.016064929207786918
INFO:root:LOSS train' 0.016064929207786918, 16350
INFO:root:  batch 200 loss: 0.016274542743340135
INFO:root:LOSS train' 0.016274542743340135, 16450
INFO:root:  batch 300 loss: 0.01651062528602779
INFO:root:LOSS train' 0.01651062528602779, 16550
INFO:root:  batch 400 loss: 0.02134164691902697
INFO:root:LOSS train' 0.02134164691902697, 16650
INFO:root:  batch 500 loss: 0.01669753098860383
INFO:root:LOSS train' 0.01669753098860383, 16750
INFO:root:  batch 600 loss: 0.01636183774098754
INFO:root:LOSS train' 0.01636183774098754, 16850
INFO:root:Epoch: 25 - LOSS train: 0.01636183774098754 LOSS val: 0.016665464267134666 - Elapsed time: 253.74660539627075 s
INFO:root:  batch 100 loss: 0.01576472899876535
INFO:root:LOSS train' 0.01576472899876535, 17000
INFO:root:  batch 200 loss: 0.01817610301077366
INFO:root:LOSS train' 0.01817610301077366, 17100
INFO:root:  batch 300 loss: 0.019534774776548147
INFO:root:LOSS train' 0.019534774776548147, 17200
INFO:root:  batch 400 loss: 0.01628656478598714
INFO:root:LOSS train' 0.01628656478598714, 17300
INFO:root:  batch 500 loss: 0.01588188571855426
INFO:root:LOSS train' 0.01588188571855426, 17400
INFO:root:  batch 600 loss: 0.015962743079289795
INFO:root:LOSS train' 0.015962743079289795, 17500
INFO:root:Epoch: 26 - LOSS train: 0.015962743079289795 LOSS val: 0.015839675441384315 - Elapsed time: 253.71712517738342 s
INFO:root:  batch 100 loss: 0.015683291694149375
INFO:root:LOSS train' 0.015683291694149375, 17650
INFO:root:  batch 200 loss: 0.015469747753813863
INFO:root:LOSS train' 0.015469747753813863, 17750
INFO:root:  batch 300 loss: 0.01552253901027143
INFO:root:LOSS train' 0.01552253901027143, 17850
INFO:root:  batch 400 loss: 0.01584003534168005
INFO:root:LOSS train' 0.01584003534168005, 17950
INFO:root:  batch 500 loss: 0.015389069933444261
INFO:root:LOSS train' 0.015389069933444261, 18050
INFO:root:  batch 600 loss: 0.01540182693861425
INFO:root:LOSS train' 0.01540182693861425, 18150
INFO:root:Epoch: 27 - LOSS train: 0.01540182693861425 LOSS val: 0.015968501567840576 - Elapsed time: 253.60994505882263 s
INFO:root:  batch 100 loss: 0.015326020931825042
INFO:root:LOSS train' 0.015326020931825042, 18300
INFO:root:  batch 200 loss: 0.015843537831678987
INFO:root:LOSS train' 0.015843537831678987, 18400
INFO:root:  batch 300 loss: 0.015577413756400347
INFO:root:LOSS train' 0.015577413756400347, 18500
INFO:root:  batch 400 loss: 0.015135752707719803
INFO:root:LOSS train' 0.015135752707719803, 18600
INFO:root:  batch 500 loss: 0.015333190951496363
INFO:root:LOSS train' 0.015333190951496363, 18700
INFO:root:  batch 600 loss: 0.01501380500383675
INFO:root:LOSS train' 0.01501380500383675, 18800
INFO:root:Epoch: 28 - LOSS train: 0.01501380500383675 LOSS val: 0.014803916215896606 - Elapsed time: 253.51264643669128 s
INFO:root:  batch 100 loss: 0.014947380833327771
INFO:root:LOSS train' 0.014947380833327771, 18950
INFO:root:  batch 200 loss: 0.015173869272693992
INFO:root:LOSS train' 0.015173869272693992, 19050
INFO:root:  batch 300 loss: 0.014913259223103523
INFO:root:LOSS train' 0.014913259223103523, 19150
INFO:root:  batch 400 loss: 0.02809714464470744
INFO:root:LOSS train' 0.02809714464470744, 19250
INFO:root:  batch 500 loss: 0.032538905050605534
INFO:root:LOSS train' 0.032538905050605534, 19350
INFO:root:  batch 600 loss: 0.02007582824677229
INFO:root:LOSS train' 0.02007582824677229, 19450
INFO:root:Epoch: 29 - LOSS train: 0.02007582824677229 LOSS val: 0.01893899030983448 - Elapsed time: 253.17243480682373 s
INFO:root:  batch 100 loss: 0.01833907716907561
INFO:root:LOSS train' 0.01833907716907561, 19600
INFO:root:  batch 200 loss: 0.017462677992880343
INFO:root:LOSS train' 0.017462677992880343, 19700
INFO:root:  batch 300 loss: 0.016006476515904068
INFO:root:LOSS train' 0.016006476515904068, 19800
INFO:root:  batch 400 loss: 0.016044103587046266
INFO:root:LOSS train' 0.016044103587046266, 19900
INFO:root:  batch 500 loss: 0.016805667458102108
INFO:root:LOSS train' 0.016805667458102108, 20000
INFO:root:  batch 600 loss: 0.015892418520525097
INFO:root:LOSS train' 0.015892418520525097, 20100
INFO:root:Epoch: 30 - LOSS train: 0.015892418520525097 LOSS val: 0.015083186328411102 - Elapsed time: 253.48539233207703 s
INFO:root:  batch 100 loss: 0.01513115662150085
INFO:root:LOSS train' 0.01513115662150085, 20250
INFO:root:  batch 200 loss: 0.016197760766372086
INFO:root:LOSS train' 0.016197760766372086, 20350
INFO:root:  batch 300 loss: 0.014884220771491527
INFO:root:LOSS train' 0.014884220771491527, 20450
INFO:root:  batch 400 loss: 0.014656921988353134
INFO:root:LOSS train' 0.014656921988353134, 20550
INFO:root:  batch 500 loss: 0.015213817385956644
INFO:root:LOSS train' 0.015213817385956644, 20650
INFO:root:  batch 600 loss: 0.014840786196291447
INFO:root:LOSS train' 0.014840786196291447, 20750
INFO:root:Epoch: 31 - LOSS train: 0.014840786196291447 LOSS val: 0.014679786749184132 - Elapsed time: 253.4782269001007 s
INFO:root:  batch 100 loss: 0.014511399455368518
INFO:root:LOSS train' 0.014511399455368518, 20900
INFO:root:  batch 200 loss: 0.01447322914376855
INFO:root:LOSS train' 0.01447322914376855, 21000
INFO:root:  batch 300 loss: 0.014460281105712056
INFO:root:LOSS train' 0.014460281105712056, 21100
INFO:root:  batch 400 loss: 0.015247226627543568
INFO:root:LOSS train' 0.015247226627543568, 21200
INFO:root:  batch 500 loss: 0.01782808143645525
INFO:root:LOSS train' 0.01782808143645525, 21300
INFO:root:  batch 600 loss: 0.014741305271163583
INFO:root:LOSS train' 0.014741305271163583, 21400
INFO:root:Epoch: 32 - LOSS train: 0.014741305271163583 LOSS val: 0.01453600823879242 - Elapsed time: 253.40649890899658 s
INFO:root:  batch 100 loss: 0.014458757201209664
INFO:root:LOSS train' 0.014458757201209664, 21550
INFO:root:  batch 200 loss: 0.024830863615497946
INFO:root:LOSS train' 0.024830863615497946, 21650
INFO:root:  batch 300 loss: 0.01824058761820197
INFO:root:LOSS train' 0.01824058761820197, 21750
INFO:root:  batch 400 loss: 0.01563595551997423
INFO:root:LOSS train' 0.01563595551997423, 21850
INFO:root:  batch 500 loss: 0.015098577719181777
INFO:root:LOSS train' 0.015098577719181777, 21950
INFO:root:  batch 600 loss: 0.014846648145467043
INFO:root:LOSS train' 0.014846648145467043, 22050
INFO:root:Epoch: 33 - LOSS train: 0.014846648145467043 LOSS val: 0.014104665257036686 - Elapsed time: 253.48109316825867 s
INFO:root:  batch 100 loss: 0.01455272893421352
INFO:root:LOSS train' 0.01455272893421352, 22200
INFO:root:  batch 200 loss: 0.014509701039642095
INFO:root:LOSS train' 0.014509701039642095, 22300
INFO:root:  batch 300 loss: 0.01403200713917613
INFO:root:LOSS train' 0.01403200713917613, 22400
INFO:root:  batch 400 loss: 0.014716947712004184
INFO:root:LOSS train' 0.014716947712004184, 22500
INFO:root:  batch 500 loss: 0.014195575509220362
INFO:root:LOSS train' 0.014195575509220362, 22600
INFO:root:  batch 600 loss: 0.013692272463813424
INFO:root:LOSS train' 0.013692272463813424, 22700
INFO:root:Epoch: 34 - LOSS train: 0.013692272463813424 LOSS val: 0.013772118836641312 - Elapsed time: 253.42347764968872 s
INFO:root:  batch 100 loss: 0.013690011976286769
INFO:root:LOSS train' 0.013690011976286769, 22850
INFO:root:  batch 200 loss: 0.014025318277999759
INFO:root:LOSS train' 0.014025318277999759, 22950
INFO:root:  batch 300 loss: 0.01353712665848434
INFO:root:LOSS train' 0.01353712665848434, 23050
INFO:root:  batch 400 loss: 0.013462221948429942
INFO:root:LOSS train' 0.013462221948429942, 23150
INFO:root:  batch 500 loss: 0.013960808319970965
INFO:root:LOSS train' 0.013960808319970965, 23250
INFO:root:  batch 600 loss: 0.013816528366878628
INFO:root:LOSS train' 0.013816528366878628, 23350
INFO:root:Epoch: 35 - LOSS train: 0.013816528366878628 LOSS val: 0.013967698439955711 - Elapsed time: 253.37092638015747 s
INFO:root:  batch 100 loss: 0.013670540610328318
INFO:root:LOSS train' 0.013670540610328318, 23500
INFO:root:  batch 200 loss: 0.014163015885278582
INFO:root:LOSS train' 0.014163015885278582, 23600
INFO:root:  batch 300 loss: 0.014029074367135764
INFO:root:LOSS train' 0.014029074367135764, 23700
INFO:root:  batch 400 loss: 0.013461467269808054
INFO:root:LOSS train' 0.013461467269808054, 23800
INFO:root:  batch 500 loss: 0.013416206873953342
INFO:root:LOSS train' 0.013416206873953342, 23900
INFO:root:  batch 600 loss: 0.013257167804986238
INFO:root:LOSS train' 0.013257167804986238, 24000
INFO:root:Epoch: 36 - LOSS train: 0.013257167804986238 LOSS val: 0.027766315266489983 - Elapsed time: 253.32522058486938 s
INFO:root:  batch 100 loss: 0.030390247236937284
INFO:root:LOSS train' 0.030390247236937284, 24150
INFO:root:  batch 200 loss: 0.01644960429519415
INFO:root:LOSS train' 0.01644960429519415, 24250
INFO:root:  batch 300 loss: 0.01475404634140432
INFO:root:LOSS train' 0.01475404634140432, 24350
INFO:root:  batch 400 loss: 0.014216727325692773
INFO:root:LOSS train' 0.014216727325692773, 24450
INFO:root:  batch 500 loss: 0.01404199730604887
INFO:root:LOSS train' 0.01404199730604887, 24550
INFO:root:  batch 600 loss: 0.013866279255598784
INFO:root:LOSS train' 0.013866279255598784, 24650
INFO:root:Epoch: 37 - LOSS train: 0.013866279255598784 LOSS val: 0.013576529920101166 - Elapsed time: 253.58464527130127 s
INFO:root:  batch 100 loss: 0.013457650486379862
INFO:root:LOSS train' 0.013457650486379862, 24800
INFO:root:  batch 200 loss: 0.013445994146168231
INFO:root:LOSS train' 0.013445994146168231, 24900
INFO:root:  batch 300 loss: 0.014062005924060941
INFO:root:LOSS train' 0.014062005924060941, 25000
INFO:root:  batch 400 loss: 0.013403489384800196
INFO:root:LOSS train' 0.013403489384800196, 25100
INFO:root:  batch 500 loss: 0.013335730275139212
INFO:root:LOSS train' 0.013335730275139212, 25200
INFO:root:  batch 600 loss: 0.01319826064631343
INFO:root:LOSS train' 0.01319826064631343, 25300
INFO:root:Epoch: 38 - LOSS train: 0.01319826064631343 LOSS val: 0.013010021299123764 - Elapsed time: 253.25500583648682 s
INFO:root:  batch 100 loss: 0.013586655920371414
INFO:root:LOSS train' 0.013586655920371414, 25450
INFO:root:  batch 200 loss: 0.013327634138986468
INFO:root:LOSS train' 0.013327634138986468, 25550
INFO:root:  batch 300 loss: 0.01316252169199288
INFO:root:LOSS train' 0.01316252169199288, 25650
INFO:root:  batch 400 loss: 0.013015988999977707
INFO:root:LOSS train' 0.013015988999977707, 25750
INFO:root:  batch 500 loss: 0.013264603307470679
INFO:root:LOSS train' 0.013264603307470679, 25850
INFO:root:  batch 600 loss: 0.012941578924655915
INFO:root:LOSS train' 0.012941578924655915, 25950
INFO:root:Epoch: 39 - LOSS train: 0.012941578924655915 LOSS val: 0.016128774732351303 - Elapsed time: 253.6745204925537 s
INFO:root:  batch 100 loss: 0.01438101171515882
INFO:root:LOSS train' 0.01438101171515882, 26100
INFO:root:  batch 200 loss: 0.01340544073842466
INFO:root:LOSS train' 0.01340544073842466, 26200
INFO:root:  batch 300 loss: 0.012856733668595553
INFO:root:LOSS train' 0.012856733668595553, 26300
INFO:root:  batch 400 loss: 0.012655517160892487
INFO:root:LOSS train' 0.012655517160892487, 26400
INFO:root:  batch 500 loss: 0.012896112482994795
INFO:root:LOSS train' 0.012896112482994795, 26500
INFO:root:  batch 600 loss: 0.01276378802023828
INFO:root:LOSS train' 0.01276378802023828, 26600
INFO:root:Epoch: 40 - LOSS train: 0.01276378802023828 LOSS val: 0.013003670610487461 - Elapsed time: 253.72076630592346 s
INFO:root:  batch 100 loss: 0.012686342131346465
INFO:root:LOSS train' 0.012686342131346465, 26750
INFO:root:  batch 200 loss: 0.018559755608439445
INFO:root:LOSS train' 0.018559755608439445, 26850
INFO:root:  batch 300 loss: 0.01368501272983849
INFO:root:LOSS train' 0.01368501272983849, 26950
INFO:root:  batch 400 loss: 0.012940843869000674
INFO:root:LOSS train' 0.012940843869000674, 27050
INFO:root:  batch 500 loss: 0.01250636381097138
INFO:root:LOSS train' 0.01250636381097138, 27150
INFO:root:  batch 600 loss: 0.012715710839256645
INFO:root:LOSS train' 0.012715710839256645, 27250
INFO:root:Epoch: 41 - LOSS train: 0.012715710839256645 LOSS val: 0.012696534395217896 - Elapsed time: 253.285391330719 s
INFO:root:  batch 100 loss: 0.012703760443255305
INFO:root:LOSS train' 0.012703760443255305, 27400
INFO:root:  batch 200 loss: 0.012388497777283191
INFO:root:LOSS train' 0.012388497777283191, 27500
INFO:root:  batch 300 loss: 0.012443702463060617
INFO:root:LOSS train' 0.012443702463060617, 27600
INFO:root:  batch 400 loss: 0.012571780672296883
INFO:root:LOSS train' 0.012571780672296883, 27700
INFO:root:  batch 500 loss: 0.01266080261208117
INFO:root:LOSS train' 0.01266080261208117, 27800
INFO:root:  batch 600 loss: 0.012449993724003435
INFO:root:LOSS train' 0.012449993724003435, 27900
INFO:root:Epoch: 42 - LOSS train: 0.012449993724003435 LOSS val: 0.01232915185391903 - Elapsed time: 253.54116010665894 s
INFO:root:  batch 100 loss: 0.012325561102479697
INFO:root:LOSS train' 0.012325561102479697, 28050
INFO:root:  batch 200 loss: 0.01245256680995226
INFO:root:LOSS train' 0.01245256680995226, 28150
INFO:root:  batch 300 loss: 0.012477980824187399
INFO:root:LOSS train' 0.012477980824187399, 28250
INFO:root:  batch 400 loss: 0.012390064522624016
INFO:root:LOSS train' 0.012390064522624016, 28350
INFO:root:  batch 500 loss: 0.0119579716026783
INFO:root:LOSS train' 0.0119579716026783, 28450
INFO:root:  batch 600 loss: 0.01275638472288847
INFO:root:LOSS train' 0.01275638472288847, 28550
INFO:root:Epoch: 43 - LOSS train: 0.01275638472288847 LOSS val: 0.012024261988699436 - Elapsed time: 253.44567489624023 s
INFO:root:  batch 100 loss: 0.012008974570780992
INFO:root:LOSS train' 0.012008974570780992, 28700
INFO:root:  batch 200 loss: 0.012278787922114134
INFO:root:LOSS train' 0.012278787922114134, 28800
INFO:root:  batch 300 loss: 0.011933665620163084
INFO:root:LOSS train' 0.011933665620163084, 28900
INFO:root:  batch 400 loss: 0.012544483812525868
INFO:root:LOSS train' 0.012544483812525868, 29000
INFO:root:  batch 500 loss: 0.021150052454322575
INFO:root:LOSS train' 0.021150052454322575, 29100
INFO:root:  batch 600 loss: 0.024002430867403744
INFO:root:LOSS train' 0.024002430867403744, 29200
INFO:root:Epoch: 44 - LOSS train: 0.024002430867403744 LOSS val: 0.01700594648718834 - Elapsed time: 253.31623077392578 s
INFO:root:  batch 100 loss: 0.015460288245230913
INFO:root:LOSS train' 0.015460288245230913, 29350
INFO:root:  batch 200 loss: 0.01412324920296669
INFO:root:LOSS train' 0.01412324920296669, 29450
INFO:root:  batch 300 loss: 0.013323034094646573
INFO:root:LOSS train' 0.013323034094646573, 29550
INFO:root:  batch 400 loss: 0.01288188137114048
INFO:root:LOSS train' 0.01288188137114048, 29650
INFO:root:  batch 500 loss: 0.012781650377437472
INFO:root:LOSS train' 0.012781650377437472, 29750
INFO:root:  batch 600 loss: 0.012831120723858476
INFO:root:LOSS train' 0.012831120723858476, 29850
INFO:root:Epoch: 45 - LOSS train: 0.012831120723858476 LOSS val: 0.01332386676222086 - Elapsed time: 253.96664714813232 s
INFO:root:  batch 100 loss: 0.012589441752061248
INFO:root:LOSS train' 0.012589441752061248, 30000
INFO:root:  batch 200 loss: 0.012191707268357277
INFO:root:LOSS train' 0.012191707268357277, 30100
INFO:root:  batch 300 loss: 0.012205818826332688
INFO:root:LOSS train' 0.012205818826332688, 30200
INFO:root:  batch 400 loss: 0.012021438563242554
INFO:root:LOSS train' 0.012021438563242554, 30300
INFO:root:  batch 500 loss: 0.012196996621787548
INFO:root:LOSS train' 0.012196996621787548, 30400
INFO:root:  batch 600 loss: 0.01204533432610333
INFO:root:LOSS train' 0.01204533432610333, 30500
INFO:root:Epoch: 46 - LOSS train: 0.01204533432610333 LOSS val: 0.011860758997499943 - Elapsed time: 253.94255328178406 s
INFO:root:  batch 100 loss: 0.01195960007607937
INFO:root:LOSS train' 0.01195960007607937, 30650
INFO:root:  batch 200 loss: 0.012000320088118315
INFO:root:LOSS train' 0.012000320088118315, 30750
INFO:root:  batch 300 loss: 0.011813915260136127
INFO:root:LOSS train' 0.011813915260136127, 30850
INFO:root:  batch 400 loss: 0.011791579332202673
INFO:root:LOSS train' 0.011791579332202673, 30950
INFO:root:  batch 500 loss: 0.012109594102948904
INFO:root:LOSS train' 0.012109594102948904, 31050
INFO:root:  batch 600 loss: 0.011893816450610757
INFO:root:LOSS train' 0.011893816450610757, 31150
INFO:root:Epoch: 47 - LOSS train: 0.011893816450610757 LOSS val: 0.02534322813153267 - Elapsed time: 253.68276739120483 s
INFO:root:  batch 100 loss: 0.017437585601583122
INFO:root:LOSS train' 0.017437585601583122, 31300
INFO:root:  batch 200 loss: 0.012898343848064542
INFO:root:LOSS train' 0.012898343848064542, 31400
INFO:root:  batch 300 loss: 0.011852724216878415
INFO:root:LOSS train' 0.011852724216878415, 31500
INFO:root:  batch 400 loss: 0.011638879161328077
INFO:root:LOSS train' 0.011638879161328077, 31600
INFO:root:  batch 500 loss: 0.011813193447887898
INFO:root:LOSS train' 0.011813193447887898, 31700
INFO:root:  batch 600 loss: 0.011683924607932567
INFO:root:LOSS train' 0.011683924607932567, 31800
INFO:root:Epoch: 48 - LOSS train: 0.011683924607932567 LOSS val: 0.012003365904092789 - Elapsed time: 253.63422751426697 s
INFO:root:*************
INFO:root:             
INFO:root:Starting to test....
INFO:root:             
INFO:root:OneStep loss: 0.01197962835431099
INFO:root:Scalar loss: 0.016162915155291557
INFO:root:Vector loss: 0.009887984953820705
INFO:root:             
INFO:root:Done.
