INFO:root:*************
INFO:root:             
INFO:root:model chosen: CF
INFO:root:multivector activation function?: 0
INFO:root:training trajectories: 5200
INFO:root:training epochs: 200
INFO:root:training batchsize: 32
INFO:root:learning rate: 0.0001
INFO:root:seed: 28996
INFO:root:patience: 10
INFO:root:training dataset path: datasets/trainingdataviscous/
INFO:root:test dataset path: datasets/testdataviscous/
INFO:root:             
INFO:root:*************
INFO:root:Using device: cuda
INFO:root:[[[1.6940998  1.5566934  1.3046039  1.0440726 ]
  [1.6066581  1.3995012  1.342347   1.233624  ]
  [1.4666691  1.3354036  1.3883016  1.2737162 ]
  [1.4122795  1.3854291  1.4587754  1.339578  ]]

 [[1.6459564  1.3450366  1.0299298  0.77708894]
  [1.6489182  1.5250436  1.3721011  1.2203181 ]
  [1.4844782  1.3996952  1.3643513  1.3251002 ]
  [1.3969231  1.3963239  1.4048748  1.4067723 ]]]
INFO:root:****
INFO:root:[[[1.6940998  1.5566934  1.3046039  1.0440726 ]
  [1.6066581  1.3995012  1.342347   1.233624  ]
  [1.4666691  1.3354036  1.3883016  1.2737162 ]
  [1.4122795  1.3854291  1.4587754  1.339578  ]]

 [[1.6459564  1.3450366  1.0299298  0.77708894]
  [1.6489182  1.5250436  1.3721011  1.2203181 ]
  [1.4844782  1.3996952  1.3643513  1.3251002 ]
  [1.3969231  1.3963239  1.4048748  1.4067723 ]]]
INFO:root:Train input shape: torch.Size([5200, 2, 128, 128, 3])
INFO:root:Train labels shape: torch.Size([5200, 1, 128, 128, 3])
INFO:root:                   
INFO:root:Val input shape: torch.Size([4680, 2, 128, 128, 3])
INFO:root:Val labels shape: torch.Size([4680, 1, 128, 128, 3])
INFO:root:*************
INFO:root:             
INFO:root:Starting to train....
INFO:root:  batch 100 loss: 0.45921673387289047
INFO:root:LOSS train' 0.45921673387289047, 100
INFO:root:Epoch: 0 - LOSS train: 0.45921673387289047 LOSS val: 0.13026340305805206 - Elapsed time: 116.95024919509888 s
INFO:root:  batch 100 loss: 0.10824068129062653
INFO:root:LOSS train' 0.10824068129062653, 263
INFO:root:Epoch: 1 - LOSS train: 0.10824068129062653 LOSS val: 0.08112690597772598 - Elapsed time: 115.571622133255 s
INFO:root:  batch 100 loss: 0.074869564473629
INFO:root:LOSS train' 0.074869564473629, 426
INFO:root:Epoch: 2 - LOSS train: 0.074869564473629 LOSS val: 0.06534379720687866 - Elapsed time: 115.80013799667358 s
INFO:root:  batch 100 loss: 0.06153941854834557
INFO:root:LOSS train' 0.06153941854834557, 589
INFO:root:Epoch: 3 - LOSS train: 0.06153941854834557 LOSS val: 0.056358031928539276 - Elapsed time: 115.73700332641602 s
INFO:root:  batch 100 loss: 0.05332774631679058
INFO:root:LOSS train' 0.05332774631679058, 752
INFO:root:Epoch: 4 - LOSS train: 0.05332774631679058 LOSS val: 0.05067574232816696 - Elapsed time: 115.6307909488678 s
INFO:root:  batch 100 loss: 0.04781446881592274
INFO:root:LOSS train' 0.04781446881592274, 915
INFO:root:Epoch: 5 - LOSS train: 0.04781446881592274 LOSS val: 0.04654732719063759 - Elapsed time: 115.70926761627197 s
INFO:root:  batch 100 loss: 0.0439142357558012
INFO:root:LOSS train' 0.0439142357558012, 1078
INFO:root:Epoch: 6 - LOSS train: 0.0439142357558012 LOSS val: 0.043633535504341125 - Elapsed time: 115.76191544532776 s
INFO:root:  batch 100 loss: 0.04107832297682762
INFO:root:LOSS train' 0.04107832297682762, 1241
INFO:root:Epoch: 7 - LOSS train: 0.04107832297682762 LOSS val: 0.04115571454167366 - Elapsed time: 115.55717372894287 s
INFO:root:  batch 100 loss: 0.038666569031775
INFO:root:LOSS train' 0.038666569031775, 1404
INFO:root:Epoch: 8 - LOSS train: 0.038666569031775 LOSS val: 0.03946078568696976 - Elapsed time: 115.83959197998047 s
INFO:root:  batch 100 loss: 0.03650429047644138
INFO:root:LOSS train' 0.03650429047644138, 1567
INFO:root:Epoch: 9 - LOSS train: 0.03650429047644138 LOSS val: 0.03796949237585068 - Elapsed time: 115.72154331207275 s
INFO:root:  batch 100 loss: 0.034759554602205756
INFO:root:LOSS train' 0.034759554602205756, 1730
INFO:root:Epoch: 10 - LOSS train: 0.034759554602205756 LOSS val: 0.03663764148950577 - Elapsed time: 115.63663673400879 s
INFO:root:  batch 100 loss: 0.033333806861191986
INFO:root:LOSS train' 0.033333806861191986, 1893
INFO:root:Epoch: 11 - LOSS train: 0.033333806861191986 LOSS val: 0.03495115786790848 - Elapsed time: 115.64417457580566 s
INFO:root:  batch 100 loss: 0.03191935824230313
INFO:root:LOSS train' 0.03191935824230313, 2056
INFO:root:Epoch: 12 - LOSS train: 0.03191935824230313 LOSS val: 0.03394121676683426 - Elapsed time: 115.91259741783142 s
INFO:root:  batch 100 loss: 0.030446577798575163
INFO:root:LOSS train' 0.030446577798575163, 2219
INFO:root:Epoch: 13 - LOSS train: 0.030446577798575163 LOSS val: 0.03312184661626816 - Elapsed time: 115.84975481033325 s
INFO:root:  batch 100 loss: 0.029588634744286538
INFO:root:LOSS train' 0.029588634744286538, 2382
INFO:root:Epoch: 14 - LOSS train: 0.029588634744286538 LOSS val: 0.03223218396306038 - Elapsed time: 115.72763466835022 s
INFO:root:  batch 100 loss: 0.02859052745625377
INFO:root:LOSS train' 0.02859052745625377, 2545
INFO:root:Epoch: 15 - LOSS train: 0.02859052745625377 LOSS val: 0.03152651712298393 - Elapsed time: 115.84520816802979 s
INFO:root:  batch 100 loss: 0.027613248284906147
INFO:root:LOSS train' 0.027613248284906147, 2708
INFO:root:Epoch: 16 - LOSS train: 0.027613248284906147 LOSS val: 0.030733603984117508 - Elapsed time: 115.7143247127533 s
INFO:root:  batch 100 loss: 0.02683184128254652
INFO:root:LOSS train' 0.02683184128254652, 2871
INFO:root:Epoch: 17 - LOSS train: 0.02683184128254652 LOSS val: 0.03023475967347622 - Elapsed time: 115.58160519599915 s
INFO:root:  batch 100 loss: 0.026139735952019693
INFO:root:LOSS train' 0.026139735952019693, 3034
INFO:root:Epoch: 18 - LOSS train: 0.026139735952019693 LOSS val: 0.02954852394759655 - Elapsed time: 115.78717875480652 s
INFO:root:  batch 100 loss: 0.025215626060962677
INFO:root:LOSS train' 0.025215626060962677, 3197
INFO:root:Epoch: 19 - LOSS train: 0.025215626060962677 LOSS val: 0.0289981160312891 - Elapsed time: 115.76162052154541 s
INFO:root:  batch 100 loss: 0.024865650609135627
INFO:root:LOSS train' 0.024865650609135627, 3360
INFO:root:Epoch: 20 - LOSS train: 0.024865650609135627 LOSS val: 0.02857908606529236 - Elapsed time: 115.89045834541321 s
INFO:root:  batch 100 loss: 0.023996524084359407
INFO:root:LOSS train' 0.023996524084359407, 3523
INFO:root:Epoch: 21 - LOSS train: 0.023996524084359407 LOSS val: 0.02821943163871765 - Elapsed time: 115.74064111709595 s
INFO:root:  batch 100 loss: 0.023276553861796855
INFO:root:LOSS train' 0.023276553861796855, 3686
INFO:root:Epoch: 22 - LOSS train: 0.023276553861796855 LOSS val: 0.02765565924346447 - Elapsed time: 115.94604420661926 s
INFO:root:  batch 100 loss: 0.022771903667598962
INFO:root:LOSS train' 0.022771903667598962, 3849
INFO:root:Epoch: 23 - LOSS train: 0.022771903667598962 LOSS val: 0.027586674317717552 - Elapsed time: 115.72617244720459 s
INFO:root:  batch 100 loss: 0.022311939895153045
INFO:root:LOSS train' 0.022311939895153045, 4012
INFO:root:Epoch: 24 - LOSS train: 0.022311939895153045 LOSS val: 0.026988565921783447 - Elapsed time: 115.63909530639648 s
INFO:root:  batch 100 loss: 0.021939213499426843
INFO:root:LOSS train' 0.021939213499426843, 4175
INFO:root:Epoch: 25 - LOSS train: 0.021939213499426843 LOSS val: 0.026640091091394424 - Elapsed time: 115.57018494606018 s
INFO:root:  batch 100 loss: 0.021331329271197318
INFO:root:LOSS train' 0.021331329271197318, 4338
INFO:root:Epoch: 26 - LOSS train: 0.021331329271197318 LOSS val: 0.02633638307452202 - Elapsed time: 115.72196197509766 s
INFO:root:  batch 100 loss: 0.020831732098013162
INFO:root:LOSS train' 0.020831732098013162, 4501
INFO:root:Epoch: 27 - LOSS train: 0.020831732098013162 LOSS val: 0.02623387798666954 - Elapsed time: 115.5727846622467 s
INFO:root:  batch 100 loss: 0.02057015534490347
INFO:root:LOSS train' 0.02057015534490347, 4664
INFO:root:Epoch: 28 - LOSS train: 0.02057015534490347 LOSS val: 0.02583584561944008 - Elapsed time: 115.79175758361816 s
INFO:root:  batch 100 loss: 0.020146588776260615
INFO:root:LOSS train' 0.020146588776260615, 4827
INFO:root:Epoch: 29 - LOSS train: 0.020146588776260615 LOSS val: 0.025526506826281548 - Elapsed time: 115.64917492866516 s
INFO:root:  batch 100 loss: 0.01976643852889538
INFO:root:LOSS train' 0.01976643852889538, 4990
INFO:root:Epoch: 30 - LOSS train: 0.01976643852889538 LOSS val: 0.025263527408242226 - Elapsed time: 115.79456901550293 s
INFO:root:  batch 100 loss: 0.019305857568979262
INFO:root:LOSS train' 0.019305857568979262, 5153
INFO:root:Epoch: 31 - LOSS train: 0.019305857568979262 LOSS val: 0.025026677176356316 - Elapsed time: 115.7283935546875 s
INFO:root:  batch 100 loss: 0.01893993193283677
INFO:root:LOSS train' 0.01893993193283677, 5316
INFO:root:Epoch: 32 - LOSS train: 0.01893993193283677 LOSS val: 0.024868419393897057 - Elapsed time: 115.6580491065979 s
INFO:root:  batch 100 loss: 0.018636862598359585
INFO:root:LOSS train' 0.018636862598359585, 5479
INFO:root:Epoch: 33 - LOSS train: 0.018636862598359585 LOSS val: 0.024619268253445625 - Elapsed time: 115.71989583969116 s
INFO:root:  batch 100 loss: 0.018216850962489844
INFO:root:LOSS train' 0.018216850962489844, 5642
INFO:root:Epoch: 34 - LOSS train: 0.018216850962489844 LOSS val: 0.024527374655008316 - Elapsed time: 115.71484136581421 s
INFO:root:  batch 100 loss: 0.01802750486880541
INFO:root:LOSS train' 0.01802750486880541, 5805
INFO:root:Epoch: 35 - LOSS train: 0.01802750486880541 LOSS val: 0.02432628534734249 - Elapsed time: 115.81569814682007 s
INFO:root:  batch 100 loss: 0.01757375955581665
INFO:root:LOSS train' 0.01757375955581665, 5968
INFO:root:Epoch: 36 - LOSS train: 0.01757375955581665 LOSS val: 0.024226251989603043 - Elapsed time: 115.71893072128296 s
INFO:root:  batch 100 loss: 0.017317394213750958
INFO:root:LOSS train' 0.017317394213750958, 6131
INFO:root:Epoch: 37 - LOSS train: 0.017317394213750958 LOSS val: 0.023950204253196716 - Elapsed time: 115.83916783332825 s
INFO:root:  batch 100 loss: 0.017084946082904937
INFO:root:LOSS train' 0.017084946082904937, 6294
INFO:root:Epoch: 38 - LOSS train: 0.017084946082904937 LOSS val: 0.023743323981761932 - Elapsed time: 115.82044386863708 s
INFO:root:  batch 100 loss: 0.0167031392082572
INFO:root:LOSS train' 0.0167031392082572, 6457
INFO:root:Epoch: 39 - LOSS train: 0.0167031392082572 LOSS val: 0.02379300259053707 - Elapsed time: 115.84367942810059 s
INFO:root:  batch 100 loss: 0.016486950600519776
INFO:root:LOSS train' 0.016486950600519776, 6620
INFO:root:Epoch: 40 - LOSS train: 0.016486950600519776 LOSS val: 0.02345849573612213 - Elapsed time: 115.80669856071472 s
INFO:root:  batch 100 loss: 0.016260904269292952
INFO:root:LOSS train' 0.016260904269292952, 6783
INFO:root:Epoch: 41 - LOSS train: 0.016260904269292952 LOSS val: 0.023467106744647026 - Elapsed time: 115.73089742660522 s
INFO:root:  batch 100 loss: 0.0159325188677758
INFO:root:LOSS train' 0.0159325188677758, 6946
INFO:root:Epoch: 42 - LOSS train: 0.0159325188677758 LOSS val: 0.02330571971833706 - Elapsed time: 115.80318307876587 s
INFO:root:  batch 100 loss: 0.01579704706557095
INFO:root:LOSS train' 0.01579704706557095, 7109
INFO:root:Epoch: 43 - LOSS train: 0.01579704706557095 LOSS val: 0.023078028112649918 - Elapsed time: 115.7171905040741 s
INFO:root:  batch 100 loss: 0.015419571967795491
INFO:root:LOSS train' 0.015419571967795491, 7272
INFO:root:Epoch: 44 - LOSS train: 0.015419571967795491 LOSS val: 0.022948628291487694 - Elapsed time: 115.90670394897461 s
INFO:root:  batch 100 loss: 0.015208042915910483
INFO:root:LOSS train' 0.015208042915910483, 7435
INFO:root:Epoch: 45 - LOSS train: 0.015208042915910483 LOSS val: 0.023173082619905472 - Elapsed time: 115.60248875617981 s
INFO:root:  batch 100 loss: 0.014986343113705516
INFO:root:LOSS train' 0.014986343113705516, 7598
INFO:root:Epoch: 46 - LOSS train: 0.014986343113705516 LOSS val: 0.022815264761447906 - Elapsed time: 115.72512125968933 s
INFO:root:  batch 100 loss: 0.014776509972289204
INFO:root:LOSS train' 0.014776509972289204, 7761
INFO:root:Epoch: 47 - LOSS train: 0.014776509972289204 LOSS val: 0.02300182171165943 - Elapsed time: 115.72008800506592 s
INFO:root:  batch 100 loss: 0.014596942095085979
INFO:root:LOSS train' 0.014596942095085979, 7924
INFO:root:Epoch: 48 - LOSS train: 0.014596942095085979 LOSS val: 0.022630615159869194 - Elapsed time: 115.84671449661255 s
INFO:root:  batch 100 loss: 0.014354798691347242
INFO:root:LOSS train' 0.014354798691347242, 8087
INFO:root:Epoch: 49 - LOSS train: 0.014354798691347242 LOSS val: 0.022485345602035522 - Elapsed time: 115.58026576042175 s
INFO:root:  batch 100 loss: 0.014127404512837529
INFO:root:LOSS train' 0.014127404512837529, 8250
INFO:root:Epoch: 50 - LOSS train: 0.014127404512837529 LOSS val: 0.02238091267645359 - Elapsed time: 115.6596212387085 s
INFO:root:  batch 100 loss: 0.013939747232943773
INFO:root:LOSS train' 0.013939747232943773, 8413
INFO:root:Epoch: 51 - LOSS train: 0.013939747232943773 LOSS val: 0.02232220210134983 - Elapsed time: 115.83637380599976 s
INFO:root:  batch 100 loss: 0.013754512323066593
INFO:root:LOSS train' 0.013754512323066593, 8576
INFO:root:Epoch: 52 - LOSS train: 0.013754512323066593 LOSS val: 0.022224370390176773 - Elapsed time: 115.79774951934814 s
INFO:root:  batch 100 loss: 0.013572779037058353
INFO:root:LOSS train' 0.013572779037058353, 8739
INFO:root:Epoch: 53 - LOSS train: 0.013572779037058353 LOSS val: 0.022145338356494904 - Elapsed time: 115.85038161277771 s
INFO:root:  batch 100 loss: 0.013336792988702655
INFO:root:LOSS train' 0.013336792988702655, 8902
INFO:root:Epoch: 54 - LOSS train: 0.013336792988702655 LOSS val: 0.022010978311300278 - Elapsed time: 115.8169481754303 s
INFO:root:  batch 100 loss: 0.01319908351637423
INFO:root:LOSS train' 0.01319908351637423, 9065
INFO:root:Epoch: 55 - LOSS train: 0.01319908351637423 LOSS val: 0.022088628262281418 - Elapsed time: 115.71151208877563 s
INFO:root:  batch 100 loss: 0.01300102106295526
INFO:root:LOSS train' 0.01300102106295526, 9228
INFO:root:Epoch: 56 - LOSS train: 0.01300102106295526 LOSS val: 0.02215479500591755 - Elapsed time: 115.90300941467285 s
INFO:root:  batch 100 loss: 0.012954455446451902
INFO:root:LOSS train' 0.012954455446451902, 9391
INFO:root:Epoch: 57 - LOSS train: 0.012954455446451902 LOSS val: 0.02185998298227787 - Elapsed time: 115.63919949531555 s
INFO:root:  batch 100 loss: 0.01267008918337524
INFO:root:LOSS train' 0.01267008918337524, 9554
INFO:root:Epoch: 58 - LOSS train: 0.01267008918337524 LOSS val: 0.021880166605114937 - Elapsed time: 115.64341020584106 s
INFO:root:  batch 100 loss: 0.012483311966061592
INFO:root:LOSS train' 0.012483311966061592, 9717
INFO:root:Epoch: 59 - LOSS train: 0.012483311966061592 LOSS val: 0.02183591201901436 - Elapsed time: 115.65683555603027 s
INFO:root:  batch 100 loss: 0.012377155534923077
INFO:root:LOSS train' 0.012377155534923077, 9880
INFO:root:Epoch: 60 - LOSS train: 0.012377155534923077 LOSS val: 0.021690689027309418 - Elapsed time: 115.86220502853394 s
INFO:root:  batch 100 loss: 0.012095868652686477
INFO:root:LOSS train' 0.012095868652686477, 10043
INFO:root:Epoch: 61 - LOSS train: 0.012095868652686477 LOSS val: 0.021623095497488976 - Elapsed time: 115.74317169189453 s
INFO:root:  batch 100 loss: 0.012003899533301592
INFO:root:LOSS train' 0.012003899533301592, 10206
INFO:root:Epoch: 62 - LOSS train: 0.012003899533301592 LOSS val: 0.021965602412819862 - Elapsed time: 115.8190529346466 s
INFO:root:  batch 100 loss: 0.011892517376691104
INFO:root:LOSS train' 0.011892517376691104, 10369
INFO:root:Epoch: 63 - LOSS train: 0.011892517376691104 LOSS val: 0.02154696173965931 - Elapsed time: 115.74237632751465 s
INFO:root:  batch 100 loss: 0.011775963278487324
INFO:root:LOSS train' 0.011775963278487324, 10532
INFO:root:Epoch: 64 - LOSS train: 0.011775963278487324 LOSS val: 0.021471034735441208 - Elapsed time: 115.90822148323059 s
INFO:root:  batch 100 loss: 0.011704381313174963
INFO:root:LOSS train' 0.011704381313174963, 10695
INFO:root:Epoch: 65 - LOSS train: 0.011704381313174963 LOSS val: 0.021334100514650345 - Elapsed time: 115.67723083496094 s
INFO:root:  batch 100 loss: 0.011372053362429142
INFO:root:LOSS train' 0.011372053362429142, 10858
INFO:root:Epoch: 66 - LOSS train: 0.011372053362429142 LOSS val: 0.02129209414124489 - Elapsed time: 115.72546458244324 s
INFO:root:  batch 100 loss: 0.01130351770669222
INFO:root:LOSS train' 0.01130351770669222, 11021
INFO:root:Epoch: 67 - LOSS train: 0.01130351770669222 LOSS val: 0.02157224714756012 - Elapsed time: 115.6555666923523 s
INFO:root:  batch 100 loss: 0.01124916204251349
INFO:root:LOSS train' 0.01124916204251349, 11184
INFO:root:Epoch: 68 - LOSS train: 0.01124916204251349 LOSS val: 0.021293334662914276 - Elapsed time: 115.7950074672699 s
INFO:root:  batch 100 loss: 0.011085597146302462
INFO:root:LOSS train' 0.011085597146302462, 11347
INFO:root:Epoch: 69 - LOSS train: 0.011085597146302462 LOSS val: 0.021191947162151337 - Elapsed time: 115.73748016357422 s
INFO:root:  batch 100 loss: 0.010983299100771546
INFO:root:LOSS train' 0.010983299100771546, 11510
INFO:root:Epoch: 70 - LOSS train: 0.010983299100771546 LOSS val: 0.02123391442000866 - Elapsed time: 115.83979678153992 s
INFO:root:  batch 100 loss: 0.0107773407548666
INFO:root:LOSS train' 0.0107773407548666, 11673
INFO:root:Epoch: 71 - LOSS train: 0.0107773407548666 LOSS val: 0.021211737766861916 - Elapsed time: 115.65694284439087 s
INFO:root:  batch 100 loss: 0.010743049578741193
INFO:root:LOSS train' 0.010743049578741193, 11836
INFO:root:Epoch: 72 - LOSS train: 0.010743049578741193 LOSS val: 0.021302584558725357 - Elapsed time: 115.7280261516571 s
INFO:root:  batch 100 loss: 0.010605324506759644
INFO:root:LOSS train' 0.010605324506759644, 11999
INFO:root:Epoch: 73 - LOSS train: 0.010605324506759644 LOSS val: 0.02100825123488903 - Elapsed time: 115.64175963401794 s
INFO:root:  batch 100 loss: 0.010474218493327499
INFO:root:LOSS train' 0.010474218493327499, 12162
INFO:root:Epoch: 74 - LOSS train: 0.010474218493327499 LOSS val: 0.02105659618973732 - Elapsed time: 115.8313410282135 s
INFO:root:  batch 100 loss: 0.010371740870177747
INFO:root:LOSS train' 0.010371740870177747, 12325
INFO:root:Epoch: 75 - LOSS train: 0.010371740870177747 LOSS val: 0.021157415583729744 - Elapsed time: 115.72977781295776 s
INFO:root:  batch 100 loss: 0.010315299406647683
INFO:root:LOSS train' 0.010315299406647683, 12488
INFO:root:Epoch: 76 - LOSS train: 0.010315299406647683 LOSS val: 0.020955797284841537 - Elapsed time: 115.87978529930115 s
INFO:root:  batch 100 loss: 0.010110988551750778
INFO:root:LOSS train' 0.010110988551750778, 12651
INFO:root:Epoch: 77 - LOSS train: 0.010110988551750778 LOSS val: 0.020788315683603287 - Elapsed time: 115.56454539299011 s
INFO:root:  batch 100 loss: 0.009977915156632662
INFO:root:LOSS train' 0.009977915156632662, 12814
INFO:root:Epoch: 78 - LOSS train: 0.009977915156632662 LOSS val: 0.020724141970276833 - Elapsed time: 115.71316814422607 s
INFO:root:  batch 100 loss: 0.009921758780255913
INFO:root:LOSS train' 0.009921758780255913, 12977
INFO:root:Epoch: 79 - LOSS train: 0.009921758780255913 LOSS val: 0.020972680300474167 - Elapsed time: 115.63082003593445 s
INFO:root:  batch 100 loss: 0.009850066425278782
INFO:root:LOSS train' 0.009850066425278782, 13140
INFO:root:Epoch: 80 - LOSS train: 0.009850066425278782 LOSS val: 0.020723804831504822 - Elapsed time: 115.6878273487091 s
INFO:root:  batch 100 loss: 0.009785125674679875
INFO:root:LOSS train' 0.009785125674679875, 13303
INFO:root:Epoch: 81 - LOSS train: 0.009785125674679875 LOSS val: 0.020801696926355362 - Elapsed time: 115.83565330505371 s
INFO:root:  batch 100 loss: 0.009609516644850373
INFO:root:LOSS train' 0.009609516644850373, 13466
INFO:root:Epoch: 82 - LOSS train: 0.009609516644850373 LOSS val: 0.020819632336497307 - Elapsed time: 115.80146598815918 s
INFO:root:  batch 100 loss: 0.009609325332567096
INFO:root:LOSS train' 0.009609325332567096, 13629
INFO:root:Epoch: 83 - LOSS train: 0.009609325332567096 LOSS val: 0.020720144733786583 - Elapsed time: 115.58324599266052 s
INFO:root:  batch 100 loss: 0.00953053911216557
INFO:root:LOSS train' 0.00953053911216557, 13792
INFO:root:Epoch: 84 - LOSS train: 0.00953053911216557 LOSS val: 0.020642878487706184 - Elapsed time: 115.77646279335022 s
INFO:root:  batch 100 loss: 0.009362006392329932
INFO:root:LOSS train' 0.009362006392329932, 13955
INFO:root:Epoch: 85 - LOSS train: 0.009362006392329932 LOSS val: 0.020614201202988625 - Elapsed time: 115.81186866760254 s
INFO:root:  batch 100 loss: 0.009270660392940045
INFO:root:LOSS train' 0.009270660392940045, 14118
INFO:root:Epoch: 86 - LOSS train: 0.009270660392940045 LOSS val: 0.02059626393020153 - Elapsed time: 115.85976195335388 s
INFO:root:  batch 100 loss: 0.00920478175394237
INFO:root:LOSS train' 0.00920478175394237, 14281
INFO:root:Epoch: 87 - LOSS train: 0.00920478175394237 LOSS val: 0.020515624433755875 - Elapsed time: 115.84288001060486 s
INFO:root:  batch 100 loss: 0.009050162807106972
INFO:root:LOSS train' 0.009050162807106972, 14444
INFO:root:Epoch: 88 - LOSS train: 0.009050162807106972 LOSS val: 0.020579351112246513 - Elapsed time: 115.72373723983765 s
INFO:root:  batch 100 loss: 0.009073667842894793
INFO:root:LOSS train' 0.009073667842894793, 14607
INFO:root:Epoch: 89 - LOSS train: 0.009073667842894793 LOSS val: 0.020530670881271362 - Elapsed time: 115.58867502212524 s
INFO:root:  batch 100 loss: 0.008979316456243397
INFO:root:LOSS train' 0.008979316456243397, 14770
INFO:root:Epoch: 90 - LOSS train: 0.008979316456243397 LOSS val: 0.02057706005871296 - Elapsed time: 115.6526665687561 s
INFO:root:  batch 100 loss: 0.008827235475182533
INFO:root:LOSS train' 0.008827235475182533, 14933
INFO:root:Epoch: 91 - LOSS train: 0.008827235475182533 LOSS val: 0.02058360166847706 - Elapsed time: 115.56625580787659 s
INFO:root:  batch 100 loss: 0.008737037619575859
INFO:root:LOSS train' 0.008737037619575859, 15096
INFO:root:Epoch: 92 - LOSS train: 0.008737037619575859 LOSS val: 0.020468581467866898 - Elapsed time: 115.81868505477905 s
INFO:root:  batch 100 loss: 0.008671290064230562
INFO:root:LOSS train' 0.008671290064230562, 15259
INFO:root:Epoch: 93 - LOSS train: 0.008671290064230562 LOSS val: 0.020357294008135796 - Elapsed time: 115.71067523956299 s
INFO:root:  batch 100 loss: 0.008571546645835043
INFO:root:LOSS train' 0.008571546645835043, 15422
INFO:root:Epoch: 94 - LOSS train: 0.008571546645835043 LOSS val: 0.020338008180260658 - Elapsed time: 115.79205250740051 s
INFO:root:  batch 100 loss: 0.008565102936699986
INFO:root:LOSS train' 0.008565102936699986, 15585
INFO:root:Epoch: 95 - LOSS train: 0.008565102936699986 LOSS val: 0.020319560542702675 - Elapsed time: 115.74049544334412 s
INFO:root:  batch 100 loss: 0.008497857595793903
INFO:root:LOSS train' 0.008497857595793903, 15748
INFO:root:Epoch: 96 - LOSS train: 0.008497857595793903 LOSS val: 0.02040541172027588 - Elapsed time: 115.80138874053955 s
INFO:root:  batch 100 loss: 0.008436951828189194
INFO:root:LOSS train' 0.008436951828189194, 15911
INFO:root:Epoch: 97 - LOSS train: 0.008436951828189194 LOSS val: 0.020306330174207687 - Elapsed time: 115.83609819412231 s
INFO:root:  batch 100 loss: 0.008392815655097365
INFO:root:LOSS train' 0.008392815655097365, 16074
INFO:root:Epoch: 98 - LOSS train: 0.008392815655097365 LOSS val: 0.02042352594435215 - Elapsed time: 115.7987334728241 s
INFO:root:  batch 100 loss: 0.008246055711060763
INFO:root:LOSS train' 0.008246055711060763, 16237
INFO:root:Epoch: 99 - LOSS train: 0.008246055711060763 LOSS val: 0.02022707462310791 - Elapsed time: 115.76258826255798 s
INFO:root:  batch 100 loss: 0.008155180821195245
INFO:root:LOSS train' 0.008155180821195245, 16400
INFO:root:Epoch: 100 - LOSS train: 0.008155180821195245 LOSS val: 0.020380044355988503 - Elapsed time: 115.81318783760071 s
INFO:root:  batch 100 loss: 0.008077993378974498
INFO:root:LOSS train' 0.008077993378974498, 16563
INFO:root:Epoch: 101 - LOSS train: 0.008077993378974498 LOSS val: 0.020292147994041443 - Elapsed time: 115.79559850692749 s
INFO:root:  batch 100 loss: 0.008099448569118976
INFO:root:LOSS train' 0.008099448569118976, 16726
INFO:root:Epoch: 102 - LOSS train: 0.008099448569118976 LOSS val: 0.020179562270641327 - Elapsed time: 115.95085024833679 s
INFO:root:  batch 100 loss: 0.008036858839914203
INFO:root:LOSS train' 0.008036858839914203, 16889
INFO:root:Epoch: 103 - LOSS train: 0.008036858839914203 LOSS val: 0.02023906819522381 - Elapsed time: 115.84277439117432 s
INFO:root:  batch 100 loss: 0.007916854140348732
INFO:root:LOSS train' 0.007916854140348732, 17052
INFO:root:Epoch: 104 - LOSS train: 0.007916854140348732 LOSS val: 0.0201505608856678 - Elapsed time: 115.64599370956421 s
INFO:root:  batch 100 loss: 0.00787404135800898
INFO:root:LOSS train' 0.00787404135800898, 17215
INFO:root:Epoch: 105 - LOSS train: 0.00787404135800898 LOSS val: 0.020264850929379463 - Elapsed time: 115.76387143135071 s
INFO:root:  batch 100 loss: 0.007788734417408705
INFO:root:LOSS train' 0.007788734417408705, 17378
INFO:root:Epoch: 106 - LOSS train: 0.007788734417408705 LOSS val: 0.02026946283876896 - Elapsed time: 115.80703353881836 s
INFO:root:  batch 100 loss: 0.007711323001421988
INFO:root:LOSS train' 0.007711323001421988, 17541
INFO:root:Epoch: 107 - LOSS train: 0.007711323001421988 LOSS val: 0.020103946328163147 - Elapsed time: 115.77046751976013 s
INFO:root:  batch 100 loss: 0.007703167428262532
INFO:root:LOSS train' 0.007703167428262532, 17704
INFO:root:Epoch: 108 - LOSS train: 0.007703167428262532 LOSS val: 0.020122578367590904 - Elapsed time: 115.79038047790527 s
INFO:root:  batch 100 loss: 0.00760785941965878
INFO:root:LOSS train' 0.00760785941965878, 17867
INFO:root:Epoch: 109 - LOSS train: 0.00760785941965878 LOSS val: 0.020177790895104408 - Elapsed time: 115.72541427612305 s
INFO:root:  batch 100 loss: 0.007531579779461026
INFO:root:LOSS train' 0.007531579779461026, 18030
INFO:root:Epoch: 110 - LOSS train: 0.007531579779461026 LOSS val: 0.020075852051377296 - Elapsed time: 115.93401861190796 s
INFO:root:  batch 100 loss: 0.007479799776338041
INFO:root:LOSS train' 0.007479799776338041, 18193
INFO:root:Epoch: 111 - LOSS train: 0.007479799776338041 LOSS val: 0.020122705027461052 - Elapsed time: 115.72619986534119 s
INFO:root:  batch 100 loss: 0.00743961853440851
INFO:root:LOSS train' 0.00743961853440851, 18356
INFO:root:Epoch: 112 - LOSS train: 0.00743961853440851 LOSS val: 0.020090296864509583 - Elapsed time: 115.79215717315674 s
INFO:root:  batch 100 loss: 0.007410077285021544
INFO:root:LOSS train' 0.007410077285021544, 18519
INFO:root:Epoch: 113 - LOSS train: 0.007410077285021544 LOSS val: 0.02007433772087097 - Elapsed time: 115.58545684814453 s
INFO:root:  batch 100 loss: 0.007324504167772829
INFO:root:LOSS train' 0.007324504167772829, 18682
INFO:root:Epoch: 114 - LOSS train: 0.007324504167772829 LOSS val: 0.020134009420871735 - Elapsed time: 115.80883646011353 s
INFO:root:  batch 100 loss: 0.007313289605081081
INFO:root:LOSS train' 0.007313289605081081, 18845
INFO:root:Epoch: 115 - LOSS train: 0.007313289605081081 LOSS val: 0.02004198171198368 - Elapsed time: 115.68680119514465 s
INFO:root:  batch 100 loss: 0.007278879354707897
INFO:root:LOSS train' 0.007278879354707897, 19008
INFO:root:Epoch: 116 - LOSS train: 0.007278879354707897 LOSS val: 0.019986053928732872 - Elapsed time: 115.9181056022644 s
INFO:root:  batch 100 loss: 0.007120319940149784
INFO:root:LOSS train' 0.007120319940149784, 19171
INFO:root:Epoch: 117 - LOSS train: 0.007120319940149784 LOSS val: 0.020059650763869286 - Elapsed time: 115.63744068145752 s
INFO:root:  batch 100 loss: 0.007092246054671705
INFO:root:LOSS train' 0.007092246054671705, 19334
INFO:root:Epoch: 118 - LOSS train: 0.007092246054671705 LOSS val: 0.0199875570833683 - Elapsed time: 115.7445695400238 s
INFO:root:  batch 100 loss: 0.006989309340715408
INFO:root:LOSS train' 0.006989309340715408, 19497
INFO:root:Epoch: 119 - LOSS train: 0.006989309340715408 LOSS val: 0.020047087222337723 - Elapsed time: 115.83653712272644 s
INFO:root:  batch 100 loss: 0.007035967763513327
INFO:root:LOSS train' 0.007035967763513327, 19660
INFO:root:Epoch: 120 - LOSS train: 0.007035967763513327 LOSS val: 0.01994634047150612 - Elapsed time: 115.64782881736755 s
INFO:root:  batch 100 loss: 0.006976795955561102
INFO:root:LOSS train' 0.006976795955561102, 19823
INFO:root:Epoch: 121 - LOSS train: 0.006976795955561102 LOSS val: 0.02001126855611801 - Elapsed time: 115.70828175544739 s
INFO:root:  batch 100 loss: 0.006936799949035049
INFO:root:LOSS train' 0.006936799949035049, 19986
INFO:root:Epoch: 122 - LOSS train: 0.006936799949035049 LOSS val: 0.019953181967139244 - Elapsed time: 115.7625663280487 s
INFO:root:  batch 100 loss: 0.006870675031095743
INFO:root:LOSS train' 0.006870675031095743, 20149
INFO:root:Epoch: 123 - LOSS train: 0.006870675031095743 LOSS val: 0.020020896568894386 - Elapsed time: 115.6196928024292 s
INFO:root:  batch 100 loss: 0.006816537100821734
INFO:root:LOSS train' 0.006816537100821734, 20312
INFO:root:Epoch: 124 - LOSS train: 0.006816537100821734 LOSS val: 0.019893471151590347 - Elapsed time: 115.7933976650238 s
INFO:root:  batch 100 loss: 0.006774038937874138
INFO:root:LOSS train' 0.006774038937874138, 20475
INFO:root:Epoch: 125 - LOSS train: 0.006774038937874138 LOSS val: 0.01987258717417717 - Elapsed time: 115.56672358512878 s
INFO:root:  batch 100 loss: 0.006787896072492004
INFO:root:LOSS train' 0.006787896072492004, 20638
INFO:root:Epoch: 126 - LOSS train: 0.006787896072492004 LOSS val: 0.0199989415705204 - Elapsed time: 115.80059099197388 s
INFO:root:  batch 100 loss: 0.006693559833802282
INFO:root:LOSS train' 0.006693559833802282, 20801
INFO:root:Epoch: 127 - LOSS train: 0.006693559833802282 LOSS val: 0.019848348572850227 - Elapsed time: 115.73975324630737 s
INFO:root:  batch 100 loss: 0.006630186210386455
INFO:root:LOSS train' 0.006630186210386455, 20964
INFO:root:Epoch: 128 - LOSS train: 0.006630186210386455 LOSS val: 0.019880754873156548 - Elapsed time: 115.72857713699341 s
INFO:root:  batch 100 loss: 0.006590361772105098
INFO:root:LOSS train' 0.006590361772105098, 21127
INFO:root:Epoch: 129 - LOSS train: 0.006590361772105098 LOSS val: 0.01987527869641781 - Elapsed time: 115.71630454063416 s
INFO:root:  batch 100 loss: 0.0065583614306524395
INFO:root:LOSS train' 0.0065583614306524395, 21290
INFO:root:Epoch: 130 - LOSS train: 0.0065583614306524395 LOSS val: 0.01985415630042553 - Elapsed time: 115.63813877105713 s
INFO:root:  batch 100 loss: 0.00653392163105309
INFO:root:LOSS train' 0.00653392163105309, 21453
INFO:root:Epoch: 131 - LOSS train: 0.00653392163105309 LOSS val: 0.019837139174342155 - Elapsed time: 115.57062911987305 s
INFO:root:  batch 100 loss: 0.0065090915840119124
INFO:root:LOSS train' 0.0065090915840119124, 21616
INFO:root:Epoch: 132 - LOSS train: 0.0065090915840119124 LOSS val: 0.0198799017816782 - Elapsed time: 115.82038712501526 s
INFO:root:  batch 100 loss: 0.006424860903061927
INFO:root:LOSS train' 0.006424860903061927, 21779
INFO:root:Epoch: 133 - LOSS train: 0.006424860903061927 LOSS val: 0.020009513944387436 - Elapsed time: 115.73742580413818 s
INFO:root:  batch 100 loss: 0.006446751551702618
INFO:root:LOSS train' 0.006446751551702618, 21942
INFO:root:Epoch: 134 - LOSS train: 0.006446751551702618 LOSS val: 0.019868789240717888 - Elapsed time: 115.7431070804596 s
INFO:root:  batch 100 loss: 0.00640031470451504
INFO:root:LOSS train' 0.00640031470451504, 22105
INFO:root:Epoch: 135 - LOSS train: 0.00640031470451504 LOSS val: 0.020076146349310875 - Elapsed time: 115.56281590461731 s
INFO:root:  batch 100 loss: 0.00635134800337255
INFO:root:LOSS train' 0.00635134800337255, 22268
INFO:root:Epoch: 136 - LOSS train: 0.00635134800337255 LOSS val: 0.01978481188416481 - Elapsed time: 115.79938983917236 s
INFO:root:  batch 100 loss: 0.006289382865652442
INFO:root:LOSS train' 0.006289382865652442, 22431
INFO:root:Epoch: 137 - LOSS train: 0.006289382865652442 LOSS val: 0.019883781671524048 - Elapsed time: 115.70541453361511 s
INFO:root:  batch 100 loss: 0.0062267026957124475
INFO:root:LOSS train' 0.0062267026957124475, 22594
INFO:root:Epoch: 138 - LOSS train: 0.0062267026957124475 LOSS val: 0.019774772226810455 - Elapsed time: 115.80762982368469 s
INFO:root:  batch 100 loss: 0.006210691030137241
INFO:root:LOSS train' 0.006210691030137241, 22757
INFO:root:Epoch: 139 - LOSS train: 0.006210691030137241 LOSS val: 0.01990259252488613 - Elapsed time: 115.63911628723145 s
INFO:root:  batch 100 loss: 0.0061562309460714455
INFO:root:LOSS train' 0.0061562309460714455, 22920
INFO:root:Epoch: 140 - LOSS train: 0.0061562309460714455 LOSS val: 0.01978372037410736 - Elapsed time: 115.72310519218445 s
INFO:root:  batch 100 loss: 0.006165658859536052
INFO:root:LOSS train' 0.006165658859536052, 23083
INFO:root:Epoch: 141 - LOSS train: 0.006165658859536052 LOSS val: 0.01982019655406475 - Elapsed time: 115.55593824386597 s
INFO:root:  batch 100 loss: 0.006128285909071564
INFO:root:LOSS train' 0.006128285909071564, 23246
INFO:root:Epoch: 142 - LOSS train: 0.006128285909071564 LOSS val: 0.019798053428530693 - Elapsed time: 115.90011882781982 s
INFO:root:  batch 100 loss: 0.0060561764938756825
INFO:root:LOSS train' 0.0060561764938756825, 23409
INFO:root:Epoch: 143 - LOSS train: 0.0060561764938756825 LOSS val: 0.01974034681916237 - Elapsed time: 115.54259419441223 s
INFO:root:  batch 100 loss: 0.006031105346046388
INFO:root:LOSS train' 0.006031105346046388, 23572
INFO:root:Epoch: 144 - LOSS train: 0.006031105346046388 LOSS val: 0.019748840481042862 - Elapsed time: 115.64321255683899 s
INFO:root:  batch 100 loss: 0.0060441299807280306
INFO:root:LOSS train' 0.0060441299807280306, 23735
INFO:root:Epoch: 145 - LOSS train: 0.0060441299807280306 LOSS val: 0.019740434363484383 - Elapsed time: 115.73473286628723 s
INFO:root:  batch 100 loss: 0.005978412632830441
INFO:root:LOSS train' 0.005978412632830441, 23898
INFO:root:Epoch: 146 - LOSS train: 0.005978412632830441 LOSS val: 0.0198605228215456 - Elapsed time: 115.65592932701111 s
INFO:root:  batch 100 loss: 0.0059643272450193765
INFO:root:LOSS train' 0.0059643272450193765, 24061
INFO:root:Epoch: 147 - LOSS train: 0.0059643272450193765 LOSS val: 0.019763130694627762 - Elapsed time: 115.68171381950378 s
INFO:root:  batch 100 loss: 0.005908928369171918
INFO:root:LOSS train' 0.005908928369171918, 24224
INFO:root:Epoch: 148 - LOSS train: 0.005908928369171918 LOSS val: 0.01972123049199581 - Elapsed time: 115.79008388519287 s
INFO:root:  batch 100 loss: 0.00586150121409446
INFO:root:LOSS train' 0.00586150121409446, 24387
INFO:root:Epoch: 149 - LOSS train: 0.00586150121409446 LOSS val: 0.019779248163104057 - Elapsed time: 115.7246265411377 s
INFO:root:  batch 100 loss: 0.005823237071745098
INFO:root:LOSS train' 0.005823237071745098, 24550
INFO:root:Epoch: 150 - LOSS train: 0.005823237071745098 LOSS val: 0.019707687199115753 - Elapsed time: 115.67775511741638 s
INFO:root:  batch 100 loss: 0.00579311350826174
INFO:root:LOSS train' 0.00579311350826174, 24713
INFO:root:Epoch: 151 - LOSS train: 0.00579311350826174 LOSS val: 0.02014731429517269 - Elapsed time: 115.68461060523987 s
INFO:root:  batch 100 loss: 0.005800974853336811
INFO:root:LOSS train' 0.005800974853336811, 24876
INFO:root:Epoch: 152 - LOSS train: 0.005800974853336811 LOSS val: 0.01973656564950943 - Elapsed time: 115.64792442321777 s
INFO:root:  batch 100 loss: 0.005759975272230804
INFO:root:LOSS train' 0.005759975272230804, 25039
INFO:root:Epoch: 153 - LOSS train: 0.005759975272230804 LOSS val: 0.019713109359145164 - Elapsed time: 115.61087703704834 s
INFO:root:  batch 100 loss: 0.005692042587324977
INFO:root:LOSS train' 0.005692042587324977, 25202
INFO:root:Epoch: 154 - LOSS train: 0.005692042587324977 LOSS val: 0.019692014902830124 - Elapsed time: 115.72611999511719 s
INFO:root:  batch 100 loss: 0.005708548296242952
INFO:root:LOSS train' 0.005708548296242952, 25365
INFO:root:Epoch: 155 - LOSS train: 0.005708548296242952 LOSS val: 0.01970771513879299 - Elapsed time: 115.85235047340393 s
INFO:root:  batch 100 loss: 0.005614773305132985
INFO:root:LOSS train' 0.005614773305132985, 25528
INFO:root:Epoch: 156 - LOSS train: 0.005614773305132985 LOSS val: 0.01968546025454998 - Elapsed time: 115.79150891304016 s
INFO:root:  batch 100 loss: 0.005614508865401149
INFO:root:LOSS train' 0.005614508865401149, 25691
INFO:root:Epoch: 157 - LOSS train: 0.005614508865401149 LOSS val: 0.01973256655037403 - Elapsed time: 115.65000009536743 s
INFO:root:  batch 100 loss: 0.005659370520152152
INFO:root:LOSS train' 0.005659370520152152, 25854
INFO:root:Epoch: 158 - LOSS train: 0.005659370520152152 LOSS val: 0.01972001977264881 - Elapsed time: 115.7267861366272 s
INFO:root:  batch 100 loss: 0.0056186978984624145
INFO:root:LOSS train' 0.0056186978984624145, 26017
INFO:root:Epoch: 159 - LOSS train: 0.0056186978984624145 LOSS val: 0.019688989967107773 - Elapsed time: 115.55407214164734 s
INFO:root:  batch 100 loss: 0.005485740401782096
INFO:root:LOSS train' 0.005485740401782096, 26180
INFO:root:Epoch: 160 - LOSS train: 0.005485740401782096 LOSS val: 0.01973988674581051 - Elapsed time: 115.726229429245 s
INFO:root:  batch 100 loss: 0.005477075916714967
INFO:root:LOSS train' 0.005477075916714967, 26343
INFO:root:Epoch: 161 - LOSS train: 0.005477075916714967 LOSS val: 0.0197334922850132 - Elapsed time: 115.71399927139282 s
INFO:root:  batch 100 loss: 0.005491283391602337
INFO:root:LOSS train' 0.005491283391602337, 26506
INFO:root:Epoch: 162 - LOSS train: 0.005491283391602337 LOSS val: 0.019860902801156044 - Elapsed time: 115.63337969779968 s
INFO:root:  batch 100 loss: 0.005547157172113657
INFO:root:LOSS train' 0.005547157172113657, 26669
INFO:root:Epoch: 163 - LOSS train: 0.005547157172113657 LOSS val: 0.019740445539355278 - Elapsed time: 115.65448927879333 s
INFO:root:  batch 100 loss: 0.00543944260571152
INFO:root:LOSS train' 0.00543944260571152, 26832
INFO:root:Epoch: 164 - LOSS train: 0.00543944260571152 LOSS val: 0.019617458805441856 - Elapsed time: 115.70674419403076 s
INFO:root:  batch 100 loss: 0.00537010001949966
INFO:root:LOSS train' 0.00537010001949966, 26995
INFO:root:Epoch: 165 - LOSS train: 0.00537010001949966 LOSS val: 0.019722241908311844 - Elapsed time: 115.82862949371338 s
INFO:root:  batch 100 loss: 0.005414432361721993
INFO:root:LOSS train' 0.005414432361721993, 27158
INFO:root:Epoch: 166 - LOSS train: 0.005414432361721993 LOSS val: 0.019679611548781395 - Elapsed time: 115.81995058059692 s
INFO:root:  batch 100 loss: 0.005346892322413623
INFO:root:LOSS train' 0.005346892322413623, 27321
INFO:root:Epoch: 167 - LOSS train: 0.005346892322413623 LOSS val: 0.019717035815119743 - Elapsed time: 115.59055304527283 s
INFO:root:  batch 100 loss: 0.0053201798396185045
INFO:root:LOSS train' 0.0053201798396185045, 27484
INFO:root:Epoch: 168 - LOSS train: 0.0053201798396185045 LOSS val: 0.019626367837190628 - Elapsed time: 115.78025460243225 s
INFO:root:  batch 100 loss: 0.005253148050978779
INFO:root:LOSS train' 0.005253148050978779, 27647
INFO:root:Epoch: 169 - LOSS train: 0.005253148050978779 LOSS val: 0.01975538395345211 - Elapsed time: 115.79860973358154 s
INFO:root:  batch 100 loss: 0.0052841235511004924
INFO:root:LOSS train' 0.0052841235511004924, 27810
INFO:root:Epoch: 170 - LOSS train: 0.0052841235511004924 LOSS val: 0.0198243148624897 - Elapsed time: 115.76799058914185 s
INFO:root:  batch 100 loss: 0.005375152756460011
INFO:root:LOSS train' 0.005375152756460011, 27973
INFO:root:Epoch: 171 - LOSS train: 0.005375152756460011 LOSS val: 0.019642667844891548 - Elapsed time: 115.62782597541809 s
INFO:root:  batch 100 loss: 0.005184506853111088
INFO:root:LOSS train' 0.005184506853111088, 28136
INFO:root:Epoch: 172 - LOSS train: 0.005184506853111088 LOSS val: 0.019718434661626816 - Elapsed time: 115.62498044967651 s
INFO:root:  batch 100 loss: 0.005180412544868887
INFO:root:LOSS train' 0.005180412544868887, 28299
INFO:root:Epoch: 173 - LOSS train: 0.005180412544868887 LOSS val: 0.019825812429189682 - Elapsed time: 115.73040509223938 s
INFO:root:  batch 100 loss: 0.005217708237469196
INFO:root:LOSS train' 0.005217708237469196, 28462
INFO:root:Epoch: 174 - LOSS train: 0.005217708237469196 LOSS val: 0.019609587267041206 - Elapsed time: 115.82753586769104 s
INFO:root:  batch 100 loss: 0.005211246102117002
INFO:root:LOSS train' 0.005211246102117002, 28625
INFO:root:Epoch: 175 - LOSS train: 0.005211246102117002 LOSS val: 0.01965276710689068 - Elapsed time: 115.71694540977478 s
INFO:root:  batch 100 loss: 0.0051616969984024765
INFO:root:LOSS train' 0.0051616969984024765, 28788
INFO:root:Epoch: 176 - LOSS train: 0.0051616969984024765 LOSS val: 0.019623437896370888 - Elapsed time: 115.74146461486816 s
INFO:root:  batch 100 loss: 0.005085521377623081
INFO:root:LOSS train' 0.005085521377623081, 28951
INFO:root:Epoch: 177 - LOSS train: 0.005085521377623081 LOSS val: 0.019641440361738205 - Elapsed time: 115.71435236930847 s
INFO:root:  batch 100 loss: 0.0050660193990916015
INFO:root:LOSS train' 0.0050660193990916015, 29114
INFO:root:Epoch: 178 - LOSS train: 0.0050660193990916015 LOSS val: 0.019628653302788734 - Elapsed time: 115.89735269546509 s
INFO:root:  batch 100 loss: 0.005041071395389736
INFO:root:LOSS train' 0.005041071395389736, 29277
INFO:root:Epoch: 179 - LOSS train: 0.005041071395389736 LOSS val: 0.019687145948410034 - Elapsed time: 115.5699782371521 s
INFO:root:  batch 100 loss: 0.005044804299250245
INFO:root:LOSS train' 0.005044804299250245, 29440
INFO:root:Epoch: 180 - LOSS train: 0.005044804299250245 LOSS val: 0.019659481942653656 - Elapsed time: 115.82406640052795 s
INFO:root:  batch 100 loss: 0.0050243866071105
INFO:root:LOSS train' 0.0050243866071105, 29603
INFO:root:Epoch: 181 - LOSS train: 0.0050243866071105 LOSS val: 0.019626261666417122 - Elapsed time: 115.59907817840576 s
INFO:root:  batch 100 loss: 0.00496678676456213
INFO:root:LOSS train' 0.00496678676456213, 29766
INFO:root:Epoch: 182 - LOSS train: 0.00496678676456213 LOSS val: 0.019663462415337563 - Elapsed time: 115.81286859512329 s
INFO:root:  batch 100 loss: 0.004957035989500582
INFO:root:LOSS train' 0.004957035989500582, 29929
INFO:root:Epoch: 183 - LOSS train: 0.004957035989500582 LOSS val: 0.019835596904158592 - Elapsed time: 115.67208480834961 s
INFO:root:  batch 100 loss: 0.005076722418889404
INFO:root:LOSS train' 0.005076722418889404, 30092
INFO:root:Epoch: 184 - LOSS train: 0.005076722418889404 LOSS val: 0.019637398421764374 - Elapsed time: 115.81979393959045 s
INFO:root:  batch 100 loss: 0.004887160747312009
INFO:root:LOSS train' 0.004887160747312009, 30255
INFO:root:Epoch: 185 - LOSS train: 0.004887160747312009 LOSS val: 0.019647473469376564 - Elapsed time: 115.55000114440918 s
INFO:root:  batch 100 loss: 0.004889806164428591
INFO:root:LOSS train' 0.004889806164428591, 30418
INFO:root:Epoch: 186 - LOSS train: 0.004889806164428591 LOSS val: 0.019689109176397324 - Elapsed time: 115.73240518569946 s
INFO:root:  batch 100 loss: 0.004962798482738435
INFO:root:LOSS train' 0.004962798482738435, 30581
INFO:root:Epoch: 187 - LOSS train: 0.004962798482738435 LOSS val: 0.01976732723414898 - Elapsed time: 115.72937345504761 s
INFO:root:  batch 100 loss: 0.004843327207490802
INFO:root:LOSS train' 0.004843327207490802, 30744
INFO:root:Epoch: 188 - LOSS train: 0.004843327207490802 LOSS val: 0.019716773182153702 - Elapsed time: 115.73844385147095 s
INFO:root:  batch 100 loss: 0.004965784284286201
INFO:root:LOSS train' 0.004965784284286201, 30907
INFO:root:Epoch: 189 - LOSS train: 0.004965784284286201 LOSS val: 0.019629869610071182 - Elapsed time: 115.73131155967712 s
INFO:root:  batch 100 loss: 0.0047979957051575185
INFO:root:LOSS train' 0.0047979957051575185, 31070
INFO:root:Epoch: 190 - LOSS train: 0.0047979957051575185 LOSS val: 0.019666139036417007 - Elapsed time: 115.65915536880493 s
INFO:root:  batch 100 loss: 0.004791834158822894
INFO:root:LOSS train' 0.004791834158822894, 31233
INFO:root:Epoch: 191 - LOSS train: 0.004791834158822894 LOSS val: 0.01964791864156723 - Elapsed time: 115.72754526138306 s
INFO:root:  batch 100 loss: 0.004757297867909074
INFO:root:LOSS train' 0.004757297867909074, 31396
INFO:root:Epoch: 192 - LOSS train: 0.004757297867909074 LOSS val: 0.019864846020936966 - Elapsed time: 115.90388178825378 s
INFO:root:  batch 100 loss: 0.004896846073679626
INFO:root:LOSS train' 0.004896846073679626, 31559
INFO:root:Epoch: 193 - LOSS train: 0.004896846073679626 LOSS val: 0.019674137234687805 - Elapsed time: 115.58074808120728 s
INFO:root:  batch 100 loss: 0.004704164401628077
INFO:root:LOSS train' 0.004704164401628077, 31722
INFO:root:Epoch: 194 - LOSS train: 0.004704164401628077 LOSS val: 0.019641898572444916 - Elapsed time: 115.7082679271698 s
INFO:root:  batch 100 loss: 0.004693799181841314
INFO:root:LOSS train' 0.004693799181841314, 31885
INFO:root:Epoch: 195 - LOSS train: 0.004693799181841314 LOSS val: 0.01958480477333069 - Elapsed time: 115.72485303878784 s
INFO:root:  batch 100 loss: 0.0047419164003804325
INFO:root:LOSS train' 0.0047419164003804325, 32048
INFO:root:Epoch: 196 - LOSS train: 0.0047419164003804325 LOSS val: 0.019668376073241234 - Elapsed time: 115.86656761169434 s
INFO:root:  batch 100 loss: 0.004701416152529419
INFO:root:LOSS train' 0.004701416152529419, 32211
INFO:root:Epoch: 197 - LOSS train: 0.004701416152529419 LOSS val: 0.01966973766684532 - Elapsed time: 115.73734903335571 s
INFO:root:  batch 100 loss: 0.004663581806235015
INFO:root:LOSS train' 0.004663581806235015, 32374
INFO:root:Epoch: 198 - LOSS train: 0.004663581806235015 LOSS val: 0.019650539383292198 - Elapsed time: 115.7369134426117 s
INFO:root:  batch 100 loss: 0.004677844378165901
INFO:root:LOSS train' 0.004677844378165901, 32537
INFO:root:Epoch: 199 - LOSS train: 0.004677844378165901 LOSS val: 0.019639134407043457 - Elapsed time: 115.64419293403625 s
INFO:root:*************
INFO:root:             
INFO:root:Starting to test....
INFO:root:             
INFO:root:OneStep loss: 0.019737424328923225
INFO:root:Scalar loss: 0.029281271621584892
INFO:root:Vector loss: 0.014965499751269817
INFO:root:             
INFO:root:Done.
