INFO:root:*************
INFO:root:             
INFO:root:model chosen: CR
INFO:root:multivector activation function?: 3
INFO:root:training trajectories: 10400
INFO:root:training epochs: 200
INFO:root:training batchsize: 16
INFO:root:learning rate: 0.0001
INFO:root:seed: 333
INFO:root:patience: 15
INFO:root:training dataset path: datasets/trainingdataviscous/
INFO:root:test dataset path: datasets/testdataviscous/
INFO:root:             
INFO:root:*************
INFO:root:Using device: cuda
INFO:root:[[[1.6940998  1.5566934  1.3046039  1.0440726 ]
  [1.6066581  1.3995012  1.342347   1.233624  ]
  [1.4666691  1.3354036  1.3883016  1.2737162 ]
  [1.4122795  1.3854291  1.4587754  1.339578  ]]

 [[1.6459564  1.3450366  1.0299298  0.77708894]
  [1.6489182  1.5250436  1.3721011  1.2203181 ]
  [1.4844782  1.3996952  1.3643513  1.3251002 ]
  [1.3969231  1.3963239  1.4048748  1.4067723 ]]]
INFO:root:****
INFO:root:[[[1.6940998  1.5566934  1.3046039  1.0440726 ]
  [1.6066581  1.3995012  1.342347   1.233624  ]
  [1.4666691  1.3354036  1.3883016  1.2737162 ]
  [1.4122795  1.3854291  1.4587754  1.339578  ]]

 [[1.6459564  1.3450366  1.0299298  0.77708894]
  [1.6489182  1.5250436  1.3721011  1.2203181 ]
  [1.4844782  1.3996952  1.3643513  1.3251002 ]
  [1.3969231  1.3963239  1.4048748  1.4067723 ]]]
INFO:root:Train input shape: torch.Size([10400, 2, 128, 128, 3])
INFO:root:Train labels shape: torch.Size([10400, 1, 128, 128, 3])
INFO:root:                   
INFO:root:Val input shape: torch.Size([4680, 2, 128, 128, 3])
INFO:root:Val labels shape: torch.Size([4680, 1, 128, 128, 3])
INFO:root:*************
INFO:root:             
INFO:root:Starting to train....
INFO:root:  batch 100 loss: 0.2225709092617035
INFO:root:LOSS train' 0.2225709092617035, 100
INFO:root:  batch 200 loss: 0.1498952741920948
INFO:root:LOSS train' 0.1498952741920948, 200
INFO:root:  batch 300 loss: 0.13580242186784744
INFO:root:LOSS train' 0.13580242186784744, 300
INFO:root:  batch 400 loss: 0.11763702847063541
INFO:root:LOSS train' 0.11763702847063541, 400
INFO:root:  batch 500 loss: 0.10696481510996819
INFO:root:LOSS train' 0.10696481510996819, 500
INFO:root:  batch 600 loss: 0.1031011401861906
INFO:root:LOSS train' 0.1031011401861906, 600
INFO:root:Epoch: 0 - LOSS train: 0.1031011401861906 LOSS val: 0.08760783076286316 - Elapsed time: 254.8395013809204 s
INFO:root:  batch 100 loss: 0.09003523252904415
INFO:root:LOSS train' 0.09003523252904415, 750
INFO:root:  batch 200 loss: 0.0837765346467495
INFO:root:LOSS train' 0.0837765346467495, 850
INFO:root:  batch 300 loss: 0.08024736255407333
INFO:root:LOSS train' 0.08024736255407333, 950
INFO:root:  batch 400 loss: 0.07626568652689457
INFO:root:LOSS train' 0.07626568652689457, 1050
INFO:root:  batch 500 loss: 0.07322319000959396
INFO:root:LOSS train' 0.07322319000959396, 1150
INFO:root:  batch 600 loss: 0.06790664877742529
INFO:root:LOSS train' 0.06790664877742529, 1250
INFO:root:Epoch: 1 - LOSS train: 0.06790664877742529 LOSS val: 0.06340711563825607 - Elapsed time: 253.2051043510437 s
INFO:root:  batch 100 loss: 0.0634755701944232
INFO:root:LOSS train' 0.0634755701944232, 1400
INFO:root:  batch 200 loss: 0.06128682270646095
INFO:root:LOSS train' 0.06128682270646095, 1500
INFO:root:  batch 300 loss: 0.06216209974139929
INFO:root:LOSS train' 0.06216209974139929, 1600
INFO:root:  batch 400 loss: 0.056768780723214146
INFO:root:LOSS train' 0.056768780723214146, 1700
INFO:root:  batch 500 loss: 0.056455862410366535
INFO:root:LOSS train' 0.056455862410366535, 1800
INFO:root:  batch 600 loss: 0.06215597204864025
INFO:root:LOSS train' 0.06215597204864025, 1900
INFO:root:Epoch: 2 - LOSS train: 0.06215597204864025 LOSS val: 0.050276197493076324 - Elapsed time: 253.59550142288208 s
INFO:root:  batch 100 loss: 0.05097813379019499
INFO:root:LOSS train' 0.05097813379019499, 2050
INFO:root:  batch 200 loss: 0.050983603224158285
INFO:root:LOSS train' 0.050983603224158285, 2150
INFO:root:  batch 300 loss: 0.04926435962319374
INFO:root:LOSS train' 0.04926435962319374, 2250
INFO:root:  batch 400 loss: 0.04748745065182448
INFO:root:LOSS train' 0.04748745065182448, 2350
INFO:root:  batch 500 loss: 0.050867898389697075
INFO:root:LOSS train' 0.050867898389697075, 2450
INFO:root:  batch 600 loss: 0.049558311961591245
INFO:root:LOSS train' 0.049558311961591245, 2550
INFO:root:Epoch: 3 - LOSS train: 0.049558311961591245 LOSS val: 0.04234527051448822 - Elapsed time: 253.75173425674438 s
INFO:root:  batch 100 loss: 0.04399563055485487
INFO:root:LOSS train' 0.04399563055485487, 2700
INFO:root:  batch 200 loss: 0.04358223266899586
INFO:root:LOSS train' 0.04358223266899586, 2800
INFO:root:  batch 300 loss: 0.04325072452425957
INFO:root:LOSS train' 0.04325072452425957, 2900
INFO:root:  batch 400 loss: 0.042622622027993204
INFO:root:LOSS train' 0.042622622027993204, 3000
INFO:root:  batch 500 loss: 0.04426909599453211
INFO:root:LOSS train' 0.04426909599453211, 3100
INFO:root:  batch 600 loss: 0.03990861155092716
INFO:root:LOSS train' 0.03990861155092716, 3200
INFO:root:Epoch: 4 - LOSS train: 0.03990861155092716 LOSS val: 0.03917182981967926 - Elapsed time: 253.38667011260986 s
INFO:root:  batch 100 loss: 0.04062320310622454
INFO:root:LOSS train' 0.04062320310622454, 3350
INFO:root:  batch 200 loss: 0.0383540415391326
INFO:root:LOSS train' 0.0383540415391326, 3450
INFO:root:  batch 300 loss: 0.03729218166321516
INFO:root:LOSS train' 0.03729218166321516, 3550
INFO:root:  batch 400 loss: 0.03763716235756874
INFO:root:LOSS train' 0.03763716235756874, 3650
INFO:root:  batch 500 loss: 0.03579387396574021
INFO:root:LOSS train' 0.03579387396574021, 3750
INFO:root:  batch 600 loss: 0.039942601248621944
INFO:root:LOSS train' 0.039942601248621944, 3850
INFO:root:Epoch: 5 - LOSS train: 0.039942601248621944 LOSS val: 0.0337647870182991 - Elapsed time: 253.28572940826416 s
INFO:root:  batch 100 loss: 0.03710902443155646
INFO:root:LOSS train' 0.03710902443155646, 4000
INFO:root:  batch 200 loss: 0.03452483359724283
INFO:root:LOSS train' 0.03452483359724283, 4100
INFO:root:  batch 300 loss: 0.034435737635940315
INFO:root:LOSS train' 0.034435737635940315, 4200
INFO:root:  batch 400 loss: 0.033201535884290936
INFO:root:LOSS train' 0.033201535884290936, 4300
INFO:root:  batch 500 loss: 0.03373998561874032
INFO:root:LOSS train' 0.03373998561874032, 4400
INFO:root:  batch 600 loss: 0.03402830289676786
INFO:root:LOSS train' 0.03402830289676786, 4500
INFO:root:Epoch: 6 - LOSS train: 0.03402830289676786 LOSS val: 0.03186141327023506 - Elapsed time: 253.95184016227722 s
INFO:root:  batch 100 loss: 0.03148090958595276
INFO:root:LOSS train' 0.03148090958595276, 4650
INFO:root:  batch 200 loss: 0.03388426799327135
INFO:root:LOSS train' 0.03388426799327135, 4750
INFO:root:  batch 300 loss: 0.032388142757117745
INFO:root:LOSS train' 0.032388142757117745, 4850
INFO:root:  batch 400 loss: 0.03072905369102955
INFO:root:LOSS train' 0.03072905369102955, 4950
INFO:root:  batch 500 loss: 0.06099432464689016
INFO:root:LOSS train' 0.06099432464689016, 5050
INFO:root:  batch 600 loss: 0.036308978162705896
INFO:root:LOSS train' 0.036308978162705896, 5150
INFO:root:Epoch: 7 - LOSS train: 0.036308978162705896 LOSS val: 0.032071955502033234 - Elapsed time: 253.38038039207458 s
INFO:root:  batch 100 loss: 0.0332285738363862
INFO:root:LOSS train' 0.0332285738363862, 5300
INFO:root:  batch 200 loss: 0.030469981376081704
INFO:root:LOSS train' 0.030469981376081704, 5400
INFO:root:  batch 300 loss: 0.031535898540169
INFO:root:LOSS train' 0.031535898540169, 5500
INFO:root:  batch 400 loss: 0.031176821626722813
INFO:root:LOSS train' 0.031176821626722813, 5600
INFO:root:  batch 500 loss: 0.030127111561596392
INFO:root:LOSS train' 0.030127111561596392, 5700
INFO:root:  batch 600 loss: 0.031778802294284106
INFO:root:LOSS train' 0.031778802294284106, 5800
INFO:root:Epoch: 8 - LOSS train: 0.031778802294284106 LOSS val: 0.029045643284916878 - Elapsed time: 253.54790592193604 s
INFO:root:  batch 100 loss: 0.028191639110445976
INFO:root:LOSS train' 0.028191639110445976, 5950
INFO:root:  batch 200 loss: 0.02808099942281842
INFO:root:LOSS train' 0.02808099942281842, 6050
INFO:root:  batch 300 loss: 0.0292806357704103
INFO:root:LOSS train' 0.0292806357704103, 6150
INFO:root:  batch 400 loss: 0.027839735448360443
INFO:root:LOSS train' 0.027839735448360443, 6250
INFO:root:  batch 500 loss: 0.0312341727130115
INFO:root:LOSS train' 0.0312341727130115, 6350
INFO:root:  batch 600 loss: 0.028441422395408155
INFO:root:LOSS train' 0.028441422395408155, 6450
INFO:root:Epoch: 9 - LOSS train: 0.028441422395408155 LOSS val: 0.03200070187449455 - Elapsed time: 253.82657051086426 s
INFO:root:  batch 100 loss: 0.027055267691612244
INFO:root:LOSS train' 0.027055267691612244, 6600
INFO:root:  batch 200 loss: 0.027813636343926192
INFO:root:LOSS train' 0.027813636343926192, 6700
INFO:root:  batch 300 loss: 0.028868431877344846
INFO:root:LOSS train' 0.028868431877344846, 6800
INFO:root:  batch 400 loss: 0.038055805414915087
INFO:root:LOSS train' 0.038055805414915087, 6900
INFO:root:  batch 500 loss: 0.04947511294856668
INFO:root:LOSS train' 0.04947511294856668, 7000
INFO:root:  batch 600 loss: 0.03379281518980861
INFO:root:LOSS train' 0.03379281518980861, 7100
INFO:root:Epoch: 10 - LOSS train: 0.03379281518980861 LOSS val: 0.027086513116955757 - Elapsed time: 253.53045082092285 s
INFO:root:  batch 100 loss: 0.027440541088581086
INFO:root:LOSS train' 0.027440541088581086, 7250
INFO:root:  batch 200 loss: 0.027351752538233996
INFO:root:LOSS train' 0.027351752538233996, 7350
INFO:root:  batch 300 loss: 0.025738263912498952
INFO:root:LOSS train' 0.025738263912498952, 7450
INFO:root:  batch 400 loss: 0.027533415369689465
INFO:root:LOSS train' 0.027533415369689465, 7550
INFO:root:  batch 500 loss: 0.02493466729298234
INFO:root:LOSS train' 0.02493466729298234, 7650
INFO:root:  batch 600 loss: 0.025921281091868878
INFO:root:LOSS train' 0.025921281091868878, 7750
INFO:root:Epoch: 11 - LOSS train: 0.025921281091868878 LOSS val: 0.041263360530138016 - Elapsed time: 253.47344136238098 s
INFO:root:  batch 100 loss: 0.028230400551110507
INFO:root:LOSS train' 0.028230400551110507, 7900
INFO:root:  batch 200 loss: 0.024513354785740377
INFO:root:LOSS train' 0.024513354785740377, 8000
INFO:root:  batch 300 loss: 0.024586901348084212
INFO:root:LOSS train' 0.024586901348084212, 8100
INFO:root:  batch 400 loss: 0.024625340476632118
INFO:root:LOSS train' 0.024625340476632118, 8200
INFO:root:  batch 500 loss: 0.024749644324183463
INFO:root:LOSS train' 0.024749644324183463, 8300
INFO:root:  batch 600 loss: 0.023400730825960635
INFO:root:LOSS train' 0.023400730825960635, 8400
INFO:root:Epoch: 12 - LOSS train: 0.023400730825960635 LOSS val: 0.023167837411165237 - Elapsed time: 253.517103433609 s
INFO:root:  batch 100 loss: 0.025682511981576683
INFO:root:LOSS train' 0.025682511981576683, 8550
INFO:root:  batch 200 loss: 0.023466144613921644
INFO:root:LOSS train' 0.023466144613921644, 8650
INFO:root:  batch 300 loss: 0.02235413506627083
INFO:root:LOSS train' 0.02235413506627083, 8750
INFO:root:  batch 400 loss: 0.02313572484999895
INFO:root:LOSS train' 0.02313572484999895, 8850
INFO:root:  batch 500 loss: 0.023752072155475618
INFO:root:LOSS train' 0.023752072155475618, 8950
INFO:root:  batch 600 loss: 0.024131262358278036
INFO:root:LOSS train' 0.024131262358278036, 9050
INFO:root:Epoch: 13 - LOSS train: 0.024131262358278036 LOSS val: 0.02172594703733921 - Elapsed time: 253.64014077186584 s
INFO:root:  batch 100 loss: 0.02263633143156767
INFO:root:LOSS train' 0.02263633143156767, 9200
INFO:root:  batch 200 loss: 0.021905513051897287
INFO:root:LOSS train' 0.021905513051897287, 9300
INFO:root:  batch 300 loss: 0.023436495065689088
INFO:root:LOSS train' 0.023436495065689088, 9400
INFO:root:  batch 400 loss: 0.022348058577626943
INFO:root:LOSS train' 0.022348058577626943, 9500
INFO:root:  batch 500 loss: 0.024433004800230265
INFO:root:LOSS train' 0.024433004800230265, 9600
INFO:root:  batch 600 loss: 0.022401854898780584
INFO:root:LOSS train' 0.022401854898780584, 9700
INFO:root:Epoch: 14 - LOSS train: 0.022401854898780584 LOSS val: 0.02115633711218834 - Elapsed time: 253.7745659351349 s
INFO:root:  batch 100 loss: 0.021199730951339008
INFO:root:LOSS train' 0.021199730951339008, 9850
INFO:root:  batch 200 loss: 0.021683773547410964
INFO:root:LOSS train' 0.021683773547410964, 9950
INFO:root:  batch 300 loss: 0.02306509654968977
INFO:root:LOSS train' 0.02306509654968977, 10050
INFO:root:  batch 400 loss: 0.02343580709770322
INFO:root:LOSS train' 0.02343580709770322, 10150
INFO:root:  batch 500 loss: 0.020979842636734247
INFO:root:LOSS train' 0.020979842636734247, 10250
INFO:root:  batch 600 loss: 0.021021739076822997
INFO:root:LOSS train' 0.021021739076822997, 10350
INFO:root:Epoch: 15 - LOSS train: 0.021021739076822997 LOSS val: 0.02048487775027752 - Elapsed time: 253.80841159820557 s
INFO:root:  batch 100 loss: 0.021051638331264257
INFO:root:LOSS train' 0.021051638331264257, 10500
INFO:root:  batch 200 loss: 0.02061623688787222
INFO:root:LOSS train' 0.02061623688787222, 10600
INFO:root:  batch 300 loss: 0.020665255952626468
INFO:root:LOSS train' 0.020665255952626468, 10700
INFO:root:  batch 400 loss: 0.020776314083486794
INFO:root:LOSS train' 0.020776314083486794, 10800
INFO:root:  batch 500 loss: 0.019846586529165506
INFO:root:LOSS train' 0.019846586529165506, 10900
INFO:root:  batch 600 loss: 0.02102209648117423
INFO:root:LOSS train' 0.02102209648117423, 11000
INFO:root:Epoch: 16 - LOSS train: 0.02102209648117423 LOSS val: 0.019870007410645485 - Elapsed time: 253.76516127586365 s
INFO:root:  batch 100 loss: 0.019863471388816833
INFO:root:LOSS train' 0.019863471388816833, 11150
INFO:root:  batch 200 loss: 0.0209655730612576
INFO:root:LOSS train' 0.0209655730612576, 11250
INFO:root:  batch 300 loss: 0.019609451219439508
INFO:root:LOSS train' 0.019609451219439508, 11350
INFO:root:  batch 400 loss: 0.022238114774227144
INFO:root:LOSS train' 0.022238114774227144, 11450
INFO:root:  batch 500 loss: 0.020652178023010493
INFO:root:LOSS train' 0.020652178023010493, 11550
INFO:root:  batch 600 loss: 0.02582607887685299
INFO:root:LOSS train' 0.02582607887685299, 11650
INFO:root:Epoch: 17 - LOSS train: 0.02582607887685299 LOSS val: 0.019523676484823227 - Elapsed time: 253.7783830165863 s
INFO:root:  batch 100 loss: 0.019545421414077283
INFO:root:LOSS train' 0.019545421414077283, 11800
INFO:root:  batch 200 loss: 0.019745015352964402
INFO:root:LOSS train' 0.019745015352964402, 11900
INFO:root:  batch 300 loss: 0.019845462702214718
INFO:root:LOSS train' 0.019845462702214718, 12000
INFO:root:  batch 400 loss: 0.025487572271376848
INFO:root:LOSS train' 0.025487572271376848, 12100
INFO:root:  batch 500 loss: 0.0201595026999712
INFO:root:LOSS train' 0.0201595026999712, 12200
INFO:root:  batch 600 loss: 0.0194204025156796
INFO:root:LOSS train' 0.0194204025156796, 12300
INFO:root:Epoch: 18 - LOSS train: 0.0194204025156796 LOSS val: 0.019872989505529404 - Elapsed time: 253.8492612838745 s
INFO:root:  batch 100 loss: 0.018396429494023325
INFO:root:LOSS train' 0.018396429494023325, 12450
INFO:root:  batch 200 loss: 0.01899423737078905
INFO:root:LOSS train' 0.01899423737078905, 12550
INFO:root:  batch 300 loss: 0.018527894131839275
INFO:root:LOSS train' 0.018527894131839275, 12650
INFO:root:  batch 400 loss: 0.01849729919806123
INFO:root:LOSS train' 0.01849729919806123, 12750
INFO:root:  batch 500 loss: 0.018201597239822148
INFO:root:LOSS train' 0.018201597239822148, 12850
INFO:root:  batch 600 loss: 0.018188014253973962
INFO:root:LOSS train' 0.018188014253973962, 12950
INFO:root:Epoch: 19 - LOSS train: 0.018188014253973962 LOSS val: 0.017859313637018204 - Elapsed time: 253.393652677536 s
INFO:root:  batch 100 loss: 0.020451474310830234
INFO:root:LOSS train' 0.020451474310830234, 13100
INFO:root:  batch 200 loss: 0.01828723222017288
INFO:root:LOSS train' 0.01828723222017288, 13200
INFO:root:  batch 300 loss: 0.02595936205238104
INFO:root:LOSS train' 0.02595936205238104, 13300
INFO:root:  batch 400 loss: 0.021568121258169412
INFO:root:LOSS train' 0.021568121258169412, 13400
INFO:root:  batch 500 loss: 0.018234824426472188
INFO:root:LOSS train' 0.018234824426472188, 13500
INFO:root:  batch 600 loss: 0.01843114578165114
INFO:root:LOSS train' 0.01843114578165114, 13600
INFO:root:Epoch: 20 - LOSS train: 0.01843114578165114 LOSS val: 0.017494989559054375 - Elapsed time: 253.44889879226685 s
INFO:root:  batch 100 loss: 0.01780243933200836
INFO:root:LOSS train' 0.01780243933200836, 13750
INFO:root:  batch 200 loss: 0.019993444802239538
INFO:root:LOSS train' 0.019993444802239538, 13850
INFO:root:  batch 300 loss: 0.021197950346395374
INFO:root:LOSS train' 0.021197950346395374, 13950
INFO:root:  batch 400 loss: 0.01823629700578749
INFO:root:LOSS train' 0.01823629700578749, 14050
INFO:root:  batch 500 loss: 0.020547058060765268
INFO:root:LOSS train' 0.020547058060765268, 14150
INFO:root:  batch 600 loss: 0.01766784886829555
INFO:root:LOSS train' 0.01766784886829555, 14250
INFO:root:Epoch: 21 - LOSS train: 0.01766784886829555 LOSS val: 0.017084287479519844 - Elapsed time: 253.73454594612122 s
INFO:root:  batch 100 loss: 0.017779276948422195
INFO:root:LOSS train' 0.017779276948422195, 14400
INFO:root:  batch 200 loss: 0.017181762205436827
INFO:root:LOSS train' 0.017181762205436827, 14500
INFO:root:  batch 300 loss: 0.01712955382652581
INFO:root:LOSS train' 0.01712955382652581, 14600
INFO:root:  batch 400 loss: 0.01713785922154784
INFO:root:LOSS train' 0.01713785922154784, 14700
INFO:root:  batch 500 loss: 0.016712458515539767
INFO:root:LOSS train' 0.016712458515539767, 14800
INFO:root:  batch 600 loss: 0.01682763049378991
INFO:root:LOSS train' 0.01682763049378991, 14900
INFO:root:Epoch: 22 - LOSS train: 0.01682763049378991 LOSS val: 0.01776214875280857 - Elapsed time: 253.29698872566223 s
INFO:root:  batch 100 loss: 0.017469362253323198
INFO:root:LOSS train' 0.017469362253323198, 15050
INFO:root:  batch 200 loss: 0.01669464315287769
INFO:root:LOSS train' 0.01669464315287769, 15150
INFO:root:  batch 300 loss: 0.016475998582318425
INFO:root:LOSS train' 0.016475998582318425, 15250
INFO:root:  batch 400 loss: 0.03735977116040885
INFO:root:LOSS train' 0.03735977116040885, 15350
INFO:root:  batch 500 loss: 0.029162666629999875
INFO:root:LOSS train' 0.029162666629999875, 15450
INFO:root:  batch 600 loss: 0.019872030541300774
INFO:root:LOSS train' 0.019872030541300774, 15550
INFO:root:Epoch: 23 - LOSS train: 0.019872030541300774 LOSS val: 0.01827387884259224 - Elapsed time: 253.208664894104 s
INFO:root:  batch 100 loss: 0.018397945621982218
INFO:root:LOSS train' 0.018397945621982218, 15700
INFO:root:  batch 200 loss: 0.017868940345942975
INFO:root:LOSS train' 0.017868940345942975, 15800
INFO:root:  batch 300 loss: 0.017004403499886394
INFO:root:LOSS train' 0.017004403499886394, 15900
INFO:root:  batch 400 loss: 0.016983534032478927
INFO:root:LOSS train' 0.016983534032478927, 16000
INFO:root:  batch 500 loss: 0.024143562093377112
INFO:root:LOSS train' 0.024143562093377112, 16100
INFO:root:  batch 600 loss: 0.01697409015148878
INFO:root:LOSS train' 0.01697409015148878, 16200
INFO:root:Epoch: 24 - LOSS train: 0.01697409015148878 LOSS val: 0.017344914376735687 - Elapsed time: 253.30308938026428 s
INFO:root:  batch 100 loss: 0.016614085985347627
INFO:root:LOSS train' 0.016614085985347627, 16350
INFO:root:  batch 200 loss: 0.01622983512468636
INFO:root:LOSS train' 0.01622983512468636, 16450
INFO:root:  batch 300 loss: 0.016072752429172398
INFO:root:LOSS train' 0.016072752429172398, 16550
INFO:root:  batch 400 loss: 0.01622876570560038
INFO:root:LOSS train' 0.01622876570560038, 16650
INFO:root:  batch 500 loss: 0.01769122143276036
INFO:root:LOSS train' 0.01769122143276036, 16750
INFO:root:  batch 600 loss: 0.019416117537766696
INFO:root:LOSS train' 0.019416117537766696, 16850
INFO:root:Epoch: 25 - LOSS train: 0.019416117537766696 LOSS val: 0.016090162098407745 - Elapsed time: 253.20431661605835 s
INFO:root:  batch 100 loss: 0.01594530855305493
INFO:root:LOSS train' 0.01594530855305493, 17000
INFO:root:  batch 200 loss: 0.016079978458583354
INFO:root:LOSS train' 0.016079978458583354, 17100
INFO:root:  batch 300 loss: 0.015811467925086618
INFO:root:LOSS train' 0.015811467925086618, 17200
INFO:root:  batch 400 loss: 0.0157047678809613
INFO:root:LOSS train' 0.0157047678809613, 17300
INFO:root:  batch 500 loss: 0.022952200453728436
INFO:root:LOSS train' 0.022952200453728436, 17400
INFO:root:  batch 600 loss: 0.01926549181342125
INFO:root:LOSS train' 0.01926549181342125, 17500
INFO:root:Epoch: 26 - LOSS train: 0.01926549181342125 LOSS val: 0.015917498618364334 - Elapsed time: 253.4339725971222 s
INFO:root:  batch 100 loss: 0.016065625622868538
INFO:root:LOSS train' 0.016065625622868538, 17650
INFO:root:  batch 200 loss: 0.015694477306678892
INFO:root:LOSS train' 0.015694477306678892, 17750
INFO:root:  batch 300 loss: 0.015288332300260664
INFO:root:LOSS train' 0.015288332300260664, 17850
INFO:root:  batch 400 loss: 0.015725763738155363
INFO:root:LOSS train' 0.015725763738155363, 17950
INFO:root:  batch 500 loss: 0.015250801173970104
INFO:root:LOSS train' 0.015250801173970104, 18050
INFO:root:  batch 600 loss: 0.015719427252188323
INFO:root:LOSS train' 0.015719427252188323, 18150
INFO:root:Epoch: 27 - LOSS train: 0.015719427252188323 LOSS val: 0.014970257878303528 - Elapsed time: 253.01864004135132 s
INFO:root:  batch 100 loss: 0.014955227505415678
INFO:root:LOSS train' 0.014955227505415678, 18300
INFO:root:  batch 200 loss: 0.015315674003213644
INFO:root:LOSS train' 0.015315674003213644, 18400
INFO:root:  batch 300 loss: 0.015485308878123761
INFO:root:LOSS train' 0.015485308878123761, 18500
INFO:root:  batch 400 loss: 0.015068347714841366
INFO:root:LOSS train' 0.015068347714841366, 18600
INFO:root:  batch 500 loss: 0.014977558050304651
INFO:root:LOSS train' 0.014977558050304651, 18700
INFO:root:  batch 600 loss: 0.015434181466698647
INFO:root:LOSS train' 0.015434181466698647, 18800
INFO:root:Epoch: 28 - LOSS train: 0.015434181466698647 LOSS val: 0.014893629588186741 - Elapsed time: 253.05277132987976 s
INFO:root:  batch 100 loss: 0.014896845649927855
INFO:root:LOSS train' 0.014896845649927855, 18950
INFO:root:  batch 200 loss: 0.015037454050034284
INFO:root:LOSS train' 0.015037454050034284, 19050
INFO:root:  batch 300 loss: 0.01484489074908197
INFO:root:LOSS train' 0.01484489074908197, 19150
INFO:root:  batch 400 loss: 0.032336587980389596
INFO:root:LOSS train' 0.032336587980389596, 19250
INFO:root:  batch 500 loss: 0.018549202866852285
INFO:root:LOSS train' 0.018549202866852285, 19350
INFO:root:  batch 600 loss: 0.01672246483154595
INFO:root:LOSS train' 0.01672246483154595, 19450
INFO:root:Epoch: 29 - LOSS train: 0.01672246483154595 LOSS val: 0.01547910738736391 - Elapsed time: 253.51208662986755 s
INFO:root:  batch 100 loss: 0.015779859274625777
INFO:root:LOSS train' 0.015779859274625777, 19600
INFO:root:  batch 200 loss: 0.015210218597203493
INFO:root:LOSS train' 0.015210218597203493, 19700
INFO:root:  batch 300 loss: 0.016116425711661577
INFO:root:LOSS train' 0.016116425711661577, 19800
INFO:root:  batch 400 loss: 0.014948202352970839
INFO:root:LOSS train' 0.014948202352970839, 19900
INFO:root:  batch 500 loss: 0.014994375184178352
INFO:root:LOSS train' 0.014994375184178352, 20000
INFO:root:  batch 600 loss: 0.014741883454844356
INFO:root:LOSS train' 0.014741883454844356, 20100
INFO:root:Epoch: 30 - LOSS train: 0.014741883454844356 LOSS val: 0.01545716356486082 - Elapsed time: 253.56252431869507 s
INFO:root:  batch 100 loss: 0.014800131153315306
INFO:root:LOSS train' 0.014800131153315306, 20250
INFO:root:  batch 200 loss: 0.019131333772093057
INFO:root:LOSS train' 0.019131333772093057, 20350
INFO:root:  batch 300 loss: 0.015214500464498997
INFO:root:LOSS train' 0.015214500464498997, 20450
INFO:root:  batch 400 loss: 0.014557269439101218
INFO:root:LOSS train' 0.014557269439101218, 20550
INFO:root:  batch 500 loss: 0.014678503070026636
INFO:root:LOSS train' 0.014678503070026636, 20650
INFO:root:  batch 600 loss: 0.01460451140999794
INFO:root:LOSS train' 0.01460451140999794, 20750
INFO:root:Epoch: 31 - LOSS train: 0.01460451140999794 LOSS val: 0.01389330718666315 - Elapsed time: 253.55047035217285 s
INFO:root:  batch 100 loss: 0.014678706135600805
INFO:root:LOSS train' 0.014678706135600805, 20900
INFO:root:  batch 200 loss: 0.014134932495653629
INFO:root:LOSS train' 0.014134932495653629, 21000
INFO:root:  batch 300 loss: 0.014231404950842262
INFO:root:LOSS train' 0.014231404950842262, 21100
INFO:root:  batch 400 loss: 0.013952333377674223
INFO:root:LOSS train' 0.013952333377674223, 21200
INFO:root:  batch 500 loss: 0.014125205501914024
INFO:root:LOSS train' 0.014125205501914024, 21300
INFO:root:  batch 600 loss: 0.027378469100221993
INFO:root:LOSS train' 0.027378469100221993, 21400
INFO:root:Epoch: 32 - LOSS train: 0.027378469100221993 LOSS val: 0.01658139005303383 - Elapsed time: 252.9583249092102 s
INFO:root:  batch 100 loss: 0.016309934612363578
INFO:root:LOSS train' 0.016309934612363578, 21550
INFO:root:  batch 200 loss: 0.015100317802280187
INFO:root:LOSS train' 0.015100317802280187, 21650
INFO:root:  batch 300 loss: 0.014881005520001054
INFO:root:LOSS train' 0.014881005520001054, 21750
INFO:root:  batch 400 loss: 0.014472065791487694
INFO:root:LOSS train' 0.014472065791487694, 21850
INFO:root:  batch 500 loss: 0.01431159813888371
INFO:root:LOSS train' 0.01431159813888371, 21950
INFO:root:  batch 600 loss: 0.014445301070809364
INFO:root:LOSS train' 0.014445301070809364, 22050
INFO:root:Epoch: 33 - LOSS train: 0.014445301070809364 LOSS val: 0.015017415396869183 - Elapsed time: 253.66081166267395 s
INFO:root:  batch 100 loss: 0.014180983519181609
INFO:root:LOSS train' 0.014180983519181609, 22200
INFO:root:  batch 200 loss: 0.014008554089814424
INFO:root:LOSS train' 0.014008554089814424, 22300
INFO:root:  batch 300 loss: 0.014246057290583848
INFO:root:LOSS train' 0.014246057290583848, 22400
INFO:root:  batch 400 loss: 0.017765597002580763
INFO:root:LOSS train' 0.017765597002580763, 22500
INFO:root:  batch 500 loss: 0.015723111238330603
INFO:root:LOSS train' 0.015723111238330603, 22600
INFO:root:  batch 600 loss: 0.014040963826701044
INFO:root:LOSS train' 0.014040963826701044, 22700
INFO:root:Epoch: 34 - LOSS train: 0.014040963826701044 LOSS val: 0.013869406655430794 - Elapsed time: 253.0706331729889 s
INFO:root:  batch 100 loss: 0.014001173321157695
INFO:root:LOSS train' 0.014001173321157695, 22850
INFO:root:  batch 200 loss: 0.013531558774411678
INFO:root:LOSS train' 0.013531558774411678, 22950
INFO:root:  batch 300 loss: 0.013414826747030019
INFO:root:LOSS train' 0.013414826747030019, 23050
INFO:root:  batch 400 loss: 0.013544453885406255
INFO:root:LOSS train' 0.013544453885406255, 23150
INFO:root:  batch 500 loss: 0.018856086162850262
INFO:root:LOSS train' 0.018856086162850262, 23250
INFO:root:  batch 600 loss: 0.014890251876786352
INFO:root:LOSS train' 0.014890251876786352, 23350
INFO:root:Epoch: 35 - LOSS train: 0.014890251876786352 LOSS val: 0.013756351545453072 - Elapsed time: 253.165780544281 s
INFO:root:  batch 100 loss: 0.01352695981040597
INFO:root:LOSS train' 0.01352695981040597, 23500
INFO:root:  batch 200 loss: 0.013761840211227536
INFO:root:LOSS train' 0.013761840211227536, 23600
INFO:root:  batch 300 loss: 0.013384851180016994
INFO:root:LOSS train' 0.013384851180016994, 23700
INFO:root:  batch 400 loss: 0.0134454704541713
INFO:root:LOSS train' 0.0134454704541713, 23800
INFO:root:  batch 500 loss: 0.013493869323283433
INFO:root:LOSS train' 0.013493869323283433, 23900
INFO:root:  batch 600 loss: 0.013655071100220083
INFO:root:LOSS train' 0.013655071100220083, 24000
INFO:root:Epoch: 36 - LOSS train: 0.013655071100220083 LOSS val: 0.013069174252450466 - Elapsed time: 253.67948484420776 s
INFO:root:  batch 100 loss: 0.01317566447891295
INFO:root:LOSS train' 0.01317566447891295, 24150
INFO:root:  batch 200 loss: 0.013153147250413895
INFO:root:LOSS train' 0.013153147250413895, 24250
INFO:root:  batch 300 loss: 0.012863292433321476
INFO:root:LOSS train' 0.012863292433321476, 24350
INFO:root:  batch 400 loss: 0.013030827092006803
INFO:root:LOSS train' 0.013030827092006803, 24450
INFO:root:  batch 500 loss: 0.013219547169283032
INFO:root:LOSS train' 0.013219547169283032, 24550
INFO:root:  batch 600 loss: 0.015029439898207785
INFO:root:LOSS train' 0.015029439898207785, 24650
INFO:root:Epoch: 37 - LOSS train: 0.015029439898207785 LOSS val: 0.013371177949011326 - Elapsed time: 253.5745279788971 s
INFO:root:  batch 100 loss: 0.0129523672349751
INFO:root:LOSS train' 0.0129523672349751, 24800
INFO:root:  batch 200 loss: 0.013043824005872012
INFO:root:LOSS train' 0.013043824005872012, 24900
INFO:root:  batch 300 loss: 0.014577799970284104
INFO:root:LOSS train' 0.014577799970284104, 25000
INFO:root:  batch 400 loss: 0.013152686068788172
INFO:root:LOSS train' 0.013152686068788172, 25100
INFO:root:  batch 500 loss: 0.012910027876496316
INFO:root:LOSS train' 0.012910027876496316, 25200
INFO:root:  batch 600 loss: 0.012887051533907653
INFO:root:LOSS train' 0.012887051533907653, 25300
INFO:root:Epoch: 38 - LOSS train: 0.012887051533907653 LOSS val: 0.012538247741758823 - Elapsed time: 253.13084816932678 s
INFO:root:  batch 100 loss: 0.012766734324395656
INFO:root:LOSS train' 0.012766734324395656, 25450
INFO:root:  batch 200 loss: 0.013128667492419482
INFO:root:LOSS train' 0.013128667492419482, 25550
INFO:root:  batch 300 loss: 0.022131947977468373
INFO:root:LOSS train' 0.022131947977468373, 25650
INFO:root:  batch 400 loss: 0.013659746553748846
INFO:root:LOSS train' 0.013659746553748846, 25750
INFO:root:  batch 500 loss: 0.013027393249794841
INFO:root:LOSS train' 0.013027393249794841, 25850
INFO:root:  batch 600 loss: 0.01277939354069531
INFO:root:LOSS train' 0.01277939354069531, 25950
INFO:root:Epoch: 39 - LOSS train: 0.01277939354069531 LOSS val: 0.01292491890490055 - Elapsed time: 253.1178617477417 s
INFO:root:  batch 100 loss: 0.012976714782416821
INFO:root:LOSS train' 0.012976714782416821, 26100
INFO:root:  batch 200 loss: 0.012606124561280012
INFO:root:LOSS train' 0.012606124561280012, 26200
INFO:root:  batch 300 loss: 0.012772554019466042
INFO:root:LOSS train' 0.012772554019466042, 26300
INFO:root:  batch 400 loss: 0.012489648191258312
INFO:root:LOSS train' 0.012489648191258312, 26400
INFO:root:  batch 500 loss: 0.012825951529666781
INFO:root:LOSS train' 0.012825951529666781, 26500
INFO:root:  batch 600 loss: 0.012513358881697058
INFO:root:LOSS train' 0.012513358881697058, 26600
INFO:root:Epoch: 40 - LOSS train: 0.012513358881697058 LOSS val: 0.012672808021306992 - Elapsed time: 253.14565563201904 s
INFO:root:  batch 100 loss: 0.012811609702184796
INFO:root:LOSS train' 0.012811609702184796, 26750
INFO:root:  batch 200 loss: 0.01284455775283277
INFO:root:LOSS train' 0.01284455775283277, 26850
INFO:root:  batch 300 loss: 0.012155237840488553
INFO:root:LOSS train' 0.012155237840488553, 26950
INFO:root:  batch 400 loss: 0.012243218384683133
INFO:root:LOSS train' 0.012243218384683133, 27050
INFO:root:  batch 500 loss: 0.012661670995876194
INFO:root:LOSS train' 0.012661670995876194, 27150
INFO:root:  batch 600 loss: 0.012933266293257474
INFO:root:LOSS train' 0.012933266293257474, 27250
INFO:root:Epoch: 41 - LOSS train: 0.012933266293257474 LOSS val: 0.013234359212219715 - Elapsed time: 253.12902760505676 s
INFO:root:*************
INFO:root:             
INFO:root:Starting to test....
INFO:root:             
INFO:root:OneStep loss: 0.01266429666429758
INFO:root:Scalar loss: 0.017081759870052338
INFO:root:Vector loss: 0.010455566458404064
INFO:root:             
INFO:root:Done.
