INFO:root:*************
INFO:root:             
INFO:root:model chosen: CF
INFO:root:multivector activation function?: 3
INFO:root:training trajectories: 10400
INFO:root:training epochs: 200
INFO:root:training batchsize: 32
INFO:root:learning rate: 0.0001
INFO:root:seed: 28996
INFO:root:patience: 10
INFO:root:training dataset path: datasets/trainingdataviscous/
INFO:root:test dataset path: datasets/testdataviscous/
INFO:root:             
INFO:root:*************
INFO:root:Using device: cuda
INFO:root:[[[1.6940998  1.5566934  1.3046039  1.0440726 ]
  [1.6066581  1.3995012  1.342347   1.233624  ]
  [1.4666691  1.3354036  1.3883016  1.2737162 ]
  [1.4122795  1.3854291  1.4587754  1.339578  ]]

 [[1.6459564  1.3450366  1.0299298  0.77708894]
  [1.6489182  1.5250436  1.3721011  1.2203181 ]
  [1.4844782  1.3996952  1.3643513  1.3251002 ]
  [1.3969231  1.3963239  1.4048748  1.4067723 ]]]
INFO:root:****
INFO:root:[[[1.6940998  1.5566934  1.3046039  1.0440726 ]
  [1.6066581  1.3995012  1.342347   1.233624  ]
  [1.4666691  1.3354036  1.3883016  1.2737162 ]
  [1.4122795  1.3854291  1.4587754  1.339578  ]]

 [[1.6459564  1.3450366  1.0299298  0.77708894]
  [1.6489182  1.5250436  1.3721011  1.2203181 ]
  [1.4844782  1.3996952  1.3643513  1.3251002 ]
  [1.3969231  1.3963239  1.4048748  1.4067723 ]]]
INFO:root:Train input shape: torch.Size([10400, 2, 128, 128, 3])
INFO:root:Train labels shape: torch.Size([10400, 1, 128, 128, 3])
INFO:root:                   
INFO:root:Val input shape: torch.Size([4680, 2, 128, 128, 3])
INFO:root:Val labels shape: torch.Size([4680, 1, 128, 128, 3])
INFO:root:*************
INFO:root:             
INFO:root:Starting to train....
INFO:root:  batch 100 loss: 0.47926815003156664
INFO:root:LOSS train' 0.47926815003156664, 100
INFO:root:  batch 200 loss: 0.1410909090191126
INFO:root:LOSS train' 0.1410909090191126, 200
INFO:root:  batch 300 loss: 0.09586576737463474
INFO:root:LOSS train' 0.09586576737463474, 300
INFO:root:Epoch: 0 - LOSS train: 0.09586576737463474 LOSS val: 0.0804620087146759 - Elapsed time: 186.1841766834259 s
INFO:root:  batch 100 loss: 0.07417666584253312
INFO:root:LOSS train' 0.07417666584253312, 425
INFO:root:  batch 200 loss: 0.06563897382467986
INFO:root:LOSS train' 0.06563897382467986, 525
INFO:root:  batch 300 loss: 0.05897327050566673
INFO:root:LOSS train' 0.05897327050566673, 625
INFO:root:Epoch: 1 - LOSS train: 0.05897327050566673 LOSS val: 0.05511530861258507 - Elapsed time: 185.16560220718384 s
INFO:root:  batch 100 loss: 0.05281444430351257
INFO:root:LOSS train' 0.05281444430351257, 750
INFO:root:  batch 200 loss: 0.04944592259824276
INFO:root:LOSS train' 0.04944592259824276, 850
INFO:root:  batch 300 loss: 0.046831384003162384
INFO:root:LOSS train' 0.046831384003162384, 950
INFO:root:Epoch: 2 - LOSS train: 0.046831384003162384 LOSS val: 0.04543304815888405 - Elapsed time: 185.27104449272156 s
INFO:root:  batch 100 loss: 0.04370712865144014
INFO:root:LOSS train' 0.04370712865144014, 1075
INFO:root:  batch 200 loss: 0.042322270758450034
INFO:root:LOSS train' 0.042322270758450034, 1175
INFO:root:  batch 300 loss: 0.040428860187530516
INFO:root:LOSS train' 0.040428860187530516, 1275
INFO:root:Epoch: 3 - LOSS train: 0.040428860187530516 LOSS val: 0.0402885340154171 - Elapsed time: 185.26911449432373 s
INFO:root:  batch 100 loss: 0.038237972445786
INFO:root:LOSS train' 0.038237972445786, 1400
INFO:root:  batch 200 loss: 0.037780829034745694
INFO:root:LOSS train' 0.037780829034745694, 1500
INFO:root:  batch 300 loss: 0.036487233228981494
INFO:root:LOSS train' 0.036487233228981494, 1600
INFO:root:Epoch: 4 - LOSS train: 0.036487233228981494 LOSS val: 0.03660983592271805 - Elapsed time: 185.0447678565979 s
INFO:root:  batch 100 loss: 0.03490812547504902
INFO:root:LOSS train' 0.03490812547504902, 1725
INFO:root:  batch 200 loss: 0.03403322588652372
INFO:root:LOSS train' 0.03403322588652372, 1825
INFO:root:  batch 300 loss: 0.033744660764932634
INFO:root:LOSS train' 0.033744660764932634, 1925
INFO:root:Epoch: 5 - LOSS train: 0.033744660764932634 LOSS val: 0.03391679376363754 - Elapsed time: 185.31263184547424 s
INFO:root:  batch 100 loss: 0.03215796345844865
INFO:root:LOSS train' 0.03215796345844865, 2050
INFO:root:  batch 200 loss: 0.031706015821546314
INFO:root:LOSS train' 0.031706015821546314, 2150
INFO:root:  batch 300 loss: 0.031264759916812185
INFO:root:LOSS train' 0.031264759916812185, 2250
INFO:root:Epoch: 6 - LOSS train: 0.031264759916812185 LOSS val: 0.03233438357710838 - Elapsed time: 185.2195007801056 s
INFO:root:  batch 100 loss: 0.030303624849766495
INFO:root:LOSS train' 0.030303624849766495, 2375
INFO:root:  batch 200 loss: 0.029811771269887686
INFO:root:LOSS train' 0.029811771269887686, 2475
INFO:root:  batch 300 loss: 0.0294019259698689
INFO:root:LOSS train' 0.0294019259698689, 2575
INFO:root:Epoch: 7 - LOSS train: 0.0294019259698689 LOSS val: 0.030427811667323112 - Elapsed time: 185.12450551986694 s
INFO:root:  batch 100 loss: 0.028376164995133877
INFO:root:LOSS train' 0.028376164995133877, 2700
INFO:root:  batch 200 loss: 0.02830809000879526
INFO:root:LOSS train' 0.02830809000879526, 2800
INFO:root:  batch 300 loss: 0.02777058942243457
INFO:root:LOSS train' 0.02777058942243457, 2900
INFO:root:Epoch: 8 - LOSS train: 0.02777058942243457 LOSS val: 0.02883664332330227 - Elapsed time: 185.39826846122742 s
INFO:root:  batch 100 loss: 0.02721826620399952
INFO:root:LOSS train' 0.02721826620399952, 3025
INFO:root:  batch 200 loss: 0.02665708841755986
INFO:root:LOSS train' 0.02665708841755986, 3125
INFO:root:  batch 300 loss: 0.026756797153502702
INFO:root:LOSS train' 0.026756797153502702, 3225
INFO:root:Epoch: 9 - LOSS train: 0.026756797153502702 LOSS val: 0.027947744354605675 - Elapsed time: 185.28710627555847 s
INFO:root:  batch 100 loss: 0.02572625147178769
INFO:root:LOSS train' 0.02572625147178769, 3350
INFO:root:  batch 200 loss: 0.025803999230265617
INFO:root:LOSS train' 0.025803999230265617, 3450
INFO:root:  batch 300 loss: 0.02558459673076868
INFO:root:LOSS train' 0.02558459673076868, 3550
INFO:root:Epoch: 10 - LOSS train: 0.02558459673076868 LOSS val: 0.026836995035409927 - Elapsed time: 185.2055516242981 s
INFO:root:  batch 100 loss: 0.02474224355071783
INFO:root:LOSS train' 0.02474224355071783, 3675
INFO:root:  batch 200 loss: 0.024636275712400676
INFO:root:LOSS train' 0.024636275712400676, 3775
INFO:root:  batch 300 loss: 0.024591248724609615
INFO:root:LOSS train' 0.024591248724609615, 3875
INFO:root:Epoch: 11 - LOSS train: 0.024591248724609615 LOSS val: 0.026201659813523293 - Elapsed time: 185.10856413841248 s
INFO:root:  batch 100 loss: 0.02372785083949566
INFO:root:LOSS train' 0.02372785083949566, 4000
INFO:root:  batch 200 loss: 0.023820897098630667
INFO:root:LOSS train' 0.023820897098630667, 4100
INFO:root:  batch 300 loss: 0.023700180314481258
INFO:root:LOSS train' 0.023700180314481258, 4200
INFO:root:Epoch: 12 - LOSS train: 0.023700180314481258 LOSS val: 0.025578128173947334 - Elapsed time: 185.0560483932495 s
INFO:root:  batch 100 loss: 0.022867033556103707
INFO:root:LOSS train' 0.022867033556103707, 4325
INFO:root:  batch 200 loss: 0.022915380988270045
INFO:root:LOSS train' 0.022915380988270045, 4425
INFO:root:  batch 300 loss: 0.023016971964389087
INFO:root:LOSS train' 0.023016971964389087, 4525
INFO:root:Epoch: 13 - LOSS train: 0.023016971964389087 LOSS val: 0.024761879816651344 - Elapsed time: 185.13230991363525 s
INFO:root:  batch 100 loss: 0.022336619347333907
INFO:root:LOSS train' 0.022336619347333907, 4650
INFO:root:  batch 200 loss: 0.022188754007220268
INFO:root:LOSS train' 0.022188754007220268, 4750
INFO:root:  batch 300 loss: 0.02224480489268899
INFO:root:LOSS train' 0.02224480489268899, 4850
INFO:root:Epoch: 14 - LOSS train: 0.02224480489268899 LOSS val: 0.024363450706005096 - Elapsed time: 185.17047548294067 s
INFO:root:  batch 100 loss: 0.021536976099014282
INFO:root:LOSS train' 0.021536976099014282, 4975
INFO:root:  batch 200 loss: 0.021319617182016373
INFO:root:LOSS train' 0.021319617182016373, 5075
INFO:root:  batch 300 loss: 0.021621174961328506
INFO:root:LOSS train' 0.021621174961328506, 5175
INFO:root:Epoch: 15 - LOSS train: 0.021621174961328506 LOSS val: 0.023938842117786407 - Elapsed time: 185.20226740837097 s
INFO:root:  batch 100 loss: 0.02077809000387788
INFO:root:LOSS train' 0.02077809000387788, 5300
INFO:root:  batch 200 loss: 0.021009379290044306
INFO:root:LOSS train' 0.021009379290044306, 5400
INFO:root:  batch 300 loss: 0.020865293275564908
INFO:root:LOSS train' 0.020865293275564908, 5500
INFO:root:Epoch: 16 - LOSS train: 0.020865293275564908 LOSS val: 0.02328486740589142 - Elapsed time: 185.22258877754211 s
INFO:root:  batch 100 loss: 0.020413862578570842
INFO:root:LOSS train' 0.020413862578570842, 5625
INFO:root:  batch 200 loss: 0.02027069615200162
INFO:root:LOSS train' 0.02027069615200162, 5725
INFO:root:  batch 300 loss: 0.02019382394850254
INFO:root:LOSS train' 0.02019382394850254, 5825
INFO:root:Epoch: 17 - LOSS train: 0.02019382394850254 LOSS val: 0.022832904011011124 - Elapsed time: 185.38404321670532 s
INFO:root:  batch 100 loss: 0.019673736076802017
INFO:root:LOSS train' 0.019673736076802017, 5950
INFO:root:  batch 200 loss: 0.019874865580350162
INFO:root:LOSS train' 0.019874865580350162, 6050
INFO:root:  batch 300 loss: 0.019712120927870273
INFO:root:LOSS train' 0.019712120927870273, 6150
INFO:root:Epoch: 18 - LOSS train: 0.019712120927870273 LOSS val: 0.02251092903316021 - Elapsed time: 185.19964241981506 s
INFO:root:  batch 100 loss: 0.019352819342166185
INFO:root:LOSS train' 0.019352819342166185, 6275
INFO:root:  batch 200 loss: 0.019309918489307167
INFO:root:LOSS train' 0.019309918489307167, 6375
INFO:root:  batch 300 loss: 0.01941477220505476
INFO:root:LOSS train' 0.01941477220505476, 6475
INFO:root:Epoch: 19 - LOSS train: 0.01941477220505476 LOSS val: 0.02211112342774868 - Elapsed time: 185.18874168395996 s
INFO:root:  batch 100 loss: 0.01871752953156829
INFO:root:LOSS train' 0.01871752953156829, 6600
INFO:root:  batch 200 loss: 0.019137573782354592
INFO:root:LOSS train' 0.019137573782354592, 6700
INFO:root:  batch 300 loss: 0.018685740940272807
INFO:root:LOSS train' 0.018685740940272807, 6800
INFO:root:Epoch: 20 - LOSS train: 0.018685740940272807 LOSS val: 0.021951230242848396 - Elapsed time: 185.46096801757812 s
INFO:root:  batch 100 loss: 0.01833860984072089
INFO:root:LOSS train' 0.01833860984072089, 6925
INFO:root:  batch 200 loss: 0.01836169570684433
INFO:root:LOSS train' 0.01836169570684433, 7025
INFO:root:  batch 300 loss: 0.01843666274100542
INFO:root:LOSS train' 0.01843666274100542, 7125
INFO:root:Epoch: 21 - LOSS train: 0.01843666274100542 LOSS val: 0.021497394889593124 - Elapsed time: 185.0265989303589 s
INFO:root:  batch 100 loss: 0.01790983222424984
INFO:root:LOSS train' 0.01790983222424984, 7250
INFO:root:  batch 200 loss: 0.018049734458327294
INFO:root:LOSS train' 0.018049734458327294, 7350
INFO:root:  batch 300 loss: 0.017986178025603296
INFO:root:LOSS train' 0.017986178025603296, 7450
INFO:root:Epoch: 22 - LOSS train: 0.017986178025603296 LOSS val: 0.021326640620827675 - Elapsed time: 184.93987488746643 s
INFO:root:  batch 100 loss: 0.017514590453356505
INFO:root:LOSS train' 0.017514590453356505, 7575
INFO:root:  batch 200 loss: 0.017690717354416848
INFO:root:LOSS train' 0.017690717354416848, 7675
INFO:root:  batch 300 loss: 0.017702200543135406
INFO:root:LOSS train' 0.017702200543135406, 7775
INFO:root:Epoch: 23 - LOSS train: 0.017702200543135406 LOSS val: 0.021073251962661743 - Elapsed time: 185.27174162864685 s
INFO:root:  batch 100 loss: 0.01716095184907317
INFO:root:LOSS train' 0.01716095184907317, 7900
INFO:root:  batch 200 loss: 0.017253234330564738
INFO:root:LOSS train' 0.017253234330564738, 8000
INFO:root:  batch 300 loss: 0.01720054052770138
INFO:root:LOSS train' 0.01720054052770138, 8100
INFO:root:Epoch: 24 - LOSS train: 0.01720054052770138 LOSS val: 0.02090349979698658 - Elapsed time: 185.20435309410095 s
INFO:root:  batch 100 loss: 0.016958452984690665
INFO:root:LOSS train' 0.016958452984690665, 8225
INFO:root:  batch 200 loss: 0.016922483555972576
INFO:root:LOSS train' 0.016922483555972576, 8325
INFO:root:  batch 300 loss: 0.016760614700615406
INFO:root:LOSS train' 0.016760614700615406, 8425
INFO:root:Epoch: 25 - LOSS train: 0.016760614700615406 LOSS val: 0.020481426268815994 - Elapsed time: 185.26868271827698 s
INFO:root:  batch 100 loss: 0.016454797498881818
INFO:root:LOSS train' 0.016454797498881818, 8550
INFO:root:  batch 200 loss: 0.016502322815358638
INFO:root:LOSS train' 0.016502322815358638, 8650
INFO:root:  batch 300 loss: 0.01664108606055379
INFO:root:LOSS train' 0.01664108606055379, 8750
INFO:root:Epoch: 26 - LOSS train: 0.01664108606055379 LOSS val: 0.020335428416728973 - Elapsed time: 184.92094087600708 s
INFO:root:  batch 100 loss: 0.016132005313411354
INFO:root:LOSS train' 0.016132005313411354, 8875
INFO:root:  batch 200 loss: 0.016236965749412774
INFO:root:LOSS train' 0.016236965749412774, 8975
INFO:root:  batch 300 loss: 0.01626587807200849
INFO:root:LOSS train' 0.01626587807200849, 9075
INFO:root:Epoch: 27 - LOSS train: 0.01626587807200849 LOSS val: 0.020210882648825645 - Elapsed time: 185.13418078422546 s
INFO:root:  batch 100 loss: 0.015765099273994564
INFO:root:LOSS train' 0.015765099273994564, 9200
INFO:root:  batch 200 loss: 0.01588292321190238
INFO:root:LOSS train' 0.01588292321190238, 9300
INFO:root:  batch 300 loss: 0.016047091176733374
INFO:root:LOSS train' 0.016047091176733374, 9400
INFO:root:Epoch: 28 - LOSS train: 0.016047091176733374 LOSS val: 0.02022198587656021 - Elapsed time: 185.06682801246643 s
INFO:root:  batch 100 loss: 0.015494709359481931
INFO:root:LOSS train' 0.015494709359481931, 9525
INFO:root:  batch 200 loss: 0.015618426827713847
INFO:root:LOSS train' 0.015618426827713847, 9625
INFO:root:  batch 300 loss: 0.01568042006343603
INFO:root:LOSS train' 0.01568042006343603, 9725
INFO:root:Epoch: 29 - LOSS train: 0.01568042006343603 LOSS val: 0.01967209205031395 - Elapsed time: 185.29049348831177 s
INFO:root:  batch 100 loss: 0.015199273582547903
INFO:root:LOSS train' 0.015199273582547903, 9850
INFO:root:  batch 200 loss: 0.015453863013535738
INFO:root:LOSS train' 0.015453863013535738, 9950
INFO:root:  batch 300 loss: 0.015428252853453159
INFO:root:LOSS train' 0.015428252853453159, 10050
INFO:root:Epoch: 30 - LOSS train: 0.015428252853453159 LOSS val: 0.019558461382985115 - Elapsed time: 185.04416489601135 s
INFO:root:  batch 100 loss: 0.015032323058694601
INFO:root:LOSS train' 0.015032323058694601, 10175
INFO:root:  batch 200 loss: 0.014931075479835272
INFO:root:LOSS train' 0.014931075479835272, 10275
INFO:root:  batch 300 loss: 0.01519174249842763
INFO:root:LOSS train' 0.01519174249842763, 10375
INFO:root:Epoch: 31 - LOSS train: 0.01519174249842763 LOSS val: 0.019438857212662697 - Elapsed time: 185.30240941047668 s
INFO:root:  batch 100 loss: 0.014632990984246134
INFO:root:LOSS train' 0.014632990984246134, 10500
INFO:root:  batch 200 loss: 0.014787916364148258
INFO:root:LOSS train' 0.014787916364148258, 10600
INFO:root:  batch 300 loss: 0.014923407537862659
INFO:root:LOSS train' 0.014923407537862659, 10700
INFO:root:Epoch: 32 - LOSS train: 0.014923407537862659 LOSS val: 0.019293803721666336 - Elapsed time: 185.2096300125122 s
INFO:root:  batch 100 loss: 0.014409947479143738
INFO:root:LOSS train' 0.014409947479143738, 10825
INFO:root:  batch 200 loss: 0.01461742902174592
INFO:root:LOSS train' 0.01461742902174592, 10925
INFO:root:  batch 300 loss: 0.014669947596266865
INFO:root:LOSS train' 0.014669947596266865, 11025
INFO:root:Epoch: 33 - LOSS train: 0.014669947596266865 LOSS val: 0.0190585870295763 - Elapsed time: 185.313618183136 s
INFO:root:  batch 100 loss: 0.01434272039681673
INFO:root:LOSS train' 0.01434272039681673, 11150
INFO:root:  batch 200 loss: 0.014276474937796593
INFO:root:LOSS train' 0.014276474937796593, 11250
INFO:root:  batch 300 loss: 0.014284105850383639
INFO:root:LOSS train' 0.014284105850383639, 11350
INFO:root:Epoch: 34 - LOSS train: 0.014284105850383639 LOSS val: 0.01927265338599682 - Elapsed time: 185.08779454231262 s
INFO:root:  batch 100 loss: 0.014015006506815553
INFO:root:LOSS train' 0.014015006506815553, 11475
INFO:root:  batch 200 loss: 0.014082456808537244
INFO:root:LOSS train' 0.014082456808537244, 11575
INFO:root:  batch 300 loss: 0.014178292825818062
INFO:root:LOSS train' 0.014178292825818062, 11675
INFO:root:Epoch: 35 - LOSS train: 0.014178292825818062 LOSS val: 0.018884962424635887 - Elapsed time: 185.30550527572632 s
INFO:root:  batch 100 loss: 0.013682832038030028
INFO:root:LOSS train' 0.013682832038030028, 11800
INFO:root:  batch 200 loss: 0.013925275057554245
INFO:root:LOSS train' 0.013925275057554245, 11900
INFO:root:  batch 300 loss: 0.013868908993899823
INFO:root:LOSS train' 0.013868908993899823, 12000
INFO:root:Epoch: 36 - LOSS train: 0.013868908993899823 LOSS val: 0.01874847337603569 - Elapsed time: 185.0541205406189 s
INFO:root:  batch 100 loss: 0.01349644798785448
INFO:root:LOSS train' 0.01349644798785448, 12125
INFO:root:  batch 200 loss: 0.013603581301867961
INFO:root:LOSS train' 0.013603581301867961, 12225
INFO:root:  batch 300 loss: 0.013696687687188387
INFO:root:LOSS train' 0.013696687687188387, 12325
INFO:root:Epoch: 37 - LOSS train: 0.013696687687188387 LOSS val: 0.018657032400369644 - Elapsed time: 185.30870819091797 s
INFO:root:  batch 100 loss: 0.013299612272530794
INFO:root:LOSS train' 0.013299612272530794, 12450
INFO:root:  batch 200 loss: 0.013515229308977724
INFO:root:LOSS train' 0.013515229308977724, 12550
INFO:root:  batch 300 loss: 0.013435674356296659
INFO:root:LOSS train' 0.013435674356296659, 12650
INFO:root:Epoch: 38 - LOSS train: 0.013435674356296659 LOSS val: 0.018493004143238068 - Elapsed time: 185.44636821746826 s
INFO:root:  batch 100 loss: 0.013019165070727468
INFO:root:LOSS train' 0.013019165070727468, 12775
INFO:root:  batch 200 loss: 0.013263049330562353
INFO:root:LOSS train' 0.013263049330562353, 12875
INFO:root:  batch 300 loss: 0.01334558218717575
INFO:root:LOSS train' 0.01334558218717575, 12975
INFO:root:Epoch: 39 - LOSS train: 0.01334558218717575 LOSS val: 0.01835852488875389 - Elapsed time: 185.54345703125 s
INFO:root:  batch 100 loss: 0.01279718080535531
INFO:root:LOSS train' 0.01279718080535531, 13100
INFO:root:  batch 200 loss: 0.0131142202578485
INFO:root:LOSS train' 0.0131142202578485, 13200
INFO:root:  batch 300 loss: 0.013106685448437929
INFO:root:LOSS train' 0.013106685448437929, 13300
INFO:root:Epoch: 40 - LOSS train: 0.013106685448437929 LOSS val: 0.018384553492069244 - Elapsed time: 185.22449803352356 s
INFO:root:  batch 100 loss: 0.012703861314803363
INFO:root:LOSS train' 0.012703861314803363, 13425
INFO:root:  batch 200 loss: 0.012847938248887658
INFO:root:LOSS train' 0.012847938248887658, 13525
INFO:root:  batch 300 loss: 0.01282424345612526
INFO:root:LOSS train' 0.01282424345612526, 13625
INFO:root:Epoch: 41 - LOSS train: 0.01282424345612526 LOSS val: 0.01822691410779953 - Elapsed time: 185.24201250076294 s
INFO:root:  batch 100 loss: 0.01248070432804525
INFO:root:LOSS train' 0.01248070432804525, 13750
INFO:root:  batch 200 loss: 0.012652756432071328
INFO:root:LOSS train' 0.012652756432071328, 13850
INFO:root:  batch 300 loss: 0.0126948744058609
INFO:root:LOSS train' 0.0126948744058609, 13950
INFO:root:Epoch: 42 - LOSS train: 0.0126948744058609 LOSS val: 0.018079886212944984 - Elapsed time: 185.1441469192505 s
INFO:root:  batch 100 loss: 0.012342048669233918
INFO:root:LOSS train' 0.012342048669233918, 14075
INFO:root:  batch 200 loss: 0.012564939735457302
INFO:root:LOSS train' 0.012564939735457302, 14175
INFO:root:  batch 300 loss: 0.012499802000820636
INFO:root:LOSS train' 0.012499802000820636, 14275
INFO:root:Epoch: 43 - LOSS train: 0.012499802000820636 LOSS val: 0.018184244632720947 - Elapsed time: 185.07399916648865 s
INFO:root:  batch 100 loss: 0.012140987031161786
INFO:root:LOSS train' 0.012140987031161786, 14400
INFO:root:  batch 200 loss: 0.012288612807169556
INFO:root:LOSS train' 0.012288612807169556, 14500
INFO:root:  batch 300 loss: 0.012418302753940225
INFO:root:LOSS train' 0.012418302753940225, 14600
INFO:root:Epoch: 44 - LOSS train: 0.012418302753940225 LOSS val: 0.01800844818353653 - Elapsed time: 185.22973561286926 s
INFO:root:  batch 100 loss: 0.011990340882912278
INFO:root:LOSS train' 0.011990340882912278, 14725
INFO:root:  batch 200 loss: 0.012059185840189456
INFO:root:LOSS train' 0.012059185840189456, 14825
INFO:root:  batch 300 loss: 0.012234533242881297
INFO:root:LOSS train' 0.012234533242881297, 14925
INFO:root:Epoch: 45 - LOSS train: 0.012234533242881297 LOSS val: 0.017783544957637787 - Elapsed time: 185.30616664886475 s
INFO:root:  batch 100 loss: 0.011783292880281807
INFO:root:LOSS train' 0.011783292880281807, 15050
INFO:root:  batch 200 loss: 0.011900160750374198
INFO:root:LOSS train' 0.011900160750374198, 15150
INFO:root:  batch 300 loss: 0.012101680263876915
INFO:root:LOSS train' 0.012101680263876915, 15250
INFO:root:Epoch: 46 - LOSS train: 0.012101680263876915 LOSS val: 0.017735090106725693 - Elapsed time: 185.2782278060913 s
INFO:root:  batch 100 loss: 0.011632550125941634
INFO:root:LOSS train' 0.011632550125941634, 15375
INFO:root:  batch 200 loss: 0.011709330743178726
INFO:root:LOSS train' 0.011709330743178726, 15475
INFO:root:  batch 300 loss: 0.011961108287796379
INFO:root:LOSS train' 0.011961108287796379, 15575
INFO:root:Epoch: 47 - LOSS train: 0.011961108287796379 LOSS val: 0.017819520086050034 - Elapsed time: 185.32605361938477 s
INFO:root:  batch 100 loss: 0.011563274934887886
INFO:root:LOSS train' 0.011563274934887886, 15700
INFO:root:  batch 200 loss: 0.011602442990988494
INFO:root:LOSS train' 0.011602442990988494, 15800
INFO:root:  batch 300 loss: 0.011755210654810071
INFO:root:LOSS train' 0.011755210654810071, 15900
INFO:root:Epoch: 48 - LOSS train: 0.011755210654810071 LOSS val: 0.01775970309972763 - Elapsed time: 185.3051986694336 s
INFO:root:  batch 100 loss: 0.01132943126372993
INFO:root:LOSS train' 0.01132943126372993, 16025
INFO:root:  batch 200 loss: 0.011517760576680303
INFO:root:LOSS train' 0.011517760576680303, 16125
INFO:root:  batch 300 loss: 0.011553019834682345
INFO:root:LOSS train' 0.011553019834682345, 16225
INFO:root:Epoch: 49 - LOSS train: 0.011553019834682345 LOSS val: 0.01771433837711811 - Elapsed time: 185.45177626609802 s
INFO:root:  batch 100 loss: 0.011248544277623295
INFO:root:LOSS train' 0.011248544277623295, 16350
INFO:root:  batch 200 loss: 0.01130963273346424
INFO:root:LOSS train' 0.01130963273346424, 16450
INFO:root:  batch 300 loss: 0.011382815912365913
INFO:root:LOSS train' 0.011382815912365913, 16550
INFO:root:Epoch: 50 - LOSS train: 0.011382815912365913 LOSS val: 0.01744191162288189 - Elapsed time: 185.33859825134277 s
INFO:root:  batch 100 loss: 0.010936708692461251
INFO:root:LOSS train' 0.010936708692461251, 16675
INFO:root:  batch 200 loss: 0.011209365501999856
INFO:root:LOSS train' 0.011209365501999856, 16775
INFO:root:  batch 300 loss: 0.01136361793614924
INFO:root:LOSS train' 0.01136361793614924, 16875
INFO:root:Epoch: 51 - LOSS train: 0.01136361793614924 LOSS val: 0.017489977180957794 - Elapsed time: 185.29984951019287 s
INFO:root:  batch 100 loss: 0.010862392196431757
INFO:root:LOSS train' 0.010862392196431757, 17000
INFO:root:  batch 200 loss: 0.011056695794686676
INFO:root:LOSS train' 0.011056695794686676, 17100
INFO:root:  batch 300 loss: 0.011098252348601819
INFO:root:LOSS train' 0.011098252348601819, 17200
INFO:root:Epoch: 52 - LOSS train: 0.011098252348601819 LOSS val: 0.017488297075033188 - Elapsed time: 185.23025965690613 s
INFO:root:  batch 100 loss: 0.010782801359891892
INFO:root:LOSS train' 0.010782801359891892, 17325
INFO:root:  batch 200 loss: 0.010930019952356816
INFO:root:LOSS train' 0.010930019952356816, 17425
INFO:root:  batch 300 loss: 0.010993507308885455
INFO:root:LOSS train' 0.010993507308885455, 17525
INFO:root:Epoch: 53 - LOSS train: 0.010993507308885455 LOSS val: 0.017389364540576935 - Elapsed time: 185.32230257987976 s
INFO:root:  batch 100 loss: 0.010691815977916122
INFO:root:LOSS train' 0.010691815977916122, 17650
INFO:root:  batch 200 loss: 0.01077857345342636
INFO:root:LOSS train' 0.01077857345342636, 17750
INFO:root:  batch 300 loss: 0.010829116841778159
INFO:root:LOSS train' 0.010829116841778159, 17850
INFO:root:Epoch: 54 - LOSS train: 0.010829116841778159 LOSS val: 0.017293035984039307 - Elapsed time: 185.2840027809143 s
INFO:root:  batch 100 loss: 0.010469662323594094
INFO:root:LOSS train' 0.010469662323594094, 17975
INFO:root:  batch 200 loss: 0.010735411969944835
INFO:root:LOSS train' 0.010735411969944835, 18075
INFO:root:  batch 300 loss: 0.01075243898667395
INFO:root:LOSS train' 0.01075243898667395, 18175
INFO:root:Epoch: 55 - LOSS train: 0.01075243898667395 LOSS val: 0.017165478318929672 - Elapsed time: 185.3418734073639 s
INFO:root:  batch 100 loss: 0.010376896793022752
INFO:root:LOSS train' 0.010376896793022752, 18300
INFO:root:  batch 200 loss: 0.010420780992135406
INFO:root:LOSS train' 0.010420780992135406, 18400
INFO:root:  batch 300 loss: 0.01069006479345262
INFO:root:LOSS train' 0.01069006479345262, 18500
INFO:root:Epoch: 56 - LOSS train: 0.01069006479345262 LOSS val: 0.01710476726293564 - Elapsed time: 185.25600242614746 s
INFO:root:  batch 100 loss: 0.010202622264623642
INFO:root:LOSS train' 0.010202622264623642, 18625
INFO:root:  batch 200 loss: 0.01038059196434915
INFO:root:LOSS train' 0.01038059196434915, 18725
INFO:root:  batch 300 loss: 0.010451555009931326
INFO:root:LOSS train' 0.010451555009931326, 18825
INFO:root:Epoch: 57 - LOSS train: 0.010451555009931326 LOSS val: 0.01713784597814083 - Elapsed time: 185.374662399292 s
INFO:root:  batch 100 loss: 0.01006606301292777
INFO:root:LOSS train' 0.01006606301292777, 18950
INFO:root:  batch 200 loss: 0.01025346403941512
INFO:root:LOSS train' 0.01025346403941512, 19050
INFO:root:  batch 300 loss: 0.01034545169211924
INFO:root:LOSS train' 0.01034545169211924, 19150
INFO:root:Epoch: 58 - LOSS train: 0.01034545169211924 LOSS val: 0.01709524728357792 - Elapsed time: 185.26764965057373 s
INFO:root:  batch 100 loss: 0.009963577510789037
INFO:root:LOSS train' 0.009963577510789037, 19275
INFO:root:  batch 200 loss: 0.010120038334280252
INFO:root:LOSS train' 0.010120038334280252, 19375
INFO:root:  batch 300 loss: 0.010261267432942986
INFO:root:LOSS train' 0.010261267432942986, 19475
INFO:root:Epoch: 59 - LOSS train: 0.010261267432942986 LOSS val: 0.01702684536576271 - Elapsed time: 185.18628430366516 s
INFO:root:  batch 100 loss: 0.009866064973175525
INFO:root:LOSS train' 0.009866064973175525, 19600
INFO:root:  batch 200 loss: 0.0100570297986269
INFO:root:LOSS train' 0.0100570297986269, 19700
INFO:root:  batch 300 loss: 0.010195462554693223
INFO:root:LOSS train' 0.010195462554693223, 19800
INFO:root:Epoch: 60 - LOSS train: 0.010195462554693223 LOSS val: 0.016981080174446106 - Elapsed time: 185.44204139709473 s
INFO:root:  batch 100 loss: 0.009772697193548084
INFO:root:LOSS train' 0.009772697193548084, 19925
INFO:root:  batch 200 loss: 0.00990754851140082
INFO:root:LOSS train' 0.00990754851140082, 20025
INFO:root:  batch 300 loss: 0.0100428516138345
INFO:root:LOSS train' 0.0100428516138345, 20125
INFO:root:Epoch: 61 - LOSS train: 0.0100428516138345 LOSS val: 0.017263293266296387 - Elapsed time: 185.39989161491394 s
INFO:root:  batch 100 loss: 0.009658270720392466
INFO:root:LOSS train' 0.009658270720392466, 20250
INFO:root:  batch 200 loss: 0.009863199628889562
INFO:root:LOSS train' 0.009863199628889562, 20350
INFO:root:  batch 300 loss: 0.009909955719485879
INFO:root:LOSS train' 0.009909955719485879, 20450
INFO:root:Epoch: 62 - LOSS train: 0.009909955719485879 LOSS val: 0.01689237356185913 - Elapsed time: 185.37172555923462 s
INFO:root:  batch 100 loss: 0.009522838089615106
INFO:root:LOSS train' 0.009522838089615106, 20575
INFO:root:  batch 200 loss: 0.00968105592764914
INFO:root:LOSS train' 0.00968105592764914, 20675
INFO:root:  batch 300 loss: 0.009835651963949204
INFO:root:LOSS train' 0.009835651963949204, 20775
INFO:root:Epoch: 63 - LOSS train: 0.009835651963949204 LOSS val: 0.016836922615766525 - Elapsed time: 185.81527733802795 s
INFO:root:  batch 100 loss: 0.009509358797222376
INFO:root:LOSS train' 0.009509358797222376, 20900
INFO:root:  batch 200 loss: 0.009586029443889857
INFO:root:LOSS train' 0.009586029443889857, 21000
INFO:root:  batch 300 loss: 0.009643370853736996
INFO:root:LOSS train' 0.009643370853736996, 21100
INFO:root:Epoch: 64 - LOSS train: 0.009643370853736996 LOSS val: 0.01693211868405342 - Elapsed time: 185.26512169837952 s
INFO:root:  batch 100 loss: 0.00933644974604249
INFO:root:LOSS train' 0.00933644974604249, 21225
INFO:root:  batch 200 loss: 0.009558332357555628
INFO:root:LOSS train' 0.009558332357555628, 21325
INFO:root:  batch 300 loss: 0.009529682509601116
INFO:root:LOSS train' 0.009529682509601116, 21425
INFO:root:Epoch: 65 - LOSS train: 0.009529682509601116 LOSS val: 0.016751252114772797 - Elapsed time: 187.40619254112244 s
INFO:root:  batch 100 loss: 0.009223445542156697
INFO:root:LOSS train' 0.009223445542156697, 21550
INFO:root:  batch 200 loss: 0.009437966402620077
INFO:root:LOSS train' 0.009437966402620077, 21650
INFO:root:  batch 300 loss: 0.00951454379595816
INFO:root:LOSS train' 0.00951454379595816, 21750
INFO:root:Epoch: 66 - LOSS train: 0.00951454379595816 LOSS val: 0.016706956550478935 - Elapsed time: 184.96335530281067 s
INFO:root:  batch 100 loss: 0.009157310938462615
INFO:root:LOSS train' 0.009157310938462615, 21875
INFO:root:  batch 200 loss: 0.00929387073032558
INFO:root:LOSS train' 0.00929387073032558, 21975
INFO:root:  batch 300 loss: 0.009376766150817275
INFO:root:LOSS train' 0.009376766150817275, 22075
INFO:root:Epoch: 67 - LOSS train: 0.009376766150817275 LOSS val: 0.01673268713057041 - Elapsed time: 185.32705330848694 s
INFO:root:  batch 100 loss: 0.009091408168897032
INFO:root:LOSS train' 0.009091408168897032, 22200
INFO:root:  batch 200 loss: 0.009178694486618042
INFO:root:LOSS train' 0.009178694486618042, 22300
INFO:root:  batch 300 loss: 0.009290733421221376
INFO:root:LOSS train' 0.009290733421221376, 22400
INFO:root:Epoch: 68 - LOSS train: 0.009290733421221376 LOSS val: 0.01692841947078705 - Elapsed time: 185.21273064613342 s
INFO:root:  batch 100 loss: 0.00899061830714345
INFO:root:LOSS train' 0.00899061830714345, 22525
INFO:root:  batch 200 loss: 0.009071280481293797
INFO:root:LOSS train' 0.009071280481293797, 22625
INFO:root:  batch 300 loss: 0.009169463748112321
INFO:root:LOSS train' 0.009169463748112321, 22725
INFO:root:Epoch: 69 - LOSS train: 0.009169463748112321 LOSS val: 0.016683578491210938 - Elapsed time: 185.57169342041016 s
INFO:root:  batch 100 loss: 0.008930788990110159
INFO:root:LOSS train' 0.008930788990110159, 22850
INFO:root:  batch 200 loss: 0.008991534216329455
INFO:root:LOSS train' 0.008991534216329455, 22950
INFO:root:  batch 300 loss: 0.0090926543623209
INFO:root:LOSS train' 0.0090926543623209, 23050
INFO:root:Epoch: 70 - LOSS train: 0.0090926543623209 LOSS val: 0.01655498892068863 - Elapsed time: 185.21424913406372 s
INFO:root:  batch 100 loss: 0.008777586910873651
INFO:root:LOSS train' 0.008777586910873651, 23175
INFO:root:  batch 200 loss: 0.00893465083092451
INFO:root:LOSS train' 0.00893465083092451, 23275
INFO:root:  batch 300 loss: 0.009047207171097398
INFO:root:LOSS train' 0.009047207171097398, 23375
INFO:root:Epoch: 71 - LOSS train: 0.009047207171097398 LOSS val: 0.016617286950349808 - Elapsed time: 185.021409034729 s
INFO:root:  batch 100 loss: 0.008703803457319737
INFO:root:LOSS train' 0.008703803457319737, 23500
INFO:root:  batch 200 loss: 0.008866735622286797
INFO:root:LOSS train' 0.008866735622286797, 23600
INFO:root:  batch 300 loss: 0.008946180595085024
INFO:root:LOSS train' 0.008946180595085024, 23700
INFO:root:Epoch: 72 - LOSS train: 0.008946180595085024 LOSS val: 0.016728175804018974 - Elapsed time: 185.56990313529968 s
INFO:root:  batch 100 loss: 0.008650558241643012
INFO:root:LOSS train' 0.008650558241643012, 23825
INFO:root:  batch 200 loss: 0.008707640096545219
INFO:root:LOSS train' 0.008707640096545219, 23925
INFO:root:  batch 300 loss: 0.008894714852795004
INFO:root:LOSS train' 0.008894714852795004, 24025
INFO:root:Epoch: 73 - LOSS train: 0.008894714852795004 LOSS val: 0.016435399651527405 - Elapsed time: 185.29675674438477 s
INFO:root:  batch 100 loss: 0.008505771895870566
INFO:root:LOSS train' 0.008505771895870566, 24150
INFO:root:  batch 200 loss: 0.008625511536374688
INFO:root:LOSS train' 0.008625511536374688, 24250
INFO:root:  batch 300 loss: 0.008809112021699548
INFO:root:LOSS train' 0.008809112021699548, 24350
INFO:root:Epoch: 74 - LOSS train: 0.008809112021699548 LOSS val: 0.016451777890324593 - Elapsed time: 185.18400645256042 s
INFO:root:  batch 100 loss: 0.008485099128447473
INFO:root:LOSS train' 0.008485099128447473, 24475
INFO:root:  batch 200 loss: 0.008670398397371173
INFO:root:LOSS train' 0.008670398397371173, 24575
INFO:root:  batch 300 loss: 0.008615084113553167
INFO:root:LOSS train' 0.008615084113553167, 24675
INFO:root:Epoch: 75 - LOSS train: 0.008615084113553167 LOSS val: 0.016426201909780502 - Elapsed time: 185.36941385269165 s
INFO:root:  batch 100 loss: 0.008343894155696035
INFO:root:LOSS train' 0.008343894155696035, 24800
INFO:root:  batch 200 loss: 0.008584966650232673
INFO:root:LOSS train' 0.008584966650232673, 24900
INFO:root:  batch 300 loss: 0.00857504631858319
INFO:root:LOSS train' 0.00857504631858319, 25000
INFO:root:Epoch: 76 - LOSS train: 0.00857504631858319 LOSS val: 0.016500215977430344 - Elapsed time: 185.27167677879333 s
INFO:root:  batch 100 loss: 0.008335063899867236
INFO:root:LOSS train' 0.008335063899867236, 25125
INFO:root:  batch 200 loss: 0.008448943891562522
INFO:root:LOSS train' 0.008448943891562522, 25225
INFO:root:  batch 300 loss: 0.008522471296600997
INFO:root:LOSS train' 0.008522471296600997, 25325
INFO:root:Epoch: 77 - LOSS train: 0.008522471296600997 LOSS val: 0.016344338655471802 - Elapsed time: 185.1684229373932 s
INFO:root:  batch 100 loss: 0.00822526965290308
INFO:root:LOSS train' 0.00822526965290308, 25450
INFO:root:  batch 200 loss: 0.00838136948645115
INFO:root:LOSS train' 0.00838136948645115, 25550
INFO:root:  batch 300 loss: 0.008433879460208118
INFO:root:LOSS train' 0.008433879460208118, 25650
INFO:root:Epoch: 78 - LOSS train: 0.008433879460208118 LOSS val: 0.016480518504977226 - Elapsed time: 185.20747709274292 s
INFO:root:  batch 100 loss: 0.008097612513229251
INFO:root:LOSS train' 0.008097612513229251, 25775
INFO:root:  batch 200 loss: 0.008244979712180793
INFO:root:LOSS train' 0.008244979712180793, 25875
INFO:root:  batch 300 loss: 0.008371775904670357
INFO:root:LOSS train' 0.008371775904670357, 25975
INFO:root:Epoch: 79 - LOSS train: 0.008371775904670357 LOSS val: 0.01632731594145298 - Elapsed time: 185.6224718093872 s
INFO:root:  batch 100 loss: 0.008160107480362057
INFO:root:LOSS train' 0.008160107480362057, 26100
